[2025-03-11 11:04:13] [INFO] [REQUEST] OPTIONS /logout
[2025-03-11 11:04:13] [INFO] [REQUEST] POST /logout
[2025-03-11 11:04:13] [INFO] [RESPONSE] Status: 200 Message: User logged out successfully
[2025-03-11 11:04:24] [INFO] [REQUEST] OPTIONS /google-auth
[2025-03-11 11:04:24] [INFO] [REQUEST] POST /google-auth
[2025-03-11 11:04:24] [INFO] [RESPONSE] Status: 200 Message: Google authentication successful
[2025-03-11 11:04:43] [INFO] [REQUEST] OPTIONS /student-profile
[2025-03-11 11:04:43] [INFO] [REQUEST] PUT /student-profile
[2025-03-11 11:04:43] [INFO] [RESPONSE] Status: 200 Message: Profile updated successfully.
[2025-03-11 11:05:13] [INFO] [REQUEST] OPTIONS /student-profile
[2025-03-11 11:05:13] [INFO] [REQUEST] PUT /student-profile
[2025-03-11 11:05:13] [INFO] [RESPONSE] Status: 200 Message: Profile updated successfully.
[2025-03-11 11:06:55] [INFO] [REQUEST] OPTIONS /student-profile
[2025-03-11 11:06:55] [INFO] [REQUEST] PUT /student-profile
[2025-03-11 11:06:55] [INFO] [RESPONSE] Status: 200 Message: Profile updated successfully.
[2025-03-11 11:07:07] [INFO] [REQUEST] OPTIONS /student-profile
[2025-03-11 11:07:07] [INFO] [REQUEST] PUT /student-profile
[2025-03-11 11:07:07] [INFO] [RESPONSE] Status: 200 Message: Profile updated successfully.
[2025-03-11 11:07:19] [INFO] [REQUEST] OPTIONS /student-profile
[2025-03-11 11:07:19] [INFO] [REQUEST] PUT /student-profile
[2025-03-11 11:07:19] [INFO] [RESPONSE] Status: 200 Message: Profile updated successfully.
[2025-03-11 11:51:27] [INFO] [REQUEST] OPTIONS /student-profile
[2025-03-11 11:51:27] [INFO] [REQUEST] PUT /student-profile
[2025-03-11 11:51:28] [INFO] [RESPONSE] Status: 200 Message: Profile updated successfully.
[2025-03-11 14:23:25] [INFO] [REQUEST] OPTIONS /student-profile
[2025-03-11 14:23:25] [INFO] [REQUEST] PUT /student-profile
[2025-03-11 14:23:25] [INFO] [RESPONSE] Status: 200 Message: Profile updated successfully.
[2025-03-11 14:23:59] [INFO] [REQUEST] OPTIONS /logout
[2025-03-11 14:23:59] [INFO] [REQUEST] POST /logout
[2025-03-11 14:23:59] [INFO] [RESPONSE] Status: 200 Message: User logged out successfully
[2025-03-11 14:24:16] [INFO] [REQUEST] OPTIONS /login
[2025-03-11 14:24:16] [INFO] [REQUEST] POST /login
[2025-03-11 14:24:16] [INFO] [RESPONSE] Status: 400 Message: User not found.
[2025-03-11 14:24:22] [INFO] [REQUEST] OPTIONS /login
[2025-03-11 14:24:22] [INFO] [REQUEST] POST /login
[2025-03-11 14:24:22] [INFO] [RESPONSE] Status: 400 Message: User not found.
[2025-03-11 14:24:25] [INFO] [REQUEST] POST /login
[2025-03-11 14:24:25] [INFO] [RESPONSE] Status: 400 Message: User not found.
[2025-03-11 14:24:43] [INFO] [REQUEST] OPTIONS /login
[2025-03-11 14:24:43] [INFO] [REQUEST] POST /login
[2025-03-11 14:24:43] [INFO] [RESPONSE] Status: 200 Message: Login successful.
[2025-03-11 14:25:12] [INFO] [REQUEST] OPTIONS /student-profile
[2025-03-11 14:25:12] [INFO] [REQUEST] PUT /student-profile
[2025-03-11 14:25:13] [INFO] [RESPONSE] Status: 200 Message: Profile updated successfully.
[2025-03-11 14:26:19] [INFO] [REQUEST] POST /instructor-apply
[2025-03-11 14:26:22] [INFO] [RESPONSE] Status: 201 Message: Application submitted successfully. Awaiting approval.
[2025-03-11 14:26:22] [INFO] [REQUEST] GET /getUserdata
[2025-03-11 14:26:22] [INFO] [RESPONSE] Status: 200 Message: User details fetched successfully
[2025-03-11 14:27:10] [INFO] [REQUEST] OPTIONS /admin/login
[2025-03-11 14:27:10] [INFO] [REQUEST] POST /admin/login
[2025-03-11 14:27:10] [INFO] [RESPONSE] Status: 200 Message: Admin logged in successfully.
[2025-03-11 14:27:15] [INFO] [REQUEST] GET /admin/fetchAllStudents?page=1&limit=10
[2025-03-11 14:27:15] [INFO] [RESPONSE] Status: 200 Message: Students fetched successfully
[2025-03-11 14:37:57] [INFO] [REQUEST] OPTIONS /admin/block-unblock/67cdde4e30cdba190892403c
[2025-03-11 14:37:57] [INFO] [REQUEST] PUT /admin/block-unblock/67cdde4e30cdba190892403c
[2025-03-11 14:37:57] [INFO] [RESPONSE] Status: 200 Message: User has been blocked successfully.
[2025-03-11 14:38:00] [INFO] [REQUEST] GET /admin/fetchAllStudents?page=1&limit=10
[2025-03-11 14:38:00] [INFO] [RESPONSE] Status: 200 Message: Students fetched successfully
[2025-03-11 14:38:12] [INFO] [REQUEST] GET /admin/fetchAllInstructors?page=1&limit=10
[2025-03-11 14:38:13] [INFO] [RESPONSE] Status: 200 Message: Instructors fetched successfully
[2025-03-11 14:38:54] [INFO] [REQUEST] GET /admin/fetchAllRequestedUsers?page=1&limit=9
[2025-03-11 14:38:54] [INFO] [RESPONSE] Status: 200 Message: Requested users fetched successfully
[2025-03-11 14:39:02] [INFO] [REQUEST] OPTIONS /admin/approve-instructor/67cdde4e30cdba190892403c
[2025-03-11 14:39:02] [INFO] [REQUEST] PATCH /admin/approve-instructor/67cdde4e30cdba190892403c
[2025-03-11 14:39:02] [INFO] [RESPONSE] Status: 200 Message: User has been approved as an Instructor successfully.
[2025-03-11 14:39:06] [INFO] [REQUEST] GET /admin/fetchAllStudents?page=1&limit=10
[2025-03-11 14:39:06] [INFO] [RESPONSE] Status: 200 Message: Students fetched successfully
[2025-03-11 14:39:08] [INFO] [REQUEST] GET /admin/fetchAllInstructors?page=1&limit=10
[2025-03-11 14:39:08] [INFO] [RESPONSE] Status: 200 Message: Instructors fetched successfully
[2025-03-11 14:39:11] [INFO] [REQUEST] OPTIONS /admin/block-unblock/67cdde4e30cdba190892403c
[2025-03-11 14:39:11] [INFO] [REQUEST] PUT /admin/block-unblock/67cdde4e30cdba190892403c
[2025-03-11 14:39:12] [INFO] [RESPONSE] Status: 200 Message: User has been unblocked successfully.
[2025-03-11 14:39:29] [INFO] [REQUEST] GET /admin/fetch-all-categories
[2025-03-11 14:39:29] [INFO] [RESPONSE] Status: 200 Message: Categories fetched successfully
[2025-03-11 14:39:53] [INFO] [REQUEST] OPTIONS /admin/create-category
[2025-03-11 14:39:53] [INFO] [REQUEST] POST /admin/create-category
[2025-03-11 14:39:53] [INFO] [RESPONSE] Status: 400 Message: Category already exists.
[2025-03-11 14:40:33] [INFO] [REQUEST] OPTIONS /logout
[2025-03-11 14:40:33] [INFO] [REQUEST] POST /logout
[2025-03-11 14:40:33] [INFO] [RESPONSE] Status: 200 Message: User logged out successfully
[2025-03-11 14:40:41] [INFO] [REQUEST] OPTIONS /google-auth
[2025-03-11 14:40:41] [INFO] [REQUEST] POST /google-auth
[2025-03-11 14:40:41] [INFO] [RESPONSE] Status: 200 Message: Google authentication successful
[2025-03-11 14:44:25] [INFO] [REQUEST] OPTIONS /student-profile
[2025-03-11 14:44:25] [INFO] [REQUEST] PUT /student-profile
[2025-03-11 14:44:26] [INFO] [RESPONSE] Status: 200 Message: Profile updated successfully.
[2025-03-11 14:47:44] [INFO] [REQUEST] GET /admin/fetchAllInstructors?page=1&limit=10
[2025-03-11 14:47:44] [INFO] [RESPONSE] Status: 200 Message: Instructors fetched successfully
[2025-03-11 14:48:08] [INFO] [REQUEST] GET /admin/fetchAllInstructors?page=1&limit=10
[2025-03-11 14:48:08] [INFO] [RESPONSE] Status: 200 Message: Instructors fetched successfully
[2025-03-11 14:48:18] [INFO] [REQUEST] OPTIONS /student-profile
[2025-03-11 14:48:18] [INFO] [REQUEST] PUT /student-profile
[2025-03-11 14:48:18] [INFO] [RESPONSE] Status: 200 Message: Profile updated successfully.
[2025-03-11 14:50:56] [INFO] [REQUEST] OPTIONS /student-profile
[2025-03-11 14:50:56] [INFO] [REQUEST] PUT /student-profile
[2025-03-11 14:50:57] [INFO] [RESPONSE] Status: 200 Message: Profile updated successfully.
[2025-03-11 14:53:27] [INFO] [REQUEST] GET /admin/fetchAllInstructors?page=1&limit=10
[2025-03-11 14:53:27] [INFO] [RESPONSE] Status: 200 Message: Instructors fetched successfully
[2025-03-11 14:53:37] [INFO] [REQUEST] GET /admin/fetchAllInstructors?page=1&limit=10
[2025-03-11 14:53:37] [INFO] [RESPONSE] Status: 200 Message: Instructors fetched successfully
[2025-03-11 14:53:47] [INFO] [REQUEST] GET /admin/fetchAllInstructors?page=1&limit=10
[2025-03-11 14:53:47] [INFO] [RESPONSE] Status: 200 Message: Instructors fetched successfully
[2025-03-11 14:53:49] [INFO] [REQUEST] GET /admin/fetchAllInstructors?page=1&limit=10
[2025-03-11 14:53:49] [INFO] [RESPONSE] Status: 200 Message: Instructors fetched successfully
[2025-03-11 15:12:56] [INFO] [REQUEST] OPTIONS /
[2025-03-11 15:12:57] [INFO] [REQUEST] PUT /
[2025-03-11 15:12:57] [INFO] [RESPONSE] Status: 404 Message: The requested URL not found on this server
[2025-03-11 15:21:44] [INFO] [REQUEST] OPTIONS /instructor-profile
[2025-03-11 15:21:44] [INFO] [REQUEST] PUT /instructor-profile
[2025-03-11 15:21:44] [INFO] [RESPONSE] Status: 200 Message: Instructor profile updated successfully.
[2025-03-11 15:22:16] [INFO] [REQUEST] OPTIONS /instructor-profile
[2025-03-11 15:22:16] [INFO] [REQUEST] PUT /instructor-profile
[2025-03-11 15:22:16] [INFO] [RESPONSE] Status: 200 Message: Instructor profile updated successfully.
[2025-03-11 15:22:28] [INFO] [REQUEST] OPTIONS /instructor-profile
[2025-03-11 15:22:28] [INFO] [REQUEST] PUT /instructor-profile
[2025-03-11 15:22:28] [INFO] [RESPONSE] Status: 200 Message: Instructor profile updated successfully.
[2025-03-11 15:36:40] [INFO] [REQUEST] OPTIONS /admin/login
[2025-03-11 15:36:41] [INFO] [REQUEST] POST /admin/login
[2025-03-11 15:36:41] [INFO] [RESPONSE] Status: 200 Message: Admin logged in successfully.
[2025-03-11 15:36:47] [INFO] [REQUEST] GET /admin/fetchAllInstructors?page=1&limit=10
[2025-03-11 15:36:47] [INFO] [RESPONSE] Status: 200 Message: Instructors fetched successfully
[2025-03-11 15:50:52] [INFO] [REQUEST] GET /admin/fetchAllInstructors?page=1&limit=10
[2025-03-11 15:50:54] [INFO] [REQUEST] OPTIONS /logout
[2025-03-11 15:50:54] [INFO] [REQUEST] POST /logout
[2025-03-11 15:50:54] [INFO] [RESPONSE] Status: 200 Message: User logged out successfully
[2025-03-11 15:50:54] [INFO] [RESPONSE] Status: 200 Message: Instructors fetched successfully
[2025-03-11 15:52:36] [INFO] [REQUEST] OPTIONS /signup
[2025-03-11 15:52:36] [INFO] [REQUEST] POST /signup
[2025-03-11 15:52:36] [INFO] [RESPONSE] Status: 201 Message: Name is required
[2025-03-11 15:55:56] [INFO] [REQUEST] OPTIONS /signup
[2025-03-11 15:55:56] [INFO] [REQUEST] POST /signup
[2025-03-11 15:55:56] [INFO] [RESPONSE] Status: 201 Message: Password must contain at least one upper case.
[2025-03-11 15:56:18] [INFO] [REQUEST] OPTIONS /signup
[2025-03-11 15:56:18] [INFO] [REQUEST] POST /signup
[2025-03-11 15:56:29] [INFO] [RESPONSE] Status: 201 Message: Please verify your email for OTP verification.
[2025-03-11 15:56:39] [INFO] [REQUEST] OPTIONS /signup
[2025-03-11 15:56:39] [INFO] [REQUEST] POST /signup
[2025-03-11 15:56:46] [INFO] [RESPONSE] Status: 201 Message: Please verify your email for OTP verification.
[2025-03-11 15:57:08] [INFO] [REQUEST] OPTIONS /otp-verification
[2025-03-11 15:57:08] [INFO] [REQUEST] POST /otp-verification
[2025-03-11 15:57:12] [INFO] [RESPONSE] Status: 200 Message: OTP verified successfully. Your account is now activated.
[2025-03-11 15:57:14] [INFO] [REQUEST] OPTIONS /logout
[2025-03-11 15:57:14] [INFO] [REQUEST] POST /logout
[2025-03-11 15:57:14] [INFO] [RESPONSE] Status: 200 Message: User logged out successfully
[2025-03-11 15:57:40] [INFO] [REQUEST] OPTIONS /signup
[2025-03-11 15:57:40] [INFO] [REQUEST] POST /signup
[2025-03-11 15:57:40] [INFO] [RESPONSE] Status: 201 Message: Password must contain at least one upper case.
[2025-03-11 15:57:50] [INFO] [REQUEST] OPTIONS /signup
[2025-03-11 15:57:50] [INFO] [REQUEST] POST /signup
[2025-03-11 15:57:57] [INFO] [RESPONSE] Status: 201 Message: Please verify your email for OTP verification.
[2025-03-11 15:58:11] [INFO] [REQUEST] OPTIONS /otp-verification
[2025-03-11 15:58:11] [INFO] [REQUEST] POST /otp-verification
[2025-03-11 15:58:15] [INFO] [RESPONSE] Status: 200 Message: OTP verified successfully. Your account is now activated.
[2025-03-11 15:58:22] [INFO] [REQUEST] OPTIONS /logout
[2025-03-11 15:58:22] [INFO] [REQUEST] POST /logout
[2025-03-11 15:58:22] [INFO] [RESPONSE] Status: 200 Message: User logged out successfully
[2025-03-11 16:10:37] [INFO] [REQUEST] OPTIONS /signup
[2025-03-11 16:10:37] [INFO] [REQUEST] POST /signup
[2025-03-11 16:10:37] [INFO] [RESPONSE] Status: 201 Message: Name is required
[2025-03-11 16:10:42] [INFO] [REQUEST] OPTIONS /signup
[2025-03-11 16:10:42] [INFO] [REQUEST] POST /signup
[2025-03-11 16:10:42] [INFO] [RESPONSE] Status: 201 Message: Name is required
[2025-03-11 17:14:41] [INFO] [REQUEST] OPTIONS /signup
[2025-03-11 17:14:41] [INFO] [REQUEST] POST /signup
[2025-03-11 17:14:41] [INFO] [RESPONSE] Status: 201 Message: Name is required
[2025-03-11 17:15:54] [INFO] [REQUEST] OPTIONS /signup
[2025-03-11 17:15:54] [INFO] [REQUEST] POST /signup
[2025-03-11 17:15:54] [INFO] [RESPONSE] Status: 201 Message: Name is required
[2025-03-11 17:23:27] [INFO] [REQUEST] GET /admin/fetchAllInstructors?page=1&limit=10
[2025-03-11 17:23:28] [INFO] [RESPONSE] Status: 200 Message: Instructors fetched successfully
[2025-03-11 17:28:44] [INFO] [REQUEST] GET /admin/fetchAllInstructors?page=1&limit=10
[2025-03-11 17:28:44] [INFO] [RESPONSE] Status: 200 Message: Instructors fetched successfully
[2025-03-11 17:28:51] [INFO] [REQUEST] GET /admin/fetchAllInstructors?page=1&limit=10
[2025-03-11 17:28:51] [INFO] [RESPONSE] Status: 200 Message: Instructors fetched successfully
[2025-03-11 17:28:55] [INFO] [REQUEST] GET /admin/fetchAllInstructors?page=1&limit=10
[2025-03-11 17:28:55] [INFO] [RESPONSE] Status: 200 Message: Instructors fetched successfully
[2025-03-11 17:44:03] [INFO] [REQUEST] OPTIONS /signup
[2025-03-11 17:44:04] [INFO] [REQUEST] POST /signup
[2025-03-11 17:44:08] [INFO] [RESPONSE] Status: 201 Message: Please verify your email for OTP verification.
[2025-03-11 17:44:20] [INFO] [REQUEST] OPTIONS /otp-verification
[2025-03-11 17:44:20] [INFO] [REQUEST] POST /otp-verification
[2025-03-11 17:44:20] [INFO] [RESPONSE] Status: 200 Message: OTP verified successfully. Your account is now activated.
[2025-03-11 17:44:22] [INFO] [REQUEST] OPTIONS /logout
[2025-03-11 17:44:22] [INFO] [REQUEST] POST /logout
[2025-03-11 17:44:22] [INFO] [RESPONSE] Status: 200 Message: User logged out successfully
[2025-03-11 17:51:01] [INFO] [REQUEST] OPTIONS /signup
[2025-03-11 17:51:01] [INFO] [REQUEST] POST /signup
[2025-03-11 17:51:01] [INFO] [RESPONSE] Status: 201 Message: Email already exists
[2025-03-11 17:53:56] [INFO] [REQUEST] OPTIONS /signup
[2025-03-11 17:53:56] [INFO] [REQUEST] POST /signup
[2025-03-11 17:53:57] [INFO] [RESPONSE] Status: 201 Message: Email already exists
[2025-03-11 17:57:45] [INFO] [REQUEST] OPTIONS /signup
[2025-03-11 17:57:45] [INFO] [REQUEST] POST /signup
[2025-03-11 17:57:46] [INFO] [RESPONSE] Status: 201 Message: Email already exists
[2025-03-11 17:58:45] [INFO] [REQUEST] OPTIONS /signup
[2025-03-11 17:58:45] [INFO] [REQUEST] POST /signup
[2025-03-11 17:58:45] [INFO] [RESPONSE] Status: 201 Message: Email already exists
[2025-03-11 17:59:15] [INFO] [REQUEST] OPTIONS /signup
[2025-03-11 17:59:15] [INFO] [REQUEST] POST /signup
[2025-03-11 17:59:19] [INFO] [RESPONSE] Status: 201 Message: Please verify your email for OTP verification.
[2025-03-11 17:59:28] [INFO] [REQUEST] OPTIONS /otp-verification
[2025-03-11 17:59:28] [INFO] [REQUEST] POST /otp-verification
[2025-03-11 17:59:28] [INFO] [RESPONSE] Status: 200 Message: OTP verified successfully. Your account is now activated.
[2025-03-11 18:03:41] [INFO] [REQUEST] OPTIONS /student-profile
[2025-03-11 18:03:41] [INFO] [REQUEST] PUT /student-profile
[2025-03-11 18:03:41] [INFO] [RESPONSE] Status: 200 Message: Profile updated successfully.
[2025-03-11 18:03:50] [INFO] [REQUEST] OPTIONS /student-profile
[2025-03-11 18:03:50] [INFO] [REQUEST] PUT /student-profile
[2025-03-11 18:03:50] [INFO] [RESPONSE] Status: 200 Message: Profile updated successfully.
[2025-03-11 18:04:33] [INFO] [REQUEST] OPTIONS /student-profile
[2025-03-11 18:04:33] [INFO] [REQUEST] PUT /student-profile
[2025-03-11 18:04:33] [INFO] [RESPONSE] Status: 200 Message: Profile updated successfully.
[2025-03-11 18:16:35] [INFO] [REQUEST] OPTIONS /student-profile
[2025-03-11 18:16:35] [INFO] [REQUEST] PUT /student-profile
[2025-03-11 18:16:35] [INFO] [RESPONSE] Status: 200 Message: Profile updated successfully.
[2025-03-11 18:16:57] [INFO] [REQUEST] OPTIONS /student-profile
[2025-03-11 18:16:57] [INFO] [REQUEST] PUT /student-profile
[2025-03-11 18:16:57] [INFO] [RESPONSE] Status: 200 Message: Profile updated successfully.
[2025-03-11 18:20:11] [INFO] [REQUEST] OPTIONS /student-profile
[2025-03-11 18:20:11] [INFO] [REQUEST] PUT /student-profile
[2025-03-11 18:20:11] [INFO] [RESPONSE] Status: 200 Message: Profile updated successfully.
