[2025-04-06 10:05:18] [INFO] [REQUEST] GET /student/payment-history?userId=some-user-id&page=1&limit=5&search=&sortField=createdAt&sortOrder=desc
[2025-04-06 10:05:18] [INFO] [RESPONSE] Status: 200 Message: Payments retrieved successfully
[2025-04-06 10:07:09] [INFO] [REQUEST] GET /student/payment-history?userId=some-user-id&page=1&limit=5&search=&sortField=createdAt&sortOrder=desc
[2025-04-06 10:07:10] [INFO] [RESPONSE] Status: 200 Message: Payments retrieved successfully
[2025-04-06 10:07:31] [INFO] [REQUEST] GET /student/payment-history?userId=some-user-id&page=1&limit=5&search=&sortField=createdAt&sortOrder
[2025-04-06 10:07:31] [INFO] [RESPONSE] Status: 200 Message: Payments retrieved successfully
[2025-04-06 10:07:32] [INFO] [REQUEST] GET /favicon.ico
[2025-04-06 10:07:32] [INFO] [RESPONSE] Status: 404 Message: The requested URL not found on this server
[2025-04-06 10:10:15] [INFO] [REQUEST] GET /active-courses?page=1&limit=100
[2025-04-06 10:10:15] [INFO] [REQUEST] GET /student/payment-history?userId=some-user-id&page=1&limit=5&search=&sortField=createdAt&sortOrder=desc
[2025-04-06 10:10:16] [INFO] [RESPONSE] Status: 200 Message: Payments retrieved successfully
[2025-04-06 10:10:17] [INFO] [RESPONSE] Status: 200 Message: Active courses fetched successfully.
[2025-04-06 10:10:19] [INFO] [REQUEST] GET /active-courses?page=1&limit=100
[2025-04-06 10:10:20] [INFO] [REQUEST] GET /student/payment-history?userId=some-user-id&page=1&limit=5&search=&sortField=createdAt&sortOrder=desc
[2025-04-06 10:10:20] [INFO] [RESPONSE] Status: 200 Message: Payments retrieved successfully
[2025-04-06 10:10:20] [INFO] [RESPONSE] Status: 200 Message: Active courses fetched successfully.
[2025-04-06 10:10:38] [INFO] [REQUEST] GET /active-courses?page=1&limit=100
[2025-04-06 10:10:38] [INFO] [REQUEST] GET /student/payment-history?userId=some-user-id&page=1&limit=5&search=&sortField=createdAt&sortOrder=desc
[2025-04-06 10:10:38] [INFO] [RESPONSE] Status: 200 Message: Payments retrieved successfully
[2025-04-06 10:10:38] [INFO] [RESPONSE] Status: 200 Message: Active courses fetched successfully.
[2025-04-06 10:11:11] [INFO] [REQUEST] GET /active-courses?page=1&limit=100
[2025-04-06 10:11:11] [INFO] [RESPONSE] Status: 200 Message: Active courses fetched successfully.
[2025-04-06 10:11:37] [INFO] [REQUEST] GET /student/payment-history?userId=some-user-id&page=1&limit=5&search=&sortField=createdAt&sortOrder=desc
[2025-04-06 10:11:37] [INFO] [RESPONSE] Status: 200 Message: Payments retrieved successfully
[2025-04-06 10:33:01] [INFO] [REQUEST] GET /active-courses?page=1&limit=100
[2025-04-06 10:33:01] [INFO] [RESPONSE] Status: 200 Message: Active courses fetched successfully.
[2025-04-06 10:35:05] [INFO] [REQUEST] GET /active-courses?page=1&limit=100
[2025-04-06 10:35:05] [INFO] [REQUEST] GET /student/payment-history?userId=some-user-id&page=1&limit=5&search=&sortField=createdAt&sortOrder=desc
[2025-04-06 10:35:06] [INFO] [RESPONSE] Status: 200 Message: Payments retrieved successfully
[2025-04-06 10:35:06] [INFO] [REQUEST] GET /student/payment-history?userId=some-user-id&page=1&limit=5&search=&sortField=createdAt&sortOrder=desc
[2025-04-06 10:35:06] [INFO] [RESPONSE] Status: 200 Message: Active courses fetched successfully.
[2025-04-06 10:35:06] [INFO] [RESPONSE] Status: 200 Message: Payments retrieved successfully
[2025-04-06 10:35:06] [INFO] [REQUEST] GET /active-courses?page=1&limit=100
[2025-04-06 10:35:07] [INFO] [RESPONSE] Status: 200 Message: Active courses fetched successfully.
[2025-04-06 10:40:37] [INFO] [REQUEST] GET /active-courses?page=1&limit=100
[2025-04-06 10:40:37] [INFO] [REQUEST] GET /student/payment-history?userId=some-user-id&page=1&limit=5&search=&sortField=createdAt&sortOrder=desc
[2025-04-06 10:40:37] [INFO] [RESPONSE] Status: 200 Message: Payments retrieved successfully
[2025-04-06 10:40:37] [INFO] [RESPONSE] Status: 200 Message: Active courses fetched successfully.
[2025-04-06 10:40:40] [INFO] [REQUEST] GET /active-courses?page=1&limit=100
[2025-04-06 10:40:40] [INFO] [REQUEST] GET /student/payment-history?userId=some-user-id&page=1&limit=5&search=&sortField=createdAt&sortOrder=desc
[2025-04-06 10:40:40] [INFO] [RESPONSE] Status: 200 Message: Payments retrieved successfully
[2025-04-06 10:40:40] [INFO] [RESPONSE] Status: 200 Message: Active courses fetched successfully.
[2025-04-06 10:40:51] [INFO] [REQUEST] GET /active-courses?page=1&limit=100
[2025-04-06 10:40:51] [INFO] [REQUEST] GET /student/payment-history?userId=some-user-id&page=1&limit=5&search=&sortField=createdAt&sortOrder=desc
[2025-04-06 10:40:52] [INFO] [RESPONSE] Status: 200 Message: Payments retrieved successfully
[2025-04-06 10:40:52] [INFO] [RESPONSE] Status: 200 Message: Active courses fetched successfully.
[2025-04-06 10:57:19] [INFO] [REQUEST] GET /active-courses?page=1&limit=100
[2025-04-06 10:57:19] [INFO] [REQUEST] GET /student/payment-history?userId=some-user-id&page=1&limit=5&search=&sortField=createdAt&sortOrder=desc
[2025-04-06 10:57:21] [INFO] [RESPONSE] Status: 200 Message: Payments retrieved successfully
[2025-04-06 10:57:21] [INFO] [RESPONSE] Status: 200 Message: Active courses fetched successfully.
[2025-04-06 10:57:23] [INFO] [REQUEST] GET /student/enrollments
[2025-04-06 10:57:24] [INFO] [RESPONSE] Status: 200 Message: Enrollments fetched successfully
[2025-04-06 10:57:27] [INFO] [REQUEST] GET /courses/67ef6d49587929d08ab9d97d
[2025-04-06 10:57:27] [INFO] [RESPONSE] Status: 200 Message: Course fetched successfully.
