[2025-05-06 09:03:55] [INFO] [REQUEST] OPTIONS /login
[2025-05-06 09:03:56] [INFO] [REQUEST] POST /login
[2025-05-06 09:03:56] [INFO] [RESPONSE] Status: 200 Message: Login successful.
[2025-05-06 09:04:01] [INFO] [REQUEST] GET /student/enrollments
[2025-05-06 09:04:01] [INFO] [RESPONSE] Status: 200 Message: Enrollments fetched successfully
[2025-05-06 09:04:01] [INFO] [REQUEST] GET /student/courses/68121c6e3a6713632d872dbb/progress
[2025-05-06 09:04:01] [INFO] [RESPONSE] Status: 200 Message: Course progress retrieved successfully.
[2025-05-06 09:04:01] [INFO] [REQUEST] GET /student/courses/681220b0921883c9718ddca1/progress
[2025-05-06 09:04:01] [INFO] [RESPONSE] Status: 200 Message: Course progress retrieved successfully.
[2025-05-06 09:04:01] [INFO] [REQUEST] GET /student/courses/68121b693a6713632d872b74/progress
[2025-05-06 09:04:01] [INFO] [RESPONSE] Status: 200 Message: Course progress retrieved successfully.
[2025-05-06 09:04:01] [INFO] [REQUEST] GET /student/courses/6811bc8f0acf5d323e58bde6/progress
[2025-05-06 09:04:01] [INFO] [RESPONSE] Status: 200 Message: Course progress retrieved successfully.
[2025-05-06 09:04:01] [INFO] [REQUEST] GET /student/courses/68006c86ce7af0883779c0fd/progress
[2025-05-06 09:04:02] [INFO] [RESPONSE] Status: 200 Message: Course progress retrieved successfully.
[2025-05-06 09:04:02] [INFO] [REQUEST] GET /courses/68121c6e3a6713632d872dbb
[2025-05-06 09:04:03] [INFO] [RESPONSE] Status: 200 Message: Course fetched successfully.
[2025-05-06 09:04:03] [INFO] [REQUEST] GET /student/check-enrollment/68121c6e3a6713632d872dbb
[2025-05-06 09:04:03] [INFO] [REQUEST] GET /student/review/68121c6e3a6713632d872dbb
[2025-05-06 09:04:03] [INFO] [RESPONSE] Status: 200 Message: User is enrolled in this course
[2025-05-06 09:04:03] [INFO] [REQUEST] GET /student/lesson-progress/68121c6e3a6713632d872dbb
[2025-05-06 09:04:03] [INFO] [RESPONSE] Status: 200 Message: Reviews fetched successfully.
[2025-05-06 09:04:03] [INFO] [RESPONSE] Status: 200 Message: Lesson progress fetched successfully
[2025-05-06 09:04:03] [INFO] [REQUEST] GET /student/courses/68121c6e3a6713632d872dbb/modules/vvvvvvvvvvvvvvvvvv/assessments?page=1&limit=10
[2025-05-06 09:04:03] [INFO] [REQUEST] GET /courses/68121c6e3a6713632d872dbb/stream?videoKey=courses%2F67b6d4b441900af7ed9b5af6%2Fvfjvnfvyf%2Fmodule-1%2Flesson-1.mp4
[2025-05-06 09:04:04] [INFO] [RESPONSE] Status: 200 Message: Assessments retrieved successfully.
[2025-05-06 09:06:32] [INFO] [REQUEST] GET /instructor/courses?page=1&limit=100
[2025-05-06 09:06:33] [INFO] [RESPONSE] Status: 200 Message: Courses fetched successfully.
[2025-05-06 13:56:27] [INFO] [REQUEST] GET /courses/68121c6e3a6713632d872dbb
[2025-05-06 13:56:27] [INFO] [RESPONSE] Status: 200 Message: Course fetched successfully.
[2025-05-06 13:56:27] [INFO] [REQUEST] GET /student/check-enrollment/68121c6e3a6713632d872dbb
[2025-05-06 13:56:27] [INFO] [REQUEST] GET /student/review/68121c6e3a6713632d872dbb
[2025-05-06 13:56:27] [INFO] [RESPONSE] Status: 200 Message: Reviews fetched successfully.
[2025-05-06 13:56:27] [INFO] [RESPONSE] Status: 200 Message: User is enrolled in this course
[2025-05-06 13:56:27] [INFO] [REQUEST] GET /student/lesson-progress/68121c6e3a6713632d872dbb
[2025-05-06 13:56:27] [INFO] [RESPONSE] Status: 200 Message: Lesson progress fetched successfully
[2025-05-06 13:56:27] [INFO] [REQUEST] GET /student/courses/68121c6e3a6713632d872dbb/modules/vvvvvvvvvvvvvvvvvv/assessments?page=1&limit=10
[2025-05-06 13:56:27] [INFO] [REQUEST] GET /courses/68121c6e3a6713632d872dbb/stream?videoKey=courses%2F67b6d4b441900af7ed9b5af6%2Fvfjvnfvyf%2Fmodule-1%2Flesson-1.mp4
[2025-05-06 13:56:28] [INFO] [RESPONSE] Status: 200 Message: Assessments retrieved successfully.
[2025-05-06 13:56:46] [INFO] [REQUEST] GET /instructor/courses?page=1&limit=100
[2025-05-06 13:56:47] [INFO] [RESPONSE] Status: 200 Message: Courses fetched successfully.
[2025-05-06 13:57:29] [INFO] [REQUEST] GET /instructor/courses?page=1&limit=100
[2025-05-06 13:57:30] [INFO] [RESPONSE] Status: 200 Message: Courses fetched successfully.
[2025-05-06 13:57:46] [INFO] [REQUEST] GET /instructor/courses?page=1&limit=100
[2025-05-06 13:57:47] [INFO] [RESPONSE] Status: 200 Message: Courses fetched successfully.
[2025-05-06 14:29:34] [INFO] [REQUEST] GET /instructor/courses?page=1&limit=100
[2025-05-06 14:29:35] [INFO] [RESPONSE] Status: 200 Message: Courses fetched successfully.
[2025-05-06 14:31:03] [INFO] [REQUEST] GET /instructor/courses?page=1&limit=100
[2025-05-06 14:31:03] [INFO] [RESPONSE] Status: 200 Message: Courses fetched successfully.
[2025-05-06 14:31:09] [INFO] [REQUEST] GET /instructor/courses?page=1&limit=100
[2025-05-06 14:31:09] [INFO] [RESPONSE] Status: 200 Message: Courses fetched successfully.
[2025-05-06 14:31:24] [INFO] [REQUEST] GET /instructor/courses?page=1&limit=100
[2025-05-06 14:31:25] [INFO] [RESPONSE] Status: 200 Message: Courses fetched successfully.
[2025-05-06 14:31:29] [INFO] [REQUEST] GET /getUserdata
[2025-05-06 14:31:29] [INFO] [REQUEST] GET /instructor/courses?page=1&limit=6&search=
[2025-05-06 14:31:29] [INFO] [RESPONSE] Status: 200 Message: User details fetched successfully
[2025-05-06 14:31:29] [INFO] [RESPONSE] Status: 200 Message: Courses fetched successfully.
[2025-05-06 14:31:31] [INFO] [REQUEST] GET /instructor/courses?page=1&limit=100
[2025-05-06 14:31:31] [INFO] [RESPONSE] Status: 200 Message: Courses fetched successfully.
[2025-05-06 14:32:05] [INFO] [REQUEST] GET /courses/68121c6e3a6713632d872dbb
[2025-05-06 14:32:05] [INFO] [RESPONSE] Status: 200 Message: Course fetched successfully.
[2025-05-06 14:32:05] [INFO] [REQUEST] GET /student/check-enrollment/68121c6e3a6713632d872dbb
[2025-05-06 14:32:05] [INFO] [REQUEST] GET /student/review/68121c6e3a6713632d872dbb
[2025-05-06 14:32:05] [INFO] [RESPONSE] Status: 200 Message: Reviews fetched successfully.
[2025-05-06 14:32:05] [INFO] [RESPONSE] Status: 200 Message: User is enrolled in this course
[2025-05-06 14:32:05] [INFO] [REQUEST] GET /student/lesson-progress/68121c6e3a6713632d872dbb
[2025-05-06 14:32:25] [INFO] [RESPONSE] Status: 200 Message: Lesson progress fetched successfully
[2025-05-06 14:32:25] [INFO] [REQUEST] GET /student/courses/68121c6e3a6713632d872dbb/modules/vvvvvvvvvvvvvvvvvv/assessments?page=1&limit=10
[2025-05-06 14:32:25] [INFO] [RESPONSE] Status: 200 Message: Assessments retrieved successfully.
[2025-05-06 14:32:59] [INFO] [REQUEST] OPTIONS /logout
[2025-05-06 14:32:59] [INFO] [REQUEST] POST /logout
[2025-05-06 14:32:59] [INFO] [RESPONSE] Status: 200 Message: User logged out successfully
[2025-05-06 14:33:04] [INFO] [REQUEST] OPTIONS /google-auth
[2025-05-06 14:33:04] [INFO] [REQUEST] POST /google-auth
[2025-05-06 14:33:04] [INFO] [RESPONSE] Status: 200 Message: Google authentication successful
[2025-05-06 14:33:07] [INFO] [REQUEST] GET /getUserdata
[2025-05-06 14:33:07] [INFO] [RESPONSE] Status: 200 Message: User details fetched successfully
[2025-05-06 14:33:07] [INFO] [REQUEST] GET /instructor/course-stats
[2025-05-06 14:33:08] [INFO] [RESPONSE] Status: 200 Message: undefined
[2025-05-06 14:33:09] [INFO] [REQUEST] GET /instructor/courses?page=1&limit=100
[2025-05-06 14:33:09] [INFO] [RESPONSE] Status: 200 Message: Courses fetched successfully.
[2025-05-06 14:36:36] [INFO] [REQUEST] GET /courses/68121c6e3a6713632d872dbb/stream?videoKey=courses%2F67b6d4b441900af7ed9b5af6%2Fvfjvnfvyf%2Fmodule-1%2Flesson-1.mp4
[2025-05-06 14:37:41] [INFO] [REQUEST] GET /instructor/courses?page=1&limit=100
[2025-05-06 14:37:43] [INFO] [RESPONSE] Status: 200 Message: Courses fetched successfully.
[2025-05-06 14:37:43] [INFO] [REQUEST] GET /instructor/courses?page=1&limit=100
[2025-05-06 14:37:43] [INFO] [RESPONSE] Status: 200 Message: Courses fetched successfully.
[2025-05-06 14:37:48] [INFO] [REQUEST] GET /instructor/courses?page=1&limit=100
[2025-05-06 14:37:49] [INFO] [RESPONSE] Status: 200 Message: Courses fetched successfully.
[2025-05-06 14:37:51] [INFO] [REQUEST] GET /instructor/courses?page=1&limit=100
[2025-05-06 14:37:52] [INFO] [RESPONSE] Status: 200 Message: Courses fetched successfully.
[2025-05-06 14:42:41] [INFO] [REQUEST] GET /instructor/courses?page=1&limit=100
[2025-05-06 14:42:41] [INFO] [RESPONSE] Status: 200 Message: Courses fetched successfully.
[2025-05-06 14:42:52] [INFO] [REQUEST] GET /instructor/courses?page=1&limit=100
[2025-05-06 14:42:53] [INFO] [RESPONSE] Status: 200 Message: Courses fetched successfully.
[2025-05-06 14:44:26] [INFO] [REQUEST] GET /instructor/courses?page=1&limit=100
[2025-05-06 14:44:27] [INFO] [RESPONSE] Status: 200 Message: Courses fetched successfully.
[2025-05-06 14:44:43] [INFO] [REQUEST] GET /instructor/courses?page=1&limit=6&search=
[2025-05-06 14:44:43] [INFO] [REQUEST] GET /getUserdata
[2025-05-06 14:44:43] [INFO] [RESPONSE] Status: 200 Message: User details fetched successfully
[2025-05-06 14:44:43] [INFO] [RESPONSE] Status: 200 Message: Courses fetched successfully.
[2025-05-06 14:44:44] [INFO] [REQUEST] GET /instructor/courses?page=1&limit=100
[2025-05-06 14:44:44] [INFO] [RESPONSE] Status: 200 Message: Courses fetched successfully.
[2025-05-06 14:44:56] [INFO] [REQUEST] GET /instructor/courses?page=1&limit=100
[2025-05-06 14:44:56] [INFO] [RESPONSE] Status: 200 Message: Courses fetched successfully.
[2025-05-06 14:44:59] [INFO] [REQUEST] GET /instructor/courses?page=1&limit=100
[2025-05-06 14:44:59] [INFO] [RESPONSE] Status: 200 Message: Courses fetched successfully.
[2025-05-06 14:45:02] [INFO] [REQUEST] GET /instructor/courses?page=1&limit=100
[2025-05-06 14:45:02] [INFO] [RESPONSE] Status: 200 Message: Courses fetched successfully.
[2025-05-06 14:45:05] [INFO] [REQUEST] GET /getUserdata
[2025-05-06 14:45:05] [INFO] [RESPONSE] Status: 200 Message: User details fetched successfully
[2025-05-06 14:45:05] [INFO] [REQUEST] GET /instructor/course-stats
[2025-05-06 14:45:06] [INFO] [RESPONSE] Status: 200 Message: undefined
[2025-05-06 14:45:07] [INFO] [REQUEST] GET /instructor/getTransactions?page=1&limit=10
[2025-05-06 14:45:07] [INFO] [RESPONSE] Status: 200 Message: Instructor payouts retrieved successfully
[2025-05-06 14:45:08] [INFO] [REQUEST] GET /instructor/courses?page=1&limit=100
[2025-05-06 14:45:08] [INFO] [RESPONSE] Status: 200 Message: Courses fetched successfully.
[2025-05-06 14:45:10] [INFO] [REQUEST] GET /instructor/courses?page=1&limit=100
[2025-05-06 14:45:10] [INFO] [RESPONSE] Status: 200 Message: Courses fetched successfully.
[2025-05-06 14:45:13] [INFO] [REQUEST] GET /instructor/courses?page=1&limit=100
[2025-05-06 14:45:13] [INFO] [RESPONSE] Status: 200 Message: Courses fetched successfully.
[2025-05-06 14:45:30] [INFO] [REQUEST] GET /instructor/courses?page=1&limit=100
[2025-05-06 14:45:31] [INFO] [RESPONSE] Status: 200 Message: Courses fetched successfully.
[2025-05-06 14:45:32] [INFO] [REQUEST] GET /instructor/courses?page=1&limit=6&search=
[2025-05-06 14:45:32] [INFO] [REQUEST] GET /getUserdata
[2025-05-06 14:45:32] [INFO] [RESPONSE] Status: 200 Message: User details fetched successfully
[2025-05-06 14:45:32] [INFO] [RESPONSE] Status: 200 Message: Courses fetched successfully.
[2025-05-06 14:45:33] [INFO] [REQUEST] GET /instructor/courses?page=1&limit=100
[2025-05-06 14:45:34] [INFO] [RESPONSE] Status: 200 Message: Courses fetched successfully.
[2025-05-06 14:45:42] [INFO] [REQUEST] GET /instructor/courses?page=1&limit=100
[2025-05-06 14:45:43] [INFO] [RESPONSE] Status: 200 Message: Courses fetched successfully.
[2025-05-06 14:48:46] [INFO] [REQUEST] GET /instructor/courses?page=1&limit=100
[2025-05-06 14:48:48] [INFO] [RESPONSE] Status: 200 Message: Courses fetched successfully.
[2025-05-06 14:48:49] [INFO] [REQUEST] GET /instructor/courses?page=1&limit=100
[2025-05-06 14:48:50] [INFO] [RESPONSE] Status: 200 Message: Courses fetched successfully.
[2025-05-06 14:50:46] [INFO] [REQUEST] GET /courses/68121c6e3a6713632d872dbb
[2025-05-06 14:50:46] [INFO] [RESPONSE] Status: 200 Message: Course fetched successfully.
[2025-05-06 14:50:46] [INFO] [REQUEST] GET /student/check-enrollment/68121c6e3a6713632d872dbb
[2025-05-06 14:50:46] [INFO] [REQUEST] GET /student/review/68121c6e3a6713632d872dbb
[2025-05-06 14:50:46] [INFO] [RESPONSE] Status: 200 Message: Reviews fetched successfully.
[2025-05-06 14:50:46] [INFO] [RESPONSE] Status: 200 Message: User is enrolled in this course
[2025-05-06 14:50:46] [INFO] [REQUEST] GET /student/lesson-progress/68121c6e3a6713632d872dbb
[2025-05-06 14:50:46] [INFO] [RESPONSE] Status: 200 Message: Lesson progress fetched successfully
[2025-05-06 14:50:46] [INFO] [REQUEST] GET /student/courses/68121c6e3a6713632d872dbb/modules/vvvvvvvvvvvvvvvvvv/assessments?page=1&limit=10
[2025-05-06 14:50:46] [INFO] [REQUEST] GET /courses/68121c6e3a6713632d872dbb/stream?videoKey=courses%2F67b6d4b441900af7ed9b5af6%2Fvfjvnfvyf%2Fmodule-1%2Flesson-1.mp4
[2025-05-06 14:50:47] [INFO] [RESPONSE] Status: 200 Message: Assessments retrieved successfully.
