[2025-04-21 09:11:57] [INFO] [REQUEST] GET /courses/680094d0c1a02343f4ba441b/stream?videoKey=courses%2F67b6d4b441900af7ed9b5af6%2Fneww%20coursee%2Fmodule-1%2Flesson-1.mp4
[2025-04-21 09:12:02] [INFO] [REQUEST] GET /courses/680094d0c1a02343f4ba441b/stream?videoKey=courses%2F67b6d4b441900af7ed9b5af6%2Fneww%20coursee%2Fmodule-1%2Flesson-1.mp4
[2025-04-21 09:29:43] [INFO] [REQUEST] GET /courses/680094d0c1a02343f4ba441b
[2025-04-21 09:29:44] [INFO] [RESPONSE] Status: 200 Message: Course fetched successfully.
[2025-04-21 10:16:43] [INFO] [REQUEST] GET /courses/680094d0c1a02343f4ba441b
[2025-04-21 10:16:44] [INFO] [RESPONSE] Status: 200 Message: Course fetched successfully.
[2025-04-21 10:47:09] [INFO] [REQUEST] GET /courses/680094d0c1a02343f4ba441b
[2025-04-21 10:47:10] [INFO] [RESPONSE] Status: 200 Message: Course fetched successfully.
[2025-04-21 15:21:24] [INFO] [REQUEST] OPTIONS /instructor/courses/680094d0c1a02343f4ba441b/modules/moduleeee/assessments
[2025-04-21 15:21:24] [INFO] [REQUEST] POST /instructor/courses/680094d0c1a02343f4ba441b/modules/moduleeee/assessments
[2025-04-21 15:21:24] [INFO] [RESPONSE] Status: 404 Message: The requested URL not found on this server
[2025-04-21 17:01:53] [INFO] [REQUEST] OPTIONS /instructor/courses/680094d0c1a02343f4ba441b/modules/moduleeee/assessments
[2025-04-21 17:01:53] [INFO] [REQUEST] POST /instructor/courses/680094d0c1a02343f4ba441b/modules/moduleeee/assessments
[2025-04-21 17:01:53] [INFO] [RESPONSE] Status: 401 Message: Unauthorized: No token provided
[2025-04-21 17:01:53] [INFO] [RESPONSE] Status: 401 Message: Unauthorized: Invalid token
[2025-04-21 17:01:53] [INFO] [REQUEST] POST /users/refresh-token
[2025-04-21 17:01:53] [INFO] [RESPONSE] Status: 404 Message: The requested URL not found on this server
[2025-04-21 17:02:04] [INFO] [REQUEST] OPTIONS /logout
[2025-04-21 17:02:04] [INFO] [REQUEST] POST /logout
[2025-04-21 17:02:04] [INFO] [RESPONSE] Status: 200 Message: User logged out successfully
[2025-04-21 17:02:12] [INFO] [REQUEST] OPTIONS /google-auth
[2025-04-21 17:02:12] [INFO] [REQUEST] POST /google-auth
[2025-04-21 17:02:12] [INFO] [RESPONSE] Status: 200 Message: Google authentication successful
[2025-04-21 17:02:17] [INFO] [REQUEST] GET /getUserdata
[2025-04-21 17:02:17] [INFO] [RESPONSE] Status: 200 Message: User details fetched successfully
[2025-04-21 17:02:19] [INFO] [REQUEST] GET /getUserdata
[2025-04-21 17:02:19] [INFO] [REQUEST] GET /instructor/courses?page=1&limit=6&search=
[2025-04-21 17:02:19] [INFO] [RESPONSE] Status: 200 Message: User details fetched successfully
[2025-04-21 17:02:20] [INFO] [RESPONSE] Status: 200 Message: Courses fetched successfully.
[2025-04-21 17:02:46] [INFO] [REQUEST] OPTIONS /instructor/courses/680094d0c1a02343f4ba441b/modules/moduleeee/assessments
[2025-04-21 17:02:46] [INFO] [REQUEST] POST /instructor/courses/680094d0c1a02343f4ba441b/modules/moduleeee/assessments
[2025-04-21 17:02:46] [INFO] [RESPONSE] Status: 400 Message: Schema hasn't been registered for model "Course".
Use mongoose.model(name, schema)
[2025-04-21 17:18:29] [INFO] [REQUEST] OPTIONS /instructor/courses/680094d0c1a02343f4ba441b/modules/moduleeee/assessments
[2025-04-21 17:18:29] [INFO] [REQUEST] POST /instructor/courses/680094d0c1a02343f4ba441b/modules/moduleeee/assessments
[2025-04-21 17:18:29] [INFO] [RESPONSE] Status: 201 Message: Assessment created successfully.
[2025-04-21 17:23:11] [INFO] [REQUEST] OPTIONS /instructor/courses/680094d0c1a02343f4ba441b/modules/moduleeee/assessments
[2025-04-21 17:23:11] [INFO] [REQUEST] POST /instructor/courses/680094d0c1a02343f4ba441b/modules/moduleeee/assessments
[2025-04-21 17:23:12] [INFO] [RESPONSE] Status: 201 Message: Assessment created successfully.
[2025-04-21 17:32:30] [INFO] [REQUEST] OPTIONS /instructor/courses/680094d0c1a02343f4ba441b/modules/moduleeee/assessments
[2025-04-21 17:32:30] [INFO] [REQUEST] POST /instructor/courses/680094d0c1a02343f4ba441b/modules/moduleeee/assessments
[2025-04-21 17:32:30] [INFO] [RESPONSE] Status: 201 Message: Assessment created successfully.
[2025-04-21 17:51:16] [INFO] [REQUEST] OPTIONS /instructor/courses/680094d0c1a02343f4ba441b/modules/moduleeee/assessments
[2025-04-21 17:51:16] [INFO] [REQUEST] POST /instructor/courses/680094d0c1a02343f4ba441b/modules/moduleeee/assessments
[2025-04-21 17:51:17] [INFO] [RESPONSE] Status: 201 Message: Assessment created successfully.
[2025-04-21 18:42:43] [INFO] [REQUEST] GET /instructor/courses/680094d0c1a02343f4ba441b/modules/moduleeee/assessments?page=1&limit=10
[2025-04-21 18:42:44] [INFO] [RESPONSE] Status: 404 Message: The requested URL not found on this server
[2025-04-21 18:58:11] [INFO] [REQUEST] GET /instructor/courses/680094d0c1a02343f4ba441b/modules/moduleeee/assessments?page=1&limit=10
[2025-04-21 18:58:11] [INFO] [RESPONSE] Status: 404 Message: The requested URL not found on this server
[2025-04-21 18:58:39] [INFO] [REQUEST] GET /instructor/courses/680094d0c1a02343f4ba441b/modules/moduleeee/assessments?page=1&limit=10
[2025-04-21 18:58:39] [INFO] [RESPONSE] Status: 404 Message: The requested URL not found on this server
[2025-04-21 18:59:16] [INFO] [REQUEST] OPTIONS /instructor/courses/680094d0c1a02343f4ba441b/modules/moduleeee/assessments
[2025-04-21 18:59:16] [INFO] [REQUEST] POST /instructor/courses/680094d0c1a02343f4ba441b/modules/moduleeee/assessments
[2025-04-21 18:59:16] [INFO] [RESPONSE] Status: 201 Message: Assessment created successfully.
[2025-04-21 18:59:20] [INFO] [REQUEST] GET /instructor/courses/680094d0c1a02343f4ba441b/modules/moduleeee/assessments?page=1&limit=10
[2025-04-21 18:59:20] [INFO] [RESPONSE] Status: 404 Message: The requested URL not found on this server
[2025-04-21 19:01:44] [INFO] [REQUEST] GET /instructor/courses/680094d0c1a02343f4ba441b/modules/moduleeee/assessments?page=1&limit=10
[2025-04-21 19:01:44] [INFO] [RESPONSE] Status: 404 Message: The requested URL not found on this server
[2025-04-21 19:02:24] [INFO] [REQUEST] GET /instructor/courses/680094d0c1a02343f4ba441b/modules/moduleeee/assessments?page=1&limit=10
[2025-04-21 19:02:24] [INFO] [RESPONSE] Status: 404 Message: The requested URL not found on this server
[2025-04-21 19:03:45] [INFO] [REQUEST] GET /instructor/courses/680094d0c1a02343f4ba441b/modules/moduleeee/assessments?page=1&limit=10
[2025-04-21 19:03:45] [INFO] [RESPONSE] Status: 404 Message: The requested URL not found on this server
[2025-04-21 19:22:20] [INFO] [REQUEST] GET /instructor/courses/680094d0c1a02343f4ba441b/modules/moduleeee/assessments?page=1&limit=10
[2025-04-21 19:22:20] [INFO] [RESPONSE] Status: 404 Message: The requested URL not found on this server
[2025-04-21 19:22:21] [INFO] [REQUEST] GET /instructor/courses/680094d0c1a02343f4ba441b/modules/moduleeee/assessments?page=1&limit=10
[2025-04-21 19:22:21] [INFO] [RESPONSE] Status: 404 Message: The requested URL not found on this server
[2025-04-21 19:22:43] [INFO] [REQUEST] GET /instructor/courses/680094d0c1a02343f4ba441b/modules/moduleeee/assessments?page=1&limit=10
[2025-04-21 19:22:43] [INFO] [RESPONSE] Status: 404 Message: The requested URL not found on this server
[2025-04-21 19:41:43] [INFO] [REQUEST] GET /instructor/courses/680094d0c1a02343f4ba441b/modules/moduleeee/assessments?page=1&limit=10
[2025-04-21 19:41:43] [INFO] [RESPONSE] Status: 200 Message: Assessments retrieved successfully.
[2025-04-21 19:42:11] [INFO] [REQUEST] GET /instructor/courses/680094d0c1a02343f4ba441b/modules/moduleeee/assessments?page=1&limit=10
[2025-04-21 19:42:11] [INFO] [RESPONSE] Status: 200 Message: Assessments retrieved successfully.
[2025-04-21 19:42:12] [INFO] [REQUEST] GET /instructor/courses/680094d0c1a02343f4ba441b/modules/moduleeee/assessments?page=1&limit=10
[2025-04-21 19:42:12] [INFO] [RESPONSE] Status: 200 Message: Assessments retrieved successfully.
[2025-04-21 19:42:19] [INFO] [REQUEST] GET /instructor/courses/680094d0c1a02343f4ba441b/modules/moduleeee/assessments?page=1&limit=10
[2025-04-21 19:42:20] [INFO] [RESPONSE] Status: 200 Message: Assessments retrieved successfully.
[2025-04-21 19:45:15] [INFO] [REQUEST] GET /instructor/courses/680094d0c1a02343f4ba441b/modules/moduleeee/assessments?page=1&limit=10
[2025-04-21 19:45:16] [INFO] [RESPONSE] Status: 200 Message: Assessments retrieved successfully.
[2025-04-21 19:45:19] [INFO] [REQUEST] GET /instructor/courses/680094d0c1a02343f4ba441b/modules/moduleeee/assessments?page=1&limit=10
[2025-04-21 19:45:19] [INFO] [RESPONSE] Status: 200 Message: Assessments retrieved successfully.
[2025-04-21 19:45:33] [INFO] [REQUEST] GET /instructor/courses/680094d0c1a02343f4ba441b/modules/moduleeee/assessments?page=1&limit=5
[2025-04-21 19:45:34] [INFO] [RESPONSE] Status: 200 Message: Assessments retrieved successfully.
[2025-04-21 19:45:55] [INFO] [REQUEST] GET /instructor/courses/680094d0c1a02343f4ba441b/modules/moduleeee/assessments?page=1&limit=5
[2025-04-21 19:45:55] [INFO] [RESPONSE] Status: 200 Message: Assessments retrieved successfully.
[2025-04-21 19:46:00] [INFO] [REQUEST] GET /instructor/courses/680094d0c1a02343f4ba441b/modules/moduleeee/assessments?page=1&limit=5
[2025-04-21 19:46:00] [INFO] [RESPONSE] Status: 200 Message: Assessments retrieved successfully.
[2025-04-21 19:47:24] [INFO] [REQUEST] GET /instructor/courses/680094d0c1a02343f4ba441b/modules/moduleeee/assessments?page=1&limit=5
[2025-04-21 19:47:25] [INFO] [RESPONSE] Status: 200 Message: Assessments retrieved successfully.
[2025-04-21 19:48:45] [INFO] [REQUEST] OPTIONS /instructor/courses/680094d0c1a02343f4ba441b/modules/moduleeee/assessments
[2025-04-21 19:48:45] [INFO] [REQUEST] POST /instructor/courses/680094d0c1a02343f4ba441b/modules/moduleeee/assessments
[2025-04-21 19:48:45] [INFO] [RESPONSE] Status: 201 Message: Assessment created successfully.
[2025-04-21 19:49:05] [INFO] [REQUEST] GET /instructor/courses/680094d0c1a02343f4ba441b/modules/moduleeee/assessments?page=1&limit=5
[2025-04-21 19:49:05] [INFO] [RESPONSE] Status: 200 Message: Assessments retrieved successfully.
[2025-04-21 19:49:07] [INFO] [REQUEST] GET /instructor/courses/680094d0c1a02343f4ba441b/modules/moduleeee/assessments?page=2&limit=5
[2025-04-21 19:49:07] [INFO] [RESPONSE] Status: 200 Message: Assessments retrieved successfully.
[2025-04-21 19:49:09] [INFO] [REQUEST] GET /instructor/courses/680094d0c1a02343f4ba441b/modules/moduleeee/assessments?page=1&limit=5
[2025-04-21 19:49:09] [INFO] [RESPONSE] Status: 200 Message: Assessments retrieved successfully.
[2025-04-21 19:49:14] [INFO] [REQUEST] GET /instructor/courses/680094d0c1a02343f4ba441b/modules/moduleeee/assessments?page=2&limit=5
[2025-04-21 19:49:14] [INFO] [RESPONSE] Status: 200 Message: Assessments retrieved successfully.
[2025-04-21 19:49:16] [INFO] [REQUEST] GET /instructor/courses/680094d0c1a02343f4ba441b/modules/moduleeee/assessments?page=1&limit=5
[2025-04-21 19:49:16] [INFO] [RESPONSE] Status: 200 Message: Assessments retrieved successfully.
[2025-04-21 19:49:36] [INFO] [REQUEST] OPTIONS /instructor/courses/680094d0c1a02343f4ba441b/modules/moduleeee/assessments
[2025-04-21 19:49:36] [INFO] [REQUEST] POST /instructor/courses/680094d0c1a02343f4ba441b/modules/moduleeee/assessments
[2025-04-21 19:49:36] [INFO] [RESPONSE] Status: 201 Message: Assessment created successfully.
[2025-04-21 19:49:42] [INFO] [REQUEST] GET /instructor/courses/680094d0c1a02343f4ba441b/modules/moduleeee/assessments?page=2&limit=5
[2025-04-21 19:49:42] [INFO] [RESPONSE] Status: 200 Message: Assessments retrieved successfully.
[2025-04-21 19:54:43] [INFO] [REQUEST] GET /instructor/courses/680094d0c1a02343f4ba441b/modules/moduleeee/assessments?page=1&limit=5
[2025-04-21 19:54:43] [INFO] [RESPONSE] Status: 200 Message: Assessments retrieved successfully.
[2025-04-21 19:54:45] [INFO] [REQUEST] GET /instructor/courses/680094d0c1a02343f4ba441b/modules/moduleeee/assessments?page=2&limit=5
[2025-04-21 19:54:45] [INFO] [RESPONSE] Status: 200 Message: Assessments retrieved successfully.
[2025-04-21 19:54:46] [INFO] [REQUEST] GET /instructor/courses/680094d0c1a02343f4ba441b/modules/moduleeee/assessments?page=1&limit=5
[2025-04-21 19:54:46] [INFO] [RESPONSE] Status: 200 Message: Assessments retrieved successfully.
[2025-04-21 19:55:02] [INFO] [REQUEST] GET /instructor/courses/680094d0c1a02343f4ba441b/modules/moduleeee/assessments?page=1&limit=5
[2025-04-21 19:55:03] [INFO] [RESPONSE] Status: 200 Message: Assessments retrieved successfully.
[2025-04-21 19:55:11] [INFO] [REQUEST] GET /instructor/courses/680094d0c1a02343f4ba441b/modules/moduleeee/assessments?page=1&limit=5
[2025-04-21 19:55:12] [INFO] [RESPONSE] Status: 200 Message: Assessments retrieved successfully.
[2025-04-21 19:55:13] [INFO] [REQUEST] GET /getUserdata
[2025-04-21 19:55:13] [INFO] [RESPONSE] Status: 200 Message: User details fetched successfully
[2025-04-21 19:55:17] [INFO] [REQUEST] GET /getUserdata
[2025-04-21 19:55:17] [INFO] [REQUEST] GET /instructor/courses?page=1&limit=6&search=
[2025-04-21 19:55:17] [INFO] [RESPONSE] Status: 200 Message: User details fetched successfully
[2025-04-21 19:55:17] [INFO] [RESPONSE] Status: 200 Message: Courses fetched successfully.
[2025-04-21 19:55:19] [INFO] [REQUEST] GET /instructor/courses/680094d0c1a02343f4ba441b/modules/moduleeee/assessments?page=1&limit=5
[2025-04-21 19:55:20] [INFO] [RESPONSE] Status: 200 Message: Assessments retrieved successfully.
[2025-04-21 19:55:23] [INFO] [REQUEST] GET /instructor/courses/680094d0c1a02343f4ba441b/modules/moduleeee/assessments?page=1&limit=5
[2025-04-21 19:55:24] [INFO] [RESPONSE] Status: 200 Message: Assessments retrieved successfully.
