[2025-03-26 08:35:08] [INFO] [REQUEST] GET /getUserdata
[2025-03-26 08:35:08] [INFO] [REQUEST] GET /instructor/courses?page=1&limit=6&search=
[2025-03-26 08:35:08] [INFO] [RESPONSE] Status: 200 Message: User details fetched successfully
[2025-03-26 08:35:09] [INFO] [RESPONSE] Status: 200 Message: Courses fetched successfully.
[2025-03-26 08:35:12] [INFO] [REQUEST] GET /getUserdata
[2025-03-26 08:35:12] [INFO] [REQUEST] GET /instructor/courses?page=1&limit=6&search=
[2025-03-26 08:35:12] [INFO] [RESPONSE] Status: 200 Message: User details fetched successfully
[2025-03-26 08:35:12] [INFO] [RESPONSE] Status: 200 Message: Courses fetched successfully.
[2025-03-26 08:35:28] [INFO] [REQUEST] GET /getUserdata
[2025-03-26 08:35:28] [INFO] [REQUEST] GET /instructor/courses?page=1&limit=6&search=
[2025-03-26 08:35:28] [INFO] [RESPONSE] Status: 200 Message: User details fetched successfully
[2025-03-26 08:35:28] [INFO] [RESPONSE] Status: 200 Message: Courses fetched successfully.
[2025-03-26 08:36:47] [INFO] [REQUEST] GET /getUserdata
[2025-03-26 08:36:47] [INFO] [REQUEST] GET /instructor/courses?page=1&limit=6&search=
[2025-03-26 08:36:47] [INFO] [RESPONSE] Status: 200 Message: User details fetched successfully
[2025-03-26 08:36:47] [INFO] [RESPONSE] Status: 200 Message: Courses fetched successfully.
[2025-03-26 08:37:38] [INFO] [REQUEST] GET /getUserdata
[2025-03-26 08:37:38] [INFO] [REQUEST] GET /instructor/courses?page=1&limit=6&search=
[2025-03-26 08:37:38] [INFO] [RESPONSE] Status: 200 Message: User details fetched successfully
[2025-03-26 08:37:38] [INFO] [RESPONSE] Status: 200 Message: Courses fetched successfully.
[2025-03-26 08:54:17] [INFO] [REQUEST] GET /courses/67e2d708cd47f8d8e5e10517
[2025-03-26 08:54:17] [INFO] [RESPONSE] Status: 200 Message: Course fetched successfully.
[2025-03-26 08:54:26] [INFO] [REQUEST] GET /courses/67e2d708cd47f8d8e5e10517
[2025-03-26 08:54:26] [INFO] [RESPONSE] Status: 200 Message: Course fetched successfully.
[2025-03-26 08:54:28] [INFO] [REQUEST] GET /getUserdata
[2025-03-26 08:54:28] [INFO] [REQUEST] GET /instructor/courses?page=1&limit=6&search=
[2025-03-26 08:54:28] [INFO] [RESPONSE] Status: 200 Message: User details fetched successfully
[2025-03-26 08:54:28] [INFO] [RESPONSE] Status: 200 Message: Courses fetched successfully.
[2025-03-26 08:54:30] [INFO] [REQUEST] GET /getUserdata
[2025-03-26 08:54:30] [INFO] [REQUEST] GET /instructor/courses?page=1&limit=6&search=
[2025-03-26 08:54:30] [INFO] [RESPONSE] Status: 200 Message: User details fetched successfully
[2025-03-26 08:54:30] [INFO] [RESPONSE] Status: 200 Message: Courses fetched successfully.
[2025-03-26 08:55:13] [INFO] [REQUEST] GET /getUserdata
[2025-03-26 08:55:13] [INFO] [REQUEST] GET /instructor/courses?page=1&limit=6&search=
[2025-03-26 08:55:13] [INFO] [RESPONSE] Status: 200 Message: User details fetched successfully
[2025-03-26 08:55:13] [INFO] [RESPONSE] Status: 200 Message: Courses fetched successfully.
[2025-03-26 09:10:22] [INFO] [REQUEST] GET /courses/67e2d708cd47f8d8e5e10517
[2025-03-26 09:10:22] [INFO] [RESPONSE] Status: 200 Message: Course fetched successfully.
[2025-03-26 09:10:24] [INFO] [REQUEST] GET /courses/67e2d708cd47f8d8e5e10517
[2025-03-26 09:10:25] [INFO] [RESPONSE] Status: 200 Message: Course fetched successfully.
[2025-03-26 09:10:26] [INFO] [REQUEST] GET /getUserdata
[2025-03-26 09:10:26] [INFO] [REQUEST] GET /instructor/courses?page=1&limit=6&search=
[2025-03-26 09:10:26] [INFO] [RESPONSE] Status: 200 Message: User details fetched successfully
[2025-03-26 09:10:26] [INFO] [RESPONSE] Status: 200 Message: Courses fetched successfully.
[2025-03-26 09:10:27] [INFO] [REQUEST] GET /getUserdata
[2025-03-26 09:10:27] [INFO] [REQUEST] GET /instructor/courses?page=1&limit=6&search=
[2025-03-26 09:10:27] [INFO] [RESPONSE] Status: 200 Message: User details fetched successfully
[2025-03-26 09:10:28] [INFO] [RESPONSE] Status: 200 Message: Courses fetched successfully.
[2025-03-26 12:02:04] [INFO] [REQUEST] GET /getUserdata
[2025-03-26 12:02:04] [INFO] [RESPONSE] Status: 401 Message: Unauthorized: No token provided
[2025-03-26 12:02:04] [INFO] [RESPONSE] Status: 401 Message: Unauthorized: Invalid token
[2025-03-26 12:02:04] [INFO] [REQUEST] POST /users/refresh-token
[2025-03-26 12:02:04] [INFO] [RESPONSE] Status: 404 Message: The requested URL not found on this server
[2025-03-26 12:02:44] [INFO] [REQUEST] OPTIONS /login
[2025-03-26 12:02:44] [INFO] [REQUEST] POST /login
[2025-03-26 12:02:45] [INFO] [RESPONSE] Status: 200 Message: Login successful.
[2025-03-26 12:12:45] [INFO] [REQUEST] GET /getUserdata
[2025-03-26 12:12:45] [INFO] [RESPONSE] Status: 200 Message: User details fetched successfully
[2025-03-26 12:12:46] [INFO] [REQUEST] GET /getUserdata
[2025-03-26 12:12:46] [INFO] [REQUEST] GET /instructor/courses?page=1&limit=6&search=
[2025-03-26 12:12:46] [INFO] [RESPONSE] Status: 200 Message: User details fetched successfully
[2025-03-26 12:12:47] [INFO] [RESPONSE] Status: 200 Message: Courses fetched successfully.
[2025-03-26 12:29:07] [INFO] [REQUEST] GET /courses/67e2d708cd47f8d8e5e10517
[2025-03-26 12:29:07] [INFO] [RESPONSE] Status: 200 Message: Course fetched successfully.
[2025-03-26 12:29:09] [INFO] [REQUEST] GET /instructor/courses?page=1&limit=6&search=
[2025-03-26 12:29:09] [INFO] [REQUEST] GET /getUserdata
[2025-03-26 12:29:09] [INFO] [RESPONSE] Status: 200 Message: User details fetched successfully
[2025-03-26 12:29:09] [INFO] [RESPONSE] Status: 200 Message: Courses fetched successfully.
[2025-03-26 12:29:12] [INFO] [REQUEST] GET /courses/67e2d708cd47f8d8e5e10517
[2025-03-26 12:29:12] [INFO] [RESPONSE] Status: 200 Message: Course fetched successfully.
[2025-03-26 12:29:14] [INFO] [REQUEST] GET /getUserdata
[2025-03-26 12:29:14] [INFO] [REQUEST] GET /instructor/courses?page=1&limit=6&search=
[2025-03-26 12:29:14] [INFO] [RESPONSE] Status: 200 Message: User details fetched successfully
[2025-03-26 12:29:14] [INFO] [RESPONSE] Status: 200 Message: Courses fetched successfully.
[2025-03-26 12:29:28] [INFO] [REQUEST] OPTIONS /courses/67e2d708cd47f8d8e5e10517
[2025-03-26 12:29:29] [INFO] [REQUEST] PUT /courses/67e2d708cd47f8d8e5e10517
[2025-03-26 12:29:29] [INFO] [RESPONSE] Status: 404 Message: The requested URL not found on this server
[2025-03-26 12:29:32] [INFO] [REQUEST] GET /courses/67e2d708cd47f8d8e5e10517
[2025-03-26 12:29:32] [INFO] [RESPONSE] Status: 200 Message: Course fetched successfully.
[2025-03-26 12:29:33] [INFO] [REQUEST] GET /getUserdata
[2025-03-26 12:29:33] [INFO] [REQUEST] GET /instructor/courses?page=1&limit=6&search=
[2025-03-26 12:29:33] [INFO] [RESPONSE] Status: 200 Message: User details fetched successfully
[2025-03-26 12:29:33] [INFO] [RESPONSE] Status: 200 Message: Courses fetched successfully.
[2025-03-26 12:39:11] [INFO] [REQUEST] GET /courses/67e2d708cd47f8d8e5e10517
[2025-03-26 12:39:11] [INFO] [RESPONSE] Status: 200 Message: Course fetched successfully.
[2025-03-26 12:45:05] [INFO] [REQUEST] GET /courses/67e2d708cd47f8d8e5e10517
[2025-03-26 12:45:05] [INFO] [RESPONSE] Status: 200 Message: Course fetched successfully.
[2025-03-26 12:45:11] [INFO] [REQUEST] GET /courses/67e2d708cd47f8d8e5e10517
[2025-03-26 12:45:11] [INFO] [RESPONSE] Status: 200 Message: Course fetched successfully.
[2025-03-26 12:45:13] [INFO] [REQUEST] GET /getUserdata
[2025-03-26 12:45:13] [INFO] [REQUEST] GET /instructor/courses?page=1&limit=6&search=
[2025-03-26 12:45:13] [INFO] [RESPONSE] Status: 200 Message: User details fetched successfully
[2025-03-26 12:45:13] [INFO] [RESPONSE] Status: 200 Message: Courses fetched successfully.
[2025-03-26 12:45:15] [INFO] [REQUEST] GET /courses/67e2d708cd47f8d8e5e10517
[2025-03-26 12:45:15] [INFO] [RESPONSE] Status: 200 Message: Course fetched successfully.
[2025-03-26 12:45:22] [INFO] [REQUEST] OPTIONS /courses/67e2d708cd47f8d8e5e10517
[2025-03-26 12:45:22] [INFO] [REQUEST] PUT /courses/67e2d708cd47f8d8e5e10517
[2025-03-26 12:45:22] [INFO] [RESPONSE] Status: 404 Message: The requested URL not found on this server
[2025-03-26 12:50:31] [INFO] [REQUEST] GET /courses/67e2d708cd47f8d8e5e10517
[2025-03-26 12:50:32] [INFO] [RESPONSE] Status: 200 Message: Course fetched successfully.
[2025-03-26 12:50:33] [INFO] [REQUEST] GET /instructor/courses?page=1&limit=6&search=
[2025-03-26 12:50:33] [INFO] [REQUEST] GET /getUserdata
[2025-03-26 12:50:34] [INFO] [RESPONSE] Status: 200 Message: User details fetched successfully
[2025-03-26 12:50:34] [INFO] [RESPONSE] Status: 200 Message: Courses fetched successfully.
[2025-03-26 12:50:35] [INFO] [REQUEST] GET /getUserdata
[2025-03-26 12:50:35] [INFO] [REQUEST] GET /instructor/courses?page=1&limit=6&search=
[2025-03-26 12:50:36] [INFO] [RESPONSE] Status: 200 Message: User details fetched successfully
[2025-03-26 12:50:36] [INFO] [RESPONSE] Status: 200 Message: Courses fetched successfully.
[2025-03-26 12:50:37] [INFO] [REQUEST] GET /courses/67e2d708cd47f8d8e5e10517
[2025-03-26 12:50:37] [INFO] [RESPONSE] Status: 200 Message: Course fetched successfully.
[2025-03-26 12:50:44] [INFO] [REQUEST] OPTIONS /instructor/courses/:id/67e2d708cd47f8d8e5e10517
[2025-03-26 12:50:44] [INFO] [REQUEST] PUT /instructor/courses/:id/67e2d708cd47f8d8e5e10517
[2025-03-26 12:50:44] [INFO] [RESPONSE] Status: 404 Message: The requested URL not found on this server
[2025-03-26 12:50:49] [INFO] [REQUEST] GET /courses/67e2d708cd47f8d8e5e10517
[2025-03-26 12:50:49] [INFO] [RESPONSE] Status: 200 Message: Course fetched successfully.
[2025-03-26 12:50:51] [INFO] [REQUEST] GET /getUserdata
[2025-03-26 12:50:51] [INFO] [REQUEST] GET /instructor/courses?page=1&limit=6&search=
[2025-03-26 12:50:51] [INFO] [RESPONSE] Status: 200 Message: User details fetched successfully
[2025-03-26 12:50:51] [INFO] [RESPONSE] Status: 200 Message: Courses fetched successfully.
[2025-03-26 12:50:52] [INFO] [REQUEST] GET /courses/67e2d708cd47f8d8e5e10517
[2025-03-26 12:50:53] [INFO] [RESPONSE] Status: 200 Message: Course fetched successfully.
[2025-03-26 12:51:19] [INFO] [REQUEST] GET /courses/67e2d708cd47f8d8e5e10517
[2025-03-26 12:51:19] [INFO] [RESPONSE] Status: 200 Message: Course fetched successfully.
[2025-03-26 12:51:21] [INFO] [REQUEST] GET /getUserdata
[2025-03-26 12:51:21] [INFO] [REQUEST] GET /instructor/courses?page=1&limit=6&search=
[2025-03-26 12:51:21] [INFO] [RESPONSE] Status: 200 Message: User details fetched successfully
[2025-03-26 12:51:21] [INFO] [RESPONSE] Status: 200 Message: Courses fetched successfully.
[2025-03-26 12:51:22] [INFO] [REQUEST] GET /getUserdata
[2025-03-26 12:51:23] [INFO] [REQUEST] GET /instructor/courses?page=1&limit=6&search=
[2025-03-26 12:51:23] [INFO] [RESPONSE] Status: 200 Message: User details fetched successfully
[2025-03-26 12:51:23] [INFO] [RESPONSE] Status: 200 Message: Courses fetched successfully.
[2025-03-26 12:51:29] [INFO] [REQUEST] GET /courses/67e2d708cd47f8d8e5e10517
[2025-03-26 12:51:29] [INFO] [RESPONSE] Status: 200 Message: Course fetched successfully.
[2025-03-26 12:51:38] [INFO] [REQUEST] OPTIONS /instructor/courses/:id/67e2d708cd47f8d8e5e10517
[2025-03-26 12:51:38] [INFO] [REQUEST] PUT /instructor/courses/:id/67e2d708cd47f8d8e5e10517
[2025-03-26 12:51:38] [INFO] [RESPONSE] Status: 404 Message: The requested URL not found on this server
[2025-03-26 12:53:46] [INFO] [REQUEST] GET /getUserdata
[2025-03-26 12:53:46] [INFO] [REQUEST] GET /instructor/courses?page=1&limit=6&search=
[2025-03-26 12:53:46] [INFO] [RESPONSE] Status: 200 Message: User details fetched successfully
[2025-03-26 12:53:46] [INFO] [RESPONSE] Status: 200 Message: Courses fetched successfully.
[2025-03-26 12:53:48] [INFO] [REQUEST] GET /getUserdata
[2025-03-26 12:53:48] [INFO] [REQUEST] GET /instructor/courses?page=1&limit=6&search=
[2025-03-26 12:53:48] [INFO] [RESPONSE] Status: 200 Message: User details fetched successfully
[2025-03-26 12:53:48] [INFO] [RESPONSE] Status: 200 Message: Courses fetched successfully.
[2025-03-26 12:53:49] [INFO] [REQUEST] GET /courses/67e2d708cd47f8d8e5e10517
[2025-03-26 12:53:49] [INFO] [RESPONSE] Status: 200 Message: Course fetched successfully.
[2025-03-26 12:53:59] [INFO] [REQUEST] OPTIONS /instructor/courses/:id/67e2d708cd47f8d8e5e10517
[2025-03-26 12:53:59] [INFO] [REQUEST] PUT /instructor/courses/:id/67e2d708cd47f8d8e5e10517
[2025-03-26 12:53:59] [INFO] [RESPONSE] Status: 404 Message: The requested URL not found on this server
[2025-03-26 13:02:24] [INFO] [REQUEST] GET /courses/67e2d708cd47f8d8e5e10517
[2025-03-26 13:02:26] [INFO] [RESPONSE] Status: 200 Message: Course fetched successfully.
[2025-03-26 13:02:43] [INFO] [REQUEST] GET /getUserdata
[2025-03-26 13:02:43] [INFO] [REQUEST] GET /instructor/courses?page=1&limit=6&search=
[2025-03-26 13:02:43] [INFO] [RESPONSE] Status: 200 Message: User details fetched successfully
[2025-03-26 13:02:43] [INFO] [RESPONSE] Status: 200 Message: Courses fetched successfully.
[2025-03-26 13:02:45] [INFO] [REQUEST] GET /getUserdata
[2025-03-26 13:02:45] [INFO] [REQUEST] GET /instructor/courses?page=1&limit=6&search=
[2025-03-26 13:02:45] [INFO] [RESPONSE] Status: 200 Message: User details fetched successfully
[2025-03-26 13:02:45] [INFO] [RESPONSE] Status: 200 Message: Courses fetched successfully.
[2025-03-26 13:02:46] [INFO] [REQUEST] GET /courses/67e2d708cd47f8d8e5e10517
[2025-03-26 13:02:46] [INFO] [RESPONSE] Status: 200 Message: Course fetched successfully.
[2025-03-26 13:02:53] [INFO] [REQUEST] OPTIONS /instructor/courses/:courseId/67e2d708cd47f8d8e5e10517
[2025-03-26 13:02:53] [INFO] [REQUEST] PUT /instructor/courses/:courseId/67e2d708cd47f8d8e5e10517
[2025-03-26 13:02:53] [INFO] [RESPONSE] Status: 404 Message: The requested URL not found on this server
[2025-03-26 13:03:13] [INFO] [REQUEST] GET /courses/67e2d708cd47f8d8e5e10517
[2025-03-26 13:03:13] [INFO] [RESPONSE] Status: 200 Message: Course fetched successfully.
[2025-03-26 13:03:18] [INFO] [REQUEST] GET /getUserdata
[2025-03-26 13:03:18] [INFO] [REQUEST] GET /instructor/courses?page=1&limit=6&search=
[2025-03-26 13:03:18] [INFO] [RESPONSE] Status: 200 Message: User details fetched successfully
[2025-03-26 13:03:18] [INFO] [RESPONSE] Status: 200 Message: Courses fetched successfully.
[2025-03-26 13:03:19] [INFO] [REQUEST] GET /getUserdata
[2025-03-26 13:03:19] [INFO] [REQUEST] GET /instructor/courses?page=1&limit=6&search=
[2025-03-26 13:03:19] [INFO] [RESPONSE] Status: 200 Message: User details fetched successfully
[2025-03-26 13:03:19] [INFO] [RESPONSE] Status: 200 Message: Courses fetched successfully.
[2025-03-26 13:03:20] [INFO] [REQUEST] GET /courses/67e2d708cd47f8d8e5e10517
[2025-03-26 13:03:20] [INFO] [RESPONSE] Status: 200 Message: Course fetched successfully.
[2025-03-26 13:03:27] [INFO] [REQUEST] OPTIONS /instructor/courses/67e2d708cd47f8d8e5e10517
[2025-03-26 13:03:28] [INFO] [REQUEST] PUT /instructor/courses/67e2d708cd47f8d8e5e10517
[2025-03-26 13:03:28] [INFO] [RESPONSE] Status: 404 Message: The requested URL not found on this server
[2025-03-26 13:06:41] [INFO] [REQUEST] GET /courses/67e2d708cd47f8d8e5e10517
[2025-03-26 13:06:42] [INFO] [RESPONSE] Status: 200 Message: Course fetched successfully.
[2025-03-26 13:07:05] [INFO] [REQUEST] GET /courses/67e2d708cd47f8d8e5e10517
[2025-03-26 13:07:05] [INFO] [RESPONSE] Status: 200 Message: Course fetched successfully.
[2025-03-26 13:07:18] [INFO] [REQUEST] GET /getUserdata
[2025-03-26 13:07:18] [INFO] [REQUEST] GET /instructor/courses?page=1&limit=6&search=
[2025-03-26 13:07:18] [INFO] [RESPONSE] Status: 200 Message: User details fetched successfully
[2025-03-26 13:07:19] [INFO] [RESPONSE] Status: 200 Message: Courses fetched successfully.
[2025-03-26 13:07:20] [INFO] [REQUEST] GET /getUserdata
[2025-03-26 13:07:20] [INFO] [REQUEST] GET /instructor/courses?page=1&limit=6&search=
[2025-03-26 13:07:20] [INFO] [RESPONSE] Status: 200 Message: User details fetched successfully
[2025-03-26 13:07:21] [INFO] [RESPONSE] Status: 200 Message: Courses fetched successfully.
[2025-03-26 13:07:22] [INFO] [REQUEST] GET /courses/67e2d708cd47f8d8e5e10517
[2025-03-26 13:07:22] [INFO] [RESPONSE] Status: 200 Message: Course fetched successfully.
[2025-03-26 13:07:30] [INFO] [REQUEST] OPTIONS /instructor/courses/67e2d708cd47f8d8e5e10517
[2025-03-26 13:07:30] [INFO] [REQUEST] PUT /instructor/courses/67e2d708cd47f8d8e5e10517
[2025-03-26 13:07:30] [INFO] [RESPONSE] Status: 404 Message: The requested URL not found on this server
[2025-03-26 13:20:58] [INFO] [REQUEST] OPTIONS /instructor/courses/67e2d708cd47f8d8e5e10517
[2025-03-26 13:20:59] [INFO] [REQUEST] PUT /instructor/courses/67e2d708cd47f8d8e5e10517
[2025-03-26 13:20:59] [INFO] [RESPONSE] Status: 404 Message: The requested URL not found on this server
[2025-03-26 13:25:18] [INFO] [REQUEST] GET /courses/67e2d708cd47f8d8e5e10517
[2025-03-26 13:25:18] [INFO] [RESPONSE] Status: 200 Message: Course fetched successfully.
[2025-03-26 13:25:20] [INFO] [REQUEST] GET /instructor/courses?page=1&limit=6&search=
[2025-03-26 13:25:20] [INFO] [REQUEST] GET /getUserdata
[2025-03-26 13:25:20] [INFO] [RESPONSE] Status: 200 Message: User details fetched successfully
[2025-03-26 13:25:20] [INFO] [RESPONSE] Status: 200 Message: Courses fetched successfully.
[2025-03-26 13:33:03] [INFO] [REQUEST] GET /getUserdata
[2025-03-26 13:33:03] [INFO] [REQUEST] GET /instructor/courses?page=1&limit=6&search=
[2025-03-26 13:33:03] [INFO] [RESPONSE] Status: 200 Message: User details fetched successfully
[2025-03-26 13:33:04] [INFO] [RESPONSE] Status: 200 Message: Courses fetched successfully.
[2025-03-26 13:33:04] [INFO] [REQUEST] GET /courses/67e2d708cd47f8d8e5e10517
[2025-03-26 13:33:04] [INFO] [RESPONSE] Status: 200 Message: Course fetched successfully.
[2025-03-26 13:33:17] [INFO] [REQUEST] OPTIONS /instructor/courses/67e2d708cd47f8d8e5e10517
[2025-03-26 13:33:17] [INFO] [REQUEST] PUT /instructor/courses/67e2d708cd47f8d8e5e10517
[2025-03-26 13:33:17] [INFO] [RESPONSE] Status: 404 Message: The requested URL not found on this server
[2025-03-26 13:33:21] [INFO] [REQUEST] GET /courses/67e2d708cd47f8d8e5e10517
[2025-03-26 13:33:21] [INFO] [RESPONSE] Status: 200 Message: Course fetched successfully.
[2025-03-26 13:33:23] [INFO] [REQUEST] GET /getUserdata
[2025-03-26 13:33:23] [INFO] [REQUEST] GET /instructor/courses?page=1&limit=6&search=
[2025-03-26 13:33:23] [INFO] [RESPONSE] Status: 200 Message: User details fetched successfully
[2025-03-26 13:33:23] [INFO] [RESPONSE] Status: 200 Message: Courses fetched successfully.
[2025-03-26 13:33:36] [INFO] [REQUEST] GET /courses/67e2d708cd47f8d8e5e10517
[2025-03-26 13:33:36] [INFO] [RESPONSE] Status: 200 Message: Course fetched successfully.
[2025-03-26 13:33:45] [INFO] [REQUEST] OPTIONS /instructor/courses/67e2d708cd47f8d8e5e10517
[2025-03-26 13:33:45] [INFO] [REQUEST] PUT /instructor/courses/67e2d708cd47f8d8e5e10517
[2025-03-26 13:33:45] [INFO] [RESPONSE] Status: 404 Message: The requested URL not found on this server
[2025-03-26 14:14:19] [INFO] [REQUEST] GET /courses/67e2d708cd47f8d8e5e10517
[2025-03-26 14:14:19] [INFO] [RESPONSE] Status: 200 Message: Course fetched successfully.
[2025-03-26 14:14:21] [INFO] [REQUEST] GET /getUserdata
[2025-03-26 14:14:21] [INFO] [REQUEST] GET /instructor/courses?page=1&limit=6&search=
[2025-03-26 14:14:21] [INFO] [RESPONSE] Status: 200 Message: User details fetched successfully
[2025-03-26 14:14:21] [INFO] [RESPONSE] Status: 200 Message: Courses fetched successfully.
[2025-03-26 14:14:22] [INFO] [REQUEST] GET /getUserdata
[2025-03-26 14:14:22] [INFO] [REQUEST] GET /instructor/courses?page=1&limit=6&search=
[2025-03-26 14:14:22] [INFO] [RESPONSE] Status: 200 Message: User details fetched successfully
[2025-03-26 14:14:23] [INFO] [RESPONSE] Status: 200 Message: Courses fetched successfully.
[2025-03-26 14:14:23] [INFO] [REQUEST] GET /courses/67e2d708cd47f8d8e5e10517
[2025-03-26 14:14:23] [INFO] [RESPONSE] Status: 200 Message: Course fetched successfully.
[2025-03-26 14:14:37] [INFO] [REQUEST] OPTIONS /instructor/courses/67e2d708cd47f8d8e5e10517
[2025-03-26 14:14:37] [INFO] [REQUEST] PUT /instructor/courses/67e2d708cd47f8d8e5e10517
[2025-03-26 14:14:38] [INFO] [RESPONSE] Status: 200 Message: Course updated successfully.
[2025-03-26 14:15:10] [INFO] [REQUEST] OPTIONS /instructor/courses/67e2d708cd47f8d8e5e10517
[2025-03-26 14:15:10] [INFO] [REQUEST] PUT /instructor/courses/67e2d708cd47f8d8e5e10517
[2025-03-26 14:15:11] [INFO] [RESPONSE] Status: 200 Message: Course updated successfully.
[2025-03-26 14:16:34] [INFO] [REQUEST] GET /courses/67e2d708cd47f8d8e5e10517
[2025-03-26 14:16:34] [INFO] [RESPONSE] Status: 200 Message: Course fetched successfully.
[2025-03-26 14:16:35] [INFO] [REQUEST] GET /instructor/courses?page=1&limit=6&search=
[2025-03-26 14:16:35] [INFO] [REQUEST] GET /getUserdata
[2025-03-26 14:16:35] [INFO] [RESPONSE] Status: 200 Message: User details fetched successfully
[2025-03-26 14:16:36] [INFO] [RESPONSE] Status: 200 Message: Courses fetched successfully.
[2025-03-26 14:16:37] [INFO] [REQUEST] GET /getUserdata
[2025-03-26 14:16:37] [INFO] [REQUEST] GET /instructor/courses?page=1&limit=6&search=
[2025-03-26 14:16:37] [INFO] [RESPONSE] Status: 200 Message: User details fetched successfully
[2025-03-26 14:16:38] [INFO] [RESPONSE] Status: 200 Message: Courses fetched successfully.
[2025-03-26 14:16:40] [INFO] [REQUEST] GET /getUserdata
[2025-03-26 14:16:40] [INFO] [REQUEST] GET /instructor/courses?page=1&limit=6&search=
[2025-03-26 14:16:40] [INFO] [RESPONSE] Status: 200 Message: User details fetched successfully
[2025-03-26 14:16:40] [INFO] [RESPONSE] Status: 200 Message: Courses fetched successfully.
[2025-03-26 14:17:38] [INFO] [REQUEST] GET /courses/67e2d708cd47f8d8e5e10517
[2025-03-26 14:17:38] [INFO] [RESPONSE] Status: 200 Message: Course fetched successfully.
[2025-03-26 14:18:16] [INFO] [REQUEST] GET /courses/67e2d708cd47f8d8e5e10517
[2025-03-26 14:18:16] [INFO] [RESPONSE] Status: 200 Message: Course fetched successfully.
[2025-03-26 14:26:00] [INFO] [REQUEST] GET /courses/67e2d708cd47f8d8e5e10517
[2025-03-26 14:26:00] [INFO] [RESPONSE] Status: 200 Message: Course fetched successfully.
[2025-03-26 14:44:00] [INFO] [REQUEST] GET /getUserdata
[2025-03-26 14:44:00] [INFO] [REQUEST] GET /instructor/courses?page=1&limit=6&search=
[2025-03-26 14:44:01] [INFO] [RESPONSE] Status: 200 Message: User details fetched successfully
[2025-03-26 14:44:01] [INFO] [RESPONSE] Status: 200 Message: Courses fetched successfully.
[2025-03-26 14:44:02] [INFO] [REQUEST] GET /courses/67e2d708cd47f8d8e5e10517
[2025-03-26 14:44:02] [INFO] [RESPONSE] Status: 200 Message: Course fetched successfully.
[2025-03-26 14:44:16] [INFO] [REQUEST] OPTIONS /instructor/courses/67e2d708cd47f8d8e5e10517
[2025-03-26 14:44:16] [INFO] [REQUEST] PUT /instructor/courses/67e2d708cd47f8d8e5e10517
[2025-03-26 14:44:16] [INFO] [RESPONSE] Status: 200 Message: Course updated successfully.
[2025-03-26 14:44:49] [INFO] [REQUEST] OPTIONS /instructor/courses/67e2d708cd47f8d8e5e10517
[2025-03-26 14:44:49] [INFO] [REQUEST] PUT /instructor/courses/67e2d708cd47f8d8e5e10517
[2025-03-26 14:44:49] [INFO] [RESPONSE] Status: 200 Message: Course updated successfully.
[2025-03-26 15:02:29] [INFO] [REQUEST] GET /courses/67e2d708cd47f8d8e5e10517
[2025-03-26 15:02:29] [INFO] [RESPONSE] Status: 200 Message: Course fetched successfully.
[2025-03-26 15:06:26] [INFO] [REQUEST] GET /courses/67e2d708cd47f8d8e5e10517
[2025-03-26 15:06:26] [INFO] [RESPONSE] Status: 200 Message: Course fetched successfully.
[2025-03-26 15:08:14] [INFO] [REQUEST] GET /courses/67e2d708cd47f8d8e5e10517
[2025-03-26 15:08:14] [INFO] [RESPONSE] Status: 200 Message: Course fetched successfully.
[2025-03-26 15:08:50] [INFO] [REQUEST] GET /courses/67e2d708cd47f8d8e5e10517
[2025-03-26 15:08:50] [INFO] [RESPONSE] Status: 200 Message: Course fetched successfully.
[2025-03-26 15:08:53] [INFO] [REQUEST] GET /courses/67e2d708cd47f8d8e5e10517
[2025-03-26 15:08:53] [INFO] [RESPONSE] Status: 200 Message: Course fetched successfully.
[2025-03-26 15:09:01] [INFO] [REQUEST] GET /courses/67e2d708cd47f8d8e5e10517
[2025-03-26 15:09:01] [INFO] [RESPONSE] Status: 200 Message: Course fetched successfully.
[2025-03-26 15:09:15] [INFO] [REQUEST] GET /courses/67e2d708cd47f8d8e5e10517
[2025-03-26 15:09:15] [INFO] [RESPONSE] Status: 200 Message: Course fetched successfully.
[2025-03-26 15:09:16] [INFO] [REQUEST] GET /courses/67e2d708cd47f8d8e5e10517
[2025-03-26 15:09:16] [INFO] [RESPONSE] Status: 200 Message: Course fetched successfully.
[2025-03-26 15:09:19] [INFO] [REQUEST] GET /courses/67e2d708cd47f8d8e5e10517
[2025-03-26 15:09:20] [INFO] [RESPONSE] Status: 200 Message: Course fetched successfully.
[2025-03-26 15:09:23] [INFO] [REQUEST] GET /courses/67e2d708cd47f8d8e5e10517
[2025-03-26 15:09:23] [INFO] [RESPONSE] Status: 200 Message: Course fetched successfully.
[2025-03-26 15:09:38] [INFO] [REQUEST] GET /courses/67e2d708cd47f8d8e5e10517
[2025-03-26 15:09:38] [INFO] [RESPONSE] Status: 200 Message: Course fetched successfully.
[2025-03-26 15:09:40] [INFO] [REQUEST] GET /courses/67e2d708cd47f8d8e5e10517
[2025-03-26 15:09:40] [INFO] [RESPONSE] Status: 200 Message: Course fetched successfully.
[2025-03-26 15:09:44] [INFO] [REQUEST] GET /courses/67e2d708cd47f8d8e5e10517
[2025-03-26 15:09:44] [INFO] [RESPONSE] Status: 200 Message: Course fetched successfully.
[2025-03-26 15:09:50] [INFO] [REQUEST] GET /courses/67e2d708cd47f8d8e5e10517
[2025-03-26 15:09:50] [INFO] [RESPONSE] Status: 200 Message: Course fetched successfully.
[2025-03-26 15:09:54] [INFO] [REQUEST] GET /courses/67e2d708cd47f8d8e5e10517
[2025-03-26 15:09:54] [INFO] [RESPONSE] Status: 200 Message: Course fetched successfully.
[2025-03-26 15:10:02] [INFO] [REQUEST] GET /getUserdata
[2025-03-26 15:10:02] [INFO] [REQUEST] GET /instructor/courses?page=1&limit=6&search=
[2025-03-26 15:10:02] [INFO] [RESPONSE] Status: 200 Message: User details fetched successfully
[2025-03-26 15:10:02] [INFO] [RESPONSE] Status: 200 Message: Courses fetched successfully.
[2025-03-26 15:10:03] [INFO] [REQUEST] GET /getUserdata
[2025-03-26 15:10:03] [INFO] [REQUEST] GET /instructor/courses?page=1&limit=6&search=
[2025-03-26 15:10:03] [INFO] [RESPONSE] Status: 200 Message: User details fetched successfully
[2025-03-26 15:10:03] [INFO] [RESPONSE] Status: 200 Message: Courses fetched successfully.
[2025-03-26 15:10:04] [INFO] [REQUEST] GET /courses/67e2d708cd47f8d8e5e10517
[2025-03-26 15:10:04] [INFO] [RESPONSE] Status: 200 Message: Course fetched successfully.
[2025-03-26 15:10:10] [INFO] [REQUEST] OPTIONS /instructor/courses/67e2d708cd47f8d8e5e10517
[2025-03-26 15:10:10] [INFO] [REQUEST] PUT /instructor/courses/67e2d708cd47f8d8e5e10517
[2025-03-26 15:10:10] [INFO] [RESPONSE] Status: 200 Message: Course updated successfully.
[2025-03-26 15:10:43] [INFO] [REQUEST] GET /courses/67e2d708cd47f8d8e5e10517
[2025-03-26 15:10:44] [INFO] [RESPONSE] Status: 200 Message: Course fetched successfully.
[2025-03-26 15:10:45] [INFO] [REQUEST] GET /getUserdata
[2025-03-26 15:10:45] [INFO] [REQUEST] GET /instructor/courses?page=1&limit=6&search=
[2025-03-26 15:10:45] [INFO] [RESPONSE] Status: 200 Message: User details fetched successfully
[2025-03-26 15:10:45] [INFO] [RESPONSE] Status: 200 Message: Courses fetched successfully.
[2025-03-26 15:10:46] [INFO] [REQUEST] GET /courses/67e2d708cd47f8d8e5e10517
[2025-03-26 15:10:46] [INFO] [RESPONSE] Status: 200 Message: Course fetched successfully.
[2025-03-26 15:11:44] [INFO] [REQUEST] OPTIONS /instructor/courses/67e2d708cd47f8d8e5e10517
[2025-03-26 15:11:44] [INFO] [REQUEST] PUT /instructor/courses/67e2d708cd47f8d8e5e10517
[2025-03-26 15:11:44] [INFO] [RESPONSE] Status: 200 Message: Course updated successfully.
[2025-03-26 15:21:49] [INFO] [REQUEST] GET /courses/67e2d708cd47f8d8e5e10517
[2025-03-26 15:21:50] [INFO] [RESPONSE] Status: 200 Message: Course fetched successfully.
[2025-03-26 15:26:19] [INFO] [REQUEST] GET /courses/67e2d708cd47f8d8e5e10517
[2025-03-26 15:26:19] [INFO] [RESPONSE] Status: 200 Message: Course fetched successfully.
[2025-03-26 15:34:00] [INFO] [REQUEST] GET /courses/67e2d708cd47f8d8e5e10517
[2025-03-26 15:34:00] [INFO] [RESPONSE] Status: 200 Message: Course fetched successfully.
[2025-03-26 15:34:32] [INFO] [REQUEST] GET /courses/67e2d708cd47f8d8e5e10517
[2025-03-26 15:34:32] [INFO] [RESPONSE] Status: 200 Message: Course fetched successfully.
[2025-03-26 15:34:40] [INFO] [REQUEST] GET /courses/67e2d708cd47f8d8e5e10517
[2025-03-26 15:34:40] [INFO] [RESPONSE] Status: 200 Message: Course fetched successfully.
[2025-03-26 15:34:42] [INFO] [REQUEST] GET /getUserdata
[2025-03-26 15:34:42] [INFO] [REQUEST] GET /instructor/courses?page=1&limit=6&search=
[2025-03-26 15:34:42] [INFO] [RESPONSE] Status: 200 Message: User details fetched successfully
[2025-03-26 15:34:42] [INFO] [RESPONSE] Status: 200 Message: Courses fetched successfully.
[2025-03-26 15:34:44] [INFO] [REQUEST] GET /courses/67e2d708cd47f8d8e5e10517
[2025-03-26 15:34:44] [INFO] [RESPONSE] Status: 200 Message: Course fetched successfully.
[2025-03-26 15:35:34] [INFO] [REQUEST] OPTIONS /instructor/courses/67e2d708cd47f8d8e5e10517
[2025-03-26 15:35:34] [INFO] [REQUEST] PUT /instructor/courses/67e2d708cd47f8d8e5e10517
[2025-03-26 15:35:34] [INFO] [RESPONSE] Status: 200 Message: Course updated successfully.
[2025-03-26 15:35:43] [INFO] [REQUEST] OPTIONS /instructor/courses/67e2d708cd47f8d8e5e10517
[2025-03-26 15:35:43] [INFO] [REQUEST] PUT /instructor/courses/67e2d708cd47f8d8e5e10517
[2025-03-26 15:35:43] [INFO] [RESPONSE] Status: 200 Message: Course updated successfully.
[2025-03-26 15:35:47] [INFO] [REQUEST] PUT /instructor/courses/67e2d708cd47f8d8e5e10517
[2025-03-26 15:35:47] [INFO] [RESPONSE] Status: 200 Message: Course updated successfully.
[2025-03-26 15:35:59] [INFO] [REQUEST] OPTIONS /instructor/courses/67e2d708cd47f8d8e5e10517
[2025-03-26 15:35:59] [INFO] [REQUEST] PUT /instructor/courses/67e2d708cd47f8d8e5e10517
[2025-03-26 15:35:59] [INFO] [RESPONSE] Status: 200 Message: Course updated successfully.
[2025-03-26 15:36:15] [INFO] [REQUEST] OPTIONS /instructor/courses/67e2d708cd47f8d8e5e10517
[2025-03-26 15:36:15] [INFO] [REQUEST] PUT /instructor/courses/67e2d708cd47f8d8e5e10517
[2025-03-26 15:36:16] [INFO] [RESPONSE] Status: 200 Message: Course updated successfully.
[2025-03-26 15:36:18] [INFO] [REQUEST] PUT /instructor/courses/67e2d708cd47f8d8e5e10517
[2025-03-26 15:36:18] [INFO] [RESPONSE] Status: 200 Message: Course updated successfully.
[2025-03-26 15:36:30] [INFO] [REQUEST] OPTIONS /instructor/courses/67e2d708cd47f8d8e5e10517
[2025-03-26 15:36:30] [INFO] [REQUEST] PUT /instructor/courses/67e2d708cd47f8d8e5e10517
[2025-03-26 15:36:30] [INFO] [RESPONSE] Status: 200 Message: Course updated successfully.
[2025-03-26 15:36:41] [INFO] [REQUEST] GET /courses/67e2d708cd47f8d8e5e10517
[2025-03-26 15:36:41] [INFO] [RESPONSE] Status: 200 Message: Course fetched successfully.
[2025-03-26 15:36:43] [INFO] [REQUEST] GET /getUserdata
[2025-03-26 15:36:43] [INFO] [REQUEST] GET /instructor/courses?page=1&limit=6&search=
[2025-03-26 15:36:43] [INFO] [RESPONSE] Status: 200 Message: User details fetched successfully
[2025-03-26 15:36:43] [INFO] [RESPONSE] Status: 200 Message: Courses fetched successfully.
[2025-03-26 15:36:44] [INFO] [REQUEST] GET /courses/67e2d708cd47f8d8e5e10517
[2025-03-26 15:36:44] [INFO] [RESPONSE] Status: 200 Message: Course fetched successfully.
[2025-03-26 15:38:05] [INFO] [REQUEST] GET /getUserdata
[2025-03-26 15:38:05] [INFO] [REQUEST] GET /instructor/courses?page=1&limit=6&search=
[2025-03-26 15:38:05] [INFO] [RESPONSE] Status: 200 Message: User details fetched successfully
[2025-03-26 15:38:05] [INFO] [RESPONSE] Status: 200 Message: Courses fetched successfully.
[2025-03-26 15:38:06] [INFO] [REQUEST] GET /courses/67e2d708cd47f8d8e5e10517
[2025-03-26 15:38:06] [INFO] [RESPONSE] Status: 200 Message: Course fetched successfully.
[2025-03-26 15:39:11] [INFO] [REQUEST] OPTIONS /instructor/courses/67e2d708cd47f8d8e5e10517
[2025-03-26 15:39:11] [INFO] [REQUEST] PUT /instructor/courses/67e2d708cd47f8d8e5e10517
[2025-03-26 15:39:11] [INFO] [RESPONSE] Status: 200 Message: Course updated successfully.
[2025-03-26 15:39:30] [INFO] [REQUEST] OPTIONS /instructor/courses/67e2d708cd47f8d8e5e10517
[2025-03-26 15:39:30] [INFO] [REQUEST] PUT /instructor/courses/67e2d708cd47f8d8e5e10517
[2025-03-26 15:39:31] [INFO] [RESPONSE] Status: 200 Message: Course updated successfully.
[2025-03-26 15:39:52] [INFO] [REQUEST] OPTIONS /instructor/courses/67e2d708cd47f8d8e5e10517
[2025-03-26 15:39:52] [INFO] [REQUEST] PUT /instructor/courses/67e2d708cd47f8d8e5e10517
[2025-03-26 15:39:52] [INFO] [RESPONSE] Status: 200 Message: Course updated successfully.
[2025-03-26 15:39:56] [INFO] [REQUEST] PUT /instructor/courses/67e2d708cd47f8d8e5e10517
[2025-03-26 15:39:56] [INFO] [RESPONSE] Status: 200 Message: Course updated successfully.
[2025-03-26 15:40:02] [INFO] [REQUEST] OPTIONS /instructor/courses/67e2d708cd47f8d8e5e10517
[2025-03-26 15:40:02] [INFO] [REQUEST] PUT /instructor/courses/67e2d708cd47f8d8e5e10517
[2025-03-26 15:40:02] [INFO] [RESPONSE] Status: 200 Message: Course updated successfully.
[2025-03-26 15:40:03] [INFO] [REQUEST] PUT /instructor/courses/67e2d708cd47f8d8e5e10517
[2025-03-26 15:40:03] [INFO] [RESPONSE] Status: 200 Message: Course updated successfully.
[2025-03-26 15:40:04] [INFO] [REQUEST] PUT /instructor/courses/67e2d708cd47f8d8e5e10517
[2025-03-26 15:40:04] [INFO] [RESPONSE] Status: 200 Message: Course updated successfully.
[2025-03-26 15:40:05] [INFO] [REQUEST] PUT /instructor/courses/67e2d708cd47f8d8e5e10517
[2025-03-26 15:40:05] [INFO] [RESPONSE] Status: 200 Message: Course updated successfully.
[2025-03-26 15:40:36] [INFO] [REQUEST] OPTIONS /instructor/courses/67e2d708cd47f8d8e5e10517
[2025-03-26 15:40:36] [INFO] [REQUEST] PUT /instructor/courses/67e2d708cd47f8d8e5e10517
[2025-03-26 15:40:36] [INFO] [RESPONSE] Status: 200 Message: Course updated successfully.
[2025-03-26 15:40:47] [INFO] [REQUEST] OPTIONS /instructor/courses/67e2d708cd47f8d8e5e10517
[2025-03-26 15:40:47] [INFO] [REQUEST] PUT /instructor/courses/67e2d708cd47f8d8e5e10517
[2025-03-26 15:40:47] [INFO] [RESPONSE] Status: 200 Message: Course updated successfully.
[2025-03-26 15:40:54] [INFO] [REQUEST] OPTIONS /instructor/courses/67e2d708cd47f8d8e5e10517
[2025-03-26 15:40:54] [INFO] [REQUEST] PUT /instructor/courses/67e2d708cd47f8d8e5e10517
[2025-03-26 15:40:54] [INFO] [RESPONSE] Status: 200 Message: Course updated successfully.
[2025-03-26 15:43:59] [INFO] [REQUEST] GET /courses/67e2d708cd47f8d8e5e10517
[2025-03-26 15:43:59] [INFO] [RESPONSE] Status: 200 Message: Course fetched successfully.
[2025-03-26 15:48:40] [INFO] [REQUEST] GET /courses/67e2d708cd47f8d8e5e10517
[2025-03-26 15:48:40] [INFO] [RESPONSE] Status: 200 Message: Course fetched successfully.
[2025-03-26 15:48:48] [INFO] [REQUEST] GET /courses/67e2d708cd47f8d8e5e10517
[2025-03-26 15:48:48] [INFO] [RESPONSE] Status: 200 Message: Course fetched successfully.
[2025-03-26 15:48:50] [INFO] [REQUEST] GET /getUserdata
[2025-03-26 15:48:50] [INFO] [REQUEST] GET /instructor/courses?page=1&limit=6&search=
[2025-03-26 15:48:50] [INFO] [RESPONSE] Status: 200 Message: User details fetched successfully
[2025-03-26 15:48:50] [INFO] [RESPONSE] Status: 200 Message: Courses fetched successfully.
[2025-03-26 15:48:51] [INFO] [REQUEST] GET /courses/67e2d708cd47f8d8e5e10517
[2025-03-26 15:48:51] [INFO] [RESPONSE] Status: 200 Message: Course fetched successfully.
[2025-03-26 15:49:37] [INFO] [REQUEST] OPTIONS /instructor/courses/67e2d708cd47f8d8e5e10517
[2025-03-26 15:49:37] [INFO] [REQUEST] PUT /instructor/courses/67e2d708cd47f8d8e5e10517
[2025-03-26 15:49:37] [INFO] [RESPONSE] Status: 200 Message: Course updated successfully.
[2025-03-26 15:49:41] [INFO] [REQUEST] PUT /instructor/courses/67e2d708cd47f8d8e5e10517
[2025-03-26 15:49:41] [INFO] [RESPONSE] Status: 200 Message: Course updated successfully.
[2025-03-26 15:56:51] [INFO] [REQUEST] GET /courses/67e2d708cd47f8d8e5e10517
[2025-03-26 15:56:51] [INFO] [RESPONSE] Status: 200 Message: Course fetched successfully.
[2025-03-26 15:56:57] [INFO] [REQUEST] GET /courses/67e2d708cd47f8d8e5e10517
[2025-03-26 15:56:57] [INFO] [RESPONSE] Status: 200 Message: Course fetched successfully.
[2025-03-26 15:57:33] [INFO] [REQUEST] GET /getUserdata
[2025-03-26 15:57:33] [INFO] [REQUEST] GET /instructor/courses?page=1&limit=6&search=
[2025-03-26 15:57:33] [INFO] [RESPONSE] Status: 200 Message: User details fetched successfully
[2025-03-26 15:57:33] [INFO] [RESPONSE] Status: 200 Message: Courses fetched successfully.
[2025-03-26 15:57:34] [INFO] [REQUEST] GET /getUserdata
[2025-03-26 15:57:35] [INFO] [REQUEST] GET /instructor/courses?page=1&limit=6&search=
[2025-03-26 15:57:35] [INFO] [RESPONSE] Status: 200 Message: User details fetched successfully
[2025-03-26 15:57:35] [INFO] [RESPONSE] Status: 200 Message: Courses fetched successfully.
[2025-03-26 15:57:36] [INFO] [REQUEST] GET /courses/67e2d708cd47f8d8e5e10517
[2025-03-26 15:57:36] [INFO] [RESPONSE] Status: 200 Message: Course fetched successfully.
[2025-03-26 15:57:55] [INFO] [REQUEST] OPTIONS /instructor/courses/67e2d708cd47f8d8e5e10517
[2025-03-26 15:57:55] [INFO] [REQUEST] PUT /instructor/courses/67e2d708cd47f8d8e5e10517
[2025-03-26 15:57:55] [INFO] [RESPONSE] Status: 200 Message: Course updated successfully.
[2025-03-26 15:58:05] [INFO] [REQUEST] OPTIONS /instructor/courses/67e2d708cd47f8d8e5e10517
[2025-03-26 15:58:05] [INFO] [REQUEST] PUT /instructor/courses/67e2d708cd47f8d8e5e10517
[2025-03-26 15:58:05] [INFO] [RESPONSE] Status: 200 Message: Course updated successfully.
[2025-03-26 16:04:54] [INFO] [REQUEST] GET /getUserdata
[2025-03-26 16:04:55] [INFO] [REQUEST] GET /instructor/courses?page=1&limit=6&search=
[2025-03-26 16:04:55] [INFO] [RESPONSE] Status: 200 Message: User details fetched successfully
[2025-03-26 16:04:55] [INFO] [RESPONSE] Status: 200 Message: Courses fetched successfully.
[2025-03-26 16:04:56] [INFO] [REQUEST] GET /courses/67e2d708cd47f8d8e5e10517
[2025-03-26 16:04:56] [INFO] [RESPONSE] Status: 200 Message: Course fetched successfully.
[2025-03-26 16:05:06] [INFO] [REQUEST] OPTIONS /instructor/courses/67e2d708cd47f8d8e5e10517
[2025-03-26 16:05:07] [INFO] [REQUEST] PUT /instructor/courses/67e2d708cd47f8d8e5e10517
[2025-03-26 16:05:07] [INFO] [RESPONSE] Status: 200 Message: Course updated successfully.
[2025-03-26 16:24:48] [INFO] [REQUEST] GET /courses/67e2d708cd47f8d8e5e10517
[2025-03-26 16:24:49] [INFO] [RESPONSE] Status: 200 Message: Course fetched successfully.
[2025-03-26 16:24:50] [INFO] [REQUEST] GET /getUserdata
[2025-03-26 16:24:50] [INFO] [REQUEST] GET /instructor/courses?page=1&limit=6&search=
[2025-03-26 16:24:50] [INFO] [RESPONSE] Status: 200 Message: User details fetched successfully
[2025-03-26 16:24:50] [INFO] [RESPONSE] Status: 200 Message: Courses fetched successfully.
[2025-03-26 16:24:51] [INFO] [REQUEST] GET /courses/67e2d708cd47f8d8e5e10517
[2025-03-26 16:24:52] [INFO] [RESPONSE] Status: 200 Message: Course fetched successfully.
[2025-03-26 16:25:48] [INFO] [REQUEST] OPTIONS /instructor/courses/67e2d708cd47f8d8e5e10517
[2025-03-26 16:25:48] [INFO] [REQUEST] PUT /instructor/courses/67e2d708cd47f8d8e5e10517
[2025-03-26 16:25:48] [INFO] [RESPONSE] Status: 200 Message: Course updated successfully.
[2025-03-26 16:26:19] [INFO] [REQUEST] OPTIONS /instructor/courses/67e2d708cd47f8d8e5e10517
[2025-03-26 16:26:19] [INFO] [REQUEST] PUT /instructor/courses/67e2d708cd47f8d8e5e10517
[2025-03-26 16:26:19] [INFO] [RESPONSE] Status: 200 Message: Course updated successfully.
[2025-03-26 16:26:28] [INFO] [REQUEST] GET /courses/67e2d708cd47f8d8e5e10517
[2025-03-26 16:26:28] [INFO] [RESPONSE] Status: 200 Message: Course fetched successfully.
[2025-03-26 16:26:30] [INFO] [REQUEST] GET /getUserdata
[2025-03-26 16:26:30] [INFO] [REQUEST] GET /instructor/courses?page=1&limit=6&search=
[2025-03-26 16:26:30] [INFO] [RESPONSE] Status: 200 Message: User details fetched successfully
[2025-03-26 16:26:30] [INFO] [RESPONSE] Status: 200 Message: Courses fetched successfully.
[2025-03-26 16:26:31] [INFO] [REQUEST] GET /courses/67e2d708cd47f8d8e5e10517
[2025-03-26 16:26:31] [INFO] [RESPONSE] Status: 200 Message: Course fetched successfully.
[2025-03-26 16:30:41] [INFO] [REQUEST] GET /courses/67e2d708cd47f8d8e5e10517
[2025-03-26 16:30:41] [INFO] [RESPONSE] Status: 200 Message: Course fetched successfully.
[2025-03-26 16:30:49] [INFO] [REQUEST] GET /courses/67e2d708cd47f8d8e5e10517
[2025-03-26 16:30:49] [INFO] [RESPONSE] Status: 200 Message: Course fetched successfully.
[2025-03-26 16:30:56] [INFO] [REQUEST] GET /courses/67e2d708cd47f8d8e5e10517
[2025-03-26 16:30:56] [INFO] [RESPONSE] Status: 200 Message: Course fetched successfully.
[2025-03-26 16:30:58] [INFO] [REQUEST] GET /getUserdata
[2025-03-26 16:30:58] [INFO] [REQUEST] GET /instructor/courses?page=1&limit=6&search=
[2025-03-26 16:30:58] [INFO] [RESPONSE] Status: 200 Message: User details fetched successfully
[2025-03-26 16:30:58] [INFO] [RESPONSE] Status: 200 Message: Courses fetched successfully.
[2025-03-26 16:30:59] [INFO] [REQUEST] GET /courses/67e2d708cd47f8d8e5e10517
[2025-03-26 16:30:59] [INFO] [RESPONSE] Status: 200 Message: Course fetched successfully.
[2025-03-26 16:31:34] [INFO] [REQUEST] GET /getUserdata
[2025-03-26 16:31:34] [INFO] [REQUEST] GET /instructor/courses?page=1&limit=6&search=
[2025-03-26 16:31:34] [INFO] [RESPONSE] Status: 200 Message: User details fetched successfully
[2025-03-26 16:31:34] [INFO] [RESPONSE] Status: 200 Message: Courses fetched successfully.
[2025-03-26 16:31:35] [INFO] [REQUEST] GET /courses/67e2d708cd47f8d8e5e10517
[2025-03-26 16:31:35] [INFO] [RESPONSE] Status: 200 Message: Course fetched successfully.
[2025-03-26 16:31:45] [INFO] [REQUEST] OPTIONS /instructor/courses/67e2d708cd47f8d8e5e10517
[2025-03-26 16:31:45] [INFO] [REQUEST] PUT /instructor/courses/67e2d708cd47f8d8e5e10517
[2025-03-26 16:31:45] [INFO] [RESPONSE] Status: 200 Message: Course updated successfully.
[2025-03-26 16:32:01] [INFO] [REQUEST] OPTIONS /instructor/courses/67e2d708cd47f8d8e5e10517
[2025-03-26 16:32:01] [INFO] [REQUEST] PUT /instructor/courses/67e2d708cd47f8d8e5e10517
[2025-03-26 16:32:02] [INFO] [RESPONSE] Status: 200 Message: Course updated successfully.
[2025-03-26 16:43:48] [INFO] [REQUEST] GET /courses/67e2d708cd47f8d8e5e10517
[2025-03-26 16:43:49] [INFO] [RESPONSE] Status: 200 Message: Course fetched successfully.
[2025-03-26 16:43:52] [INFO] [REQUEST] GET /getUserdata
[2025-03-26 16:43:52] [INFO] [REQUEST] GET /instructor/courses?page=1&limit=6&search=
[2025-03-26 16:43:52] [INFO] [RESPONSE] Status: 200 Message: User details fetched successfully
[2025-03-26 16:43:52] [INFO] [RESPONSE] Status: 200 Message: Courses fetched successfully.
[2025-03-26 16:43:55] [INFO] [REQUEST] GET /getUserdata
[2025-03-26 16:43:55] [INFO] [REQUEST] GET /instructor/courses?page=1&limit=6&search=
[2025-03-26 16:43:55] [INFO] [RESPONSE] Status: 200 Message: User details fetched successfully
[2025-03-26 16:43:55] [INFO] [RESPONSE] Status: 200 Message: Courses fetched successfully.
[2025-03-26 16:43:56] [INFO] [REQUEST] GET /courses/67e2d708cd47f8d8e5e10517
[2025-03-26 16:43:56] [INFO] [RESPONSE] Status: 200 Message: Course fetched successfully.
[2025-03-26 16:44:11] [INFO] [REQUEST] OPTIONS /instructor/courses/67e2d708cd47f8d8e5e10517
[2025-03-26 16:44:11] [INFO] [REQUEST] PUT /instructor/courses/67e2d708cd47f8d8e5e10517
[2025-03-26 16:44:11] [INFO] [RESPONSE] Status: 200 Message: Course updated successfully.
[2025-03-26 16:44:40] [INFO] [REQUEST] OPTIONS /instructor/courses/67e2d708cd47f8d8e5e10517
[2025-03-26 16:44:40] [INFO] [REQUEST] PUT /instructor/courses/67e2d708cd47f8d8e5e10517
[2025-03-26 16:44:40] [INFO] [RESPONSE] Status: 200 Message: Course updated successfully.
[2025-03-26 16:45:43] [INFO] [REQUEST] OPTIONS /instructor/courses/67e2d708cd47f8d8e5e10517
[2025-03-26 16:45:43] [INFO] [REQUEST] PUT /instructor/courses/67e2d708cd47f8d8e5e10517
[2025-03-26 16:45:43] [INFO] [RESPONSE] Status: 200 Message: Course updated successfully.
[2025-03-26 16:46:39] [INFO] [REQUEST] OPTIONS /instructor/courses/67e2d708cd47f8d8e5e10517
[2025-03-26 16:46:39] [INFO] [REQUEST] PUT /instructor/courses/67e2d708cd47f8d8e5e10517
[2025-03-26 16:46:39] [INFO] [RESPONSE] Status: 200 Message: Course updated successfully.
[2025-03-26 16:51:17] [INFO] [REQUEST] OPTIONS /instructor/courses/67e2d708cd47f8d8e5e10517
[2025-03-26 16:51:17] [INFO] [REQUEST] PUT /instructor/courses/67e2d708cd47f8d8e5e10517
[2025-03-26 16:51:18] [INFO] [RESPONSE] Status: 200 Message: Course updated successfully.
[2025-03-26 16:52:12] [INFO] [REQUEST] OPTIONS /instructor/courses/67e2d708cd47f8d8e5e10517
[2025-03-26 16:52:12] [INFO] [REQUEST] PUT /instructor/courses/67e2d708cd47f8d8e5e10517
[2025-03-26 16:52:12] [INFO] [RESPONSE] Status: 200 Message: Course updated successfully.
[2025-03-26 16:52:35] [INFO] [REQUEST] OPTIONS /instructor/courses/67e2d708cd47f8d8e5e10517
[2025-03-26 16:52:35] [INFO] [REQUEST] PUT /instructor/courses/67e2d708cd47f8d8e5e10517
[2025-03-26 16:52:36] [INFO] [RESPONSE] Status: 200 Message: Course updated successfully.
[2025-03-26 16:55:07] [INFO] [REQUEST] OPTIONS /instructor/courses/67e2d708cd47f8d8e5e10517
[2025-03-26 16:55:07] [INFO] [REQUEST] PUT /instructor/courses/67e2d708cd47f8d8e5e10517
[2025-03-26 16:55:07] [INFO] [RESPONSE] Status: 200 Message: Course updated successfully.
[2025-03-26 16:56:15] [INFO] [REQUEST] GET /getUserdata
[2025-03-26 16:56:15] [INFO] [RESPONSE] Status: 200 Message: User details fetched successfully
[2025-03-26 16:56:17] [INFO] [REQUEST] GET /getUserdata
[2025-03-26 16:56:17] [INFO] [REQUEST] GET /instructor/courses?page=1&limit=6&search=
[2025-03-26 16:56:17] [INFO] [RESPONSE] Status: 200 Message: User details fetched successfully
[2025-03-26 16:56:17] [INFO] [RESPONSE] Status: 200 Message: Courses fetched successfully.
[2025-03-26 16:56:23] [INFO] [REQUEST] GET /active-courses?page=1&limit=10
[2025-03-26 16:56:23] [INFO] [RESPONSE] Status: 200 Message: Active courses fetched successfully.
[2025-03-26 16:56:26] [INFO] [REQUEST] GET /courses/67e2d708cd47f8d8e5e10517
[2025-03-26 16:56:26] [INFO] [RESPONSE] Status: 200 Message: Course fetched successfully.
[2025-03-26 16:56:31] [INFO] [REQUEST] GET /active-courses?page=1&limit=10
[2025-03-26 16:56:31] [INFO] [RESPONSE] Status: 200 Message: Active courses fetched successfully.
[2025-03-26 16:56:35] [INFO] [REQUEST] GET /courses/67e2d708cd47f8d8e5e10517
[2025-03-26 16:56:35] [INFO] [RESPONSE] Status: 200 Message: Course fetched successfully.
[2025-03-26 16:56:57] [INFO] [REQUEST] GET /active-courses?page=1&limit=10
[2025-03-26 16:56:57] [INFO] [RESPONSE] Status: 200 Message: Active courses fetched successfully.
[2025-03-26 16:57:05] [INFO] [REQUEST] GET /courses/67e2d708cd47f8d8e5e10517
[2025-03-26 16:57:06] [INFO] [RESPONSE] Status: 200 Message: Course fetched successfully.
[2025-03-26 16:57:49] [INFO] [REQUEST] GET /active-courses?page=1&limit=10
[2025-03-26 16:57:49] [INFO] [RESPONSE] Status: 200 Message: Active courses fetched successfully.
[2025-03-26 16:57:49] [INFO] [REQUEST] GET /courses/67e29311bbd36b7517b60d7e
[2025-03-26 16:57:50] [INFO] [RESPONSE] Status: 200 Message: Course fetched successfully.
[2025-03-26 16:58:15] [INFO] [REQUEST] GET /getUserdata
[2025-03-26 16:58:15] [INFO] [RESPONSE] Status: 200 Message: User details fetched successfully
[2025-03-26 16:58:28] [INFO] [REQUEST] GET /getUserdata
[2025-03-26 16:58:28] [INFO] [REQUEST] GET /instructor/courses?page=1&limit=6&search=
[2025-03-26 16:58:28] [INFO] [RESPONSE] Status: 200 Message: User details fetched successfully
[2025-03-26 16:58:28] [INFO] [RESPONSE] Status: 200 Message: Courses fetched successfully.
[2025-03-26 16:58:30] [INFO] [REQUEST] GET /courses/67e2d708cd47f8d8e5e10517
[2025-03-26 16:58:31] [INFO] [RESPONSE] Status: 200 Message: Course fetched successfully.
[2025-03-26 17:03:34] [INFO] [REQUEST] GET /courses/67e2d708cd47f8d8e5e10517
[2025-03-26 17:03:34] [INFO] [RESPONSE] Status: 200 Message: Course fetched successfully.
[2025-03-26 17:03:40] [INFO] [REQUEST] GET /courses/67e2d708cd47f8d8e5e10517
[2025-03-26 17:03:40] [INFO] [RESPONSE] Status: 200 Message: Course fetched successfully.
[2025-03-26 17:03:44] [INFO] [REQUEST] GET /courses/67e2d708cd47f8d8e5e10517
[2025-03-26 17:03:44] [INFO] [RESPONSE] Status: 200 Message: Course fetched successfully.
[2025-03-26 17:03:54] [INFO] [REQUEST] GET /courses/67e2d708cd47f8d8e5e10517
[2025-03-26 17:03:54] [INFO] [RESPONSE] Status: 200 Message: Course fetched successfully.
[2025-03-26 17:03:58] [INFO] [REQUEST] GET /courses/67e2d708cd47f8d8e5e10517
[2025-03-26 17:03:58] [INFO] [RESPONSE] Status: 200 Message: Course fetched successfully.
[2025-03-26 17:04:26] [INFO] [REQUEST] GET /active-courses?page=1&limit=10
[2025-03-26 17:04:26] [INFO] [RESPONSE] Status: 200 Message: Active courses fetched successfully.
[2025-03-26 17:07:43] [INFO] [REQUEST] GET /active-courses?page=1&limit=10
[2025-03-26 17:07:43] [INFO] [RESPONSE] Status: 200 Message: Active courses fetched successfully.
[2025-03-26 17:09:01] [INFO] [REQUEST] GET /getUserdata
[2025-03-26 17:09:01] [INFO] [RESPONSE] Status: 200 Message: User details fetched successfully
[2025-03-26 17:09:03] [INFO] [REQUEST] GET /getUserdata
[2025-03-26 17:09:03] [INFO] [REQUEST] GET /instructor/courses?page=1&limit=6&search=
[2025-03-26 17:09:03] [INFO] [RESPONSE] Status: 200 Message: User details fetched successfully
[2025-03-26 17:09:03] [INFO] [RESPONSE] Status: 200 Message: Courses fetched successfully.
[2025-03-26 17:09:04] [INFO] [REQUEST] GET /courses/67e2d708cd47f8d8e5e10517
[2025-03-26 17:09:04] [INFO] [RESPONSE] Status: 200 Message: Course fetched successfully.
[2025-03-26 17:09:29] [INFO] [REQUEST] GET /getUserdata
[2025-03-26 17:09:29] [INFO] [REQUEST] GET /instructor/courses?page=1&limit=6&search=
[2025-03-26 17:09:29] [INFO] [RESPONSE] Status: 200 Message: User details fetched successfully
[2025-03-26 17:09:29] [INFO] [RESPONSE] Status: 200 Message: Courses fetched successfully.
[2025-03-26 17:09:32] [INFO] [REQUEST] GET /admin/fetch-all-categories?page=1&limit=100
[2025-03-26 17:09:32] [INFO] [REQUEST] GET /getUserdata
[2025-03-26 17:09:32] [INFO] [RESPONSE] Status: 200 Message: User details fetched successfully
[2025-03-26 17:09:32] [INFO] [RESPONSE] Status: 200 Message: Categories fetched successfully
[2025-03-26 17:09:38] [INFO] [REQUEST] GET /getUserdata
[2025-03-26 17:09:38] [INFO] [REQUEST] GET /instructor/courses?page=1&limit=6&search=
[2025-03-26 17:09:38] [INFO] [RESPONSE] Status: 200 Message: User details fetched successfully
[2025-03-26 17:09:38] [INFO] [RESPONSE] Status: 200 Message: Courses fetched successfully.
[2025-03-26 17:09:40] [INFO] [REQUEST] GET /courses/67e2d708cd47f8d8e5e10517
[2025-03-26 17:09:40] [INFO] [RESPONSE] Status: 200 Message: Course fetched successfully.
[2025-03-26 17:10:19] [INFO] [REQUEST] GET /courses/67e2d708cd47f8d8e5e10517
[2025-03-26 17:10:19] [INFO] [RESPONSE] Status: 200 Message: Course fetched successfully.
[2025-03-26 17:11:20] [INFO] [REQUEST] GET /courses/67e2d708cd47f8d8e5e10517
[2025-03-26 17:11:20] [INFO] [RESPONSE] Status: 200 Message: Course fetched successfully.
[2025-03-26 17:13:51] [INFO] [REQUEST] OPTIONS /instructor/courses/67e2d708cd47f8d8e5e10517
[2025-03-26 17:13:52] [INFO] [REQUEST] PUT /instructor/courses/67e2d708cd47f8d8e5e10517
[2025-03-26 17:13:52] [INFO] [RESPONSE] Status: 200 Message: Course updated successfully.
[2025-03-26 17:14:44] [INFO] [REQUEST] OPTIONS /instructor/courses/67e2d708cd47f8d8e5e10517
[2025-03-26 17:14:44] [INFO] [REQUEST] PUT /instructor/courses/67e2d708cd47f8d8e5e10517
[2025-03-26 17:14:44] [INFO] [RESPONSE] Status: 200 Message: Course updated successfully.
[2025-03-26 17:15:42] [INFO] [REQUEST] OPTIONS /instructor/courses/67e2d708cd47f8d8e5e10517
[2025-03-26 17:15:42] [INFO] [REQUEST] PUT /instructor/courses/67e2d708cd47f8d8e5e10517
[2025-03-26 17:15:42] [INFO] [RESPONSE] Status: 200 Message: Course updated successfully.
[2025-03-26 17:16:14] [INFO] [REQUEST] OPTIONS /instructor/courses/67e2d708cd47f8d8e5e10517
[2025-03-26 17:16:14] [INFO] [REQUEST] PUT /instructor/courses/67e2d708cd47f8d8e5e10517
[2025-03-26 17:16:14] [INFO] [RESPONSE] Status: 200 Message: Course updated successfully.
[2025-03-26 17:16:32] [INFO] [REQUEST] OPTIONS /instructor/courses/67e2d708cd47f8d8e5e10517
[2025-03-26 17:16:32] [INFO] [REQUEST] PUT /instructor/courses/67e2d708cd47f8d8e5e10517
[2025-03-26 17:16:32] [INFO] [RESPONSE] Status: 200 Message: Course updated successfully.
[2025-03-26 17:16:41] [INFO] [REQUEST] OPTIONS /instructor/courses/67e2d708cd47f8d8e5e10517
[2025-03-26 17:16:41] [INFO] [REQUEST] PUT /instructor/courses/67e2d708cd47f8d8e5e10517
[2025-03-26 17:16:41] [INFO] [RESPONSE] Status: 200 Message: Course updated successfully.
[2025-03-26 17:20:36] [INFO] [REQUEST] GET /courses/67e2d708cd47f8d8e5e10517
[2025-03-26 17:20:37] [INFO] [RESPONSE] Status: 200 Message: Course fetched successfully.
[2025-03-26 17:20:39] [INFO] [REQUEST] GET /courses/67e2d708cd47f8d8e5e10517
[2025-03-26 17:20:39] [INFO] [RESPONSE] Status: 200 Message: Course fetched successfully.
[2025-03-26 17:22:15] [INFO] [REQUEST] GET /courses/67e2d708cd47f8d8e5e10517
[2025-03-26 17:22:15] [INFO] [RESPONSE] Status: 200 Message: Course fetched successfully.
[2025-03-26 17:22:17] [INFO] [REQUEST] GET /courses/67e2d708cd47f8d8e5e10517
[2025-03-26 17:22:17] [INFO] [RESPONSE] Status: 200 Message: Course fetched successfully.
