[2025-04-08 08:08:53] [INFO] [REQUEST] GET /instructor/courses?page=1&limit=6&search=
[2025-04-08 08:08:54] [INFO] [REQUEST] GET /getUserdata
[2025-04-08 08:08:54] [INFO] [RESPONSE] Status: 200 Message: User details fetched successfully
[2025-04-08 08:08:56] [INFO] [RESPONSE] Status: 200 Message: Courses fetched successfully.
[2025-04-08 08:09:07] [INFO] [REQUEST] OPTIONS /logout
[2025-04-08 08:09:07] [INFO] [REQUEST] POST /logout
[2025-04-08 08:09:07] [INFO] [RESPONSE] Status: 200 Message: User logged out successfully
[2025-04-08 08:09:13] [INFO] [REQUEST] OPTIONS /google-auth
[2025-04-08 08:09:13] [INFO] [REQUEST] POST /google-auth
[2025-04-08 08:09:14] [INFO] [RESPONSE] Status: 200 Message: Google authentication successful
[2025-04-08 08:09:19] [INFO] [REQUEST] GET /active-courses?page=1&limit=10&sortField=updatedAt&sortOrder=desc
[2025-04-08 08:09:20] [INFO] [RESPONSE] Status: 200 Message: Active courses fetched successfully.
[2025-04-08 08:09:27] [INFO] [REQUEST] GET /student/check-enrollment/67f4018217d4177297879c08
[2025-04-08 08:09:27] [INFO] [REQUEST] GET /courses/67f4018217d4177297879c08
[2025-04-08 08:09:27] [INFO] [RESPONSE] Status: 200 Message: Course fetched successfully.
[2025-04-08 08:09:27] [INFO] [RESPONSE] Status: 200 Message: User is not enrolled in this course
[2025-04-08 08:09:47] [INFO] [REQUEST] GET /getUserdata
[2025-04-08 08:09:47] [INFO] [RESPONSE] Status: 200 Message: User details fetched successfully
[2025-04-08 08:09:55] [INFO] [REQUEST] GET /getUserdata
[2025-04-08 08:09:55] [INFO] [REQUEST] GET /instructor/courses?page=1&limit=6&search=
[2025-04-08 08:09:55] [INFO] [RESPONSE] Status: 200 Message: User details fetched successfully
[2025-04-08 08:09:56] [INFO] [RESPONSE] Status: 200 Message: Courses fetched successfully.
[2025-04-08 08:10:01] [INFO] [REQUEST] GET /courses/67f4018217d4177297879c08
[2025-04-08 08:10:01] [INFO] [RESPONSE] Status: 200 Message: Course fetched successfully.
[2025-04-08 08:10:04] [INFO] [REQUEST] GET /getUserdata
[2025-04-08 08:10:04] [INFO] [REQUEST] GET /instructor/courses?page=1&limit=6&search=
[2025-04-08 08:10:04] [INFO] [RESPONSE] Status: 200 Message: User details fetched successfully
[2025-04-08 08:10:04] [INFO] [RESPONSE] Status: 200 Message: Courses fetched successfully.
[2025-04-08 08:15:25] [INFO] [REQUEST] GET /courses/67f4018217d4177297879c08
[2025-04-08 08:15:25] [INFO] [RESPONSE] Status: 200 Message: Course fetched successfully.
[2025-04-08 08:16:35] [INFO] [REQUEST] OPTIONS /instructor/courses/67f4018217d4177297879c08
[2025-04-08 08:16:35] [INFO] [REQUEST] PUT /instructor/courses/67f4018217d4177297879c08
[2025-04-08 08:16:36] [INFO] [RESPONSE] Status: 200 Message: Course updated successfully.
[2025-04-08 08:16:37] [INFO] [REQUEST] PUT /instructor/courses/67f4018217d4177297879c08
[2025-04-08 08:16:37] [INFO] [RESPONSE] Status: 200 Message: Course updated successfully.
[2025-04-08 08:17:44] [INFO] [REQUEST] OPTIONS /instructor/courses/67f4018217d4177297879c08
[2025-04-08 08:17:44] [INFO] [REQUEST] PUT /instructor/courses/67f4018217d4177297879c08
[2025-04-08 08:17:45] [INFO] [RESPONSE] Status: 200 Message: Course updated successfully.
[2025-04-08 08:18:08] [INFO] [REQUEST] OPTIONS /instructor/courses/67f4018217d4177297879c08
[2025-04-08 08:18:08] [INFO] [REQUEST] PUT /instructor/courses/67f4018217d4177297879c08
[2025-04-08 08:18:09] [INFO] [RESPONSE] Status: 200 Message: Course updated successfully.
[2025-04-08 08:26:12] [INFO] [REQUEST] GET /courses/67f4018217d4177297879c08
[2025-04-08 08:26:13] [INFO] [RESPONSE] Status: 200 Message: Course fetched successfully.
[2025-04-08 08:26:28] [INFO] [REQUEST] OPTIONS /instructor/courses/67f4018217d4177297879c08
[2025-04-08 08:26:28] [INFO] [REQUEST] PUT /instructor/courses/67f4018217d4177297879c08
[2025-04-08 08:26:28] [INFO] [RESPONSE] Status: 200 Message: Course updated successfully.
[2025-04-08 08:26:28] [INFO] [REQUEST] PUT /instructor/courses/67f4018217d4177297879c08
[2025-04-08 08:26:28] [INFO] [RESPONSE] Status: 400 Message: An error occurred while updating the course.
[2025-04-08 08:30:21] [INFO] [REQUEST] GET /getUserdata
[2025-04-08 08:30:21] [INFO] [REQUEST] GET /instructor/courses?page=1&limit=6&search=
[2025-04-08 08:30:21] [INFO] [RESPONSE] Status: 200 Message: User details fetched successfully
[2025-04-08 08:30:22] [INFO] [RESPONSE] Status: 200 Message: Courses fetched successfully.
[2025-04-08 08:30:24] [INFO] [REQUEST] GET /getUserdata
[2025-04-08 08:30:24] [INFO] [REQUEST] GET /instructor/courses?page=1&limit=6&search=
[2025-04-08 08:30:24] [INFO] [RESPONSE] Status: 200 Message: User details fetched successfully
[2025-04-08 08:30:24] [INFO] [RESPONSE] Status: 200 Message: Courses fetched successfully.
[2025-04-08 08:30:53] [INFO] [REQUEST] OPTIONS /instructor/courses/67f4018217d4177297879c08
[2025-04-08 08:30:53] [INFO] [REQUEST] PUT /instructor/courses/67f4018217d4177297879c08
[2025-04-08 08:30:54] [INFO] [RESPONSE] Status: 400 Message: An error occurred while updating the course.
[2025-04-08 08:33:03] [INFO] [REQUEST] GET /courses/67f4018217d4177297879c08
[2025-04-08 08:33:03] [INFO] [RESPONSE] Status: 200 Message: Course fetched successfully.
[2025-04-08 08:33:07] [INFO] [REQUEST] GET /courses/67f4018217d4177297879c08
[2025-04-08 08:33:07] [INFO] [RESPONSE] Status: 200 Message: Course fetched successfully.
[2025-04-08 08:34:17] [INFO] [REQUEST] GET /instructor/courses?page=1&limit=6&search=
[2025-04-08 08:34:17] [INFO] [REQUEST] GET /getUserdata
[2025-04-08 08:34:17] [INFO] [RESPONSE] Status: 200 Message: User details fetched successfully
[2025-04-08 08:34:17] [INFO] [RESPONSE] Status: 200 Message: Courses fetched successfully.
[2025-04-08 08:34:23] [INFO] [REQUEST] GET /courses/67f4018217d4177297879c08
[2025-04-08 08:34:23] [INFO] [RESPONSE] Status: 200 Message: Course fetched successfully.
[2025-04-08 10:56:00] [INFO] [REQUEST] GET /courses/67f4018217d4177297879c08
[2025-04-08 10:56:00] [INFO] [RESPONSE] Status: 200 Message: Course fetched successfully.
[2025-04-08 10:56:12] [INFO] [REQUEST] OPTIONS /instructor/courses/67f4018217d4177297879c08
[2025-04-08 10:56:12] [INFO] [REQUEST] PUT /instructor/courses/67f4018217d4177297879c08
[2025-04-08 10:56:12] [INFO] [RESPONSE] Status: 200 Message: Course updated successfully.
[2025-04-08 10:56:12] [INFO] [REQUEST] PUT /instructor/courses/67f4018217d4177297879c08
[2025-04-08 10:56:13] [INFO] [RESPONSE] Status: 200 Message: Course updated successfully.
[2025-04-08 10:56:29] [INFO] [REQUEST] OPTIONS /instructor/courses/67f4018217d4177297879c08
[2025-04-08 10:56:29] [INFO] [REQUEST] PUT /instructor/courses/67f4018217d4177297879c08
[2025-04-08 10:56:30] [INFO] [RESPONSE] Status: 200 Message: Course updated successfully.
[2025-04-08 10:56:30] [INFO] [REQUEST] PUT /instructor/courses/67f4018217d4177297879c08
[2025-04-08 10:56:30] [INFO] [RESPONSE] Status: 200 Message: Course updated successfully.
[2025-04-08 10:56:33] [INFO] [REQUEST] GET /getUserdata
[2025-04-08 10:56:33] [INFO] [REQUEST] GET /instructor/courses?page=1&limit=6&search=
[2025-04-08 10:56:33] [INFO] [RESPONSE] Status: 200 Message: User details fetched successfully
[2025-04-08 10:56:33] [INFO] [RESPONSE] Status: 200 Message: Courses fetched successfully.
[2025-04-08 10:56:37] [INFO] [REQUEST] GET /getUserdata
[2025-04-08 10:56:37] [INFO] [REQUEST] GET /instructor/courses?page=1&limit=6&search=
[2025-04-08 10:56:37] [INFO] [RESPONSE] Status: 200 Message: User details fetched successfully
[2025-04-08 10:56:37] [INFO] [RESPONSE] Status: 200 Message: Courses fetched successfully.
[2025-04-08 10:56:49] [INFO] [REQUEST] OPTIONS /instructor/courses/67f4018217d4177297879c08
[2025-04-08 10:56:49] [INFO] [REQUEST] PUT /instructor/courses/67f4018217d4177297879c08
[2025-04-08 10:56:49] [INFO] [RESPONSE] Status: 200 Message: Course updated successfully.
[2025-04-08 10:57:05] [INFO] [REQUEST] OPTIONS /instructor/courses/67f4018217d4177297879c08
[2025-04-08 10:57:05] [INFO] [REQUEST] PUT /instructor/courses/67f4018217d4177297879c08
[2025-04-08 10:57:08] [INFO] [RESPONSE] Status: 200 Message: Course updated successfully.
[2025-04-08 10:57:49] [INFO] [REQUEST] OPTIONS /instructor/courses/67f4018217d4177297879c08
[2025-04-08 10:57:49] [INFO] [REQUEST] PUT /instructor/courses/67f4018217d4177297879c08
[2025-04-08 10:57:51] [INFO] [RESPONSE] Status: 200 Message: Course updated successfully.
[2025-04-08 10:58:31] [INFO] [REQUEST] OPTIONS /instructor/courses/67f4018217d4177297879c08
[2025-04-08 10:58:31] [INFO] [REQUEST] PUT /instructor/courses/67f4018217d4177297879c08
[2025-04-08 10:58:32] [INFO] [RESPONSE] Status: 200 Message: Course updated successfully.
[2025-04-08 10:58:32] [INFO] [REQUEST] PUT /instructor/courses/67f4018217d4177297879c08
[2025-04-08 10:58:32] [INFO] [RESPONSE] Status: 200 Message: Course updated successfully.
[2025-04-08 10:58:47] [INFO] [REQUEST] GET /active-courses?page=1&limit=10&sortField=updatedAt&sortOrder=desc
[2025-04-08 10:58:47] [INFO] [RESPONSE] Status: 200 Message: Active courses fetched successfully.
[2025-04-08 10:58:51] [INFO] [REQUEST] GET /courses/67f4018217d4177297879c08
[2025-04-08 10:58:51] [INFO] [REQUEST] GET /student/check-enrollment/67f4018217d4177297879c08
[2025-04-08 10:58:51] [INFO] [RESPONSE] Status: 200 Message: Course fetched successfully.
[2025-04-08 10:58:51] [INFO] [RESPONSE] Status: 200 Message: User is not enrolled in this course
[2025-04-08 10:59:01] [INFO] [REQUEST] OPTIONS /logout
[2025-04-08 10:59:01] [INFO] [REQUEST] POST /logout
[2025-04-08 10:59:01] [INFO] [RESPONSE] Status: 200 Message: User logged out successfully
[2025-04-08 10:59:01] [INFO] [REQUEST] GET /courses/67f4018217d4177297879c08
[2025-04-08 10:59:01] [INFO] [RESPONSE] Status: 200 Message: Course fetched successfully.
[2025-04-08 10:59:14] [INFO] [REQUEST] OPTIONS /login
[2025-04-08 10:59:14] [INFO] [REQUEST] POST /login
[2025-04-08 10:59:14] [INFO] [RESPONSE] Status: 200 Message: Login successful.
[2025-04-08 10:59:17] [INFO] [REQUEST] GET /active-courses?page=1&limit=10&sortField=updatedAt&sortOrder=desc
[2025-04-08 10:59:17] [INFO] [RESPONSE] Status: 200 Message: Active courses fetched successfully.
[2025-04-08 10:59:18] [INFO] [REQUEST] GET /courses/67f4018217d4177297879c08
[2025-04-08 10:59:18] [INFO] [REQUEST] GET /student/check-enrollment/67f4018217d4177297879c08
[2025-04-08 10:59:18] [INFO] [RESPONSE] Status: 200 Message: Course fetched successfully.
[2025-04-08 10:59:18] [INFO] [RESPONSE] Status: 200 Message: User is not enrolled in this course
[2025-04-08 10:59:21] [INFO] [REQUEST] OPTIONS /student/enroll-course
[2025-04-08 10:59:21] [INFO] [REQUEST] POST /student/enroll-course
[2025-04-08 10:59:21] [INFO] [RESPONSE] Status: 200 Message: Successfully enrolled in the free course
[2025-04-08 10:59:28] [INFO] [REQUEST] GET /active-courses?page=1&limit=10&sortField=updatedAt&sortOrder=desc
[2025-04-08 10:59:28] [INFO] [RESPONSE] Status: 200 Message: Active courses fetched successfully.
[2025-04-08 10:59:34] [INFO] [REQUEST] GET /student/enrollments
[2025-04-08 10:59:34] [INFO] [RESPONSE] Status: 200 Message: Enrollments fetched successfully
[2025-04-08 10:59:36] [INFO] [REQUEST] GET /courses/67f4018217d4177297879c08
[2025-04-08 10:59:36] [INFO] [RESPONSE] Status: 200 Message: Course fetched successfully.
[2025-04-08 11:20:32] [INFO] [REQUEST] OPTIONS /logout
[2025-04-08 11:20:32] [INFO] [REQUEST] POST /logout
[2025-04-08 11:20:32] [INFO] [RESPONSE] Status: 200 Message: User logged out successfully
[2025-04-08 11:20:37] [INFO] [REQUEST] OPTIONS /google-auth
[2025-04-08 11:20:37] [INFO] [REQUEST] POST /google-auth
[2025-04-08 11:20:37] [INFO] [RESPONSE] Status: 200 Message: Google authentication successful
[2025-04-08 11:21:17] [INFO] [REQUEST] GET /getUserdata
[2025-04-08 11:21:17] [INFO] [RESPONSE] Status: 200 Message: User details fetched successfully
[2025-04-08 11:21:18] [INFO] [REQUEST] GET /getUserdata
[2025-04-08 11:21:18] [INFO] [REQUEST] GET /instructor/courses?page=1&limit=6&search=
[2025-04-08 11:21:18] [INFO] [RESPONSE] Status: 200 Message: User details fetched successfully
[2025-04-08 11:21:19] [INFO] [RESPONSE] Status: 200 Message: Courses fetched successfully.
[2025-04-08 11:21:35] [INFO] [REQUEST] OPTIONS /instructor/courses/67f4018217d4177297879c08
[2025-04-08 11:21:35] [INFO] [REQUEST] PUT /instructor/courses/67f4018217d4177297879c08
[2025-04-08 11:21:37] [INFO] [RESPONSE] Status: 200 Message: Course updated successfully.
[2025-04-08 11:21:37] [INFO] [REQUEST] PUT /instructor/courses/67f4018217d4177297879c08
[2025-04-08 11:21:37] [INFO] [RESPONSE] Status: 200 Message: Course updated successfully.
[2025-04-08 11:22:17] [INFO] [REQUEST] OPTIONS /instructor/courses/67f4018217d4177297879c08
[2025-04-08 11:22:17] [INFO] [REQUEST] PUT /instructor/courses/67f4018217d4177297879c08
[2025-04-08 11:22:19] [INFO] [RESPONSE] Status: 200 Message: Course updated successfully.
[2025-04-08 11:22:39] [INFO] [REQUEST] OPTIONS /instructor/courses/67f4018217d4177297879c08
[2025-04-08 11:22:39] [INFO] [REQUEST] PUT /instructor/courses/67f4018217d4177297879c08
[2025-04-08 11:22:41] [INFO] [RESPONSE] Status: 200 Message: Course updated successfully.
[2025-04-08 11:24:02] [INFO] [REQUEST] GET /courses/67f4018217d4177297879c08
[2025-04-08 11:24:02] [INFO] [RESPONSE] Status: 200 Message: Course fetched successfully.
[2025-04-08 11:24:17] [INFO] [REQUEST] OPTIONS /instructor/courses/67f4018217d4177297879c08
[2025-04-08 11:24:17] [INFO] [REQUEST] PUT /instructor/courses/67f4018217d4177297879c08
[2025-04-08 11:24:18] [INFO] [RESPONSE] Status: 200 Message: Course updated successfully.
[2025-04-08 11:24:18] [INFO] [REQUEST] PUT /instructor/courses/67f4018217d4177297879c08
[2025-04-08 11:24:18] [INFO] [RESPONSE] Status: 200 Message: Course updated successfully.
[2025-04-08 11:24:21] [INFO] [REQUEST] GET /getUserdata
[2025-04-08 11:24:21] [INFO] [REQUEST] GET /instructor/courses?page=1&limit=6&search=
[2025-04-08 11:24:21] [INFO] [RESPONSE] Status: 200 Message: User details fetched successfully
[2025-04-08 11:24:21] [INFO] [RESPONSE] Status: 200 Message: Courses fetched successfully.
[2025-04-08 11:47:56] [INFO] [REQUEST] GET /courses/67f4018217d4177297879c08
[2025-04-08 11:47:57] [INFO] [RESPONSE] Status: 200 Message: Course fetched successfully.
[2025-04-08 11:48:03] [INFO] [REQUEST] GET /courses/67f4018217d4177297879c08
[2025-04-08 11:48:03] [INFO] [RESPONSE] Status: 200 Message: Course fetched successfully.
[2025-04-08 11:48:22] [INFO] [REQUEST] OPTIONS /instructor/courses/67f4018217d4177297879c08
[2025-04-08 11:48:22] [INFO] [REQUEST] PUT /instructor/courses/67f4018217d4177297879c08
[2025-04-08 11:48:24] [INFO] [RESPONSE] Status: 200 Message: Course updated successfully.
[2025-04-08 11:48:37] [INFO] [REQUEST] GET /courses/67f4018217d4177297879c08
[2025-04-08 11:48:37] [INFO] [RESPONSE] Status: 200 Message: Course fetched successfully.
[2025-04-08 11:48:58] [INFO] [REQUEST] OPTIONS /instructor/courses/67f4018217d4177297879c08
[2025-04-08 11:48:58] [INFO] [REQUEST] PUT /instructor/courses/67f4018217d4177297879c08
[2025-04-08 11:49:00] [INFO] [RESPONSE] Status: 200 Message: Course updated successfully.
[2025-04-08 11:49:04] [INFO] [REQUEST] GET /getUserdata
[2025-04-08 11:49:04] [INFO] [REQUEST] GET /instructor/courses?page=1&limit=6&search=
[2025-04-08 11:49:04] [INFO] [RESPONSE] Status: 200 Message: User details fetched successfully
[2025-04-08 11:49:04] [INFO] [RESPONSE] Status: 200 Message: Courses fetched successfully.
[2025-04-08 11:49:11] [INFO] [REQUEST] GET /courses/67f4018217d4177297879c08
[2025-04-08 11:49:12] [INFO] [RESPONSE] Status: 200 Message: Course fetched successfully.
[2025-04-08 11:50:16] [INFO] [REQUEST] OPTIONS /instructor/courses/67f4018217d4177297879c08
[2025-04-08 11:50:16] [INFO] [REQUEST] PUT /instructor/courses/67f4018217d4177297879c08
[2025-04-08 11:50:18] [INFO] [RESPONSE] Status: 200 Message: Course updated successfully.
[2025-04-08 11:50:37] [INFO] [REQUEST] OPTIONS /logout
[2025-04-08 11:50:37] [INFO] [REQUEST] POST /logout
[2025-04-08 11:50:37] [INFO] [RESPONSE] Status: 200 Message: User logged out successfully
[2025-04-08 11:51:18] [INFO] [REQUEST] OPTIONS /login
[2025-04-08 11:51:18] [INFO] [REQUEST] POST /login
[2025-04-08 11:51:18] [INFO] [RESPONSE] Status: 200 Message: Login successful.
[2025-04-08 11:51:21] [INFO] [REQUEST] GET /active-courses?page=1&limit=10&sortField=updatedAt&sortOrder=desc
[2025-04-08 11:51:21] [INFO] [RESPONSE] Status: 200 Message: Active courses fetched successfully.
[2025-04-08 11:51:26] [INFO] [REQUEST] GET /courses/67f4018217d4177297879c08
[2025-04-08 11:51:26] [INFO] [REQUEST] GET /student/check-enrollment/67f4018217d4177297879c08
[2025-04-08 11:51:26] [INFO] [RESPONSE] Status: 200 Message: User is enrolled in this course
[2025-04-08 11:51:26] [INFO] [RESPONSE] Status: 200 Message: Course fetched successfully.
[2025-04-08 11:51:31] [INFO] [REQUEST] GET /courses/67f4018217d4177297879c08
[2025-04-08 11:51:32] [INFO] [REQUEST] GET /student/check-enrollment/67f4018217d4177297879c08
[2025-04-08 11:51:32] [INFO] [RESPONSE] Status: 200 Message: Course fetched successfully.
[2025-04-08 11:51:32] [INFO] [RESPONSE] Status: 200 Message: User is enrolled in this course
[2025-04-08 11:51:36] [INFO] [REQUEST] GET /student/enrollments
[2025-04-08 11:51:36] [INFO] [RESPONSE] Status: 200 Message: Enrollments fetched successfully
[2025-04-08 11:51:39] [INFO] [REQUEST] GET /courses/67f4018217d4177297879c08
[2025-04-08 11:51:39] [INFO] [RESPONSE] Status: 200 Message: Course fetched successfully.
[2025-04-08 11:52:10] [INFO] [REQUEST] OPTIONS /logout
[2025-04-08 11:52:10] [INFO] [REQUEST] POST /logout
[2025-04-08 11:52:10] [INFO] [RESPONSE] Status: 200 Message: User logged out successfully
[2025-04-08 11:52:31] [INFO] [REQUEST] OPTIONS /google-auth
[2025-04-08 11:52:31] [INFO] [REQUEST] POST /google-auth
[2025-04-08 11:52:32] [INFO] [RESPONSE] Status: 200 Message: Google authentication successful
[2025-04-08 12:07:37] [INFO] [REQUEST] OPTIONS /logout
[2025-04-08 12:07:37] [INFO] [REQUEST] POST /logout
[2025-04-08 12:07:37] [INFO] [RESPONSE] Status: 200 Message: User logged out successfully
[2025-04-08 12:11:21] [INFO] [REQUEST] OPTIONS /google-auth
[2025-04-08 12:11:21] [INFO] [REQUEST] POST /google-auth
[2025-04-08 12:11:22] [INFO] [RESPONSE] Status: 200 Message: Google authentication successful
[2025-04-08 12:11:25] [INFO] [REQUEST] GET /getUserdata
[2025-04-08 12:11:25] [INFO] [RESPONSE] Status: 200 Message: User details fetched successfully
[2025-04-08 12:11:30] [INFO] [REQUEST] GET /getUserdata
[2025-04-08 12:11:30] [INFO] [REQUEST] GET /instructor/courses?page=1&limit=6&search=
[2025-04-08 12:11:30] [INFO] [RESPONSE] Status: 200 Message: User details fetched successfully
[2025-04-08 12:11:30] [INFO] [RESPONSE] Status: 200 Message: Courses fetched successfully.
[2025-04-08 12:11:34] [INFO] [REQUEST] GET /courses/67f4018217d4177297879c08
[2025-04-08 12:11:34] [INFO] [RESPONSE] Status: 200 Message: Course fetched successfully.
[2025-04-08 12:25:42] [INFO] [REQUEST] GET /courses/67f4018217d4177297879c08
[2025-04-08 12:25:42] [INFO] [RESPONSE] Status: 200 Message: Course fetched successfully.
[2025-04-08 12:25:56] [INFO] [REQUEST] OPTIONS /instructor/courses/67f4018217d4177297879c08
[2025-04-08 12:25:56] [INFO] [REQUEST] PUT /instructor/courses/67f4018217d4177297879c08
[2025-04-08 12:25:57] [INFO] [RESPONSE] Status: 200 Message: Course updated successfully.
[2025-04-08 12:25:57] [INFO] [REQUEST] PUT /instructor/courses/67f4018217d4177297879c08
[2025-04-08 12:25:57] [INFO] [RESPONSE] Status: 200 Message: Course updated successfully.
[2025-04-08 12:31:14] [INFO] [REQUEST] OPTIONS /instructor/courses/67f4018217d4177297879c08
[2025-04-08 12:31:14] [INFO] [REQUEST] PUT /instructor/courses/67f4018217d4177297879c08
[2025-04-08 12:31:16] [INFO] [RESPONSE] Status: 200 Message: Course updated successfully.
[2025-04-08 12:31:30] [INFO] [REQUEST] OPTIONS /instructor/courses/67f4018217d4177297879c08
[2025-04-08 12:31:30] [INFO] [REQUEST] PUT /instructor/courses/67f4018217d4177297879c08
[2025-04-08 12:31:32] [INFO] [RESPONSE] Status: 200 Message: Course updated successfully.
[2025-04-08 15:04:44] [INFO] [REQUEST] GET /courses/67f4018217d4177297879c08
[2025-04-08 15:04:45] [INFO] [RESPONSE] Status: 200 Message: Course fetched successfully.
[2025-04-08 15:04:49] [INFO] [REQUEST] GET /courses/67f4018217d4177297879c08
[2025-04-08 15:04:49] [INFO] [RESPONSE] Status: 200 Message: Course fetched successfully.
[2025-04-08 15:05:25] [INFO] [REQUEST] GET /courses/67f4018217d4177297879c08
[2025-04-08 15:05:25] [INFO] [RESPONSE] Status: 200 Message: Course fetched successfully.
[2025-04-08 15:05:31] [INFO] [REQUEST] GET /getUserdata
[2025-04-08 15:05:31] [INFO] [REQUEST] GET /instructor/courses?page=1&limit=6&search=
[2025-04-08 15:05:31] [INFO] [RESPONSE] Status: 200 Message: User details fetched successfully
[2025-04-08 15:05:31] [INFO] [RESPONSE] Status: 200 Message: Courses fetched successfully.
[2025-04-08 15:05:36] [INFO] [REQUEST] GET /courses/67f4018217d4177297879c08
[2025-04-08 15:05:36] [INFO] [RESPONSE] Status: 200 Message: Course fetched successfully.
[2025-04-08 15:06:23] [INFO] [REQUEST] OPTIONS /instructor/courses/67f4018217d4177297879c08
[2025-04-08 15:06:23] [INFO] [REQUEST] PUT /instructor/courses/67f4018217d4177297879c08
[2025-04-08 15:06:25] [INFO] [RESPONSE] Status: 200 Message: Course updated successfully.
[2025-04-08 15:06:31] [INFO] [REQUEST] GET /courses/67f4018217d4177297879c08
[2025-04-08 15:06:31] [INFO] [RESPONSE] Status: 200 Message: Course fetched successfully.
[2025-04-08 15:11:53] [INFO] [REQUEST] GET /courses/67f4018217d4177297879c08
[2025-04-08 15:11:53] [INFO] [RESPONSE] Status: 200 Message: Course fetched successfully.
[2025-04-08 15:12:11] [INFO] [REQUEST] OPTIONS /logout
[2025-04-08 15:12:11] [INFO] [REQUEST] POST /logout
[2025-04-08 15:12:12] [INFO] [RESPONSE] Status: 200 Message: User logged out successfully
[2025-04-08 15:12:22] [INFO] [REQUEST] OPTIONS /login
[2025-04-08 15:12:22] [INFO] [REQUEST] POST /login
[2025-04-08 15:12:23] [INFO] [RESPONSE] Status: 200 Message: Login successful.
[2025-04-08 15:12:25] [INFO] [REQUEST] GET /active-courses?page=1&limit=10&sortField=updatedAt&sortOrder=desc
[2025-04-08 15:12:25] [INFO] [RESPONSE] Status: 200 Message: Active courses fetched successfully.
[2025-04-08 15:12:31] [INFO] [REQUEST] GET /active-courses?page=1&limit=10&sortField=updatedAt&sortOrder=desc
[2025-04-08 15:12:31] [INFO] [RESPONSE] Status: 200 Message: Active courses fetched successfully.
[2025-04-08 15:12:32] [INFO] [REQUEST] GET /courses/67f4018217d4177297879c08
[2025-04-08 15:12:32] [INFO] [REQUEST] GET /student/check-enrollment/67f4018217d4177297879c08
[2025-04-08 15:12:33] [INFO] [RESPONSE] Status: 200 Message: Course fetched successfully.
[2025-04-08 15:12:33] [INFO] [RESPONSE] Status: 200 Message: User is enrolled in this course
[2025-04-08 15:12:40] [INFO] [REQUEST] GET /active-courses?page=1&limit=10&sortField=updatedAt&sortOrder=desc
[2025-04-08 15:12:40] [INFO] [RESPONSE] Status: 200 Message: Active courses fetched successfully.
[2025-04-08 15:16:15] [INFO] [REQUEST] GET /active-courses?page=1&limit=10&sortField=updatedAt&sortOrder=desc
[2025-04-08 15:16:15] [INFO] [RESPONSE] Status: 500 Message: Internal server error
[2025-04-08 15:29:00] [INFO] [REQUEST] GET /active-courses?page=1&limit=10&sortField=updatedAt&sortOrder=desc
[2025-04-08 15:29:01] [INFO] [RESPONSE] Status: 200 Message: Active courses fetched successfully.
[2025-04-08 15:29:04] [INFO] [REQUEST] GET /student/check-enrollment/67f4018217d4177297879c08
[2025-04-08 15:29:04] [INFO] [REQUEST] GET /courses/67f4018217d4177297879c08
[2025-04-08 15:29:04] [INFO] [RESPONSE] Status: 200 Message: Course fetched successfully.
[2025-04-08 15:29:04] [INFO] [RESPONSE] Status: 200 Message: User is enrolled in this course
[2025-04-08 15:29:10] [INFO] [REQUEST] GET /student/enrollments
[2025-04-08 15:29:11] [INFO] [RESPONSE] Status: 200 Message: Enrollments fetched successfully
[2025-04-08 15:29:14] [INFO] [REQUEST] GET /student/enrollments
[2025-04-08 15:29:14] [INFO] [RESPONSE] Status: 200 Message: Enrollments fetched successfully
[2025-04-08 15:29:16] [INFO] [REQUEST] GET /courses/67f4018217d4177297879c08
[2025-04-08 15:29:16] [INFO] [RESPONSE] Status: 200 Message: Course fetched successfully.
[2025-04-08 15:29:41] [INFO] [REQUEST] GET /active-courses?page=1&limit=10&sortField=updatedAt&sortOrder=desc
[2025-04-08 15:29:41] [INFO] [RESPONSE] Status: 200 Message: Active courses fetched successfully.
[2025-04-08 15:29:58] [INFO] [REQUEST] GET /active-courses?page=1&limit=10&sortField=updatedAt&sortOrder=desc
[2025-04-08 15:29:59] [INFO] [RESPONSE] Status: 200 Message: Active courses fetched successfully.
[2025-04-08 15:30:03] [INFO] [REQUEST] GET /active-courses?page=1&limit=10&sortField=updatedAt&sortOrder=desc
[2025-04-08 15:30:03] [INFO] [RESPONSE] Status: 200 Message: Active courses fetched successfully.
[2025-04-08 15:30:07] [INFO] [REQUEST] GET /student/enrollments
[2025-04-08 15:30:08] [INFO] [RESPONSE] Status: 200 Message: Enrollments fetched successfully
[2025-04-08 15:41:41] [INFO] [REQUEST] GET /student/enrollments
[2025-04-08 15:41:41] [INFO] [RESPONSE] Status: 200 Message: Enrollments fetched successfully
[2025-04-08 15:41:47] [INFO] [REQUEST] GET /student/enrollments
[2025-04-08 15:41:47] [INFO] [RESPONSE] Status: 200 Message: Enrollments fetched successfully
[2025-04-08 15:41:50] [INFO] [REQUEST] GET /courses/67f4018217d4177297879c08
[2025-04-08 15:41:50] [INFO] [RESPONSE] Status: 200 Message: Course fetched successfully.
[2025-04-08 15:41:59] [INFO] [REQUEST] GET /student/enrollments
[2025-04-08 15:42:00] [INFO] [RESPONSE] Status: 200 Message: Enrollments fetched successfully
[2025-04-08 15:42:25] [INFO] [REQUEST] GET /student/enrollments
[2025-04-08 15:42:26] [INFO] [RESPONSE] Status: 200 Message: Enrollments fetched successfully
[2025-04-08 15:51:43] [INFO] [REQUEST] GET /student/enrollments
[2025-04-08 15:51:43] [INFO] [RESPONSE] Status: 200 Message: Enrollments fetched successfully
[2025-04-08 15:57:15] [INFO] [REQUEST] GET /student/enrollments
[2025-04-08 15:57:16] [INFO] [RESPONSE] Status: 200 Message: Enrollments fetched successfully
[2025-04-08 15:57:23] [INFO] [REQUEST] GET /courses/67f4018217d4177297879c08
[2025-04-08 15:57:23] [INFO] [RESPONSE] Status: 200 Message: Course fetched successfully.
[2025-04-08 15:57:56] [INFO] [REQUEST] OPTIONS /student-profile
[2025-04-08 15:57:56] [INFO] [REQUEST] PUT /student-profile
[2025-04-08 15:57:58] [INFO] [RESPONSE] Status: 200 Message: Profile updated successfully.
[2025-04-08 15:58:03] [INFO] [REQUEST] GET /active-courses?page=1&limit=10&sortField=updatedAt&sortOrder=desc
[2025-04-08 15:58:03] [INFO] [RESPONSE] Status: 200 Message: Active courses fetched successfully.
[2025-04-08 15:58:08] [INFO] [REQUEST] GET /student/enrollments
[2025-04-08 15:58:09] [INFO] [RESPONSE] Status: 200 Message: Enrollments fetched successfully
[2025-04-08 15:58:22] [INFO] [REQUEST] OPTIONS /logout
[2025-04-08 15:58:23] [INFO] [REQUEST] POST /logout
[2025-04-08 15:58:23] [INFO] [RESPONSE] Status: 200 Message: User logged out successfully
[2025-04-08 15:58:29] [INFO] [REQUEST] OPTIONS /google-auth
[2025-04-08 15:58:29] [INFO] [REQUEST] POST /google-auth
[2025-04-08 15:58:29] [INFO] [RESPONSE] Status: 200 Message: Google authentication successful
[2025-04-08 15:58:32] [INFO] [REQUEST] GET /active-courses?page=1&limit=10&sortField=updatedAt&sortOrder=desc
[2025-04-08 15:58:32] [INFO] [RESPONSE] Status: 200 Message: Active courses fetched successfully.
[2025-04-08 15:58:41] [INFO] [REQUEST] GET /active-courses?page=1&limit=10&search=h&sortField=updatedAt&sortOrder=desc
[2025-04-08 15:58:41] [INFO] [RESPONSE] Status: 200 Message: Active courses fetched successfully.
[2025-04-08 15:58:47] [INFO] [REQUEST] GET /active-courses?page=1&limit=10&sortField=updatedAt&sortOrder=desc
[2025-04-08 15:58:47] [INFO] [RESPONSE] Status: 200 Message: Active courses fetched successfully.
[2025-04-08 15:58:47] [INFO] [REQUEST] GET /active-courses?page=1&limit=10&search=p&sortField=updatedAt&sortOrder=desc
[2025-04-08 15:58:47] [INFO] [RESPONSE] Status: 200 Message: Active courses fetched successfully.
[2025-04-08 15:58:50] [INFO] [REQUEST] GET /active-courses?page=1&limit=10&sortField=updatedAt&sortOrder=desc
[2025-04-08 15:58:50] [INFO] [RESPONSE] Status: 200 Message: Active courses fetched successfully.
[2025-04-08 15:58:50] [INFO] [REQUEST] GET /active-courses?page=1&limit=10&search=w&sortField=updatedAt&sortOrder=desc
[2025-04-08 15:58:50] [INFO] [RESPONSE] Status: 200 Message: Active courses fetched successfully.
[2025-04-08 15:58:52] [INFO] [REQUEST] GET /active-courses?page=1&limit=10&sortField=updatedAt&sortOrder=desc
[2025-04-08 15:58:52] [INFO] [RESPONSE] Status: 200 Message: Active courses fetched successfully.
[2025-04-08 15:58:56] [INFO] [REQUEST] GET /active-courses?page=1&limit=10&search=h&sortField=updatedAt&sortOrder=desc
[2025-04-08 15:58:56] [INFO] [RESPONSE] Status: 200 Message: Active courses fetched successfully.
[2025-04-08 15:58:58] [INFO] [REQUEST] GET /active-courses?page=1&limit=10&sortField=updatedAt&sortOrder=desc
[2025-04-08 15:58:58] [INFO] [RESPONSE] Status: 200 Message: Active courses fetched successfully.
[2025-04-08 15:59:10] [INFO] [REQUEST] GET /active-courses?page=1&limit=10&sortField=updatedAt&sortOrder=asc
[2025-04-08 15:59:11] [INFO] [RESPONSE] Status: 200 Message: Active courses fetched successfully.
[2025-04-08 15:59:16] [INFO] [REQUEST] GET /active-courses?page=1&limit=10&pricingType=paid&sortField=updatedAt&sortOrder=asc
[2025-04-08 15:59:16] [INFO] [RESPONSE] Status: 200 Message: Active courses fetched successfully.
[2025-04-08 15:59:19] [INFO] [REQUEST] GET /active-courses?page=1&limit=10&pricingType=free&sortField=updatedAt&sortOrder=asc
[2025-04-08 15:59:20] [INFO] [RESPONSE] Status: 200 Message: Active courses fetched successfully.
[2025-04-08 15:59:21] [INFO] [REQUEST] GET /active-courses?page=1&limit=10&pricingType=free&level=beginner&sortField=updatedAt&sortOrder=asc
[2025-04-08 15:59:22] [INFO] [RESPONSE] Status: 200 Message: Active courses fetched successfully.
[2025-04-08 15:59:24] [INFO] [REQUEST] GET /active-courses?page=1&limit=10&pricingType=free&level=intermediate&sortField=updatedAt&sortOrder=asc
[2025-04-08 15:59:24] [INFO] [RESPONSE] Status: 200 Message: Active courses fetched successfully.
[2025-04-08 16:00:02] [INFO] [REQUEST] GET /getUserdata
[2025-04-08 16:00:02] [INFO] [RESPONSE] Status: 200 Message: User details fetched successfully
[2025-04-08 16:00:03] [INFO] [REQUEST] GET /getUserdata
[2025-04-08 16:00:03] [INFO] [REQUEST] GET /instructor/courses?page=1&limit=6&search=
[2025-04-08 16:00:03] [INFO] [RESPONSE] Status: 200 Message: User details fetched successfully
[2025-04-08 16:00:04] [INFO] [RESPONSE] Status: 200 Message: Courses fetched successfully.
[2025-04-08 16:00:05] [INFO] [REQUEST] GET /getUserdata
[2025-04-08 16:00:05] [INFO] [REQUEST] GET /admin/fetch-all-categories?page=1&limit=100
[2025-04-08 16:00:05] [INFO] [RESPONSE] Status: 200 Message: User details fetched successfully
[2025-04-08 16:00:05] [INFO] [RESPONSE] Status: 200 Message: Categories fetched successfully
[2025-04-08 16:00:16] [INFO] [REQUEST] GET /admin/fetch-all-categories?page=1&limit=100
[2025-04-08 16:00:16] [INFO] [REQUEST] GET /getUserdata
[2025-04-08 16:00:16] [INFO] [RESPONSE] Status: 200 Message: User details fetched successfully
[2025-04-08 16:00:16] [INFO] [RESPONSE] Status: 200 Message: Categories fetched successfully
[2025-04-08 16:00:17] [INFO] [REQUEST] GET /admin/fetch-all-categories?page=1&limit=100
[2025-04-08 16:00:17] [INFO] [REQUEST] GET /getUserdata
[2025-04-08 16:00:17] [INFO] [RESPONSE] Status: 200 Message: User details fetched successfully
[2025-04-08 16:00:17] [INFO] [RESPONSE] Status: 200 Message: Categories fetched successfully
[2025-04-08 16:00:21] [INFO] [REQUEST] GET /admin/fetch-all-categories?page=1&limit=100
[2025-04-08 16:00:21] [INFO] [REQUEST] GET /getUserdata
[2025-04-08 16:00:21] [INFO] [RESPONSE] Status: 200 Message: User details fetched successfully
[2025-04-08 16:00:21] [INFO] [RESPONSE] Status: 200 Message: Categories fetched successfully
[2025-04-08 16:00:22] [INFO] [REQUEST] GET /admin/fetch-all-categories?page=1&limit=100
[2025-04-08 16:00:22] [INFO] [REQUEST] GET /getUserdata
[2025-04-08 16:00:22] [INFO] [RESPONSE] Status: 200 Message: User details fetched successfully
[2025-04-08 16:00:22] [INFO] [RESPONSE] Status: 200 Message: Categories fetched successfully
[2025-04-08 16:00:23] [INFO] [REQUEST] GET /admin/fetch-all-categories?page=1&limit=100
[2025-04-08 16:00:23] [INFO] [REQUEST] GET /getUserdata
[2025-04-08 16:00:23] [INFO] [RESPONSE] Status: 200 Message: User details fetched successfully
[2025-04-08 16:00:23] [INFO] [RESPONSE] Status: 200 Message: Categories fetched successfully
[2025-04-08 16:00:23] [INFO] [REQUEST] GET /admin/fetch-all-categories?page=1&limit=100
[2025-04-08 16:00:23] [INFO] [REQUEST] GET /getUserdata
[2025-04-08 16:00:23] [INFO] [RESPONSE] Status: 200 Message: User details fetched successfully
[2025-04-08 16:00:23] [INFO] [RESPONSE] Status: 200 Message: Categories fetched successfully
[2025-04-08 16:00:23] [INFO] [REQUEST] GET /admin/fetch-all-categories?page=1&limit=100
[2025-04-08 16:00:23] [INFO] [REQUEST] GET /getUserdata
[2025-04-08 16:00:23] [INFO] [RESPONSE] Status: 200 Message: User details fetched successfully
[2025-04-08 16:00:23] [INFO] [RESPONSE] Status: 200 Message: Categories fetched successfully
[2025-04-08 16:00:23] [INFO] [REQUEST] GET /admin/fetch-all-categories?page=1&limit=100
[2025-04-08 16:00:23] [INFO] [REQUEST] GET /getUserdata
[2025-04-08 16:00:23] [INFO] [RESPONSE] Status: 200 Message: User details fetched successfully
[2025-04-08 16:00:23] [INFO] [RESPONSE] Status: 200 Message: Categories fetched successfully
[2025-04-08 16:00:24] [INFO] [REQUEST] GET /admin/fetch-all-categories?page=1&limit=100
[2025-04-08 16:00:24] [INFO] [REQUEST] GET /getUserdata
[2025-04-08 16:00:24] [INFO] [RESPONSE] Status: 200 Message: User details fetched successfully
[2025-04-08 16:00:24] [INFO] [RESPONSE] Status: 200 Message: Categories fetched successfully
[2025-04-08 16:00:24] [INFO] [REQUEST] GET /admin/fetch-all-categories?page=1&limit=100
[2025-04-08 16:00:24] [INFO] [REQUEST] GET /getUserdata
[2025-04-08 16:00:24] [INFO] [RESPONSE] Status: 200 Message: User details fetched successfully
[2025-04-08 16:00:24] [INFO] [RESPONSE] Status: 200 Message: Categories fetched successfully
[2025-04-08 16:00:24] [INFO] [REQUEST] GET /admin/fetch-all-categories?page=1&limit=100
[2025-04-08 16:00:25] [INFO] [REQUEST] GET /getUserdata
[2025-04-08 16:00:25] [INFO] [RESPONSE] Status: 200 Message: User details fetched successfully
[2025-04-08 16:00:25] [INFO] [RESPONSE] Status: 200 Message: Categories fetched successfully
[2025-04-08 16:00:25] [INFO] [REQUEST] GET /admin/fetch-all-categories?page=1&limit=100
[2025-04-08 16:00:25] [INFO] [REQUEST] GET /getUserdata
[2025-04-08 16:00:25] [INFO] [RESPONSE] Status: 200 Message: User details fetched successfully
[2025-04-08 16:00:25] [INFO] [RESPONSE] Status: 200 Message: Categories fetched successfully
[2025-04-08 16:00:25] [INFO] [REQUEST] GET /admin/fetch-all-categories?page=1&limit=100
[2025-04-08 16:00:25] [INFO] [REQUEST] GET /getUserdata
[2025-04-08 16:00:25] [INFO] [RESPONSE] Status: 200 Message: User details fetched successfully
[2025-04-08 16:00:25] [INFO] [RESPONSE] Status: 200 Message: Categories fetched successfully
[2025-04-08 16:00:25] [INFO] [REQUEST] GET /admin/fetch-all-categories?page=1&limit=100
[2025-04-08 16:00:25] [INFO] [REQUEST] GET /getUserdata
[2025-04-08 16:00:25] [INFO] [RESPONSE] Status: 200 Message: User details fetched successfully
[2025-04-08 16:00:25] [INFO] [RESPONSE] Status: 200 Message: Categories fetched successfully
[2025-04-08 16:00:25] [INFO] [REQUEST] GET /admin/fetch-all-categories?page=1&limit=100
[2025-04-08 16:00:25] [INFO] [REQUEST] GET /getUserdata
[2025-04-08 16:00:25] [INFO] [RESPONSE] Status: 200 Message: User details fetched successfully
[2025-04-08 16:00:25] [INFO] [RESPONSE] Status: 200 Message: Categories fetched successfully
[2025-04-08 16:00:26] [INFO] [REQUEST] GET /admin/fetch-all-categories?page=1&limit=100
[2025-04-08 16:00:26] [INFO] [REQUEST] GET /getUserdata
[2025-04-08 16:00:26] [INFO] [RESPONSE] Status: 200 Message: User details fetched successfully
[2025-04-08 16:00:26] [INFO] [RESPONSE] Status: 200 Message: Categories fetched successfully
[2025-04-08 16:00:26] [INFO] [REQUEST] GET /admin/fetch-all-categories?page=1&limit=100
[2025-04-08 16:00:26] [INFO] [REQUEST] GET /getUserdata
[2025-04-08 16:00:26] [INFO] [RESPONSE] Status: 200 Message: User details fetched successfully
[2025-04-08 16:00:26] [INFO] [RESPONSE] Status: 200 Message: Categories fetched successfully
[2025-04-08 16:00:26] [INFO] [REQUEST] GET /admin/fetch-all-categories?page=1&limit=100
[2025-04-08 16:00:26] [INFO] [REQUEST] GET /getUserdata
[2025-04-08 16:00:26] [INFO] [RESPONSE] Status: 200 Message: User details fetched successfully
[2025-04-08 16:00:26] [INFO] [RESPONSE] Status: 200 Message: Categories fetched successfully
[2025-04-08 16:00:26] [INFO] [REQUEST] GET /admin/fetch-all-categories?page=1&limit=100
[2025-04-08 16:00:26] [INFO] [REQUEST] GET /getUserdata
[2025-04-08 16:00:26] [INFO] [RESPONSE] Status: 200 Message: User details fetched successfully
[2025-04-08 16:00:27] [INFO] [RESPONSE] Status: 200 Message: Categories fetched successfully
[2025-04-08 16:00:27] [INFO] [REQUEST] GET /admin/fetch-all-categories?page=1&limit=100
[2025-04-08 16:00:27] [INFO] [REQUEST] GET /getUserdata
[2025-04-08 16:00:27] [INFO] [RESPONSE] Status: 200 Message: User details fetched successfully
[2025-04-08 16:00:27] [INFO] [RESPONSE] Status: 200 Message: Categories fetched successfully
[2025-04-08 16:00:27] [INFO] [REQUEST] GET /admin/fetch-all-categories?page=1&limit=100
[2025-04-08 16:00:27] [INFO] [REQUEST] GET /getUserdata
[2025-04-08 16:00:27] [INFO] [RESPONSE] Status: 200 Message: User details fetched successfully
[2025-04-08 16:00:27] [INFO] [RESPONSE] Status: 200 Message: Categories fetched successfully
[2025-04-08 16:00:27] [INFO] [REQUEST] GET /admin/fetch-all-categories?page=1&limit=100
[2025-04-08 16:00:27] [INFO] [REQUEST] GET /getUserdata
[2025-04-08 16:00:27] [INFO] [RESPONSE] Status: 200 Message: User details fetched successfully
[2025-04-08 16:00:27] [INFO] [RESPONSE] Status: 200 Message: Categories fetched successfully
[2025-04-08 16:00:29] [INFO] [REQUEST] GET /admin/fetch-all-categories?page=1&limit=100
[2025-04-08 16:00:29] [INFO] [REQUEST] GET /getUserdata
[2025-04-08 16:00:29] [INFO] [RESPONSE] Status: 200 Message: User details fetched successfully
[2025-04-08 16:00:29] [INFO] [RESPONSE] Status: 200 Message: Categories fetched successfully
[2025-04-08 16:00:29] [INFO] [REQUEST] GET /getUserdata
[2025-04-08 16:00:29] [INFO] [REQUEST] GET /admin/fetch-all-categories?page=1&limit=100
[2025-04-08 16:00:30] [INFO] [RESPONSE] Status: 200 Message: User details fetched successfully
[2025-04-08 16:00:30] [INFO] [REQUEST] GET /getUserdata
[2025-04-08 16:00:30] [INFO] [RESPONSE] Status: 200 Message: Categories fetched successfully
[2025-04-08 16:00:30] [INFO] [REQUEST] GET /admin/fetch-all-categories?page=1&limit=100
[2025-04-08 16:00:30] [INFO] [RESPONSE] Status: 200 Message: User details fetched successfully
[2025-04-08 16:00:30] [INFO] [REQUEST] GET /getUserdata
[2025-04-08 16:00:30] [INFO] [RESPONSE] Status: 200 Message: User details fetched successfully
[2025-04-08 16:00:30] [INFO] [RESPONSE] Status: 200 Message: Categories fetched successfully
[2025-04-08 16:00:30] [INFO] [REQUEST] GET /admin/fetch-all-categories?page=1&limit=100
[2025-04-08 16:00:30] [INFO] [REQUEST] GET /getUserdata
[2025-04-08 16:00:30] [INFO] [RESPONSE] Status: 200 Message: User details fetched successfully
[2025-04-08 16:00:30] [INFO] [RESPONSE] Status: 200 Message: Categories fetched successfully
[2025-04-08 16:00:30] [INFO] [REQUEST] GET /admin/fetch-all-categories?page=1&limit=100
[2025-04-08 16:00:30] [INFO] [RESPONSE] Status: 200 Message: Categories fetched successfully
[2025-04-08 16:00:30] [INFO] [REQUEST] GET /admin/fetch-all-categories?page=1&limit=100
[2025-04-08 16:00:30] [INFO] [REQUEST] GET /getUserdata
[2025-04-08 16:00:30] [INFO] [RESPONSE] Status: 200 Message: User details fetched successfully
[2025-04-08 16:00:30] [INFO] [RESPONSE] Status: 200 Message: Categories fetched successfully
[2025-04-08 16:00:30] [INFO] [REQUEST] GET /getUserdata
[2025-04-08 16:00:30] [INFO] [REQUEST] GET /admin/fetch-all-categories?page=1&limit=100
[2025-04-08 16:00:30] [INFO] [RESPONSE] Status: 200 Message: User details fetched successfully
[2025-04-08 16:00:30] [INFO] [REQUEST] GET /getUserdata
[2025-04-08 16:00:30] [INFO] [RESPONSE] Status: 200 Message: Categories fetched successfully
[2025-04-08 16:00:30] [INFO] [REQUEST] GET /admin/fetch-all-categories?page=1&limit=100
[2025-04-08 16:00:30] [INFO] [RESPONSE] Status: 200 Message: User details fetched successfully
[2025-04-08 16:00:30] [INFO] [RESPONSE] Status: 200 Message: Categories fetched successfully
[2025-04-08 16:00:30] [INFO] [REQUEST] GET /admin/fetch-all-categories?page=1&limit=100
[2025-04-08 16:00:30] [INFO] [REQUEST] GET /getUserdata
[2025-04-08 16:00:30] [INFO] [RESPONSE] Status: 200 Message: User details fetched successfully
[2025-04-08 16:00:30] [INFO] [RESPONSE] Status: 200 Message: Categories fetched successfully
[2025-04-08 16:00:30] [INFO] [REQUEST] GET /getUserdata
[2025-04-08 16:00:30] [INFO] [REQUEST] GET /admin/fetch-all-categories?page=1&limit=100
[2025-04-08 16:00:30] [INFO] [RESPONSE] Status: 200 Message: User details fetched successfully
[2025-04-08 16:00:30] [INFO] [REQUEST] GET /getUserdata
[2025-04-08 16:00:31] [INFO] [RESPONSE] Status: 200 Message: Categories fetched successfully
[2025-04-08 16:00:31] [INFO] [REQUEST] GET /admin/fetch-all-categories?page=1&limit=100
[2025-04-08 16:00:31] [INFO] [RESPONSE] Status: 200 Message: User details fetched successfully
[2025-04-08 16:00:31] [INFO] [REQUEST] GET /getUserdata
[2025-04-08 16:00:31] [INFO] [RESPONSE] Status: 200 Message: User details fetched successfully
[2025-04-08 16:00:31] [INFO] [RESPONSE] Status: 200 Message: Categories fetched successfully
[2025-04-08 16:00:31] [INFO] [REQUEST] GET /getUserdata
[2025-04-08 16:00:31] [INFO] [REQUEST] GET /admin/fetch-all-categories?page=1&limit=100
[2025-04-08 16:00:31] [INFO] [RESPONSE] Status: 200 Message: User details fetched successfully
[2025-04-08 16:00:31] [INFO] [REQUEST] GET /getUserdata
[2025-04-08 16:00:31] [INFO] [RESPONSE] Status: 200 Message: User details fetched successfully
[2025-04-08 16:00:31] [INFO] [RESPONSE] Status: 200 Message: Categories fetched successfully
[2025-04-08 16:00:31] [INFO] [REQUEST] GET /getUserdata
[2025-04-08 16:00:31] [INFO] [REQUEST] GET /admin/fetch-all-categories?page=1&limit=100
[2025-04-08 16:00:31] [INFO] [RESPONSE] Status: 200 Message: User details fetched successfully
[2025-04-08 16:00:31] [INFO] [RESPONSE] Status: 200 Message: Categories fetched successfully
[2025-04-08 16:00:31] [INFO] [REQUEST] GET /admin/fetch-all-categories?page=1&limit=100
[2025-04-08 16:00:31] [INFO] [REQUEST] GET /getUserdata
[2025-04-08 16:00:31] [INFO] [RESPONSE] Status: 200 Message: Categories fetched successfully
[2025-04-08 16:00:31] [INFO] [RESPONSE] Status: 200 Message: User details fetched successfully
[2025-04-08 16:00:31] [INFO] [REQUEST] GET /admin/fetch-all-categories?page=1&limit=100
[2025-04-08 16:00:31] [INFO] [REQUEST] GET /getUserdata
[2025-04-08 16:00:31] [INFO] [RESPONSE] Status: 200 Message: User details fetched successfully
[2025-04-08 16:00:31] [INFO] [RESPONSE] Status: 200 Message: Categories fetched successfully
[2025-04-08 16:00:31] [INFO] [REQUEST] GET /admin/fetch-all-categories?page=1&limit=100
[2025-04-08 16:00:31] [INFO] [REQUEST] GET /getUserdata
[2025-04-08 16:00:31] [INFO] [RESPONSE] Status: 200 Message: Categories fetched successfully
[2025-04-08 16:00:31] [INFO] [REQUEST] GET /admin/fetch-all-categories?page=1&limit=100
[2025-04-08 16:00:31] [INFO] [RESPONSE] Status: 200 Message: User details fetched successfully
[2025-04-08 16:00:31] [INFO] [REQUEST] GET /getUserdata
[2025-04-08 16:00:31] [INFO] [RESPONSE] Status: 200 Message: Categories fetched successfully
[2025-04-08 16:00:31] [INFO] [REQUEST] GET /admin/fetch-all-categories?page=1&limit=100
[2025-04-08 16:00:31] [INFO] [RESPONSE] Status: 200 Message: User details fetched successfully
[2025-04-08 16:00:31] [INFO] [REQUEST] GET /getUserdata
[2025-04-08 16:00:31] [INFO] [RESPONSE] Status: 200 Message: User details fetched successfully
[2025-04-08 16:00:31] [INFO] [RESPONSE] Status: 200 Message: Categories fetched successfully
[2025-04-08 16:00:31] [INFO] [REQUEST] GET /getUserdata
[2025-04-08 16:00:31] [INFO] [REQUEST] GET /admin/fetch-all-categories?page=1&limit=100
[2025-04-08 16:00:31] [INFO] [RESPONSE] Status: 200 Message: User details fetched successfully
[2025-04-08 16:00:31] [INFO] [REQUEST] GET /getUserdata
[2025-04-08 16:00:32] [INFO] [RESPONSE] Status: 200 Message: User details fetched successfully
[2025-04-08 16:00:32] [INFO] [RESPONSE] Status: 200 Message: Categories fetched successfully
[2025-04-08 16:00:32] [INFO] [REQUEST] GET /getUserdata
[2025-04-08 16:00:32] [INFO] [REQUEST] GET /admin/fetch-all-categories?page=1&limit=100
[2025-04-08 16:00:32] [INFO] [RESPONSE] Status: 200 Message: User details fetched successfully
[2025-04-08 16:00:32] [INFO] [REQUEST] GET /getUserdata
[2025-04-08 16:00:32] [INFO] [RESPONSE] Status: 200 Message: Categories fetched successfully
[2025-04-08 16:00:32] [INFO] [REQUEST] GET /admin/fetch-all-categories?page=1&limit=100
[2025-04-08 16:00:32] [INFO] [RESPONSE] Status: 200 Message: User details fetched successfully
[2025-04-08 16:00:32] [INFO] [REQUEST] GET /getUserdata
[2025-04-08 16:00:32] [INFO] [RESPONSE] Status: 200 Message: User details fetched successfully
[2025-04-08 16:00:32] [INFO] [REQUEST] GET /getUserdata
[2025-04-08 16:00:32] [INFO] [RESPONSE] Status: 200 Message: Categories fetched successfully
[2025-04-08 16:00:32] [INFO] [REQUEST] GET /admin/fetch-all-categories?page=1&limit=100
[2025-04-08 16:00:32] [INFO] [RESPONSE] Status: 200 Message: User details fetched successfully
[2025-04-08 16:00:32] [INFO] [RESPONSE] Status: 200 Message: Categories fetched successfully
[2025-04-08 16:00:32] [INFO] [REQUEST] GET /admin/fetch-all-categories?page=1&limit=100
[2025-04-08 16:00:32] [INFO] [REQUEST] GET /getUserdata
[2025-04-08 16:00:32] [INFO] [RESPONSE] Status: 200 Message: User details fetched successfully
[2025-04-08 16:00:32] [INFO] [RESPONSE] Status: 200 Message: Categories fetched successfully
[2025-04-08 16:00:32] [INFO] [REQUEST] GET /admin/fetch-all-categories?page=1&limit=100
[2025-04-08 16:00:32] [INFO] [REQUEST] GET /getUserdata
[2025-04-08 16:00:32] [INFO] [RESPONSE] Status: 200 Message: Categories fetched successfully
[2025-04-08 16:00:32] [INFO] [REQUEST] GET /admin/fetch-all-categories?page=1&limit=100
[2025-04-08 16:00:32] [INFO] [RESPONSE] Status: 200 Message: User details fetched successfully
[2025-04-08 16:00:32] [INFO] [RESPONSE] Status: 200 Message: Categories fetched successfully
[2025-04-08 16:00:32] [INFO] [REQUEST] GET /admin/fetch-all-categories?page=1&limit=100
[2025-04-08 16:00:32] [INFO] [RESPONSE] Status: 200 Message: Categories fetched successfully
[2025-04-08 16:00:32] [INFO] [REQUEST] GET /admin/fetch-all-categories?page=1&limit=100
[2025-04-08 16:00:32] [INFO] [RESPONSE] Status: 200 Message: Categories fetched successfully
[2025-04-08 16:00:32] [INFO] [REQUEST] GET /admin/fetch-all-categories?page=1&limit=100
[2025-04-08 16:00:32] [INFO] [RESPONSE] Status: 200 Message: Categories fetched successfully
[2025-04-08 16:00:36] [INFO] [REQUEST] GET /admin/fetch-all-categories?page=1&limit=100
[2025-04-08 16:00:36] [INFO] [REQUEST] GET /getUserdata
[2025-04-08 16:00:36] [INFO] [RESPONSE] Status: 200 Message: User details fetched successfully
[2025-04-08 16:00:36] [INFO] [RESPONSE] Status: 200 Message: Categories fetched successfully
[2025-04-08 16:00:39] [INFO] [REQUEST] GET /admin/fetch-all-categories?page=1&limit=100
[2025-04-08 16:00:39] [INFO] [REQUEST] GET /getUserdata
[2025-04-08 16:00:39] [INFO] [RESPONSE] Status: 200 Message: User details fetched successfully
[2025-04-08 16:00:39] [INFO] [RESPONSE] Status: 200 Message: Categories fetched successfully
[2025-04-08 16:00:41] [INFO] [REQUEST] GET /admin/fetch-all-categories?page=1&limit=100
[2025-04-08 16:00:41] [INFO] [REQUEST] GET /getUserdata
[2025-04-08 16:00:41] [INFO] [RESPONSE] Status: 200 Message: User details fetched successfully
[2025-04-08 16:00:41] [INFO] [RESPONSE] Status: 200 Message: Categories fetched successfully
[2025-04-08 16:01:01] [INFO] [REQUEST] GET /admin/fetch-all-categories?page=1&limit=100
[2025-04-08 16:01:01] [INFO] [REQUEST] GET /getUserdata
[2025-04-08 16:01:01] [INFO] [RESPONSE] Status: 200 Message: User details fetched successfully
[2025-04-08 16:01:01] [INFO] [RESPONSE] Status: 200 Message: Categories fetched successfully
[2025-04-08 16:01:01] [INFO] [REQUEST] GET /getUserdata
[2025-04-08 16:01:01] [INFO] [REQUEST] GET /admin/fetch-all-categories?page=1&limit=100
[2025-04-08 16:01:01] [INFO] [RESPONSE] Status: 200 Message: User details fetched successfully
[2025-04-08 16:01:01] [INFO] [RESPONSE] Status: 200 Message: Categories fetched successfully
[2025-04-08 16:01:03] [INFO] [REQUEST] GET /admin/fetch-all-categories?page=1&limit=100
[2025-04-08 16:01:03] [INFO] [REQUEST] GET /getUserdata
[2025-04-08 16:01:03] [INFO] [RESPONSE] Status: 200 Message: User details fetched successfully
[2025-04-08 16:01:03] [INFO] [RESPONSE] Status: 200 Message: Categories fetched successfully
[2025-04-08 16:01:07] [INFO] [REQUEST] GET /admin/fetch-all-categories?page=1&limit=100
[2025-04-08 16:01:07] [INFO] [REQUEST] GET /getUserdata
[2025-04-08 16:01:07] [INFO] [RESPONSE] Status: 200 Message: User details fetched successfully
[2025-04-08 16:01:07] [INFO] [RESPONSE] Status: 200 Message: Categories fetched successfully
[2025-04-08 16:01:09] [INFO] [REQUEST] GET /admin/fetch-all-categories?page=1&limit=100
[2025-04-08 16:01:09] [INFO] [REQUEST] GET /getUserdata
[2025-04-08 16:01:09] [INFO] [RESPONSE] Status: 200 Message: User details fetched successfully
[2025-04-08 16:01:09] [INFO] [RESPONSE] Status: 200 Message: Categories fetched successfully
[2025-04-08 16:01:10] [INFO] [REQUEST] GET /admin/fetch-all-categories?page=1&limit=100
[2025-04-08 16:01:10] [INFO] [REQUEST] GET /getUserdata
[2025-04-08 16:01:10] [INFO] [RESPONSE] Status: 200 Message: User details fetched successfully
[2025-04-08 16:01:10] [INFO] [RESPONSE] Status: 200 Message: Categories fetched successfully
[2025-04-08 16:01:16] [INFO] [REQUEST] GET /getUserdata
[2025-04-08 16:01:16] [INFO] [REQUEST] GET /admin/fetch-all-categories?page=1&limit=100
[2025-04-08 16:01:16] [INFO] [RESPONSE] Status: 200 Message: User details fetched successfully
[2025-04-08 16:01:16] [INFO] [RESPONSE] Status: 200 Message: Categories fetched successfully
[2025-04-08 16:01:16] [INFO] [REQUEST] GET /admin/fetch-all-categories?page=1&limit=100
[2025-04-08 16:01:16] [INFO] [REQUEST] GET /getUserdata
[2025-04-08 16:01:16] [INFO] [RESPONSE] Status: 200 Message: User details fetched successfully
[2025-04-08 16:01:16] [INFO] [RESPONSE] Status: 200 Message: Categories fetched successfully
[2025-04-08 16:01:16] [INFO] [REQUEST] GET /admin/fetch-all-categories?page=1&limit=100
[2025-04-08 16:01:16] [INFO] [REQUEST] GET /getUserdata
[2025-04-08 16:01:17] [INFO] [RESPONSE] Status: 200 Message: User details fetched successfully
[2025-04-08 16:01:17] [INFO] [RESPONSE] Status: 200 Message: Categories fetched successfully
[2025-04-08 16:01:17] [INFO] [REQUEST] GET /admin/fetch-all-categories?page=1&limit=100
[2025-04-08 16:01:17] [INFO] [REQUEST] GET /getUserdata
[2025-04-08 16:01:17] [INFO] [RESPONSE] Status: 200 Message: User details fetched successfully
[2025-04-08 16:01:17] [INFO] [RESPONSE] Status: 200 Message: Categories fetched successfully
[2025-04-08 16:01:33] [INFO] [REQUEST] GET /admin/fetch-all-categories?page=1&limit=100
[2025-04-08 16:01:33] [INFO] [REQUEST] GET /getUserdata
[2025-04-08 16:01:33] [INFO] [RESPONSE] Status: 200 Message: User details fetched successfully
[2025-04-08 16:01:33] [INFO] [RESPONSE] Status: 200 Message: Categories fetched successfully
[2025-04-08 16:01:33] [INFO] [REQUEST] GET /admin/fetch-all-categories?page=1&limit=100
[2025-04-08 16:01:33] [INFO] [REQUEST] GET /getUserdata
[2025-04-08 16:01:33] [INFO] [RESPONSE] Status: 200 Message: User details fetched successfully
[2025-04-08 16:01:33] [INFO] [RESPONSE] Status: 200 Message: Categories fetched successfully
[2025-04-08 16:01:34] [INFO] [REQUEST] GET /admin/fetch-all-categories?page=1&limit=100
[2025-04-08 16:01:34] [INFO] [REQUEST] GET /getUserdata
[2025-04-08 16:01:34] [INFO] [RESPONSE] Status: 200 Message: User details fetched successfully
[2025-04-08 16:01:34] [INFO] [RESPONSE] Status: 200 Message: Categories fetched successfully
[2025-04-08 16:01:34] [INFO] [REQUEST] GET /admin/fetch-all-categories?page=1&limit=100
[2025-04-08 16:01:34] [INFO] [REQUEST] GET /getUserdata
[2025-04-08 16:01:34] [INFO] [RESPONSE] Status: 200 Message: User details fetched successfully
[2025-04-08 16:01:34] [INFO] [RESPONSE] Status: 200 Message: Categories fetched successfully
[2025-04-08 16:01:35] [INFO] [REQUEST] GET /admin/fetch-all-categories?page=1&limit=100
[2025-04-08 16:01:35] [INFO] [REQUEST] GET /getUserdata
[2025-04-08 16:01:35] [INFO] [RESPONSE] Status: 200 Message: User details fetched successfully
[2025-04-08 16:01:35] [INFO] [RESPONSE] Status: 200 Message: Categories fetched successfully
[2025-04-08 16:01:36] [INFO] [REQUEST] GET /admin/fetch-all-categories?page=1&limit=100
[2025-04-08 16:01:36] [INFO] [REQUEST] GET /getUserdata
[2025-04-08 16:01:36] [INFO] [RESPONSE] Status: 200 Message: User details fetched successfully
[2025-04-08 16:01:36] [INFO] [RESPONSE] Status: 200 Message: Categories fetched successfully
[2025-04-08 16:01:36] [INFO] [REQUEST] GET /admin/fetch-all-categories?page=1&limit=100
[2025-04-08 16:01:36] [INFO] [REQUEST] GET /getUserdata
[2025-04-08 16:01:36] [INFO] [RESPONSE] Status: 200 Message: User details fetched successfully
[2025-04-08 16:01:36] [INFO] [RESPONSE] Status: 200 Message: Categories fetched successfully
[2025-04-08 16:01:38] [INFO] [REQUEST] GET /admin/fetch-all-categories?page=1&limit=100
[2025-04-08 16:01:38] [INFO] [REQUEST] GET /getUserdata
[2025-04-08 16:01:38] [INFO] [RESPONSE] Status: 200 Message: User details fetched successfully
[2025-04-08 16:01:38] [INFO] [REQUEST] GET /getUserdata
[2025-04-08 16:01:38] [INFO] [RESPONSE] Status: 200 Message: Categories fetched successfully
[2025-04-08 16:01:38] [INFO] [RESPONSE] Status: 200 Message: User details fetched successfully
[2025-04-08 16:02:34] [INFO] [REQUEST] POST /instructor/create-course
[2025-04-08 16:02:37] [INFO] [RESPONSE] Status: 201 Message: Course created successfully.
[2025-04-08 16:02:37] [INFO] [REQUEST] GET /getUserdata
[2025-04-08 16:02:37] [INFO] [REQUEST] GET /instructor/courses?page=1&limit=6&search=
[2025-04-08 16:02:37] [INFO] [RESPONSE] Status: 200 Message: User details fetched successfully
[2025-04-08 16:02:37] [INFO] [RESPONSE] Status: 200 Message: Courses fetched successfully.
[2025-04-08 16:03:01] [INFO] [REQUEST] OPTIONS /instructor/courses/67f4fb45452dd86716092932
[2025-04-08 16:03:01] [INFO] [REQUEST] PUT /instructor/courses/67f4fb45452dd86716092932
[2025-04-08 16:03:01] [INFO] [RESPONSE] Status: 200 Message: Course updated successfully.
[2025-04-08 16:03:16] [INFO] [REQUEST] GET /courses/67f4fb45452dd86716092932
[2025-04-08 16:03:16] [INFO] [RESPONSE] Status: 200 Message: Course fetched successfully.
[2025-04-08 16:25:27] [INFO] [REQUEST] GET /courses/67f4fb45452dd86716092932
[2025-04-08 16:25:28] [INFO] [RESPONSE] Status: 200 Message: Course fetched successfully.
[2025-04-08 16:25:51] [INFO] [REQUEST] OPTIONS /logout
[2025-04-08 16:25:51] [INFO] [REQUEST] POST /logout
[2025-04-08 16:25:51] [INFO] [RESPONSE] Status: 200 Message: User logged out successfully
[2025-04-08 16:26:07] [INFO] [REQUEST] OPTIONS /login
[2025-04-08 16:26:07] [INFO] [REQUEST] POST /login
[2025-04-08 16:26:07] [INFO] [RESPONSE] Status: 200 Message: Login successful.
[2025-04-08 16:26:10] [INFO] [REQUEST] GET /active-courses?page=1&limit=10&sortField=updatedAt&sortOrder=desc
[2025-04-08 16:26:10] [INFO] [RESPONSE] Status: 200 Message: Active courses fetched successfully.
[2025-04-08 16:26:12] [INFO] [REQUEST] GET /courses/67f4fb45452dd86716092932
[2025-04-08 16:26:12] [INFO] [REQUEST] GET /student/check-enrollment/67f4fb45452dd86716092932
[2025-04-08 16:26:12] [INFO] [RESPONSE] Status: 200 Message: User is not enrolled in this course
[2025-04-08 16:26:12] [INFO] [RESPONSE] Status: 200 Message: Course fetched successfully.
[2025-04-08 16:26:37] [INFO] [REQUEST] OPTIONS /student/create-payment-intent
[2025-04-08 16:26:37] [INFO] [REQUEST] POST /student/create-payment-intent
[2025-04-08 16:26:38] [INFO] [RESPONSE] Status: 200 Message: Payment intent created successfully
[2025-04-08 16:26:39] [INFO] [REQUEST] OPTIONS /student/confirm-payment
[2025-04-08 16:26:39] [INFO] [REQUEST] POST /student/confirm-payment
[2025-04-08 16:26:40] [INFO] [RESPONSE] Status: 200 Message: Payment confirmed successfully
[2025-04-08 16:26:45] [INFO] [REQUEST] GET /student/enrollments
[2025-04-08 16:26:45] [INFO] [RESPONSE] Status: 200 Message: Enrollments fetched successfully
[2025-04-08 16:26:47] [INFO] [REQUEST] GET /courses/67f4fb45452dd86716092932
[2025-04-08 16:26:47] [INFO] [RESPONSE] Status: 200 Message: Course fetched successfully.
[2025-04-08 16:29:21] [INFO] [REQUEST] OPTIONS /logout
[2025-04-08 16:29:21] [INFO] [REQUEST] POST /logout
[2025-04-08 16:29:21] [INFO] [RESPONSE] Status: 200 Message: User logged out successfully
[2025-04-08 16:29:28] [INFO] [REQUEST] OPTIONS /google-auth
[2025-04-08 16:29:28] [INFO] [REQUEST] POST /google-auth
[2025-04-08 16:29:29] [INFO] [RESPONSE] Status: 200 Message: Google authentication successful
[2025-04-08 16:29:34] [INFO] [REQUEST] GET /getUserdata
[2025-04-08 16:29:34] [INFO] [RESPONSE] Status: 200 Message: User details fetched successfully
[2025-04-08 16:29:36] [INFO] [REQUEST] GET /getUserdata
[2025-04-08 16:29:36] [INFO] [REQUEST] GET /instructor/courses?page=1&limit=6&search=
[2025-04-08 16:29:36] [INFO] [RESPONSE] Status: 200 Message: User details fetched successfully
[2025-04-08 16:29:36] [INFO] [RESPONSE] Status: 200 Message: Courses fetched successfully.
[2025-04-08 16:31:48] [INFO] [REQUEST] GET /getUserdata
[2025-04-08 16:31:48] [INFO] [REQUEST] GET /instructor/courses?page=1&limit=6&search=
[2025-04-08 16:31:48] [INFO] [RESPONSE] Status: 200 Message: User details fetched successfully
[2025-04-08 16:31:48] [INFO] [RESPONSE] Status: 200 Message: Courses fetched successfully.
[2025-04-08 16:31:48] [INFO] [REQUEST] GET /admin/fetch-all-categories?page=1&limit=100
[2025-04-08 16:31:48] [INFO] [REQUEST] GET /getUserdata
[2025-04-08 16:31:48] [INFO] [RESPONSE] Status: 200 Message: User details fetched successfully
[2025-04-08 16:31:49] [INFO] [RESPONSE] Status: 200 Message: Categories fetched successfully
[2025-04-08 16:31:50] [INFO] [REQUEST] GET /admin/fetch-all-categories?page=1&limit=100
[2025-04-08 16:31:51] [INFO] [REQUEST] GET /getUserdata
[2025-04-08 16:31:51] [INFO] [RESPONSE] Status: 200 Message: User details fetched successfully
[2025-04-08 16:31:51] [INFO] [RESPONSE] Status: 200 Message: Categories fetched successfully
[2025-04-08 16:31:51] [INFO] [REQUEST] GET /getUserdata
[2025-04-08 16:31:51] [INFO] [REQUEST] GET /admin/fetch-all-categories?page=1&limit=100
[2025-04-08 16:31:51] [INFO] [RESPONSE] Status: 200 Message: User details fetched successfully
[2025-04-08 16:31:51] [INFO] [REQUEST] GET /getUserdata
[2025-04-08 16:31:51] [INFO] [RESPONSE] Status: 200 Message: Categories fetched successfully
[2025-04-08 16:31:51] [INFO] [REQUEST] GET /admin/fetch-all-categories?page=1&limit=100
[2025-04-08 16:31:51] [INFO] [RESPONSE] Status: 200 Message: User details fetched successfully
[2025-04-08 16:31:51] [INFO] [REQUEST] GET /getUserdata
[2025-04-08 16:31:51] [INFO] [RESPONSE] Status: 200 Message: User details fetched successfully
[2025-04-08 16:31:51] [INFO] [RESPONSE] Status: 200 Message: Categories fetched successfully
[2025-04-08 16:31:51] [INFO] [REQUEST] GET /getUserdata
[2025-04-08 16:31:51] [INFO] [REQUEST] GET /admin/fetch-all-categories?page=1&limit=100
[2025-04-08 16:31:51] [INFO] [RESPONSE] Status: 200 Message: User details fetched successfully
[2025-04-08 16:31:51] [INFO] [REQUEST] GET /getUserdata
[2025-04-08 16:31:51] [INFO] [RESPONSE] Status: 200 Message: Categories fetched successfully
[2025-04-08 16:31:51] [INFO] [REQUEST] GET /admin/fetch-all-categories?page=1&limit=100
[2025-04-08 16:31:51] [INFO] [RESPONSE] Status: 200 Message: User details fetched successfully
[2025-04-08 16:31:51] [INFO] [REQUEST] GET /getUserdata
[2025-04-08 16:31:51] [INFO] [RESPONSE] Status: 200 Message: User details fetched successfully
[2025-04-08 16:31:51] [INFO] [RESPONSE] Status: 200 Message: Categories fetched successfully
[2025-04-08 16:31:51] [INFO] [REQUEST] GET /getUserdata
[2025-04-08 16:31:51] [INFO] [REQUEST] GET /admin/fetch-all-categories?page=1&limit=100
[2025-04-08 16:31:51] [INFO] [RESPONSE] Status: 200 Message: User details fetched successfully
[2025-04-08 16:31:51] [INFO] [REQUEST] GET /getUserdata
[2025-04-08 16:31:51] [INFO] [RESPONSE] Status: 200 Message: Categories fetched successfully
[2025-04-08 16:31:51] [INFO] [REQUEST] GET /admin/fetch-all-categories?page=1&limit=100
[2025-04-08 16:31:51] [INFO] [RESPONSE] Status: 200 Message: User details fetched successfully
[2025-04-08 16:31:51] [INFO] [REQUEST] GET /getUserdata
[2025-04-08 16:31:52] [INFO] [RESPONSE] Status: 200 Message: User details fetched successfully
[2025-04-08 16:31:52] [INFO] [RESPONSE] Status: 200 Message: Categories fetched successfully
[2025-04-08 16:31:52] [INFO] [REQUEST] GET /admin/fetch-all-categories?page=1&limit=100
[2025-04-08 16:31:52] [INFO] [RESPONSE] Status: 200 Message: Categories fetched successfully
[2025-04-08 16:31:52] [INFO] [REQUEST] GET /admin/fetch-all-categories?page=1&limit=100
[2025-04-08 16:31:52] [INFO] [RESPONSE] Status: 200 Message: Categories fetched successfully
[2025-04-08 16:31:52] [INFO] [REQUEST] GET /admin/fetch-all-categories?page=1&limit=100
[2025-04-08 16:31:52] [INFO] [RESPONSE] Status: 200 Message: Categories fetched successfully
[2025-04-08 16:31:52] [INFO] [REQUEST] GET /admin/fetch-all-categories?page=1&limit=100
[2025-04-08 16:31:52] [INFO] [REQUEST] GET /getUserdata
[2025-04-08 16:31:53] [INFO] [RESPONSE] Status: 200 Message: User details fetched successfully
[2025-04-08 16:31:53] [INFO] [RESPONSE] Status: 200 Message: Categories fetched successfully
[2025-04-08 16:31:53] [INFO] [REQUEST] GET /admin/fetch-all-categories?page=1&limit=100
[2025-04-08 16:31:53] [INFO] [REQUEST] GET /getUserdata
[2025-04-08 16:31:53] [INFO] [RESPONSE] Status: 200 Message: User details fetched successfully
[2025-04-08 16:31:54] [INFO] [RESPONSE] Status: 200 Message: Categories fetched successfully
[2025-04-08 16:31:54] [INFO] [REQUEST] GET /getUserdata
[2025-04-08 16:31:54] [INFO] [REQUEST] GET /admin/fetch-all-categories?page=1&limit=100
[2025-04-08 16:31:54] [INFO] [RESPONSE] Status: 200 Message: User details fetched successfully
[2025-04-08 16:31:54] [INFO] [REQUEST] GET /getUserdata
[2025-04-08 16:31:54] [INFO] [RESPONSE] Status: 200 Message: Categories fetched successfully
[2025-04-08 16:31:55] [INFO] [REQUEST] GET /admin/fetch-all-categories?page=1&limit=100
[2025-04-08 16:31:55] [INFO] [RESPONSE] Status: 200 Message: User details fetched successfully
[2025-04-08 16:31:55] [INFO] [REQUEST] GET /getUserdata
[2025-04-08 16:31:55] [INFO] [RESPONSE] Status: 200 Message: Categories fetched successfully
[2025-04-08 16:31:55] [INFO] [REQUEST] GET /admin/fetch-all-categories?page=1&limit=100
[2025-04-08 16:31:55] [INFO] [RESPONSE] Status: 200 Message: User details fetched successfully
[2025-04-08 16:31:55] [INFO] [REQUEST] GET /getUserdata
[2025-04-08 16:31:55] [INFO] [RESPONSE] Status: 200 Message: User details fetched successfully
[2025-04-08 16:31:55] [INFO] [REQUEST] GET /getUserdata
[2025-04-08 16:31:55] [INFO] [RESPONSE] Status: 200 Message: Categories fetched successfully
[2025-04-08 16:31:55] [INFO] [REQUEST] GET /admin/fetch-all-categories?page=1&limit=100
[2025-04-08 16:31:55] [INFO] [RESPONSE] Status: 200 Message: User details fetched successfully
[2025-04-08 16:31:55] [INFO] [REQUEST] GET /getUserdata
[2025-04-08 16:31:55] [INFO] [RESPONSE] Status: 200 Message: User details fetched successfully
[2025-04-08 16:31:55] [INFO] [REQUEST] GET /getUserdata
[2025-04-08 16:31:55] [INFO] [RESPONSE] Status: 200 Message: Categories fetched successfully
[2025-04-08 16:31:55] [INFO] [REQUEST] GET /admin/fetch-all-categories?page=1&limit=100
[2025-04-08 16:31:55] [INFO] [RESPONSE] Status: 200 Message: User details fetched successfully
[2025-04-08 16:31:55] [INFO] [REQUEST] GET /getUserdata
[2025-04-08 16:31:55] [INFO] [RESPONSE] Status: 200 Message: User details fetched successfully
[2025-04-08 16:31:55] [INFO] [REQUEST] GET /getUserdata
[2025-04-08 16:31:55] [INFO] [RESPONSE] Status: 200 Message: Categories fetched successfully
[2025-04-08 16:31:55] [INFO] [RESPONSE] Status: 200 Message: User details fetched successfully
[2025-04-08 16:31:55] [INFO] [REQUEST] GET /admin/fetch-all-categories?page=1&limit=100
[2025-04-08 16:31:55] [INFO] [REQUEST] GET /getUserdata
[2025-04-08 16:31:55] [INFO] [RESPONSE] Status: 200 Message: User details fetched successfully
[2025-04-08 16:31:55] [INFO] [REQUEST] GET /getUserdata
[2025-04-08 16:31:55] [INFO] [RESPONSE] Status: 200 Message: Categories fetched successfully
[2025-04-08 16:31:55] [INFO] [REQUEST] GET /admin/fetch-all-categories?page=1&limit=100
[2025-04-08 16:31:55] [INFO] [RESPONSE] Status: 200 Message: User details fetched successfully
[2025-04-08 16:31:55] [INFO] [REQUEST] GET /getUserdata
[2025-04-08 16:31:55] [INFO] [RESPONSE] Status: 200 Message: Categories fetched successfully
[2025-04-08 16:31:55] [INFO] [REQUEST] GET /admin/fetch-all-categories?page=1&limit=100
[2025-04-08 16:31:55] [INFO] [RESPONSE] Status: 200 Message: User details fetched successfully
[2025-04-08 16:31:55] [INFO] [REQUEST] GET /getUserdata
[2025-04-08 16:31:56] [INFO] [RESPONSE] Status: 200 Message: User details fetched successfully
[2025-04-08 16:31:56] [INFO] [RESPONSE] Status: 200 Message: Categories fetched successfully
[2025-04-08 16:31:56] [INFO] [REQUEST] GET /getUserdata
[2025-04-08 16:31:56] [INFO] [REQUEST] GET /admin/fetch-all-categories?page=1&limit=100
[2025-04-08 16:31:56] [INFO] [RESPONSE] Status: 200 Message: User details fetched successfully
[2025-04-08 16:31:56] [INFO] [REQUEST] GET /getUserdata
[2025-04-08 16:31:56] [INFO] [RESPONSE] Status: 200 Message: User details fetched successfully
[2025-04-08 16:31:56] [INFO] [RESPONSE] Status: 200 Message: Categories fetched successfully
[2025-04-08 16:31:56] [INFO] [REQUEST] GET /getUserdata
[2025-04-08 16:31:56] [INFO] [REQUEST] GET /admin/fetch-all-categories?page=1&limit=100
[2025-04-08 16:31:56] [INFO] [RESPONSE] Status: 200 Message: User details fetched successfully
[2025-04-08 16:31:56] [INFO] [REQUEST] GET /getUserdata
[2025-04-08 16:31:56] [INFO] [RESPONSE] Status: 200 Message: User details fetched successfully
[2025-04-08 16:31:56] [INFO] [REQUEST] GET /getUserdata
[2025-04-08 16:31:56] [INFO] [RESPONSE] Status: 200 Message: Categories fetched successfully
[2025-04-08 16:31:56] [INFO] [RESPONSE] Status: 200 Message: User details fetched successfully
[2025-04-08 16:31:56] [INFO] [REQUEST] GET /admin/fetch-all-categories?page=1&limit=100
[2025-04-08 16:31:56] [INFO] [REQUEST] GET /getUserdata
[2025-04-08 16:31:56] [INFO] [RESPONSE] Status: 200 Message: User details fetched successfully
[2025-04-08 16:31:56] [INFO] [REQUEST] GET /getUserdata
[2025-04-08 16:31:56] [INFO] [RESPONSE] Status: 200 Message: Categories fetched successfully
[2025-04-08 16:31:56] [INFO] [REQUEST] GET /admin/fetch-all-categories?page=1&limit=100
[2025-04-08 16:31:56] [INFO] [RESPONSE] Status: 200 Message: User details fetched successfully
[2025-04-08 16:31:56] [INFO] [REQUEST] GET /getUserdata
[2025-04-08 16:31:56] [INFO] [RESPONSE] Status: 200 Message: User details fetched successfully
[2025-04-08 16:31:56] [INFO] [RESPONSE] Status: 200 Message: Categories fetched successfully
[2025-04-08 16:31:56] [INFO] [REQUEST] GET /getUserdata
[2025-04-08 16:31:56] [INFO] [REQUEST] GET /admin/fetch-all-categories?page=1&limit=100
[2025-04-08 16:31:56] [INFO] [RESPONSE] Status: 200 Message: User details fetched successfully
[2025-04-08 16:31:56] [INFO] [REQUEST] GET /getUserdata
[2025-04-08 16:31:56] [INFO] [RESPONSE] Status: 200 Message: Categories fetched successfully
[2025-04-08 16:31:56] [INFO] [REQUEST] GET /admin/fetch-all-categories?page=1&limit=100
[2025-04-08 16:31:56] [INFO] [RESPONSE] Status: 200 Message: User details fetched successfully
[2025-04-08 16:31:56] [INFO] [REQUEST] GET /getUserdata
[2025-04-08 16:31:56] [INFO] [RESPONSE] Status: 200 Message: User details fetched successfully
[2025-04-08 16:31:56] [INFO] [RESPONSE] Status: 200 Message: Categories fetched successfully
[2025-04-08 16:31:56] [INFO] [REQUEST] GET /getUserdata
[2025-04-08 16:31:56] [INFO] [REQUEST] GET /admin/fetch-all-categories?page=1&limit=100
[2025-04-08 16:31:57] [INFO] [RESPONSE] Status: 200 Message: User details fetched successfully
[2025-04-08 16:31:57] [INFO] [REQUEST] GET /getUserdata
[2025-04-08 16:31:57] [INFO] [RESPONSE] Status: 200 Message: Categories fetched successfully
[2025-04-08 16:31:57] [INFO] [REQUEST] GET /admin/fetch-all-categories?page=1&limit=100
[2025-04-08 16:31:57] [INFO] [RESPONSE] Status: 200 Message: User details fetched successfully
[2025-04-08 16:31:57] [INFO] [REQUEST] GET /getUserdata
[2025-04-08 16:31:57] [INFO] [RESPONSE] Status: 200 Message: User details fetched successfully
[2025-04-08 16:31:57] [INFO] [REQUEST] GET /getUserdata
[2025-04-08 16:31:57] [INFO] [RESPONSE] Status: 200 Message: Categories fetched successfully
[2025-04-08 16:31:57] [INFO] [REQUEST] GET /admin/fetch-all-categories?page=1&limit=100
[2025-04-08 16:31:57] [INFO] [RESPONSE] Status: 200 Message: User details fetched successfully
[2025-04-08 16:31:57] [INFO] [REQUEST] GET /getUserdata
[2025-04-08 16:31:57] [INFO] [RESPONSE] Status: 200 Message: User details fetched successfully
[2025-04-08 16:31:57] [INFO] [RESPONSE] Status: 200 Message: Categories fetched successfully
[2025-04-08 16:31:57] [INFO] [REQUEST] GET /admin/fetch-all-categories?page=1&limit=100
[2025-04-08 16:31:57] [INFO] [RESPONSE] Status: 200 Message: Categories fetched successfully
[2025-04-08 16:31:57] [INFO] [REQUEST] GET /admin/fetch-all-categories?page=1&limit=100
[2025-04-08 16:31:57] [INFO] [RESPONSE] Status: 200 Message: Categories fetched successfully
[2025-04-08 16:31:57] [INFO] [REQUEST] GET /admin/fetch-all-categories?page=1&limit=100
[2025-04-08 16:31:57] [INFO] [RESPONSE] Status: 200 Message: Categories fetched successfully
[2025-04-08 16:31:57] [INFO] [REQUEST] GET /admin/fetch-all-categories?page=1&limit=100
[2025-04-08 16:31:57] [INFO] [REQUEST] GET /getUserdata
[2025-04-08 16:31:57] [INFO] [RESPONSE] Status: 200 Message: User details fetched successfully
[2025-04-08 16:31:57] [INFO] [RESPONSE] Status: 200 Message: Categories fetched successfully
[2025-04-08 16:31:57] [INFO] [REQUEST] GET /admin/fetch-all-categories?page=1&limit=100
[2025-04-08 16:31:57] [INFO] [RESPONSE] Status: 200 Message: Categories fetched successfully
[2025-04-08 16:31:57] [INFO] [REQUEST] GET /admin/fetch-all-categories?page=1&limit=100
[2025-04-08 16:31:57] [INFO] [RESPONSE] Status: 200 Message: Categories fetched successfully
[2025-04-08 16:31:57] [INFO] [REQUEST] GET /admin/fetch-all-categories?page=1&limit=100
[2025-04-08 16:31:57] [INFO] [RESPONSE] Status: 200 Message: Categories fetched successfully
[2025-04-08 16:31:57] [INFO] [REQUEST] GET /admin/fetch-all-categories?page=1&limit=100
[2025-04-08 16:31:58] [INFO] [RESPONSE] Status: 200 Message: Categories fetched successfully
[2025-04-08 16:31:58] [INFO] [REQUEST] GET /admin/fetch-all-categories?page=1&limit=100
[2025-04-08 16:31:58] [INFO] [RESPONSE] Status: 200 Message: Categories fetched successfully
[2025-04-08 16:31:58] [INFO] [REQUEST] GET /admin/fetch-all-categories?page=1&limit=100
[2025-04-08 16:31:58] [INFO] [RESPONSE] Status: 200 Message: Categories fetched successfully
[2025-04-08 16:31:58] [INFO] [REQUEST] GET /admin/fetch-all-categories?page=1&limit=100
[2025-04-08 16:31:58] [INFO] [RESPONSE] Status: 200 Message: Categories fetched successfully
[2025-04-08 16:31:58] [INFO] [REQUEST] GET /admin/fetch-all-categories?page=1&limit=100
[2025-04-08 16:31:58] [INFO] [RESPONSE] Status: 200 Message: Categories fetched successfully
[2025-04-08 16:31:58] [INFO] [REQUEST] GET /admin/fetch-all-categories?page=1&limit=100
[2025-04-08 16:31:58] [INFO] [RESPONSE] Status: 200 Message: Categories fetched successfully
[2025-04-08 16:32:04] [INFO] [REQUEST] GET /admin/fetch-all-categories?page=1&limit=100
[2025-04-08 16:32:04] [INFO] [REQUEST] GET /getUserdata
[2025-04-08 16:32:04] [INFO] [RESPONSE] Status: 200 Message: User details fetched successfully
[2025-04-08 16:32:04] [INFO] [RESPONSE] Status: 200 Message: Categories fetched successfully
[2025-04-08 16:32:17] [INFO] [REQUEST] GET /admin/fetch-all-categories?page=1&limit=100
[2025-04-08 16:32:17] [INFO] [REQUEST] GET /getUserdata
[2025-04-08 16:32:17] [INFO] [RESPONSE] Status: 200 Message: User details fetched successfully
[2025-04-08 16:32:17] [INFO] [REQUEST] GET /getUserdata
[2025-04-08 16:32:17] [INFO] [RESPONSE] Status: 200 Message: Categories fetched successfully
[2025-04-08 16:32:17] [INFO] [REQUEST] GET /admin/fetch-all-categories?page=1&limit=100
[2025-04-08 16:32:17] [INFO] [RESPONSE] Status: 200 Message: User details fetched successfully
[2025-04-08 16:32:17] [INFO] [RESPONSE] Status: 200 Message: Categories fetched successfully
[2025-04-08 16:32:19] [INFO] [REQUEST] GET /admin/fetch-all-categories?page=1&limit=100
[2025-04-08 16:32:19] [INFO] [REQUEST] GET /getUserdata
[2025-04-08 16:32:19] [INFO] [RESPONSE] Status: 200 Message: User details fetched successfully
[2025-04-08 16:32:19] [INFO] [RESPONSE] Status: 200 Message: Categories fetched successfully
[2025-04-08 16:32:19] [INFO] [REQUEST] GET /getUserdata
[2025-04-08 16:32:20] [INFO] [RESPONSE] Status: 200 Message: User details fetched successfully
[2025-04-08 16:32:42] [INFO] [REQUEST] POST /instructor/create-course
[2025-04-08 16:32:44] [INFO] [RESPONSE] Status: 201 Message: Course created successfully.
[2025-04-08 16:32:44] [INFO] [REQUEST] GET /getUserdata
[2025-04-08 16:32:44] [INFO] [REQUEST] GET /instructor/courses?page=1&limit=6&search=
[2025-04-08 16:32:44] [INFO] [RESPONSE] Status: 200 Message: User details fetched successfully
[2025-04-08 16:32:44] [INFO] [RESPONSE] Status: 200 Message: Courses fetched successfully.
[2025-04-08 16:33:25] [INFO] [REQUEST] OPTIONS /instructor/courses/67f50254452dd86716092a5b
[2025-04-08 16:33:25] [INFO] [REQUEST] PUT /instructor/courses/67f50254452dd86716092a5b
[2025-04-08 16:33:27] [INFO] [RESPONSE] Status: 200 Message: Course updated successfully.
[2025-04-08 16:45:18] [INFO] [REQUEST] OPTIONS /instructor/courses/67f50254452dd86716092a5b
[2025-04-08 16:45:18] [INFO] [REQUEST] PUT /instructor/courses/67f50254452dd86716092a5b
[2025-04-08 16:45:19] [INFO] [RESPONSE] Status: 200 Message: Course updated successfully.
[2025-04-08 16:45:44] [INFO] [REQUEST] OPTIONS /instructor/courses/67f50254452dd86716092a5b
[2025-04-08 16:45:44] [INFO] [REQUEST] PUT /instructor/courses/67f50254452dd86716092a5b
[2025-04-08 16:45:44] [INFO] [RESPONSE] Status: 200 Message: Course updated successfully.
[2025-04-08 16:45:56] [INFO] [REQUEST] GET /courses/67f50254452dd86716092a5b
[2025-04-08 16:45:57] [INFO] [RESPONSE] Status: 200 Message: Course fetched successfully.
[2025-04-08 17:18:46] [INFO] [REQUEST] OPTIONS /instructor/courses/67f50254452dd86716092a5b
[2025-04-08 17:18:47] [INFO] [REQUEST] PUT /instructor/courses/67f50254452dd86716092a5b
[2025-04-08 17:18:49] [INFO] [RESPONSE] Status: 200 Message: Course updated successfully.
[2025-04-08 17:19:18] [INFO] [REQUEST] OPTIONS /instructor/courses/67f50254452dd86716092a5b
[2025-04-08 17:19:18] [INFO] [REQUEST] PUT /instructor/courses/67f50254452dd86716092a5b
[2025-04-08 17:19:21] [INFO] [RESPONSE] Status: 200 Message: Course updated successfully.
[2025-04-08 17:20:54] [INFO] [REQUEST] OPTIONS /instructor/courses/67f50254452dd86716092a5b
[2025-04-08 17:20:54] [INFO] [REQUEST] PUT /instructor/courses/67f50254452dd86716092a5b
[2025-04-08 17:20:55] [INFO] [RESPONSE] Status: 200 Message: Course updated successfully.
[2025-04-08 17:23:00] [INFO] [REQUEST] OPTIONS /instructor/courses/67f50254452dd86716092a5b
[2025-04-08 17:23:00] [INFO] [REQUEST] PUT /instructor/courses/67f50254452dd86716092a5b
[2025-04-08 17:23:02] [INFO] [RESPONSE] Status: 200 Message: Course updated successfully.
[2025-04-08 17:24:18] [INFO] [REQUEST] OPTIONS /instructor/courses/67f50254452dd86716092a5b
[2025-04-08 17:24:18] [INFO] [REQUEST] PUT /instructor/courses/67f50254452dd86716092a5b
[2025-04-08 17:24:19] [INFO] [RESPONSE] Status: 200 Message: Course updated successfully.
[2025-04-08 17:24:19] [INFO] [REQUEST] PUT /instructor/courses/67f50254452dd86716092a5b
[2025-04-08 17:24:20] [INFO] [RESPONSE] Status: 200 Message: Course updated successfully.
[2025-04-08 17:28:25] [INFO] [REQUEST] GET /courses/67f50254452dd86716092a5b
[2025-04-08 17:28:25] [INFO] [RESPONSE] Status: 200 Message: Course fetched successfully.
[2025-04-08 17:29:11] [INFO] [REQUEST] OPTIONS /instructor/courses/67f50254452dd86716092a5b
[2025-04-08 17:29:11] [INFO] [REQUEST] PUT /instructor/courses/67f50254452dd86716092a5b
[2025-04-08 17:29:13] [INFO] [RESPONSE] Status: 200 Message: Course updated successfully.
[2025-04-08 17:29:19] [INFO] [REQUEST] OPTIONS /instructor/courses/67f50254452dd86716092a5b
[2025-04-08 17:29:19] [INFO] [REQUEST] PUT /instructor/courses/67f50254452dd86716092a5b
[2025-04-08 17:29:20] [INFO] [RESPONSE] Status: 200 Message: Course updated successfully.
[2025-04-08 17:29:24] [INFO] [REQUEST] GET /courses/67f50254452dd86716092a5b
[2025-04-08 17:29:24] [INFO] [RESPONSE] Status: 200 Message: Course fetched successfully.
[2025-04-08 17:29:36] [INFO] [REQUEST] OPTIONS /instructor/courses/67f50254452dd86716092a5b
[2025-04-08 17:29:36] [INFO] [REQUEST] PUT /instructor/courses/67f50254452dd86716092a5b
[2025-04-08 17:29:37] [INFO] [RESPONSE] Status: 200 Message: Course updated successfully.
[2025-04-08 17:30:04] [INFO] [REQUEST] OPTIONS /instructor/courses/67f50254452dd86716092a5b
[2025-04-08 17:30:04] [INFO] [REQUEST] PUT /instructor/courses/67f50254452dd86716092a5b
[2025-04-08 17:30:06] [INFO] [RESPONSE] Status: 200 Message: Course updated successfully.
[2025-04-08 17:30:22] [INFO] [REQUEST] OPTIONS /instructor/courses/67f50254452dd86716092a5b
[2025-04-08 17:30:22] [INFO] [REQUEST] PUT /instructor/courses/67f50254452dd86716092a5b
[2025-04-08 17:30:31] [INFO] [RESPONSE] Status: 200 Message: Course updated successfully.
[2025-04-08 17:30:53] [INFO] [REQUEST] OPTIONS /instructor/courses/67f50254452dd86716092a5b
[2025-04-08 17:30:53] [INFO] [REQUEST] PUT /instructor/courses/67f50254452dd86716092a5b
[2025-04-08 17:30:53] [INFO] [RESPONSE] Status: 200 Message: Course updated successfully.
[2025-04-08 17:34:47] [INFO] [REQUEST] OPTIONS /instructor/courses/67f50254452dd86716092a5b
[2025-04-08 17:34:47] [INFO] [REQUEST] PUT /instructor/courses/67f50254452dd86716092a5b
[2025-04-08 17:34:48] [INFO] [RESPONSE] Status: 200 Message: Course updated successfully.
[2025-04-08 17:48:24] [INFO] [REQUEST] GET /getUserdata
[2025-04-08 17:48:24] [INFO] [RESPONSE] Status: 200 Message: User details fetched successfully
[2025-04-08 17:48:25] [INFO] [REQUEST] GET /getUserdata
[2025-04-08 17:48:25] [INFO] [REQUEST] GET /instructor/courses?page=1&limit=6&search=
[2025-04-08 17:48:25] [INFO] [RESPONSE] Status: 200 Message: User details fetched successfully
[2025-04-08 17:48:25] [INFO] [RESPONSE] Status: 200 Message: Courses fetched successfully.
[2025-04-08 17:48:32] [INFO] [REQUEST] GET /getUserdata
[2025-04-08 17:48:32] [INFO] [REQUEST] GET /instructor/courses?page=1&limit=6&search=
[2025-04-08 17:48:32] [INFO] [RESPONSE] Status: 200 Message: User details fetched successfully
[2025-04-08 17:48:32] [INFO] [RESPONSE] Status: 200 Message: Courses fetched successfully.
[2025-04-08 17:48:37] [INFO] [REQUEST] GET /getUserdata
[2025-04-08 17:48:37] [INFO] [REQUEST] GET /instructor/courses?page=1&limit=6&search=
[2025-04-08 17:48:37] [INFO] [RESPONSE] Status: 200 Message: User details fetched successfully
[2025-04-08 17:48:37] [INFO] [RESPONSE] Status: 200 Message: Courses fetched successfully.
[2025-04-08 17:48:42] [INFO] [REQUEST] OPTIONS /logout
[2025-04-08 17:48:42] [INFO] [REQUEST] POST /logout
[2025-04-08 17:48:42] [INFO] [RESPONSE] Status: 200 Message: User logged out successfully
[2025-04-08 17:48:54] [INFO] [REQUEST] OPTIONS /login
[2025-04-08 17:48:54] [INFO] [REQUEST] POST /login
[2025-04-08 17:48:54] [INFO] [RESPONSE] Status: 200 Message: Login successful.
[2025-04-08 17:48:57] [INFO] [REQUEST] GET /active-courses?page=1&limit=10&sortField=updatedAt&sortOrder=desc
[2025-04-08 17:48:58] [INFO] [RESPONSE] Status: 200 Message: Active courses fetched successfully.
[2025-04-08 17:48:59] [INFO] [REQUEST] GET /courses/67f50254452dd86716092a5b
[2025-04-08 17:48:59] [INFO] [REQUEST] GET /student/check-enrollment/67f50254452dd86716092a5b
[2025-04-08 17:48:59] [INFO] [RESPONSE] Status: 200 Message: Course fetched successfully.
[2025-04-08 17:48:59] [INFO] [RESPONSE] Status: 200 Message: User is not enrolled in this course
[2025-04-08 17:49:09] [INFO] [REQUEST] OPTIONS /student/enroll-course
[2025-04-08 17:49:10] [INFO] [REQUEST] POST /student/enroll-course
[2025-04-08 17:49:10] [INFO] [RESPONSE] Status: 200 Message: Successfully enrolled in the free course
[2025-04-08 17:49:17] [INFO] [REQUEST] GET /student/enrollments
[2025-04-08 17:49:17] [INFO] [RESPONSE] Status: 200 Message: Enrollments fetched successfully
[2025-04-08 17:49:20] [INFO] [REQUEST] GET /courses/67f50254452dd86716092a5b
[2025-04-08 17:49:20] [INFO] [RESPONSE] Status: 200 Message: Course fetched successfully.
[2025-04-08 18:01:20] [INFO] [REQUEST] GET /student/enrollments
[2025-04-08 18:01:21] [INFO] [RESPONSE] Status: 200 Message: Enrollments fetched successfully
[2025-04-08 18:01:25] [INFO] [REQUEST] GET /courses/67f50254452dd86716092a5b
[2025-04-08 18:01:25] [INFO] [RESPONSE] Status: 200 Message: Course fetched successfully.
[2025-04-08 18:42:10] [INFO] [REQUEST] GET /active-courses?page=1&limit=100
[2025-04-08 18:42:10] [INFO] [REQUEST] GET /student/payment-history?userId=some-user-id&page=1&limit=5&search=&sortField=createdAt&sortOrder=desc
[2025-04-08 18:42:11] [INFO] [RESPONSE] Status: 200 Message: Payments retrieved successfully
[2025-04-08 18:42:11] [INFO] [RESPONSE] Status: 200 Message: Active courses fetched successfully.
[2025-04-08 18:43:25] [INFO] [REQUEST] GET /active-courses?page=1&limit=10&sortField=updatedAt&sortOrder=desc
[2025-04-08 18:43:25] [INFO] [RESPONSE] Status: 200 Message: Active courses fetched successfully.
[2025-04-08 18:43:29] [INFO] [REQUEST] GET /courses/67f50254452dd86716092a5b
[2025-04-08 18:43:29] [INFO] [REQUEST] GET /student/check-enrollment/67f50254452dd86716092a5b
[2025-04-08 18:43:29] [INFO] [RESPONSE] Status: 200 Message: Course fetched successfully.
[2025-04-08 18:43:29] [INFO] [RESPONSE] Status: 200 Message: User is enrolled in this course
[2025-04-08 18:43:39] [INFO] [REQUEST] GET /student/enrollments
[2025-04-08 18:43:39] [INFO] [RESPONSE] Status: 200 Message: Enrollments fetched successfully
[2025-04-08 18:43:43] [INFO] [REQUEST] GET /courses/67f50254452dd86716092a5b
[2025-04-08 18:43:43] [INFO] [RESPONSE] Status: 200 Message: Course fetched successfully.
[2025-04-08 19:01:03] [INFO] [REQUEST] GET /courses/67f50254452dd86716092a5b
[2025-04-08 19:01:03] [INFO] [RESPONSE] Status: 200 Message: Course fetched successfully.
[2025-04-08 19:03:50] [INFO] [REQUEST] GET /courses/67f50254452dd86716092a5b
[2025-04-08 19:03:50] [INFO] [RESPONSE] Status: 200 Message: Course fetched successfully.
[2025-04-08 19:04:15] [INFO] [REQUEST] GET /courses/67f50254452dd86716092a5b
[2025-04-08 19:04:16] [INFO] [RESPONSE] Status: 200 Message: Course fetched successfully.
[2025-04-08 19:04:20] [INFO] [REQUEST] GET /courses/67f50254452dd86716092a5b
[2025-04-08 19:04:21] [INFO] [RESPONSE] Status: 200 Message: Course fetched successfully.
[2025-04-08 19:06:15] [INFO] [REQUEST] GET /courses/67f50254452dd86716092a5b
[2025-04-08 19:06:16] [INFO] [RESPONSE] Status: 200 Message: Course fetched successfully.
[2025-04-08 19:06:21] [INFO] [REQUEST] GET /courses/67f50254452dd86716092a5b
[2025-04-08 19:06:21] [INFO] [RESPONSE] Status: 200 Message: Course fetched successfully.
[2025-04-08 19:06:40] [INFO] [REQUEST] GET /courses/67f50254452dd86716092a5b
[2025-04-08 19:06:40] [INFO] [RESPONSE] Status: 200 Message: Course fetched successfully.
[2025-04-08 22:14:35] [INFO] [REQUEST] GET /courses/67f50254452dd86716092a5b
[2025-04-08 22:14:36] [INFO] [RESPONSE] Status: 200 Message: Course fetched successfully.
[2025-04-08 22:14:54] [INFO] [REQUEST] OPTIONS /review
[2025-04-08 22:14:54] [INFO] [REQUEST] POST /review
[2025-04-08 22:14:54] [INFO] [RESPONSE] Status: 404 Message: The requested URL not found on this server
[2025-04-08 22:15:41] [INFO] [REQUEST] GET /courses/67f50254452dd86716092a5b
[2025-04-08 22:15:41] [INFO] [RESPONSE] Status: 200 Message: Course fetched successfully.
[2025-04-08 22:15:45] [INFO] [REQUEST] GET /courses/67f50254452dd86716092a5b
[2025-04-08 22:15:45] [INFO] [RESPONSE] Status: 200 Message: Course fetched successfully.
[2025-04-08 22:16:11] [INFO] [REQUEST] OPTIONS /reviews
[2025-04-08 22:16:11] [INFO] [REQUEST] POST /reviews
[2025-04-08 22:16:11] [INFO] [RESPONSE] Status: 404 Message: The requested URL not found on this server
[2025-04-08 22:16:29] [INFO] [REQUEST] GET /courses/67f50254452dd86716092a5b
[2025-04-08 22:16:29] [INFO] [RESPONSE] Status: 200 Message: Course fetched successfully.
[2025-04-08 22:16:32] [INFO] [REQUEST] GET /courses/67f50254452dd86716092a5b
[2025-04-08 22:16:32] [INFO] [RESPONSE] Status: 200 Message: Course fetched successfully.
[2025-04-08 22:16:40] [INFO] [REQUEST] OPTIONS /student/reviews
[2025-04-08 22:16:40] [INFO] [REQUEST] POST /student/reviews
[2025-04-08 22:16:40] [INFO] [RESPONSE] Status: 400 Message: Failed to add review. Please try again.
[2025-04-08 22:21:46] [INFO] [REQUEST] GET /courses/67f50254452dd86716092a5b
[2025-04-08 22:21:48] [INFO] [RESPONSE] Status: 200 Message: Course fetched successfully.
[2025-04-08 22:21:55] [INFO] [REQUEST] OPTIONS /student/reviews
[2025-04-08 22:21:55] [INFO] [REQUEST] POST /student/reviews
[2025-04-08 22:21:55] [INFO] [RESPONSE] Status: 400 Message: Course ID is required to submit a review.
[2025-04-08 22:26:31] [INFO] [REQUEST] GET /courses/67f50254452dd86716092a5b
[2025-04-08 22:26:32] [INFO] [RESPONSE] Status: 200 Message: Course fetched successfully.
[2025-04-08 22:27:05] [INFO] [REQUEST] GET /courses/67f50254452dd86716092a5b
[2025-04-08 22:27:05] [INFO] [RESPONSE] Status: 200 Message: Course fetched successfully.
[2025-04-08 22:27:11] [INFO] [REQUEST] GET /courses/67f50254452dd86716092a5b
[2025-04-08 22:27:11] [INFO] [RESPONSE] Status: 200 Message: Course fetched successfully.
[2025-04-08 22:28:25] [INFO] [REQUEST] GET /courses/67f50254452dd86716092a5b
[2025-04-08 22:28:25] [INFO] [RESPONSE] Status: 200 Message: Course fetched successfully.
[2025-04-08 22:28:32] [INFO] [REQUEST] OPTIONS /student/reviews
[2025-04-08 22:28:32] [INFO] [REQUEST] POST /student/reviews
[2025-04-08 22:28:32] [INFO] [RESPONSE] Status: 400 Message: You have already reviewed this course.
[2025-04-08 22:29:41] [INFO] [REQUEST] GET /courses/67f50254452dd86716092a5b
[2025-04-08 22:29:42] [INFO] [RESPONSE] Status: 200 Message: Course fetched successfully.
[2025-04-08 22:29:49] [INFO] [REQUEST] OPTIONS /student/reviews
[2025-04-08 22:29:49] [INFO] [REQUEST] POST /student/reviews
[2025-04-08 22:29:49] [INFO] [RESPONSE] Status: 400 Message: You have already reviewed this course.
[2025-04-08 22:29:56] [INFO] [REQUEST] GET /student/enrollments
[2025-04-08 22:29:57] [INFO] [RESPONSE] Status: 200 Message: Enrollments fetched successfully
[2025-04-08 22:30:04] [INFO] [REQUEST] GET /courses/67f4fb45452dd86716092932
[2025-04-08 22:30:04] [INFO] [RESPONSE] Status: 200 Message: Course fetched successfully.
[2025-04-08 22:30:09] [INFO] [REQUEST] OPTIONS /student/reviews
[2025-04-08 22:30:09] [INFO] [REQUEST] POST /student/reviews
[2025-04-08 22:30:10] [INFO] [RESPONSE] Status: 400 Message: You have already reviewed this course.
[2025-04-08 22:33:46] [INFO] [REQUEST] GET /courses/67f4fb45452dd86716092932
[2025-04-08 22:33:47] [INFO] [RESPONSE] Status: 200 Message: Course fetched successfully.
[2025-04-08 22:33:54] [INFO] [REQUEST] OPTIONS /student/reviews
[2025-04-08 22:33:54] [INFO] [REQUEST] POST /student/reviews
[2025-04-08 22:33:55] [INFO] [RESPONSE] Status: 200 Message: Review added successfully.
[2025-04-08 22:34:33] [INFO] [REQUEST] GET /courses/67f4fb45452dd86716092932
[2025-04-08 22:34:33] [INFO] [RESPONSE] Status: 200 Message: Course fetched successfully.
[2025-04-08 22:34:40] [INFO] [REQUEST] OPTIONS /student/reviews
[2025-04-08 22:34:41] [INFO] [REQUEST] POST /student/reviews
[2025-04-08 22:34:41] [INFO] [RESPONSE] Status: 400 Message: You have already reviewed this course.
[2025-04-08 22:34:48] [INFO] [REQUEST] GET /courses/67f4fb45452dd86716092932
[2025-04-08 22:34:49] [INFO] [RESPONSE] Status: 200 Message: Course fetched successfully.
[2025-04-08 22:35:25] [INFO] [REQUEST] GET /active-courses?page=1&limit=10&sortField=updatedAt&sortOrder=desc
[2025-04-08 22:35:26] [INFO] [RESPONSE] Status: 200 Message: Active courses fetched successfully.
[2025-04-08 22:35:36] [INFO] [REQUEST] GET /courses/67f50254452dd86716092a5b
[2025-04-08 22:35:36] [INFO] [REQUEST] GET /student/check-enrollment/67f50254452dd86716092a5b
[2025-04-08 22:35:37] [INFO] [RESPONSE] Status: 200 Message: Course fetched successfully.
[2025-04-08 22:35:37] [INFO] [RESPONSE] Status: 200 Message: User is enrolled in this course
[2025-04-08 22:35:48] [INFO] [REQUEST] GET /courses/67f50254452dd86716092a5b
[2025-04-08 22:35:48] [INFO] [REQUEST] GET /student/check-enrollment/67f50254452dd86716092a5b
[2025-04-08 22:35:49] [INFO] [RESPONSE] Status: 200 Message: Course fetched successfully.
[2025-04-08 22:35:49] [INFO] [RESPONSE] Status: 200 Message: User is enrolled in this course
[2025-04-08 22:35:58] [INFO] [REQUEST] GET /active-courses?page=1&limit=10&sortField=updatedAt&sortOrder=desc
[2025-04-08 22:35:59] [INFO] [RESPONSE] Status: 200 Message: Active courses fetched successfully.
[2025-04-08 22:43:34] [INFO] [REQUEST] GET /active-courses?page=1&limit=10&sortField=updatedAt&sortOrder=desc
[2025-04-08 22:43:35] [INFO] [RESPONSE] Status: 200 Message: Active courses fetched successfully.
[2025-04-08 22:46:45] [INFO] [REQUEST] GET /active-courses?page=1&limit=10&sortField=updatedAt&sortOrder=desc
[2025-04-08 22:46:47] [INFO] [RESPONSE] Status: 200 Message: Active courses fetched successfully.
[2025-04-08 22:47:02] [INFO] [REQUEST] GET /active-courses?page=1&limit=10&sortField=updatedAt&sortOrder=desc
[2025-04-08 22:47:03] [INFO] [RESPONSE] Status: 200 Message: Active courses fetched successfully.
[2025-04-08 22:48:58] [INFO] [REQUEST] GET /active-courses?page=1&limit=10&sortField=updatedAt&sortOrder=desc
[2025-04-08 22:48:58] [INFO] [RESPONSE] Status: 200 Message: Active courses fetched successfully.
[2025-04-08 22:52:16] [INFO] [REQUEST] GET /active-courses?page=1&limit=10&sortField=updatedAt&sortOrder=desc
[2025-04-08 22:52:17] [INFO] [RESPONSE] Status: 200 Message: Active courses fetched successfully.
