[2025-03-21 09:58:35] [INFO] [REQUEST] GET /admin/fetchAllInstructors?page=1&limit=10
[2025-03-21 09:58:35] [INFO] [RESPONSE] Status: 401 Message: Unauthorized: No token provided
[2025-03-21 09:58:35] [INFO] [REQUEST] POST /refresh-token
[2025-03-21 09:58:35] [INFO] [RESPONSE] Status: 401 Message: No refresh token provided.
[2025-03-21 10:26:00] [INFO] [REQUEST] GET /getUserdata
[2025-03-21 10:26:00] [INFO] [RESPONSE] Status: 200 Message: User details fetched successfully
[2025-03-21 10:26:04] [INFO] [REQUEST] GET /getUserdata
[2025-03-21 10:26:04] [INFO] [RESPONSE] Status: 200 Message: User details fetched successfully
[2025-03-21 11:41:03] [INFO] [REQUEST] GET /getUserdata
[2025-03-21 11:41:03] [INFO] [RESPONSE] Status: 401 Message: Unauthorized: No token provided
[2025-03-21 11:41:03] [INFO] [RESPONSE] Status: 401 Message: Unauthorized: Invalid token
[2025-03-21 11:41:03] [INFO] [REQUEST] POST /refresh-token
[2025-03-21 11:41:03] [INFO] [RESPONSE] Status: 401 Message: No refresh token provided.
[2025-03-21 11:41:14] [INFO] [REQUEST] OPTIONS /google-auth
[2025-03-21 11:41:15] [INFO] [REQUEST] POST /google-auth
[2025-03-21 11:41:15] [INFO] [RESPONSE] Status: 200 Message: Google authentication successful
[2025-03-21 11:41:17] [INFO] [REQUEST] GET /getUserdata
[2025-03-21 11:41:18] [INFO] [RESPONSE] Status: 200 Message: User details fetched successfully
[2025-03-21 13:34:40] [INFO] [REQUEST] GET /getUserdata
[2025-03-21 13:34:40] [INFO] [RESPONSE] Status: 200 Message: User details fetched successfully
[2025-03-21 13:35:07] [INFO] [REQUEST] OPTIONS /instructor-profile
[2025-03-21 13:35:07] [INFO] [REQUEST] PUT /instructor-profile
[2025-03-21 13:35:09] [INFO] [RESPONSE] Status: 200 Message: Instructor profile updated successfully.
[2025-03-21 13:35:30] [INFO] [REQUEST] OPTIONS /logout
[2025-03-21 13:35:30] [INFO] [REQUEST] POST /logout
[2025-03-21 13:35:30] [INFO] [RESPONSE] Status: 200 Message: User logged out successfully
[2025-03-21 13:35:37] [INFO] [REQUEST] OPTIONS /google-auth
[2025-03-21 13:35:37] [INFO] [REQUEST] POST /google-auth
[2025-03-21 13:35:38] [INFO] [RESPONSE] Status: 200 Message: Google authentication successful
[2025-03-21 13:41:46] [INFO] [REQUEST] GET /getUserdata
[2025-03-21 13:41:46] [INFO] [RESPONSE] Status: 200 Message: User details fetched successfully
[2025-03-21 15:47:54] [INFO] [REQUEST] GET /getUserdata
[2025-03-21 15:47:55] [INFO] [RESPONSE] Status: 200 Message: User details fetched successfully
[2025-03-21 16:04:59] [INFO] [REQUEST] POST /instructor/courses
[2025-03-21 16:04:59] [INFO] [RESPONSE] Status: 404 Message: The requested URL not found on this server
[2025-03-21 16:48:08] [INFO] [REQUEST] POST /instructor/create-course
[2025-03-21 16:48:08] [INFO] [RESPONSE] Status: 404 Message: The requested URL not found on this server
[2025-03-21 16:52:52] [INFO] [REQUEST] POST /instructor/create-course
[2025-03-21 16:52:52] [INFO] [RESPONSE] Status: 404 Message: The requested URL not found on this server
[2025-03-21 16:54:01] [INFO] [REQUEST] POST /instructor/create-course
[2025-03-21 16:54:01] [INFO] [RESPONSE] Status: 404 Message: The requested URL not found on this server
[2025-03-21 16:59:02] [INFO] [REQUEST] POST /instructor/create-course
[2025-03-21 17:03:58] [INFO] [REQUEST] POST /instructor/create-course
[2025-03-21 17:05:07] [INFO] [REQUEST] POST /instructor/create-course
[2025-03-21 17:16:18] [INFO] [REQUEST] POST /instructor/create-course
[2025-03-21 17:20:17] [INFO] [REQUEST] POST /instructor/create-course
[2025-03-21 17:20:19] [INFO] [RESPONSE] Status: 500 Message: The bucket does not allow ACLs
[2025-03-21 18:33:12] [INFO] [REQUEST] POST /instructor/create-course
[2025-03-21 18:33:15] [INFO] [RESPONSE] Status: 400 Message: An error occurred while creating the course.
[2025-03-21 19:55:31] [INFO] [REQUEST] GET /admin/fetch-all-categories?page=1&limit=100
[2025-03-21 19:55:31] [INFO] [RESPONSE] Status: 401 Message: Unauthorized: No token provided
[2025-03-21 19:55:31] [INFO] [REQUEST] POST /refresh-token
[2025-03-21 19:55:32] [INFO] [RESPONSE] Status: 401 Message: No refresh token provided.
[2025-03-21 21:22:23] [INFO] [REQUEST] GET /getUserdata
[2025-03-21 21:22:24] [INFO] [RESPONSE] Status: 200 Message: User details fetched successfully
[2025-03-21 21:22:31] [INFO] [REQUEST] GET /admin/fetch-all-categories?page=1&limit=100
[2025-03-21 21:22:31] [INFO] [RESPONSE] Status: 401 Message: Unauthorized: No token provided
[2025-03-21 21:22:32] [INFO] [REQUEST] POST /refresh-token
[2025-03-21 21:22:32] [INFO] [RESPONSE] Status: 401 Message: No refresh token provided.
[2025-03-21 21:22:36] [INFO] [REQUEST] GET /getUserdata
[2025-03-21 21:22:36] [INFO] [RESPONSE] Status: 200 Message: User details fetched successfully
[2025-03-21 21:22:40] [INFO] [REQUEST] GET /admin/fetch-all-categories?page=1&limit=100
[2025-03-21 21:22:40] [INFO] [RESPONSE] Status: 401 Message: Unauthorized: No token provided
[2025-03-21 21:22:40] [INFO] [REQUEST] POST /refresh-token
[2025-03-21 21:22:40] [INFO] [RESPONSE] Status: 401 Message: No refresh token provided.
[2025-03-21 21:33:04] [INFO] [REQUEST] OPTIONS /google-auth
[2025-03-21 21:33:04] [INFO] [REQUEST] POST /google-auth
[2025-03-21 21:33:05] [INFO] [RESPONSE] Status: 200 Message: Google authentication successful
[2025-03-21 21:33:07] [INFO] [REQUEST] GET /getUserdata
[2025-03-21 21:33:08] [INFO] [RESPONSE] Status: 200 Message: User details fetched successfully
[2025-03-21 21:33:11] [INFO] [REQUEST] GET /admin/fetch-all-categories?page=1&limit=100
[2025-03-21 21:33:11] [INFO] [RESPONSE] Status: 200 Message: Categories fetched successfully
[2025-03-21 21:34:23] [INFO] [REQUEST] POST /instructor/create-course
[2025-03-21 21:34:30] [INFO] [RESPONSE] Status: 201 Message: Course created successfully.
[2025-03-21 21:38:19] [INFO] [REQUEST] GET /admin/fetch-all-categories?page=1&limit=100
[2025-03-21 21:38:19] [INFO] [RESPONSE] Status: 200 Message: Categories fetched successfully
[2025-03-21 21:39:41] [INFO] [REQUEST] GET /admin/fetch-all-categories?page=1&limit=100
[2025-03-21 21:39:41] [INFO] [RESPONSE] Status: 200 Message: Categories fetched successfully
[2025-03-21 21:39:50] [INFO] [REQUEST] GET /getUserdata
[2025-03-21 21:39:50] [INFO] [RESPONSE] Status: 200 Message: User details fetched successfully
[2025-03-21 21:39:53] [INFO] [REQUEST] GET /admin/fetch-all-categories?page=1&limit=100
[2025-03-21 21:39:53] [INFO] [RESPONSE] Status: 200 Message: Categories fetched successfully
