[2025-05-08 08:08:14] [INFO] [REQUEST] GET /instructor/getTransactions?page=1&limit=10
[2025-05-08 08:08:15] [INFO] [RESPONSE] Status: 200 Message: Instructor payouts retrieved successfully
[2025-05-08 08:08:55] [INFO] [REQUEST] GET /getUserdata
[2025-05-08 08:08:55] [INFO] [RESPONSE] Status: 200 Message: User details fetched successfully
[2025-05-08 08:08:55] [INFO] [REQUEST] GET /instructor/course-stats
[2025-05-08 08:08:56] [INFO] [RESPONSE] Status: 200 Message: undefined
[2025-05-08 08:10:06] [INFO] [REQUEST] GET /getUserdata
[2025-05-08 08:10:06] [INFO] [RESPONSE] Status: 200 Message: User details fetched successfully
[2025-05-08 08:10:06] [INFO] [REQUEST] GET /instructor/course-stats
[2025-05-08 08:10:08] [INFO] [RESPONSE] Status: 200 Message: undefined
[2025-05-08 08:10:10] [INFO] [REQUEST] GET /getUserdata
[2025-05-08 08:10:10] [INFO] [RESPONSE] Status: 200 Message: User details fetched successfully
[2025-05-08 08:10:10] [INFO] [REQUEST] GET /instructor/course-stats
[2025-05-08 08:10:11] [INFO] [RESPONSE] Status: 200 Message: undefined
[2025-05-08 08:10:13] [INFO] [REQUEST] GET /getUserdata
[2025-05-08 08:10:13] [INFO] [RESPONSE] Status: 200 Message: User details fetched successfully
[2025-05-08 08:10:13] [INFO] [REQUEST] GET /instructor/course-stats
[2025-05-08 08:10:13] [INFO] [RESPONSE] Status: 200 Message: undefined
[2025-05-08 08:10:17] [INFO] [REQUEST] GET /getUserdata
[2025-05-08 08:10:17] [INFO] [RESPONSE] Status: 200 Message: User details fetched successfully
[2025-05-08 08:10:17] [INFO] [REQUEST] GET /instructor/course-stats
[2025-05-08 08:10:18] [INFO] [RESPONSE] Status: 200 Message: undefined
[2025-05-08 08:10:21] [INFO] [REQUEST] GET /getUserdata
[2025-05-08 08:10:21] [INFO] [RESPONSE] Status: 200 Message: User details fetched successfully
[2025-05-08 08:10:21] [INFO] [REQUEST] GET /instructor/course-stats
[2025-05-08 08:10:21] [INFO] [RESPONSE] Status: 200 Message: undefined
[2025-05-08 08:10:24] [INFO] [REQUEST] GET /getUserdata
[2025-05-08 08:10:24] [INFO] [RESPONSE] Status: 200 Message: User details fetched successfully
[2025-05-08 08:10:24] [INFO] [REQUEST] GET /instructor/course-stats
[2025-05-08 08:10:24] [INFO] [RESPONSE] Status: 200 Message: undefined
[2025-05-08 08:10:30] [INFO] [REQUEST] GET /getUserdata
[2025-05-08 08:10:30] [INFO] [RESPONSE] Status: 200 Message: User details fetched successfully
[2025-05-08 08:10:30] [INFO] [REQUEST] GET /instructor/course-stats
[2025-05-08 08:10:30] [INFO] [RESPONSE] Status: 200 Message: undefined
[2025-05-08 08:10:34] [INFO] [REQUEST] GET /getUserdata
[2025-05-08 08:10:34] [INFO] [RESPONSE] Status: 200 Message: User details fetched successfully
[2025-05-08 08:10:34] [INFO] [REQUEST] GET /instructor/course-stats
[2025-05-08 08:10:34] [INFO] [RESPONSE] Status: 200 Message: undefined
[2025-05-08 08:13:41] [INFO] [REQUEST] OPTIONS /admin/login
[2025-05-08 08:13:42] [INFO] [REQUEST] POST /admin/login
[2025-05-08 08:13:42] [INFO] [RESPONSE] Status: 200 Message: Admin logged in successfully.
[2025-05-08 08:13:42] [INFO] [REQUEST] GET /admin/dashboard-stats?period=day
[2025-05-08 08:13:43] [INFO] [RESPONSE] Status: 200 Message: Dashboard statistics fetched successfully
[2025-05-08 08:13:43] [INFO] [REQUEST] GET /admin/dashboard-stats?period=day
[2025-05-08 08:13:43] [INFO] [RESPONSE] Status: 200 Message: Dashboard statistics fetched successfully
[2025-05-08 08:13:43] [INFO] [REQUEST] GET /admin/dashboard-stats?period=day
[2025-05-08 08:13:43] [INFO] [RESPONSE] Status: 200 Message: Dashboard statistics fetched successfully
[2025-05-08 08:13:58] [INFO] [REQUEST] GET /admin/dashboard-stats?period=month
[2025-05-08 08:13:58] [INFO] [RESPONSE] Status: 200 Message: Dashboard statistics fetched successfully
[2025-05-08 08:13:59] [INFO] [REQUEST] GET /admin/dashboard-stats?period=year
[2025-05-08 08:13:59] [INFO] [RESPONSE] Status: 200 Message: Dashboard statistics fetched successfully
[2025-05-08 08:14:51] [INFO] [REQUEST] GET /admin/fetchAllStudents?page=1&limit=10
[2025-05-08 08:14:51] [INFO] [RESPONSE] Status: 200 Message: Students fetched successfully
[2025-05-08 08:14:54] [INFO] [REQUEST] GET /admin/fetchAllInstructors?page=1&limit=10
[2025-05-08 08:14:54] [INFO] [RESPONSE] Status: 200 Message: Instructors fetched successfully
[2025-05-08 08:14:56] [INFO] [REQUEST] GET /admin/fetch-all-categories?page=1&limit=5
[2025-05-08 08:14:56] [INFO] [RESPONSE] Status: 200 Message: Categories fetched successfully
[2025-05-08 08:14:58] [INFO] [REQUEST] GET /admin/fetchAllInstructors?page=1&limit=10
[2025-05-08 08:14:58] [INFO] [RESPONSE] Status: 200 Message: Instructors fetched successfully
[2025-05-08 08:15:01] [INFO] [REQUEST] GET /admin/fetchAllInstructors?page=2&limit=10
[2025-05-08 08:15:01] [INFO] [RESPONSE] Status: 200 Message: Instructors fetched successfully
[2025-05-08 08:15:19] [INFO] [REQUEST] GET /admin/fetchAllInstructors?page=1&limit=10
[2025-05-08 08:15:19] [INFO] [RESPONSE] Status: 200 Message: Instructors fetched successfully
[2025-05-08 08:17:33] [INFO] [REQUEST] GET /admin/fetchAllStudents?page=1&limit=10
[2025-05-08 08:17:33] [INFO] [RESPONSE] Status: 200 Message: Students fetched successfully
[2025-05-08 08:17:33] [INFO] [REQUEST] GET /admin/fetchAllInstructors?page=1&limit=10
[2025-05-08 08:17:34] [INFO] [RESPONSE] Status: 200 Message: Instructors fetched successfully
[2025-05-08 08:17:45] [INFO] [REQUEST] GET /admin/fetch-all-categories?page=1&limit=5
[2025-05-08 08:17:45] [INFO] [RESPONSE] Status: 200 Message: Categories fetched successfully
[2025-05-08 08:17:48] [INFO] [REQUEST] GET /admin/fetch-all-categories?page=2&limit=5
[2025-05-08 08:17:49] [INFO] [RESPONSE] Status: 200 Message: Categories fetched successfully
[2025-05-08 08:17:50] [INFO] [REQUEST] GET /admin/fetch-all-categories?page=1&limit=5
[2025-05-08 08:17:50] [INFO] [RESPONSE] Status: 200 Message: Categories fetched successfully
[2025-05-08 08:17:52] [INFO] [REQUEST] GET /admin/fetchAllRequestedUsers?page=1&limit=9
[2025-05-08 08:17:52] [INFO] [RESPONSE] Status: 200 Message: Requested users fetched successfully
[2025-05-08 08:17:54] [INFO] [REQUEST] GET /admin/getTransactions?page=1&limit=10
[2025-05-08 08:17:54] [INFO] [RESPONSE] Status: 200 Message: Admin payouts retrieved successfully
[2025-05-08 08:20:27] [INFO] [REQUEST] POST /admin/logout
[2025-05-08 08:20:27] [INFO] [RESPONSE] Status: 200 Message: User logged out successfully
[2025-05-08 11:24:38] [INFO] [REQUEST] OPTIONS /logout
[2025-05-08 11:24:38] [INFO] [REQUEST] POST /logout
[2025-05-08 11:24:38] [INFO] [RESPONSE] Status: 200 Message: User logged out successfully
[2025-05-08 11:24:53] [INFO] [REQUEST] OPTIONS /login
[2025-05-08 11:24:53] [INFO] [REQUEST] POST /login
[2025-05-08 11:24:53] [INFO] [RESPONSE] Status: 200 Message: Login successful.
[2025-05-08 11:24:57] [INFO] [REQUEST] GET /student/enrollments
[2025-05-08 11:24:58] [INFO] [RESPONSE] Status: 200 Message: Enrollments fetched successfully
[2025-05-08 11:24:58] [INFO] [REQUEST] GET /student/courses/68087f901418b19cebc3bbd2/progress
[2025-05-08 11:24:58] [INFO] [RESPONSE] Status: 200 Message: Course progress retrieved successfully.
[2025-05-08 11:24:58] [INFO] [REQUEST] GET /student/courses/680094d0c1a02343f4ba441b/progress
[2025-05-08 11:24:58] [INFO] [RESPONSE] Status: 200 Message: Course progress retrieved successfully.
[2025-05-08 11:25:00] [INFO] [REQUEST] GET /courses/680094d0c1a02343f4ba441b
[2025-05-08 11:25:00] [INFO] [RESPONSE] Status: 200 Message: Course fetched successfully.
[2025-05-08 11:25:00] [INFO] [REQUEST] GET /student/check-enrollment/680094d0c1a02343f4ba441b
[2025-05-08 11:25:00] [INFO] [REQUEST] GET /student/review/680094d0c1a02343f4ba441b
[2025-05-08 11:25:00] [INFO] [RESPONSE] Status: 200 Message: User is enrolled in this course
[2025-05-08 11:25:00] [INFO] [RESPONSE] Status: 200 Message: Reviews fetched successfully.
[2025-05-08 11:25:00] [INFO] [REQUEST] GET /student/lesson-progress/680094d0c1a02343f4ba441b
[2025-05-08 11:25:00] [INFO] [RESPONSE] Status: 200 Message: Lesson progress fetched successfully
[2025-05-08 11:25:00] [INFO] [REQUEST] GET /student/courses/680094d0c1a02343f4ba441b/modules/moduleeee/assessments?page=1&limit=10
[2025-05-08 11:25:00] [INFO] [REQUEST] GET /courses/680094d0c1a02343f4ba441b/stream?videoKey=courses%2F67b6d4b441900af7ed9b5af6%2Fneww%20coursee%2Fmodule-1%2Flesson-1.mp4
[2025-05-08 11:25:00] [INFO] [RESPONSE] Status: 200 Message: Assessments retrieved successfully.
[2025-05-08 11:25:06] [INFO] [REQUEST] GET /courses/680094d0c1a02343f4ba441b/stream?videoKey=courses%2F67b6d4b441900af7ed9b5af6%2Fneww%20coursee%2Fmodule-1%2Flesson-1.mp4
[2025-05-08 11:25:06] [INFO] [REQUEST] OPTIONS /student/update-lesson-progress
[2025-05-08 11:25:06] [INFO] [REQUEST] POST /student/update-lesson-progress
[2025-05-08 11:25:06] [INFO] [RESPONSE] Status: 200 Message: Lesson progress updated successfully
[2025-05-08 11:25:11] [INFO] [REQUEST] POST /student/update-lesson-progress
[2025-05-08 11:25:11] [INFO] [RESPONSE] Status: 200 Message: Lesson progress updated successfully
[2025-05-08 11:25:16] [INFO] [REQUEST] OPTIONS /student/update-lesson-progress
[2025-05-08 11:25:16] [INFO] [REQUEST] POST /student/update-lesson-progress
[2025-05-08 11:25:16] [INFO] [RESPONSE] Status: 200 Message: Lesson progress updated successfully
[2025-05-08 11:25:21] [INFO] [REQUEST] OPTIONS /student/update-lesson-progress
[2025-05-08 11:25:21] [INFO] [REQUEST] POST /student/update-lesson-progress
[2025-05-08 11:25:22] [INFO] [RESPONSE] Status: 200 Message: Lesson progress updated successfully
[2025-05-08 11:25:27] [INFO] [REQUEST] OPTIONS /student/update-lesson-progress
[2025-05-08 11:25:27] [INFO] [REQUEST] POST /student/update-lesson-progress
[2025-05-08 11:25:27] [INFO] [RESPONSE] Status: 200 Message: Lesson progress updated successfully
[2025-05-08 11:25:32] [INFO] [REQUEST] OPTIONS /student/update-lesson-progress
[2025-05-08 11:25:32] [INFO] [REQUEST] POST /student/update-lesson-progress
[2025-05-08 11:25:32] [INFO] [RESPONSE] Status: 200 Message: Lesson progress updated successfully
[2025-05-08 11:25:37] [INFO] [REQUEST] OPTIONS /student/update-lesson-progress
[2025-05-08 11:25:37] [INFO] [REQUEST] POST /student/update-lesson-progress
[2025-05-08 11:25:37] [INFO] [RESPONSE] Status: 200 Message: Lesson progress updated successfully
[2025-05-08 11:25:39] [INFO] [REQUEST] GET /student/enrollments
[2025-05-08 11:25:39] [INFO] [RESPONSE] Status: 200 Message: Enrollments fetched successfully
[2025-05-08 11:25:39] [INFO] [REQUEST] GET /student/courses/68087f901418b19cebc3bbd2/progress
[2025-05-08 11:25:40] [INFO] [RESPONSE] Status: 200 Message: Course progress retrieved successfully.
[2025-05-08 11:25:40] [INFO] [REQUEST] GET /student/courses/680094d0c1a02343f4ba441b/progress
[2025-05-08 11:25:40] [INFO] [RESPONSE] Status: 200 Message: Course progress retrieved successfully.
[2025-05-08 11:25:41] [INFO] [REQUEST] GET /courses/68087f901418b19cebc3bbd2
[2025-05-08 11:25:41] [INFO] [RESPONSE] Status: 200 Message: Course fetched successfully.
[2025-05-08 11:25:42] [INFO] [REQUEST] GET /student/check-enrollment/68087f901418b19cebc3bbd2
[2025-05-08 11:25:42] [INFO] [REQUEST] GET /student/review/68087f901418b19cebc3bbd2
[2025-05-08 11:25:42] [INFO] [RESPONSE] Status: 200 Message: User is enrolled in this course
[2025-05-08 11:25:42] [INFO] [RESPONSE] Status: 200 Message: Reviews fetched successfully.
[2025-05-08 11:25:42] [INFO] [REQUEST] GET /student/lesson-progress/68087f901418b19cebc3bbd2
[2025-05-08 11:25:42] [INFO] [RESPONSE] Status: 200 Message: Lesson progress fetched successfully
[2025-05-08 11:25:42] [INFO] [REQUEST] GET /student/courses/68087f901418b19cebc3bbd2/modules/ffgggggg/assessments?page=1&limit=10
[2025-05-08 11:25:42] [INFO] [REQUEST] GET /courses/68087f901418b19cebc3bbd2/stream?videoKey=courses%2F67b6d4b441900af7ed9b5af6%2Fyouuuuuuuuuuuuuuuu%2Fmodule-1%2Flesson-1.mp4
[2025-05-08 11:25:42] [INFO] [RESPONSE] Status: 200 Message: Assessments retrieved successfully.
[2025-05-08 11:59:37] [INFO] [REQUEST] GET /student/enrollments
[2025-05-08 11:59:37] [INFO] [RESPONSE] Status: 200 Message: Enrollments fetched successfully
[2025-05-08 11:59:37] [INFO] [REQUEST] GET /student/courses/68087f901418b19cebc3bbd2/progress
[2025-05-08 11:59:37] [INFO] [RESPONSE] Status: 200 Message: Course progress retrieved successfully.
[2025-05-08 11:59:37] [INFO] [REQUEST] GET /student/courses/680094d0c1a02343f4ba441b/progress
[2025-05-08 11:59:37] [INFO] [RESPONSE] Status: 200 Message: Course progress retrieved successfully.
[2025-05-08 11:59:39] [INFO] [REQUEST] GET /courses/680094d0c1a02343f4ba441b
[2025-05-08 11:59:39] [INFO] [RESPONSE] Status: 200 Message: Course fetched successfully.
[2025-05-08 11:59:39] [INFO] [REQUEST] GET /student/check-enrollment/680094d0c1a02343f4ba441b
[2025-05-08 11:59:39] [INFO] [REQUEST] GET /student/review/680094d0c1a02343f4ba441b
[2025-05-08 11:59:39] [INFO] [RESPONSE] Status: 200 Message: Reviews fetched successfully.
[2025-05-08 11:59:39] [INFO] [RESPONSE] Status: 200 Message: User is enrolled in this course
[2025-05-08 11:59:39] [INFO] [REQUEST] GET /student/lesson-progress/680094d0c1a02343f4ba441b
[2025-05-08 11:59:39] [INFO] [RESPONSE] Status: 200 Message: Lesson progress fetched successfully
[2025-05-08 11:59:39] [INFO] [REQUEST] GET /student/courses/680094d0c1a02343f4ba441b/modules/moduleeee/assessments?page=1&limit=10
[2025-05-08 11:59:39] [INFO] [REQUEST] GET /courses/680094d0c1a02343f4ba441b/stream?videoKey=courses%2F67b6d4b441900af7ed9b5af6%2Fneww%20coursee%2Fmodule-1%2Flesson-1.mp4
[2025-05-08 11:59:39] [INFO] [RESPONSE] Status: 200 Message: Assessments retrieved successfully.
[2025-05-08 12:00:01] [INFO] [REQUEST] GET /student/enrollments
[2025-05-08 12:00:01] [INFO] [RESPONSE] Status: 200 Message: Enrollments fetched successfully
[2025-05-08 12:00:01] [INFO] [REQUEST] GET /student/courses/68087f901418b19cebc3bbd2/progress
[2025-05-08 12:00:01] [INFO] [RESPONSE] Status: 200 Message: Course progress retrieved successfully.
[2025-05-08 12:00:01] [INFO] [REQUEST] GET /student/courses/680094d0c1a02343f4ba441b/progress
[2025-05-08 12:00:01] [INFO] [RESPONSE] Status: 200 Message: Course progress retrieved successfully.
[2025-05-08 12:00:06] [INFO] [REQUEST] GET /courses/68087f901418b19cebc3bbd2
[2025-05-08 12:00:06] [INFO] [RESPONSE] Status: 200 Message: Course fetched successfully.
[2025-05-08 12:00:06] [INFO] [REQUEST] GET /student/check-enrollment/68087f901418b19cebc3bbd2
[2025-05-08 12:00:06] [INFO] [REQUEST] GET /student/review/68087f901418b19cebc3bbd2
[2025-05-08 12:00:06] [INFO] [RESPONSE] Status: 200 Message: User is enrolled in this course
[2025-05-08 12:00:06] [INFO] [REQUEST] GET /student/lesson-progress/68087f901418b19cebc3bbd2
[2025-05-08 12:00:06] [INFO] [RESPONSE] Status: 200 Message: Reviews fetched successfully.
[2025-05-08 12:00:06] [INFO] [RESPONSE] Status: 200 Message: Lesson progress fetched successfully
[2025-05-08 12:00:06] [INFO] [REQUEST] GET /student/courses/68087f901418b19cebc3bbd2/modules/ffgggggg/assessments?page=1&limit=10
[2025-05-08 12:00:06] [INFO] [REQUEST] GET /courses/68087f901418b19cebc3bbd2/stream?videoKey=courses%2F67b6d4b441900af7ed9b5af6%2Fyouuuuuuuuuuuuuuuu%2Fmodule-1%2Flesson-1.mp4
[2025-05-08 12:00:06] [INFO] [RESPONSE] Status: 200 Message: Assessments retrieved successfully.
[2025-05-08 14:22:45] [INFO] [REQUEST] GET /courses/68087f901418b19cebc3bbd2/stream?videoKey=courses%2F67b6d4b441900af7ed9b5af6%2Fyouuuuuuuuuuuuuuuu%2Fmodule-1%2Flesson-1.mp4
[2025-05-08 14:33:46] [INFO] [REQUEST] GET /courses/68087f901418b19cebc3bbd2
[2025-05-08 14:33:46] [INFO] [RESPONSE] Status: 200 Message: Course fetched successfully.
[2025-05-08 14:33:46] [INFO] [REQUEST] GET /student/check-enrollment/68087f901418b19cebc3bbd2
[2025-05-08 14:33:46] [INFO] [RESPONSE] Status: 200 Message: User is enrolled in this course
[2025-05-08 14:33:46] [INFO] [REQUEST] GET /student/lesson-progress/68087f901418b19cebc3bbd2
[2025-05-08 14:33:46] [INFO] [RESPONSE] Status: 200 Message: Lesson progress fetched successfully
[2025-05-08 14:34:34] [INFO] [REQUEST] GET /courses/68087f901418b19cebc3bbd2
[2025-05-08 14:34:34] [INFO] [RESPONSE] Status: 200 Message: Course fetched successfully.
[2025-05-08 14:34:34] [INFO] [REQUEST] GET /student/check-enrollment/68087f901418b19cebc3bbd2
[2025-05-08 14:34:34] [INFO] [RESPONSE] Status: 200 Message: User is enrolled in this course
[2025-05-08 14:34:34] [INFO] [REQUEST] GET /student/lesson-progress/68087f901418b19cebc3bbd2
[2025-05-08 14:34:34] [INFO] [RESPONSE] Status: 200 Message: Lesson progress fetched successfully
[2025-05-08 14:35:02] [INFO] [REQUEST] GET /courses/68087f901418b19cebc3bbd2
[2025-05-08 14:35:02] [INFO] [RESPONSE] Status: 200 Message: Course fetched successfully.
[2025-05-08 14:35:02] [INFO] [REQUEST] GET /student/check-enrollment/68087f901418b19cebc3bbd2
[2025-05-08 14:35:02] [INFO] [RESPONSE] Status: 200 Message: User is enrolled in this course
[2025-05-08 14:35:02] [INFO] [REQUEST] GET /student/lesson-progress/68087f901418b19cebc3bbd2
[2025-05-08 14:35:02] [INFO] [RESPONSE] Status: 200 Message: Lesson progress fetched successfully
[2025-05-08 14:35:13] [INFO] [REQUEST] GET /courses/68087f901418b19cebc3bbd2
[2025-05-08 14:35:13] [INFO] [RESPONSE] Status: 200 Message: Course fetched successfully.
[2025-05-08 14:35:13] [INFO] [REQUEST] GET /student/check-enrollment/68087f901418b19cebc3bbd2
[2025-05-08 14:35:13] [INFO] [RESPONSE] Status: 200 Message: User is enrolled in this course
[2025-05-08 14:35:13] [INFO] [REQUEST] GET /student/lesson-progress/68087f901418b19cebc3bbd2
[2025-05-08 14:35:13] [INFO] [RESPONSE] Status: 200 Message: Lesson progress fetched successfully
[2025-05-08 14:35:17] [INFO] [REQUEST] GET /courses/68087f901418b19cebc3bbd2
[2025-05-08 14:35:17] [INFO] [RESPONSE] Status: 200 Message: Course fetched successfully.
[2025-05-08 14:35:17] [INFO] [REQUEST] GET /student/check-enrollment/68087f901418b19cebc3bbd2
[2025-05-08 14:35:17] [INFO] [RESPONSE] Status: 200 Message: User is enrolled in this course
[2025-05-08 14:35:17] [INFO] [REQUEST] GET /student/lesson-progress/68087f901418b19cebc3bbd2
[2025-05-08 14:35:17] [INFO] [RESPONSE] Status: 200 Message: Lesson progress fetched successfully
[2025-05-08 14:35:22] [INFO] [REQUEST] GET /courses/68087f901418b19cebc3bbd2
[2025-05-08 14:35:22] [INFO] [RESPONSE] Status: 200 Message: Course fetched successfully.
[2025-05-08 14:35:22] [INFO] [REQUEST] GET /student/check-enrollment/68087f901418b19cebc3bbd2
[2025-05-08 14:35:22] [INFO] [RESPONSE] Status: 200 Message: User is enrolled in this course
[2025-05-08 14:35:22] [INFO] [REQUEST] GET /student/lesson-progress/68087f901418b19cebc3bbd2
[2025-05-08 14:35:22] [INFO] [RESPONSE] Status: 200 Message: Lesson progress fetched successfully
[2025-05-08 14:37:00] [INFO] [REQUEST] GET /courses/68087f901418b19cebc3bbd2/stream?videoKey=courses%2F67b6d4b441900af7ed9b5af6%2Fyouuuuuuuuuuuuuuuu%2Fmodule-1%2Flesson-1.mp4
[2025-05-08 14:37:01] [INFO] [REQUEST] GET /courses/68087f901418b19cebc3bbd2/stream?videoKey=courses%2F67b6d4b441900af7ed9b5af6%2Fyouuuuuuuuuuuuuuuu%2Fmodule-1%2Flesson-1.mp4
[2025-05-08 14:37:02] [INFO] [REQUEST] GET /courses/68087f901418b19cebc3bbd2/stream?videoKey=courses%2F67b6d4b441900af7ed9b5af6%2Fyouuuuuuuuuuuuuuuu%2Fmodule-1%2Flesson-1.mp4
[2025-05-08 14:37:03] [INFO] [REQUEST] GET /courses/68087f901418b19cebc3bbd2/stream?videoKey=courses%2F67b6d4b441900af7ed9b5af6%2Fyouuuuuuuuuuuuuuuu%2Fmodule-1%2Flesson-1.mp4
[2025-05-08 14:37:04] [INFO] [REQUEST] GET /courses/68087f901418b19cebc3bbd2/stream?videoKey=courses%2F67b6d4b441900af7ed9b5af6%2Fyouuuuuuuuuuuuuuuu%2Fmodule-1%2Flesson-1.mp4
[2025-05-08 14:37:04] [INFO] [REQUEST] GET /courses/68087f901418b19cebc3bbd2/stream?videoKey=courses%2F67b6d4b441900af7ed9b5af6%2Fyouuuuuuuuuuuuuuuu%2Fmodule-1%2Flesson-1.mp4
[2025-05-08 14:37:05] [INFO] [REQUEST] GET /courses/68087f901418b19cebc3bbd2/stream?videoKey=courses%2F67b6d4b441900af7ed9b5af6%2Fyouuuuuuuuuuuuuuuu%2Fmodule-1%2Flesson-1.mp4
[2025-05-08 14:37:05] [INFO] [REQUEST] OPTIONS /student/update-lesson-progress
[2025-05-08 14:37:05] [INFO] [REQUEST] POST /student/update-lesson-progress
[2025-05-08 14:37:06] [INFO] [RESPONSE] Status: 200 Message: Lesson progress updated successfully
[2025-05-08 14:37:08] [INFO] [REQUEST] OPTIONS /logout
[2025-05-08 14:37:08] [INFO] [REQUEST] POST /logout
[2025-05-08 14:37:08] [INFO] [RESPONSE] Status: 200 Message: User logged out successfully
[2025-05-08 15:36:01] [INFO] [REQUEST] OPTIONS /login
[2025-05-08 15:36:01] [INFO] [REQUEST] POST /login
[2025-05-08 15:36:02] [INFO] [RESPONSE] Status: 200 Message: Login successful.
[2025-05-08 15:36:10] [INFO] [REQUEST] GET /active-courses?page=1&limit=8&sortField=updatedAt&sortOrder=desc
[2025-05-08 15:36:18] [INFO] [RESPONSE] Status: 200 Message: Active courses fetched successfully.
[2025-05-08 15:36:30] [INFO] [REQUEST] GET /active-courses?page=1&limit=8&level=beginner&sortField=updatedAt&sortOrder=desc
[2025-05-08 15:36:31] [INFO] [RESPONSE] Status: 200 Message: Active courses fetched successfully.
[2025-05-08 15:36:44] [INFO] [REQUEST] GET /active-courses?page=1&limit=8&level=beginner&pricingType=paid&sortField=updatedAt&sortOrder=desc
[2025-05-08 15:36:44] [INFO] [RESPONSE] Status: 200 Message: Active courses fetched successfully.
[2025-05-08 15:36:52] [INFO] [REQUEST] GET /active-courses?page=1&limit=8&sortField=updatedAt&sortOrder=desc
[2025-05-08 15:36:53] [INFO] [RESPONSE] Status: 200 Message: Active courses fetched successfully.
[2025-05-08 15:36:54] [INFO] [REQUEST] GET /active-courses?page=1&limit=8&sortField=price&sortOrder=desc
[2025-05-08 15:36:55] [INFO] [RESPONSE] Status: 200 Message: Active courses fetched successfully.
[2025-05-08 15:37:04] [INFO] [REQUEST] GET /student/check-enrollment/68006e0ece7af0883779c29a
[2025-05-08 15:37:04] [INFO] [REQUEST] GET /courses/68006e0ece7af0883779c29a
[2025-05-08 15:37:04] [INFO] [RESPONSE] Status: 200 Message: Course fetched successfully.
[2025-05-08 15:37:04] [INFO] [RESPONSE] Status: 200 Message: User is not enrolled in this course
[2025-05-08 15:37:04] [INFO] [REQUEST] GET /courses/68006e0ece7af0883779c29a/reviews?skip=0&limit=10
[2025-05-08 15:37:04] [INFO] [RESPONSE] Status: 200 Message: Reviews fetched successfully.
[2025-05-08 15:37:23] [INFO] [REQUEST] OPTIONS /student/create-payment-intent
[2025-05-08 15:37:23] [INFO] [REQUEST] POST /student/create-payment-intent
[2025-05-08 15:37:25] [INFO] [RESPONSE] Status: 200 Message: Payment intent created successfully
[2025-05-08 15:37:26] [INFO] [REQUEST] OPTIONS /student/confirm-payment
[2025-05-08 15:37:26] [INFO] [REQUEST] POST /student/confirm-payment
[2025-05-08 15:37:27] [INFO] [RESPONSE] Status: 200 Message: Payment confirmed successfully
[2025-05-08 15:37:30] [INFO] [REQUEST] GET /student/enrollments
[2025-05-08 15:37:31] [INFO] [RESPONSE] Status: 200 Message: Enrollments fetched successfully
[2025-05-08 15:37:31] [INFO] [REQUEST] GET /student/courses/68006e0ece7af0883779c29a/progress
[2025-05-08 15:37:32] [INFO] [RESPONSE] Status: 200 Message: Course progress retrieved successfully.
[2025-05-08 15:37:32] [INFO] [REQUEST] GET /student/courses/68087f901418b19cebc3bbd2/progress
[2025-05-08 15:37:33] [INFO] [RESPONSE] Status: 200 Message: Course progress retrieved successfully.
[2025-05-08 15:37:33] [INFO] [REQUEST] GET /student/courses/680094d0c1a02343f4ba441b/progress
[2025-05-08 15:37:33] [INFO] [RESPONSE] Status: 200 Message: Course progress retrieved successfully.
[2025-05-08 15:37:40] [INFO] [REQUEST] GET /courses/68087f901418b19cebc3bbd2
[2025-05-08 15:37:41] [INFO] [RESPONSE] Status: 200 Message: Course fetched successfully.
[2025-05-08 15:37:41] [INFO] [REQUEST] GET /student/check-enrollment/68087f901418b19cebc3bbd2
[2025-05-08 15:37:41] [INFO] [REQUEST] GET /student/review/68087f901418b19cebc3bbd2
[2025-05-08 15:37:41] [INFO] [RESPONSE] Status: 200 Message: User is enrolled in this course
[2025-05-08 15:37:41] [INFO] [REQUEST] GET /student/lesson-progress/68087f901418b19cebc3bbd2
[2025-05-08 15:37:41] [INFO] [RESPONSE] Status: 200 Message: Reviews fetched successfully.
[2025-05-08 15:37:42] [INFO] [RESPONSE] Status: 200 Message: Lesson progress fetched successfully
[2025-05-08 15:37:42] [INFO] [REQUEST] GET /student/courses/68087f901418b19cebc3bbd2/modules/ffgggggg/assessments?page=1&limit=10
[2025-05-08 15:37:42] [INFO] [REQUEST] GET /courses/68087f901418b19cebc3bbd2/stream?videoKey=courses%2F67b6d4b441900af7ed9b5af6%2Fyouuuuuuuuuuuuuuuu%2Fmodule-1%2Flesson-1.mp4
[2025-05-08 15:37:43] [INFO] [RESPONSE] Status: 200 Message: Assessments retrieved successfully.
[2025-05-08 15:37:53] [INFO] [REQUEST] GET /courses/68087f901418b19cebc3bbd2/stream?videoKey=courses%2F67b6d4b441900af7ed9b5af6%2Fyouuuuuuuuuuuuuuuu%2Fmodule-1%2Flesson-1.mp4
[2025-05-08 15:37:53] [INFO] [REQUEST] OPTIONS /student/update-lesson-progress
[2025-05-08 15:37:53] [INFO] [REQUEST] POST /student/update-lesson-progress
[2025-05-08 15:37:54] [INFO] [RESPONSE] Status: 200 Message: Lesson progress updated successfully
[2025-05-08 15:37:59] [INFO] [REQUEST] OPTIONS /student/update-lesson-progress
[2025-05-08 15:37:59] [INFO] [REQUEST] POST /student/update-lesson-progress
[2025-05-08 15:37:59] [INFO] [RESPONSE] Status: 200 Message: Lesson progress updated successfully
[2025-05-08 15:38:04] [INFO] [REQUEST] OPTIONS /student/update-lesson-progress
[2025-05-08 15:38:04] [INFO] [REQUEST] POST /student/update-lesson-progress
[2025-05-08 15:38:04] [INFO] [RESPONSE] Status: 200 Message: Lesson progress updated successfully
[2025-05-08 15:38:11] [INFO] [REQUEST] OPTIONS /student/update-lesson-progress
[2025-05-08 15:38:11] [INFO] [REQUEST] POST /student/update-lesson-progress
[2025-05-08 15:38:11] [INFO] [RESPONSE] Status: 200 Message: Lesson progress updated successfully
[2025-05-08 15:38:16] [INFO] [REQUEST] OPTIONS /student/update-lesson-progress
[2025-05-08 15:38:16] [INFO] [REQUEST] POST /student/update-lesson-progress
[2025-05-08 15:38:16] [INFO] [RESPONSE] Status: 200 Message: Lesson progress updated successfully
[2025-05-08 15:38:20] [INFO] [REQUEST] GET /courses/68087f901418b19cebc3bbd2/stream?videoKey=courses%2F67b6d4b441900af7ed9b5af6%2Fyouuuuuuuuuuuuuuuu%2Fmodule-1%2Flesson-2.mp4
[2025-05-08 15:38:24] [INFO] [REQUEST] OPTIONS /student/update-lesson-progress
[2025-05-08 15:38:24] [INFO] [REQUEST] POST /student/update-lesson-progress
[2025-05-08 15:38:25] [INFO] [REQUEST] GET /courses/68087f901418b19cebc3bbd2/stream?videoKey=courses%2F67b6d4b441900af7ed9b5af6%2Fyouuuuuuuuuuuuuuuu%2Fmodule-1%2Flesson-2.mp4
[2025-05-08 15:38:25] [INFO] [RESPONSE] Status: 200 Message: Lesson progress updated successfully
[2025-05-08 15:38:29] [INFO] [REQUEST] OPTIONS /student/update-lesson-progress
[2025-05-08 15:38:30] [INFO] [REQUEST] POST /student/update-lesson-progress
[2025-05-08 15:38:30] [INFO] [RESPONSE] Status: 200 Message: Lesson progress updated successfully
[2025-05-08 15:38:35] [INFO] [REQUEST] OPTIONS /student/update-lesson-progress
[2025-05-08 15:38:35] [INFO] [REQUEST] POST /student/update-lesson-progress
[2025-05-08 15:38:35] [INFO] [RESPONSE] Status: 200 Message: Lesson progress updated successfully
[2025-05-08 15:38:36] [INFO] [REQUEST] GET /courses/68087f901418b19cebc3bbd2/stream?videoKey=courses%2F67b6d4b441900af7ed9b5af6%2Fyouuuuuuuuuuuuuuuu%2Fmodule-1%2Flesson-2.mp4
[2025-05-08 15:38:40] [INFO] [REQUEST] OPTIONS /student/update-lesson-progress
[2025-05-08 15:38:40] [INFO] [REQUEST] POST /student/update-lesson-progress
[2025-05-08 15:38:40] [INFO] [RESPONSE] Status: 200 Message: Lesson progress updated successfully
[2025-05-08 15:38:45] [INFO] [REQUEST] OPTIONS /student/update-lesson-progress
[2025-05-08 15:38:45] [INFO] [REQUEST] POST /student/update-lesson-progress
[2025-05-08 15:38:45] [INFO] [RESPONSE] Status: 200 Message: Lesson progress updated successfully
[2025-05-08 15:38:50] [INFO] [REQUEST] OPTIONS /student/update-lesson-progress
[2025-05-08 15:38:50] [INFO] [REQUEST] POST /student/update-lesson-progress
[2025-05-08 15:38:50] [INFO] [RESPONSE] Status: 200 Message: Lesson progress updated successfully
[2025-05-08 15:39:09] [INFO] [REQUEST] GET /student/assessments/681b5be3bfbfaba2f523d5b4
[2025-05-08 15:39:09] [INFO] [RESPONSE] Status: 200 Message: Assessment retrieved successfully.
[2025-05-08 15:39:09] [INFO] [REQUEST] GET /student/assessments/681b5be3bfbfaba2f523d5b4/result
[2025-05-08 15:39:10] [INFO] [RESPONSE] Status: 404 Message: No submission found for this assessment.
[2025-05-08 15:39:28] [INFO] [REQUEST] OPTIONS /student/assessments/681b5be3bfbfaba2f523d5b4/submit
[2025-05-08 15:39:28] [INFO] [REQUEST] POST /student/assessments/681b5be3bfbfaba2f523d5b4/submit
[2025-05-08 15:39:28] [INFO] [RESPONSE] Status: 200 Message: Assessment submitted successfully.
[2025-05-08 15:39:39] [INFO] [REQUEST] GET /courses/68087f901418b19cebc3bbd2
[2025-05-08 15:39:39] [INFO] [RESPONSE] Status: 200 Message: Course fetched successfully.
[2025-05-08 15:39:39] [INFO] [REQUEST] GET /student/check-enrollment/68087f901418b19cebc3bbd2
[2025-05-08 15:39:39] [INFO] [REQUEST] GET /student/review/68087f901418b19cebc3bbd2
[2025-05-08 15:39:40] [INFO] [RESPONSE] Status: 200 Message: User is enrolled in this course
[2025-05-08 15:39:40] [INFO] [RESPONSE] Status: 200 Message: Reviews fetched successfully.
[2025-05-08 15:39:40] [INFO] [REQUEST] GET /student/lesson-progress/68087f901418b19cebc3bbd2
[2025-05-08 15:39:40] [INFO] [RESPONSE] Status: 200 Message: Lesson progress fetched successfully
[2025-05-08 15:39:41] [INFO] [REQUEST] GET /student/courses/68087f901418b19cebc3bbd2/modules/ffgggggg/assessments?page=1&limit=10
[2025-05-08 15:39:41] [INFO] [REQUEST] GET /courses/68087f901418b19cebc3bbd2/stream?videoKey=courses%2F67b6d4b441900af7ed9b5af6%2Fyouuuuuuuuuuuuuuuu%2Fmodule-1%2Flesson-1.mp4
[2025-05-08 15:39:42] [INFO] [RESPONSE] Status: 200 Message: Assessments retrieved successfully.
[2025-05-08 15:39:47] [INFO] [REQUEST] OPTIONS /logout
[2025-05-08 15:39:47] [INFO] [REQUEST] POST /logout
[2025-05-08 15:39:47] [INFO] [RESPONSE] Status: 200 Message: User logged out successfully
[2025-05-08 15:39:55] [INFO] [REQUEST] OPTIONS /google-auth
[2025-05-08 15:39:55] [INFO] [REQUEST] POST /google-auth
[2025-05-08 15:39:56] [INFO] [RESPONSE] Status: 200 Message: Google authentication successful
[2025-05-08 15:40:05] [INFO] [REQUEST] GET /getUserdata
[2025-05-08 15:40:06] [INFO] [RESPONSE] Status: 200 Message: User details fetched successfully
[2025-05-08 15:40:07] [INFO] [REQUEST] GET /instructor/course-stats
[2025-05-08 15:40:09] [INFO] [RESPONSE] Status: 200 Message: undefined
[2025-05-08 15:40:12] [INFO] [REQUEST] GET /getUserdata
[2025-05-08 15:40:12] [INFO] [REQUEST] GET /instructor/courses?page=1&limit=6&search=
[2025-05-08 15:40:12] [INFO] [RESPONSE] Status: 200 Message: User details fetched successfully
[2025-05-08 15:40:13] [INFO] [RESPONSE] Status: 200 Message: Courses fetched successfully.
[2025-05-08 15:40:57] [INFO] [REQUEST] GET /getUserdata
[2025-05-08 15:40:58] [INFO] [REQUEST] GET /instructor/courses?page=1&limit=6&search=
[2025-05-08 15:40:58] [INFO] [RESPONSE] Status: 200 Message: User details fetched successfully
[2025-05-08 15:40:59] [INFO] [RESPONSE] Status: 200 Message: Courses fetched successfully.
[2025-05-08 15:41:18] [INFO] [REQUEST] OPTIONS /instructor/courses/68006bd8ce7af0883779c031
[2025-05-08 15:41:18] [INFO] [REQUEST] PUT /instructor/courses/68006bd8ce7af0883779c031
[2025-05-08 15:41:19] [INFO] [RESPONSE] Status: 200 Message: Course updated successfully.
[2025-05-08 15:41:19] [INFO] [REQUEST] PUT /instructor/courses/68006bd8ce7af0883779c031
[2025-05-08 15:41:19] [INFO] [RESPONSE] Status: 200 Message: Course updated successfully.
[2025-05-08 15:59:02] [INFO] [REQUEST] GET /instructor/courses/68006bd8ce7af0883779c031/modules/basics%20of%20js/assessments?page=1&limit=5
[2025-05-08 15:59:04] [INFO] [RESPONSE] Status: 200 Message: Assessments retrieved successfully.
[2025-05-08 15:59:17] [INFO] [REQUEST] GET /courses/68006bd8ce7af0883779c031
[2025-05-08 15:59:17] [INFO] [RESPONSE] Status: 200 Message: Course fetched successfully.
[2025-05-08 15:59:39] [INFO] [REQUEST] OPTIONS /logout
[2025-05-08 15:59:39] [INFO] [REQUEST] POST /logout
[2025-05-08 15:59:39] [INFO] [RESPONSE] Status: 200 Message: User logged out successfully
[2025-05-08 16:00:36] [INFO] [REQUEST] OPTIONS /login
[2025-05-08 16:00:37] [INFO] [REQUEST] POST /login
[2025-05-08 16:01:08] [INFO] [RESPONSE] Status: 400 Message: Login failed. Please try again.
[2025-05-08 16:01:22] [INFO] [REQUEST] OPTIONS /login
[2025-05-08 16:01:22] [INFO] [REQUEST] POST /login
[2025-05-08 16:01:52] [INFO] [RESPONSE] Status: 400 Message: Login failed. Please try again.
[2025-05-08 16:02:04] [INFO] [REQUEST] OPTIONS /login
[2025-05-08 16:02:04] [INFO] [REQUEST] POST /login
[2025-05-08 16:03:36] [INFO] [REQUEST] OPTIONS /login
[2025-05-08 16:03:37] [INFO] [REQUEST] POST /login
[2025-05-08 16:03:47] [INFO] [RESPONSE] Status: 400 Message: Login failed. Please try again.
[2025-05-08 16:10:46] [INFO] [REQUEST] OPTIONS /login
[2025-05-08 16:10:46] [INFO] [REQUEST] POST /login
[2025-05-08 16:10:47] [INFO] [RESPONSE] Status: 200 Message: Login successful.
[2025-05-08 16:10:59] [INFO] [REQUEST] GET /active-courses?page=1&limit=8&sortField=updatedAt&sortOrder=desc
[2025-05-08 16:11:05] [INFO] [RESPONSE] Status: 200 Message: Active courses fetched successfully.
[2025-05-08 16:12:23] [INFO] [REQUEST] GET /active-courses?page=1&limit=8&sortField=updatedAt&sortOrder=desc
[2025-05-08 16:12:26] [INFO] [RESPONSE] Status: 200 Message: Active courses fetched successfully.
[2025-05-08 16:12:43] [INFO] [REQUEST] GET /student/enrollments
[2025-05-08 16:12:44] [INFO] [RESPONSE] Status: 200 Message: Enrollments fetched successfully
[2025-05-08 16:12:44] [INFO] [REQUEST] GET /student/courses/68006e0ece7af0883779c29a/progress
[2025-05-08 16:12:44] [INFO] [RESPONSE] Status: 200 Message: Course progress retrieved successfully.
[2025-05-08 16:12:44] [INFO] [REQUEST] GET /student/courses/68087f901418b19cebc3bbd2/progress
[2025-05-08 16:12:44] [INFO] [RESPONSE] Status: 200 Message: Course progress retrieved successfully.
[2025-05-08 16:12:44] [INFO] [REQUEST] GET /student/courses/680094d0c1a02343f4ba441b/progress
[2025-05-08 16:12:45] [INFO] [RESPONSE] Status: 200 Message: Course progress retrieved successfully.
[2025-05-08 16:12:51] [INFO] [REQUEST] GET /student/courses/68087f901418b19cebc3bbd2/progress
[2025-05-08 16:12:52] [INFO] [RESPONSE] Status: 200 Message: Course progress retrieved successfully.
[2025-05-08 16:12:52] [INFO] [REQUEST] GET /student/courses/68087f901418b19cebc3bbd2/assessments?page=1&limit=100
[2025-05-08 16:12:52] [INFO] [RESPONSE] Status: 200 Message: Assessments retrieved successfully.
[2025-05-08 16:12:52] [INFO] [REQUEST] GET /student/assessments/681b5be3bfbfaba2f523d5b4/result
[2025-05-08 16:12:52] [INFO] [RESPONSE] Status: 200 Message: Assessment result retrieved successfully.
[2025-05-08 16:12:52] [INFO] [REQUEST] GET /courses/68087f901418b19cebc3bbd2
[2025-05-08 16:12:52] [INFO] [RESPONSE] Status: 200 Message: Course fetched successfully.
[2025-05-08 16:13:12] [INFO] [REQUEST] GET /student/enrollments
[2025-05-08 16:13:13] [INFO] [RESPONSE] Status: 200 Message: Enrollments fetched successfully
[2025-05-08 16:13:13] [INFO] [REQUEST] GET /student/courses/68006e0ece7af0883779c29a/progress
[2025-05-08 16:13:13] [INFO] [RESPONSE] Status: 200 Message: Course progress retrieved successfully.
[2025-05-08 16:13:13] [INFO] [REQUEST] GET /student/courses/68087f901418b19cebc3bbd2/progress
[2025-05-08 16:13:13] [INFO] [RESPONSE] Status: 200 Message: Course progress retrieved successfully.
[2025-05-08 16:13:13] [INFO] [REQUEST] GET /student/courses/680094d0c1a02343f4ba441b/progress
[2025-05-08 16:13:14] [INFO] [RESPONSE] Status: 200 Message: Course progress retrieved successfully.
[2025-05-08 16:13:18] [INFO] [REQUEST] GET /courses/68006e0ece7af0883779c29a
[2025-05-08 16:13:19] [INFO] [RESPONSE] Status: 200 Message: Course fetched successfully.
[2025-05-08 16:13:19] [INFO] [REQUEST] GET /student/check-enrollment/68006e0ece7af0883779c29a
[2025-05-08 16:13:19] [INFO] [REQUEST] GET /student/review/68006e0ece7af0883779c29a
[2025-05-08 16:13:19] [INFO] [RESPONSE] Status: 200 Message: User is enrolled in this course
[2025-05-08 16:13:19] [INFO] [RESPONSE] Status: 200 Message: Reviews fetched successfully.
[2025-05-08 16:13:19] [INFO] [REQUEST] GET /student/lesson-progress/68006e0ece7af0883779c29a
[2025-05-08 16:13:19] [INFO] [RESPONSE] Status: 200 Message: Lesson progress fetched successfully
[2025-05-08 16:13:20] [INFO] [REQUEST] GET /student/courses/68006e0ece7af0883779c29a/modules/gfvvvhbvvb/assessments?page=1&limit=10
[2025-05-08 16:13:20] [INFO] [REQUEST] GET /courses/68006e0ece7af0883779c29a/stream?videoKey=courses%2F67cdde4e30cdba190892403c%2Freact%20course%2Fmodule-1%2Flesson-1.mp4
[2025-05-08 16:13:20] [INFO] [RESPONSE] Status: 200 Message: Assessments retrieved successfully.
[2025-05-08 16:13:43] [INFO] [REQUEST] OPTIONS /logout
[2025-05-08 16:13:43] [INFO] [REQUEST] POST /logout
[2025-05-08 16:13:43] [INFO] [RESPONSE] Status: 200 Message: User logged out successfully
[2025-05-08 16:13:53] [INFO] [REQUEST] OPTIONS /google-auth
[2025-05-08 16:13:53] [INFO] [REQUEST] POST /google-auth
[2025-05-08 16:13:53] [INFO] [RESPONSE] Status: 200 Message: Google authentication successful
[2025-05-08 16:14:20] [INFO] [REQUEST] OPTIONS /login
[2025-05-08 16:14:20] [INFO] [REQUEST] POST /login
[2025-05-08 16:14:20] [INFO] [RESPONSE] Status: 200 Message: Login successful.
[2025-05-08 16:14:26] [INFO] [REQUEST] GET /student/enrollments
[2025-05-08 16:14:26] [INFO] [RESPONSE] Status: 200 Message: Enrollments fetched successfully
[2025-05-08 16:14:26] [INFO] [REQUEST] GET /student/courses/68006e0ece7af0883779c29a/progress
[2025-05-08 16:14:26] [INFO] [RESPONSE] Status: 200 Message: Course progress retrieved successfully.
[2025-05-08 16:14:26] [INFO] [REQUEST] GET /student/courses/68087f901418b19cebc3bbd2/progress
[2025-05-08 16:14:27] [INFO] [RESPONSE] Status: 200 Message: Course progress retrieved successfully.
[2025-05-08 16:14:27] [INFO] [REQUEST] GET /student/courses/680094d0c1a02343f4ba441b/progress
[2025-05-08 16:14:27] [INFO] [RESPONSE] Status: 200 Message: Course progress retrieved successfully.
[2025-05-08 16:14:29] [INFO] [REQUEST] GET /courses/68087f901418b19cebc3bbd2
[2025-05-08 16:14:29] [INFO] [RESPONSE] Status: 200 Message: Course fetched successfully.
[2025-05-08 16:14:30] [INFO] [REQUEST] GET /student/check-enrollment/68087f901418b19cebc3bbd2
[2025-05-08 16:14:31] [INFO] [REQUEST] GET /student/review/68087f901418b19cebc3bbd2
[2025-05-08 16:14:31] [INFO] [RESPONSE] Status: 200 Message: User is enrolled in this course
[2025-05-08 16:14:31] [INFO] [RESPONSE] Status: 200 Message: Reviews fetched successfully.
[2025-05-08 16:14:31] [INFO] [REQUEST] GET /student/lesson-progress/68087f901418b19cebc3bbd2
[2025-05-08 16:14:31] [INFO] [RESPONSE] Status: 200 Message: Lesson progress fetched successfully
[2025-05-08 16:14:32] [INFO] [REQUEST] GET /student/courses/68087f901418b19cebc3bbd2/modules/ffgggggg/assessments?page=1&limit=10
[2025-05-08 16:14:32] [INFO] [REQUEST] GET /courses/68087f901418b19cebc3bbd2/stream?videoKey=courses%2F67b6d4b441900af7ed9b5af6%2Fyouuuuuuuuuuuuuuuu%2Fmodule-1%2Flesson-1.mp4
[2025-05-08 16:14:32] [INFO] [RESPONSE] Status: 200 Message: Assessments retrieved successfully.
[2025-05-08 16:15:03] [INFO] [REQUEST] GET /getUserdata
[2025-05-08 16:15:03] [INFO] [RESPONSE] Status: 200 Message: User details fetched successfully
[2025-05-08 16:15:03] [INFO] [REQUEST] GET /instructor/course-stats
[2025-05-08 16:15:04] [INFO] [RESPONSE] Status: 200 Message: undefined
[2025-05-08 16:15:05] [INFO] [REQUEST] GET /instructor/courses?page=1&limit=100
[2025-05-08 16:15:05] [INFO] [RESPONSE] Status: 200 Message: Courses fetched successfully.
[2025-05-08 16:15:23] [INFO] [REQUEST] GET /courses/68087f901418b19cebc3bbd2
[2025-05-08 16:15:24] [INFO] [RESPONSE] Status: 200 Message: Course fetched successfully.
[2025-05-08 16:15:24] [INFO] [REQUEST] GET /student/check-enrollment/68087f901418b19cebc3bbd2
[2025-05-08 16:15:24] [INFO] [REQUEST] GET /student/review/68087f901418b19cebc3bbd2
[2025-05-08 16:15:28] [INFO] [RESPONSE] Status: 200 Message: User is enrolled in this course
[2025-05-08 16:15:28] [INFO] [RESPONSE] Status: 200 Message: Reviews fetched successfully.
[2025-05-08 16:15:28] [INFO] [REQUEST] GET /student/lesson-progress/68087f901418b19cebc3bbd2
[2025-05-08 16:15:28] [INFO] [RESPONSE] Status: 200 Message: Lesson progress fetched successfully
[2025-05-08 16:15:28] [INFO] [REQUEST] GET /student/courses/68087f901418b19cebc3bbd2/modules/ffgggggg/assessments?page=1&limit=10
[2025-05-08 16:15:28] [INFO] [REQUEST] GET /courses/68087f901418b19cebc3bbd2/stream?videoKey=courses%2F67b6d4b441900af7ed9b5af6%2Fyouuuuuuuuuuuuuuuu%2Fmodule-1%2Flesson-1.mp4
[2025-05-08 16:15:29] [INFO] [RESPONSE] Status: 200 Message: Assessments retrieved successfully.
[2025-05-08 16:32:33] [INFO] [REQUEST] GET /instructor/courses?page=1&limit=100
[2025-05-08 16:32:33] [INFO] [RESPONSE] Status: 200 Message: Courses fetched successfully.
[2025-05-08 17:18:58] [INFO] [REQUEST] GET /courses/68087f901418b19cebc3bbd2
[2025-05-08 17:18:58] [INFO] [RESPONSE] Status: 200 Message: Course fetched successfully.
[2025-05-08 17:18:58] [INFO] [REQUEST] GET /student/check-enrollment/68087f901418b19cebc3bbd2
[2025-05-08 17:18:58] [INFO] [REQUEST] GET /student/review/68087f901418b19cebc3bbd2
[2025-05-08 17:18:59] [INFO] [RESPONSE] Status: 200 Message: User is enrolled in this course
[2025-05-08 17:18:59] [INFO] [REQUEST] GET /student/lesson-progress/68087f901418b19cebc3bbd2
[2025-05-08 17:18:59] [INFO] [RESPONSE] Status: 200 Message: Reviews fetched successfully.
[2025-05-08 17:18:59] [INFO] [RESPONSE] Status: 200 Message: Lesson progress fetched successfully
[2025-05-08 17:18:59] [INFO] [REQUEST] GET /student/courses/68087f901418b19cebc3bbd2/modules/ffgggggg/assessments?page=1&limit=10
[2025-05-08 17:18:59] [INFO] [REQUEST] GET /courses/68087f901418b19cebc3bbd2/stream?videoKey=courses%2F67b6d4b441900af7ed9b5af6%2Fyouuuuuuuuuuuuuuuu%2Fmodule-1%2Flesson-1.mp4
[2025-05-08 17:18:59] [INFO] [RESPONSE] Status: 200 Message: Assessments retrieved successfully.
[2025-05-08 17:25:41] [INFO] [REQUEST] GET /instructor/courses?page=1&limit=100
[2025-05-08 17:25:41] [INFO] [RESPONSE] Status: 200 Message: Courses fetched successfully.
[2025-05-08 17:26:05] [INFO] [REQUEST] GET /instructor/courses?page=1&limit=100
[2025-05-08 17:26:05] [INFO] [RESPONSE] Status: 200 Message: Courses fetched successfully.
