[2025-04-10 11:02:04] [INFO] [REQUEST] GET /active-courses?page=1&limit=10&sortField=updatedAt&sortOrder=desc
[2025-04-10 11:02:05] [INFO] [RESPONSE] Status: 200 Message: Active courses fetched successfully.
[2025-04-10 11:02:16] [INFO] [REQUEST] GET /courses/67f65da9eb6fbdd6eee45aae
[2025-04-10 11:02:16] [INFO] [REQUEST] GET /student/check-enrollment/67f65da9eb6fbdd6eee45aae
[2025-04-10 11:02:16] [INFO] [RESPONSE] Status: 200 Message: User is enrolled in this course
[2025-04-10 11:02:16] [INFO] [RESPONSE] Status: 200 Message: Course fetched successfully.
[2025-04-10 11:02:20] [INFO] [REQUEST] GET /active-courses?page=1&limit=10&sortField=updatedAt&sortOrder=desc
[2025-04-10 11:02:20] [INFO] [RESPONSE] Status: 200 Message: Active courses fetched successfully.
[2025-04-10 11:02:31] [INFO] [REQUEST] GET /courses/67f65da9eb6fbdd6eee45aae
[2025-04-10 11:02:31] [INFO] [REQUEST] GET /student/check-enrollment/67f65da9eb6fbdd6eee45aae
[2025-04-10 11:02:31] [INFO] [RESPONSE] Status: 200 Message: Course fetched successfully.
[2025-04-10 11:02:31] [INFO] [RESPONSE] Status: 200 Message: User is enrolled in this course
[2025-04-10 11:02:35] [INFO] [REQUEST] GET /active-courses?page=1&limit=10&sortField=updatedAt&sortOrder=desc
[2025-04-10 11:02:35] [INFO] [RESPONSE] Status: 200 Message: Active courses fetched successfully.
[2025-04-10 11:03:38] [INFO] [REQUEST] GET /student/check-enrollment/67f65da9eb6fbdd6eee45aae
[2025-04-10 11:03:38] [INFO] [REQUEST] GET /courses/67f65da9eb6fbdd6eee45aae
[2025-04-10 11:03:38] [INFO] [RESPONSE] Status: 200 Message: Course fetched successfully.
[2025-04-10 11:03:38] [INFO] [RESPONSE] Status: 200 Message: User is enrolled in this course
[2025-04-10 11:03:50] [INFO] [REQUEST] GET /courses/67f65da9eb6fbdd6eee45aae
[2025-04-10 11:03:50] [INFO] [REQUEST] GET /student/check-enrollment/67f65da9eb6fbdd6eee45aae
[2025-04-10 11:03:50] [INFO] [RESPONSE] Status: 200 Message: Course fetched successfully.
[2025-04-10 11:03:50] [INFO] [RESPONSE] Status: 200 Message: User is enrolled in this course
[2025-04-10 23:32:22] [INFO] [REQUEST] OPTIONS /logout
[2025-04-10 23:32:23] [INFO] [REQUEST] POST /logout
[2025-04-10 23:32:23] [INFO] [RESPONSE] Status: 200 Message: User logged out successfully
[2025-04-10 23:32:24] [INFO] [REQUEST] GET /courses/67f65da9eb6fbdd6eee45aae
[2025-04-10 23:32:29] [INFO] [RESPONSE] Status: 200 Message: Course fetched successfully.
[2025-04-10 23:32:48] [INFO] [REQUEST] OPTIONS /login
[2025-04-10 23:32:48] [INFO] [REQUEST] POST /login
[2025-04-10 23:32:49] [INFO] [RESPONSE] Status: 200 Message: Login successful.
[2025-04-10 23:32:54] [INFO] [REQUEST] GET /active-courses?page=1&limit=10&sortField=updatedAt&sortOrder=desc
[2025-04-10 23:32:54] [INFO] [RESPONSE] Status: 200 Message: Active courses fetched successfully.
[2025-04-10 23:32:58] [INFO] [REQUEST] GET /student/check-enrollment/67f61c2d0ee7af4df05c0c7c
[2025-04-10 23:32:58] [INFO] [REQUEST] GET /courses/67f61c2d0ee7af4df05c0c7c
[2025-04-10 23:32:58] [INFO] [RESPONSE] Status: 200 Message: Course fetched successfully.
[2025-04-10 23:32:58] [INFO] [RESPONSE] Status: 200 Message: User is enrolled in this course
[2025-04-10 23:33:00] [INFO] [REQUEST] GET /active-courses?page=1&limit=10&sortField=updatedAt&sortOrder=desc
[2025-04-10 23:33:01] [INFO] [RESPONSE] Status: 200 Message: Active courses fetched successfully.
[2025-04-10 23:33:02] [INFO] [REQUEST] GET /courses/67f5c3150a3211ae10306ddf
[2025-04-10 23:33:03] [INFO] [REQUEST] GET /student/check-enrollment/67f5c3150a3211ae10306ddf
[2025-04-10 23:33:03] [INFO] [RESPONSE] Status: 200 Message: Course fetched successfully.
[2025-04-10 23:33:03] [INFO] [RESPONSE] Status: 200 Message: User is enrolled in this course
[2025-04-10 23:33:05] [INFO] [REQUEST] GET /active-courses?page=1&limit=10&sortField=updatedAt&sortOrder=desc
[2025-04-10 23:33:05] [INFO] [RESPONSE] Status: 200 Message: Active courses fetched successfully.
[2025-04-10 23:33:14] [INFO] [REQUEST] OPTIONS /logout
[2025-04-10 23:33:14] [INFO] [REQUEST] POST /logout
[2025-04-10 23:33:14] [INFO] [RESPONSE] Status: 200 Message: User logged out successfully
[2025-04-10 23:33:31] [INFO] [REQUEST] OPTIONS /login
[2025-04-10 23:33:31] [INFO] [REQUEST] POST /login
[2025-04-10 23:33:32] [INFO] [RESPONSE] Status: 200 Message: Login successful.
[2025-04-10 23:34:01] [INFO] [REQUEST] GET /active-courses?page=1&limit=10&sortField=updatedAt&sortOrder=desc
[2025-04-10 23:34:02] [INFO] [RESPONSE] Status: 200 Message: Active courses fetched successfully.
[2025-04-10 23:34:04] [INFO] [REQUEST] GET /courses/67f61c2d0ee7af4df05c0c7c
[2025-04-10 23:34:04] [INFO] [REQUEST] GET /student/check-enrollment/67f61c2d0ee7af4df05c0c7c
[2025-04-10 23:34:04] [INFO] [RESPONSE] Status: 200 Message: Course fetched successfully.
[2025-04-10 23:34:04] [INFO] [RESPONSE] Status: 200 Message: User is enrolled in this course
[2025-04-10 23:34:06] [INFO] [REQUEST] GET /active-courses?page=1&limit=10&sortField=updatedAt&sortOrder=desc
[2025-04-10 23:34:07] [INFO] [RESPONSE] Status: 200 Message: Active courses fetched successfully.
[2025-04-10 23:34:08] [INFO] [REQUEST] GET /courses/67f5c3150a3211ae10306ddf
[2025-04-10 23:34:08] [INFO] [REQUEST] GET /student/check-enrollment/67f5c3150a3211ae10306ddf
[2025-04-10 23:34:08] [INFO] [RESPONSE] Status: 200 Message: Course fetched successfully.
[2025-04-10 23:34:08] [INFO] [RESPONSE] Status: 200 Message: User is not enrolled in this course
[2025-04-10 23:34:30] [INFO] [REQUEST] GET /courses/67f5c3150a3211ae10306ddf
[2025-04-10 23:34:30] [INFO] [REQUEST] GET /student/check-enrollment/67f5c3150a3211ae10306ddf
[2025-04-10 23:34:31] [INFO] [RESPONSE] Status: 200 Message: Course fetched successfully.
[2025-04-10 23:34:31] [INFO] [RESPONSE] Status: 200 Message: User is not enrolled in this course
[2025-04-10 23:34:45] [INFO] [REQUEST] OPTIONS /student/create-payment-intent
[2025-04-10 23:34:45] [INFO] [REQUEST] POST /student/create-payment-intent
[2025-04-10 23:34:47] [INFO] [RESPONSE] Status: 200 Message: Payment intent created successfully
[2025-04-10 23:34:48] [INFO] [REQUEST] OPTIONS /student/confirm-payment
[2025-04-10 23:34:48] [INFO] [REQUEST] POST /student/confirm-payment
[2025-04-10 23:34:49] [INFO] [RESPONSE] Status: 200 Message: Payment confirmed successfully
[2025-04-10 23:35:11] [INFO] [REQUEST] OPTIONS /student/create-payment-intent
[2025-04-10 23:35:11] [INFO] [REQUEST] POST /student/create-payment-intent
[2025-04-10 23:35:11] [INFO] [RESPONSE] Status: 400 Message: User is already enrolled in this course
[2025-04-10 23:37:08] [INFO] [REQUEST] GET /active-courses?page=1&limit=10&sortField=updatedAt&sortOrder=desc
[2025-04-10 23:37:09] [INFO] [RESPONSE] Status: 200 Message: Active courses fetched successfully.
[2025-04-10 23:37:11] [INFO] [REQUEST] GET /student/check-enrollment/67f5c3150a3211ae10306ddf
[2025-04-10 23:37:11] [INFO] [REQUEST] GET /courses/67f5c3150a3211ae10306ddf
[2025-04-10 23:37:11] [INFO] [RESPONSE] Status: 200 Message: Course fetched successfully.
[2025-04-10 23:37:12] [INFO] [RESPONSE] Status: 200 Message: User is enrolled in this course
[2025-04-10 23:56:54] [INFO] [REQUEST] GET /courses/67f5c3150a3211ae10306ddf
[2025-04-10 23:56:55] [INFO] [REQUEST] GET /student/check-enrollment/67f5c3150a3211ae10306ddf
[2025-04-10 23:56:55] [INFO] [RESPONSE] Status: 200 Message: Course fetched successfully.
[2025-04-10 23:56:55] [INFO] [RESPONSE] Status: 200 Message: User is enrolled in this course
[2025-04-10 23:56:58] [INFO] [REQUEST] GET /courses/67f5c3150a3211ae10306ddf
[2025-04-10 23:56:58] [INFO] [REQUEST] GET /student/check-enrollment/67f5c3150a3211ae10306ddf
[2025-04-10 23:56:59] [INFO] [RESPONSE] Status: 200 Message: Course fetched successfully.
[2025-04-10 23:56:59] [INFO] [RESPONSE] Status: 200 Message: User is enrolled in this course
