[2025-05-05 09:12:35] [INFO] [REQUEST] GET /instructor/courses?page=1&limit=100
[2025-05-05 09:12:36] [INFO] [RESPONSE] Status: 200 Message: Courses fetched successfully.
[2025-05-05 10:06:02] [INFO] [REQUEST] GET /instructor/courses?page=1&limit=100
[2025-05-05 10:06:03] [INFO] [RESPONSE] Status: 200 Message: Courses fetched successfully.
[2025-05-05 10:06:44] [INFO] [REQUEST] GET /instructor/courses?page=1&limit=100
[2025-05-05 10:06:45] [INFO] [RESPONSE] Status: 200 Message: Courses fetched successfully.
[2025-05-05 10:07:26] [INFO] [REQUEST] GET /instructor/courses?page=1&limit=100
[2025-05-05 10:07:27] [INFO] [RESPONSE] Status: 200 Message: Courses fetched successfully.
[2025-05-05 10:08:30] [INFO] [REQUEST] GET /instructor/courses?page=1&limit=100
[2025-05-05 10:08:30] [INFO] [RESPONSE] Status: 200 Message: Courses fetched successfully.
[2025-05-05 10:10:39] [INFO] [REQUEST] GET /instructor/courses?page=1&limit=100
[2025-05-05 10:10:39] [INFO] [RESPONSE] Status: 200 Message: Courses fetched successfully.
[2025-05-05 10:10:41] [INFO] [REQUEST] GET /getUserdata
[2025-05-05 10:10:41] [INFO] [RESPONSE] Status: 200 Message: User details fetched successfully
[2025-05-05 10:10:41] [INFO] [REQUEST] GET /instructor/course-stats
[2025-05-05 10:10:41] [INFO] [RESPONSE] Status: 200 Message: undefined
[2025-05-05 10:10:44] [INFO] [REQUEST] GET /instructor/courses?page=1&limit=100
[2025-05-05 10:10:44] [INFO] [RESPONSE] Status: 200 Message: Courses fetched successfully.
[2025-05-05 10:22:23] [INFO] [REQUEST] GET /instructor/courses?page=1&limit=100
[2025-05-05 10:22:23] [INFO] [RESPONSE] Status: 200 Message: Courses fetched successfully.
[2025-05-05 10:22:50] [INFO] [REQUEST] GET /instructor/courses?page=1&limit=100
[2025-05-05 10:22:50] [INFO] [RESPONSE] Status: 200 Message: Courses fetched successfully.
[2025-05-05 10:23:25] [INFO] [REQUEST] GET /instructor/courses?page=1&limit=100
[2025-05-05 10:23:25] [INFO] [RESPONSE] Status: 200 Message: Courses fetched successfully.
[2025-05-05 10:23:45] [INFO] [REQUEST] GET /instructor/courses?page=1&limit=100
[2025-05-05 10:23:45] [INFO] [RESPONSE] Status: 200 Message: Courses fetched successfully.
[2025-05-05 10:42:54] [INFO] [REQUEST] OPTIONS /login
[2025-05-05 10:42:55] [INFO] [REQUEST] POST /login
[2025-05-05 10:42:55] [INFO] [RESPONSE] Status: 200 Message: Login successful.
[2025-05-05 10:43:02] [INFO] [REQUEST] GET /student/enrollments
[2025-05-05 10:43:02] [INFO] [RESPONSE] Status: 200 Message: Enrollments fetched successfully
[2025-05-05 10:43:02] [INFO] [REQUEST] GET /student/courses/68121c6e3a6713632d872dbb/progress
[2025-05-05 10:43:03] [INFO] [RESPONSE] Status: 200 Message: Course progress retrieved successfully.
[2025-05-05 10:43:03] [INFO] [REQUEST] GET /student/courses/681220b0921883c9718ddca1/progress
[2025-05-05 10:43:03] [INFO] [RESPONSE] Status: 200 Message: Course progress retrieved successfully.
[2025-05-05 10:43:03] [INFO] [REQUEST] GET /student/courses/68121b693a6713632d872b74/progress
[2025-05-05 10:43:03] [INFO] [RESPONSE] Status: 200 Message: Course progress retrieved successfully.
[2025-05-05 10:43:03] [INFO] [REQUEST] GET /student/courses/6811bc8f0acf5d323e58bde6/progress
[2025-05-05 10:43:03] [INFO] [RESPONSE] Status: 200 Message: Course progress retrieved successfully.
[2025-05-05 10:43:03] [INFO] [REQUEST] GET /student/courses/68006c86ce7af0883779c0fd/progress
[2025-05-05 10:43:03] [INFO] [RESPONSE] Status: 200 Message: Course progress retrieved successfully.
[2025-05-05 10:43:09] [INFO] [REQUEST] GET /courses/68121c6e3a6713632d872dbb
[2025-05-05 10:43:09] [INFO] [RESPONSE] Status: 200 Message: Course fetched successfully.
[2025-05-05 10:43:09] [INFO] [REQUEST] GET /student/check-enrollment/68121c6e3a6713632d872dbb
[2025-05-05 10:43:09] [INFO] [REQUEST] GET /student/review/68121c6e3a6713632d872dbb
[2025-05-05 10:43:09] [INFO] [RESPONSE] Status: 200 Message: User is enrolled in this course
[2025-05-05 10:43:09] [INFO] [RESPONSE] Status: 200 Message: Reviews fetched successfully.
[2025-05-05 10:43:09] [INFO] [REQUEST] GET /student/lesson-progress/68121c6e3a6713632d872dbb
[2025-05-05 10:43:09] [INFO] [RESPONSE] Status: 200 Message: Lesson progress fetched successfully
[2025-05-05 10:43:09] [INFO] [REQUEST] GET /student/courses/68121c6e3a6713632d872dbb/modules/vvvvvvvvvvvvvvvvvv/assessments?page=1&limit=10
[2025-05-05 10:43:09] [INFO] [REQUEST] GET /courses/68121c6e3a6713632d872dbb/stream?videoKey=courses%2F67b6d4b441900af7ed9b5af6%2Fvfjvnfvyf%2Fmodule-1%2Flesson-1.mp4
[2025-05-05 10:43:09] [INFO] [RESPONSE] Status: 200 Message: Assessments retrieved successfully.
[2025-05-05 10:46:26] [INFO] [REQUEST] GET /student/enrollments
[2025-05-05 10:46:26] [INFO] [RESPONSE] Status: 200 Message: Enrollments fetched successfully
[2025-05-05 10:46:26] [INFO] [REQUEST] GET /student/courses/68121c6e3a6713632d872dbb/progress
[2025-05-05 10:46:26] [INFO] [RESPONSE] Status: 200 Message: Course progress retrieved successfully.
[2025-05-05 10:46:26] [INFO] [REQUEST] GET /student/courses/681220b0921883c9718ddca1/progress
[2025-05-05 10:46:26] [INFO] [RESPONSE] Status: 200 Message: Course progress retrieved successfully.
[2025-05-05 10:46:26] [INFO] [REQUEST] GET /student/courses/68121b693a6713632d872b74/progress
[2025-05-05 10:46:26] [INFO] [RESPONSE] Status: 200 Message: Course progress retrieved successfully.
[2025-05-05 10:46:26] [INFO] [REQUEST] GET /student/courses/6811bc8f0acf5d323e58bde6/progress
[2025-05-05 10:46:26] [INFO] [RESPONSE] Status: 200 Message: Course progress retrieved successfully.
[2025-05-05 10:46:26] [INFO] [REQUEST] GET /student/courses/68006c86ce7af0883779c0fd/progress
[2025-05-05 10:46:26] [INFO] [RESPONSE] Status: 200 Message: Course progress retrieved successfully.
[2025-05-05 10:46:33] [INFO] [REQUEST] GET /courses/68006c86ce7af0883779c0fd
[2025-05-05 10:46:33] [INFO] [RESPONSE] Status: 200 Message: Course fetched successfully.
[2025-05-05 10:46:33] [INFO] [REQUEST] GET /student/check-enrollment/68006c86ce7af0883779c0fd
[2025-05-05 10:46:33] [INFO] [REQUEST] GET /student/review/68006c86ce7af0883779c0fd
[2025-05-05 10:46:34] [INFO] [RESPONSE] Status: 200 Message: User is enrolled in this course
[2025-05-05 10:46:34] [INFO] [REQUEST] GET /student/lesson-progress/68006c86ce7af0883779c0fd
[2025-05-05 10:46:34] [INFO] [RESPONSE] Status: 200 Message: Reviews fetched successfully.
[2025-05-05 10:46:34] [INFO] [RESPONSE] Status: 200 Message: Lesson progress fetched successfully
[2025-05-05 10:46:34] [INFO] [REQUEST] GET /student/courses/68006c86ce7af0883779c0fd/modules/basics%20of%20python/assessments?page=1&limit=10
[2025-05-05 10:46:34] [INFO] [REQUEST] GET /courses/68006c86ce7af0883779c0fd/stream?videoKey=courses%2F67b6d4b441900af7ed9b5af6%2Fpython%20course%2Fmodule-1%2Flesson-1-1746114228930.mp4
[2025-05-05 10:46:34] [INFO] [RESPONSE] Status: 200 Message: Assessments retrieved successfully.
[2025-05-05 10:56:39] [INFO] [REQUEST] GET /instructor/courses?page=1&limit=100
[2025-05-05 10:56:39] [INFO] [RESPONSE] Status: 200 Message: Courses fetched successfully.
[2025-05-05 10:57:17] [INFO] [REQUEST] GET /courses/68006c86ce7af0883779c0fd
[2025-05-05 10:57:17] [INFO] [RESPONSE] Status: 200 Message: Course fetched successfully.
[2025-05-05 10:57:17] [INFO] [REQUEST] GET /student/check-enrollment/68006c86ce7af0883779c0fd
[2025-05-05 10:57:17] [INFO] [REQUEST] GET /student/review/68006c86ce7af0883779c0fd
[2025-05-05 10:57:17] [INFO] [RESPONSE] Status: 200 Message: User is enrolled in this course
[2025-05-05 10:57:18] [INFO] [REQUEST] GET /student/lesson-progress/68006c86ce7af0883779c0fd
[2025-05-05 10:57:18] [INFO] [RESPONSE] Status: 200 Message: Reviews fetched successfully.
[2025-05-05 10:57:18] [INFO] [RESPONSE] Status: 200 Message: Lesson progress fetched successfully
[2025-05-05 10:57:18] [INFO] [REQUEST] GET /student/courses/68006c86ce7af0883779c0fd/modules/basics%20of%20python/assessments?page=1&limit=10
[2025-05-05 10:57:18] [INFO] [REQUEST] GET /courses/68006c86ce7af0883779c0fd/stream?videoKey=courses%2F67b6d4b441900af7ed9b5af6%2Fpython%20course%2Fmodule-1%2Flesson-1-1746114228930.mp4
[2025-05-05 10:57:18] [INFO] [RESPONSE] Status: 200 Message: Assessments retrieved successfully.
[2025-05-05 10:57:24] [INFO] [REQUEST] GET /student/enrollments
[2025-05-05 10:57:24] [INFO] [RESPONSE] Status: 200 Message: Enrollments fetched successfully
[2025-05-05 10:57:24] [INFO] [REQUEST] GET /student/courses/68121c6e3a6713632d872dbb/progress
[2025-05-05 10:57:25] [INFO] [RESPONSE] Status: 200 Message: Course progress retrieved successfully.
[2025-05-05 10:57:25] [INFO] [REQUEST] GET /student/courses/681220b0921883c9718ddca1/progress
[2025-05-05 10:57:25] [INFO] [RESPONSE] Status: 200 Message: Course progress retrieved successfully.
[2025-05-05 10:57:25] [INFO] [REQUEST] GET /student/courses/68121b693a6713632d872b74/progress
[2025-05-05 10:57:25] [INFO] [RESPONSE] Status: 200 Message: Course progress retrieved successfully.
[2025-05-05 10:57:25] [INFO] [REQUEST] GET /student/courses/6811bc8f0acf5d323e58bde6/progress
[2025-05-05 10:57:25] [INFO] [RESPONSE] Status: 200 Message: Course progress retrieved successfully.
[2025-05-05 10:57:25] [INFO] [REQUEST] GET /student/courses/68006c86ce7af0883779c0fd/progress
[2025-05-05 10:57:25] [INFO] [RESPONSE] Status: 200 Message: Course progress retrieved successfully.
[2025-05-05 10:57:28] [INFO] [REQUEST] GET /courses/6811bc8f0acf5d323e58bde6
[2025-05-05 10:57:29] [INFO] [RESPONSE] Status: 200 Message: Course fetched successfully.
[2025-05-05 10:57:29] [INFO] [REQUEST] GET /student/check-enrollment/6811bc8f0acf5d323e58bde6
[2025-05-05 10:57:29] [INFO] [REQUEST] GET /student/review/6811bc8f0acf5d323e58bde6
[2025-05-05 10:57:29] [INFO] [RESPONSE] Status: 200 Message: Reviews fetched successfully.
[2025-05-05 10:57:29] [INFO] [RESPONSE] Status: 200 Message: User is enrolled in this course
[2025-05-05 10:57:29] [INFO] [REQUEST] GET /student/lesson-progress/6811bc8f0acf5d323e58bde6
[2025-05-05 10:57:29] [INFO] [RESPONSE] Status: 200 Message: Lesson progress fetched successfully
[2025-05-05 10:57:29] [INFO] [REQUEST] GET /student/courses/6811bc8f0acf5d323e58bde6/modules/werytyuy/assessments?page=1&limit=10
[2025-05-05 10:57:29] [INFO] [REQUEST] GET /courses/6811bc8f0acf5d323e58bde6/stream?videoKey=courses%2F67b6d4b441900af7ed9b5af6%2Frfrtbyyv8%2Fmodule-1%2Flesson-1.mp4
[2025-05-05 10:57:29] [INFO] [RESPONSE] Status: 200 Message: Assessments retrieved successfully.
