[2025-03-20 09:20:28] [INFO] [REQUEST] GET /admin/fetchAllRequestedUsers?page=1&limit=9
[2025-03-20 09:20:28] [INFO] [RESPONSE] Status: 200 Message: Requested users fetched successfully
[2025-03-20 09:20:33] [INFO] [REQUEST] POST /admin/logout
[2025-03-20 09:20:33] [INFO] [RESPONSE] Status: 200 Message: User logged out successfully
[2025-03-20 09:20:44] [INFO] [REQUEST] OPTIONS /admin/login
[2025-03-20 09:20:44] [INFO] [REQUEST] POST /admin/login
[2025-03-20 09:20:44] [INFO] [RESPONSE] Status: 200 Message: Admin logged in successfully.
[2025-03-20 09:20:52] [INFO] [REQUEST] GET /admin/fetchAllRequestedUsers?page=1&limit=9
[2025-03-20 09:20:52] [INFO] [RESPONSE] Status: 200 Message: Requested users fetched successfully
[2025-03-20 09:20:53] [INFO] [REQUEST] GET /admin/fetchAllInstructors?page=1&limit=10
[2025-03-20 09:20:53] [INFO] [RESPONSE] Status: 200 Message: Instructors fetched successfully
[2025-03-20 09:24:06] [INFO] [REQUEST] GET /getUserdata
[2025-03-20 09:24:06] [INFO] [RESPONSE] Status: 200 Message: User details fetched successfully
[2025-03-20 09:24:43] [INFO] [REQUEST] GET /getUserdata
[2025-03-20 09:24:43] [INFO] [RESPONSE] Status: 200 Message: User details fetched successfully
[2025-03-20 09:28:36] [INFO] [REQUEST] GET /getUserdata
[2025-03-20 09:28:36] [INFO] [RESPONSE] Status: 200 Message: User details fetched successfully
[2025-03-20 09:52:07] [INFO] [REQUEST] GET /getUserdata
[2025-03-20 09:52:08] [INFO] [RESPONSE] Status: 200 Message: User details fetched successfully
[2025-03-20 09:53:33] [INFO] [REQUEST] GET /getUserdata
[2025-03-20 09:53:33] [INFO] [RESPONSE] Status: 200 Message: User details fetched successfully
[2025-03-20 09:53:44] [INFO] [REQUEST] GET /getUserdata
[2025-03-20 09:53:44] [INFO] [RESPONSE] Status: 200 Message: User details fetched successfully
[2025-03-20 09:53:49] [INFO] [REQUEST] GET /getUserdata
[2025-03-20 09:53:49] [INFO] [RESPONSE] Status: 200 Message: User details fetched successfully
[2025-03-20 09:53:54] [INFO] [REQUEST] GET /getUserdata
[2025-03-20 09:53:54] [INFO] [RESPONSE] Status: 200 Message: User details fetched successfully
[2025-03-20 09:53:55] [INFO] [REQUEST] GET /getUserdata
[2025-03-20 09:53:55] [INFO] [RESPONSE] Status: 200 Message: User details fetched successfully
[2025-03-20 09:54:00] [INFO] [REQUEST] GET /getUserdata
[2025-03-20 09:54:01] [INFO] [RESPONSE] Status: 200 Message: User details fetched successfully
[2025-03-20 09:57:23] [INFO] [REQUEST] GET /getUserdata
[2025-03-20 09:57:24] [INFO] [RESPONSE] Status: 200 Message: User details fetched successfully
[2025-03-20 09:57:28] [INFO] [REQUEST] GET /getUserdata
[2025-03-20 09:57:28] [INFO] [RESPONSE] Status: 200 Message: User details fetched successfully
[2025-03-20 09:58:55] [INFO] [REQUEST] GET /getUserdata
[2025-03-20 09:58:55] [INFO] [RESPONSE] Status: 200 Message: User details fetched successfully
[2025-03-20 09:58:58] [INFO] [REQUEST] GET /getUserdata
[2025-03-20 09:58:58] [INFO] [RESPONSE] Status: 200 Message: User details fetched successfully
[2025-03-20 09:59:02] [INFO] [REQUEST] GET /admin/fetchAllInstructors?page=1&limit=10
[2025-03-20 09:59:02] [INFO] [RESPONSE] Status: 200 Message: Instructors fetched successfully
[2025-03-20 09:59:07] [INFO] [REQUEST] GET /getUserdata
[2025-03-20 09:59:07] [INFO] [RESPONSE] Status: 200 Message: User details fetched successfully
[2025-03-20 09:59:26] [INFO] [REQUEST] GET /getUserdata
[2025-03-20 09:59:26] [INFO] [RESPONSE] Status: 200 Message: User details fetched successfully
[2025-03-20 09:59:35] [INFO] [REQUEST] GET /getUserdata
[2025-03-20 09:59:35] [INFO] [RESPONSE] Status: 200 Message: User details fetched successfully
[2025-03-20 09:59:39] [INFO] [REQUEST] GET /getUserdata
[2025-03-20 09:59:40] [INFO] [RESPONSE] Status: 200 Message: User details fetched successfully
[2025-03-20 09:59:55] [INFO] [REQUEST] GET /getUserdata
[2025-03-20 09:59:55] [INFO] [RESPONSE] Status: 200 Message: User details fetched successfully
[2025-03-20 09:59:58] [INFO] [REQUEST] GET /getUserdata
[2025-03-20 09:59:58] [INFO] [RESPONSE] Status: 200 Message: User details fetched successfully
[2025-03-20 10:00:04] [INFO] [REQUEST] GET /getUserdata
[2025-03-20 10:00:04] [INFO] [RESPONSE] Status: 200 Message: User details fetched successfully
[2025-03-20 10:00:25] [INFO] [REQUEST] GET /getUserdata
[2025-03-20 10:00:25] [INFO] [RESPONSE] Status: 200 Message: User details fetched successfully
[2025-03-20 10:00:29] [INFO] [REQUEST] GET /getUserdata
[2025-03-20 10:00:29] [INFO] [RESPONSE] Status: 200 Message: User details fetched successfully
[2025-03-20 10:32:42] [INFO] [REQUEST] GET /admin/fetchAllInstructors?page=1&limit=10
[2025-03-20 10:32:42] [INFO] [RESPONSE] Status: 200 Message: Instructors fetched successfully
[2025-03-20 10:32:46] [INFO] [REQUEST] GET /admin/fetchAllStudents?page=1&limit=10
[2025-03-20 10:32:46] [INFO] [RESPONSE] Status: 200 Message: Students fetched successfully
[2025-03-20 10:32:59] [INFO] [REQUEST] OPTIONS /logout
[2025-03-20 10:32:59] [INFO] [REQUEST] POST /logout
[2025-03-20 10:32:59] [INFO] [RESPONSE] Status: 200 Message: User logged out successfully
[2025-03-20 10:33:22] [INFO] [REQUEST] OPTIONS /login
[2025-03-20 10:33:22] [INFO] [REQUEST] POST /login
[2025-03-20 10:33:22] [INFO] [RESPONSE] Status: 200 Message: Login successful.
[2025-03-20 10:33:29] [INFO] [REQUEST] GET /getUserdata
[2025-03-20 10:33:29] [INFO] [RESPONSE] Status: 200 Message: User details fetched successfully
[2025-03-20 10:33:41] [INFO] [REQUEST] OPTIONS /logout
[2025-03-20 10:33:41] [INFO] [REQUEST] POST /logout
[2025-03-20 10:33:41] [INFO] [RESPONSE] Status: 200 Message: User logged out successfully
[2025-03-20 10:33:49] [INFO] [REQUEST] OPTIONS /google-auth
[2025-03-20 10:33:49] [INFO] [REQUEST] POST /google-auth
[2025-03-20 10:33:50] [INFO] [RESPONSE] Status: 200 Message: Google authentication successful
[2025-03-20 10:33:53] [INFO] [REQUEST] GET /getUserdata
[2025-03-20 10:33:53] [INFO] [RESPONSE] Status: 200 Message: User details fetched successfully
[2025-03-20 10:33:58] [INFO] [REQUEST] GET /admin/fetchAllInstructors?page=1&limit=10
[2025-03-20 10:33:58] [INFO] [RESPONSE] Status: 200 Message: Instructors fetched successfully
[2025-03-20 10:34:44] [INFO] [REQUEST] GET /getUserdata
[2025-03-20 10:34:44] [INFO] [RESPONSE] Status: 200 Message: User details fetched successfully
[2025-03-20 10:47:37] [INFO] [REQUEST] GET /getUserdata
[2025-03-20 10:47:37] [INFO] [RESPONSE] Status: 200 Message: User details fetched successfully
[2025-03-20 10:47:45] [INFO] [REQUEST] GET /getUserdata
[2025-03-20 10:47:45] [INFO] [RESPONSE] Status: 200 Message: User details fetched successfully
[2025-03-20 10:47:53] [INFO] [REQUEST] GET /getUserdata
[2025-03-20 10:47:53] [INFO] [RESPONSE] Status: 200 Message: User details fetched successfully
[2025-03-20 10:47:58] [INFO] [REQUEST] GET /getUserdata
[2025-03-20 10:47:58] [INFO] [RESPONSE] Status: 200 Message: User details fetched successfully
[2025-03-20 10:48:05] [INFO] [REQUEST] GET /getUserdata
[2025-03-20 10:48:05] [INFO] [RESPONSE] Status: 200 Message: User details fetched successfully
[2025-03-20 10:48:07] [INFO] [REQUEST] GET /getUserdata
[2025-03-20 10:48:07] [INFO] [RESPONSE] Status: 200 Message: User details fetched successfully
[2025-03-20 10:48:20] [INFO] [REQUEST] GET /getUserdata
[2025-03-20 10:48:20] [INFO] [RESPONSE] Status: 200 Message: User details fetched successfully
[2025-03-20 10:48:21] [INFO] [REQUEST] GET /getUserdata
[2025-03-20 10:48:21] [INFO] [RESPONSE] Status: 200 Message: User details fetched successfully
[2025-03-20 10:48:23] [INFO] [REQUEST] GET /getUserdata
[2025-03-20 10:48:23] [INFO] [RESPONSE] Status: 200 Message: User details fetched successfully
[2025-03-20 10:48:25] [INFO] [REQUEST] GET /getUserdata
[2025-03-20 10:48:25] [INFO] [RESPONSE] Status: 200 Message: User details fetched successfully
[2025-03-20 10:48:33] [INFO] [REQUEST] GET /getUserdata
[2025-03-20 10:48:33] [INFO] [RESPONSE] Status: 200 Message: User details fetched successfully
[2025-03-20 10:48:45] [INFO] [REQUEST] GET /getUserdata
[2025-03-20 10:48:45] [INFO] [RESPONSE] Status: 200 Message: User details fetched successfully
[2025-03-20 10:49:03] [INFO] [REQUEST] GET /getUserdata
[2025-03-20 10:49:03] [INFO] [RESPONSE] Status: 200 Message: User details fetched successfully
[2025-03-20 10:49:22] [INFO] [REQUEST] GET /getUserdata
[2025-03-20 10:49:22] [INFO] [RESPONSE] Status: 200 Message: User details fetched successfully
[2025-03-20 10:49:27] [INFO] [REQUEST] GET /getUserdata
[2025-03-20 10:49:27] [INFO] [RESPONSE] Status: 200 Message: User details fetched successfully
[2025-03-20 10:50:02] [INFO] [REQUEST] GET /getUserdata
[2025-03-20 10:50:02] [INFO] [RESPONSE] Status: 200 Message: User details fetched successfully
[2025-03-20 10:55:11] [INFO] [REQUEST] GET /getUserdata
[2025-03-20 10:55:11] [INFO] [RESPONSE] Status: 200 Message: User details fetched successfully
[2025-03-20 10:59:45] [INFO] [REQUEST] GET /getUserdata
[2025-03-20 10:59:45] [INFO] [RESPONSE] Status: 200 Message: User details fetched successfully
[2025-03-20 11:19:02] [INFO] [REQUEST] GET /getUserdata
[2025-03-20 11:19:02] [INFO] [RESPONSE] Status: 200 Message: User details fetched successfully
[2025-03-20 11:21:53] [INFO] [REQUEST] GET /getUserdata
[2025-03-20 11:21:53] [INFO] [RESPONSE] Status: 200 Message: User details fetched successfully
[2025-03-20 11:22:00] [INFO] [REQUEST] GET /getUserdata
[2025-03-20 11:22:00] [INFO] [RESPONSE] Status: 200 Message: User details fetched successfully
[2025-03-20 11:25:15] [INFO] [REQUEST] GET /getUserdata
[2025-03-20 11:25:15] [INFO] [RESPONSE] Status: 200 Message: User details fetched successfully
[2025-03-20 11:32:01] [INFO] [REQUEST] GET /getUserdata
[2025-03-20 11:32:01] [INFO] [RESPONSE] Status: 200 Message: User details fetched successfully
[2025-03-20 11:42:01] [INFO] [REQUEST] GET /getUserdata
[2025-03-20 11:42:01] [INFO] [RESPONSE] Status: 200 Message: User details fetched successfully
[2025-03-20 11:42:03] [INFO] [REQUEST] GET /getUserdata
[2025-03-20 11:42:04] [INFO] [RESPONSE] Status: 200 Message: User details fetched successfully
[2025-03-20 11:42:44] [INFO] [REQUEST] GET /getUserdata
[2025-03-20 11:42:44] [INFO] [RESPONSE] Status: 200 Message: User details fetched successfully
[2025-03-20 15:55:39] [INFO] [REQUEST] GET /admin/fetchAllInstructors?page=1&limit=10
[2025-03-20 15:55:40] [INFO] [RESPONSE] Status: 200 Message: Instructors fetched successfully
[2025-03-20 17:15:54] [INFO] [REQUEST] GET /admin/fetchAllInstructors?page=1&limit=10
[2025-03-20 17:15:55] [INFO] [RESPONSE] Status: 200 Message: Instructors fetched successfully
[2025-03-20 17:21:56] [INFO] [REQUEST] GET /getUserdata
[2025-03-20 17:21:57] [INFO] [RESPONSE] Status: 200 Message: User details fetched successfully
[2025-03-20 17:22:02] [INFO] [REQUEST] GET /getUserdata
[2025-03-20 17:22:02] [INFO] [RESPONSE] Status: 200 Message: User details fetched successfully
[2025-03-20 17:31:33] [INFO] [REQUEST] GET /getUserdata
[2025-03-20 17:31:33] [INFO] [RESPONSE] Status: 200 Message: User details fetched successfully
