[2025-04-11 00:50:03] [INFO] [REQUEST] GET /student/check-enrollment/67f5c3150a3211ae10306ddf
[2025-04-11 00:50:03] [INFO] [REQUEST] GET /courses/67f5c3150a3211ae10306ddf
[2025-04-11 00:50:04] [INFO] [RESPONSE] Status: 200 Message: Course fetched successfully.
[2025-04-11 00:50:04] [INFO] [RESPONSE] Status: 200 Message: User is enrolled in this course
[2025-04-11 00:50:04] [INFO] [REQUEST] GET /courses/:courseId/reviews?courseId=someCourseId&skip=0&limit=10
[2025-04-11 00:50:04] [INFO] [RESPONSE] Status: 400 Message: Failed to fetch reviews. Please try again.
[2025-04-11 00:52:35] [INFO] [REQUEST] GET /student/check-enrollment/67f5c3150a3211ae10306ddf
[2025-04-11 00:52:35] [INFO] [REQUEST] GET /courses/67f5c3150a3211ae10306ddf
[2025-04-11 00:52:36] [INFO] [RESPONSE] Status: 200 Message: Course fetched successfully.
[2025-04-11 00:52:36] [INFO] [RESPONSE] Status: 200 Message: User is enrolled in this course
[2025-04-11 00:52:36] [INFO] [REQUEST] GET /courses/:courseId/reviews?courseId=someCourseId&skip=0&limit=10
[2025-04-11 00:52:36] [INFO] [RESPONSE] Status: 400 Message: Failed to fetch reviews. Please try again.
[2025-04-11 00:57:00] [INFO] [REQUEST] GET /courses/:courseId/reviews?courseId=67f5c3150a3211ae10306ddf&skip=0&limit=10
[2025-04-11 00:57:00] [INFO] [RESPONSE] Status: 400 Message: Failed to fetch reviews. Please try again.
[2025-04-11 00:57:00] [INFO] [REQUEST] GET /courses/67f5c3150a3211ae10306ddf
[2025-04-11 00:57:00] [INFO] [REQUEST] GET /student/check-enrollment/67f5c3150a3211ae10306ddf
[2025-04-11 00:57:00] [INFO] [RESPONSE] Status: 200 Message: Course fetched successfully.
[2025-04-11 00:57:00] [INFO] [RESPONSE] Status: 200 Message: User is enrolled in this course
[2025-04-11 00:57:06] [INFO] [REQUEST] GET /courses/67f5c3150a3211ae10306ddf
[2025-04-11 00:57:06] [INFO] [REQUEST] GET /student/check-enrollment/67f5c3150a3211ae10306ddf
[2025-04-11 00:57:06] [INFO] [RESPONSE] Status: 200 Message: Course fetched successfully.
[2025-04-11 00:57:06] [INFO] [REQUEST] GET /courses/:courseId/reviews?courseId=67f5c3150a3211ae10306ddf&skip=0&limit=10
[2025-04-11 00:57:06] [INFO] [RESPONSE] Status: 400 Message: Failed to fetch reviews. Please try again.
[2025-04-11 00:57:06] [INFO] [RESPONSE] Status: 200 Message: User is enrolled in this course
[2025-04-11 00:58:55] [INFO] [REQUEST] GET /courses/67f5c3150a3211ae10306ddf
[2025-04-11 00:58:55] [INFO] [REQUEST] GET /student/check-enrollment/67f5c3150a3211ae10306ddf
[2025-04-11 00:58:55] [INFO] [RESPONSE] Status: 200 Message: Course fetched successfully.
[2025-04-11 00:58:56] [INFO] [REQUEST] GET /courses/:courseId/reviews?courseId=67f5c3150a3211ae10306ddf&skip=0&limit=10
[2025-04-11 00:58:56] [INFO] [RESPONSE] Status: 400 Message: Failed to fetch reviews. Please try again.
[2025-04-11 00:58:56] [INFO] [RESPONSE] Status: 200 Message: User is enrolled in this course
[2025-04-11 00:59:58] [INFO] [REQUEST] GET /courses/67f5c3150a3211ae10306ddf
[2025-04-11 00:59:58] [INFO] [REQUEST] GET /student/check-enrollment/67f5c3150a3211ae10306ddf
[2025-04-11 00:59:59] [INFO] [RESPONSE] Status: 200 Message: Course fetched successfully.
[2025-04-11 00:59:59] [INFO] [RESPONSE] Status: 200 Message: User is enrolled in this course
[2025-04-11 00:59:59] [INFO] [REQUEST] GET /courses/:courseId/reviews?courseId=67f5c3150a3211ae10306ddf&skip=0&limit=10
[2025-04-11 00:59:59] [INFO] [RESPONSE] Status: 400 Message: Failed to fetch reviews. Please try again.
[2025-04-11 01:06:07] [INFO] [REQUEST] GET /courses/67f5c3150a3211ae10306ddf/reviews?skip=0&limit=10
[2025-04-11 01:06:08] [INFO] [RESPONSE] Status: 200 Message: Reviews fetched successfully.
[2025-04-11 01:06:15] [INFO] [REQUEST] GET /courses/67f5c3150a3211ae10306ddf/reviews?skip=0&limit=10
[2025-04-11 01:06:15] [INFO] [RESPONSE] Status: 200 Message: Reviews fetched successfully.
[2025-04-11 01:06:55] [INFO] [REQUEST] GET /courses/67f5c3150a3211ae10306ddf/reviews?skip=0&limit=10
[2025-04-11 01:06:55] [INFO] [RESPONSE] Status: 200 Message: Reviews fetched successfully.
[2025-04-11 01:07:17] [INFO] [REQUEST] GET /courses/67f5c3150a3211ae10306ddf
[2025-04-11 01:07:17] [INFO] [REQUEST] GET /student/check-enrollment/67f5c3150a3211ae10306ddf
[2025-04-11 01:07:17] [INFO] [RESPONSE] Status: 200 Message: Course fetched successfully.
[2025-04-11 01:07:17] [INFO] [RESPONSE] Status: 200 Message: User is enrolled in this course
[2025-04-11 01:07:17] [INFO] [REQUEST] GET /courses/67f5c3150a3211ae10306ddf/reviews?skip=0&limit=10
[2025-04-11 01:07:17] [INFO] [RESPONSE] Status: 200 Message: Reviews fetched successfully.
[2025-04-11 01:07:34] [INFO] [REQUEST] GET /courses/67f5c3150a3211ae10306ddf
[2025-04-11 01:07:34] [INFO] [REQUEST] GET /student/check-enrollment/67f5c3150a3211ae10306ddf
[2025-04-11 01:07:34] [INFO] [RESPONSE] Status: 200 Message: Course fetched successfully.
[2025-04-11 01:07:34] [INFO] [RESPONSE] Status: 200 Message: User is enrolled in this course
[2025-04-11 01:07:34] [INFO] [REQUEST] GET /courses/67f5c3150a3211ae10306ddf/reviews?skip=0&limit=10
[2025-04-11 01:07:34] [INFO] [RESPONSE] Status: 200 Message: Reviews fetched successfully.
[2025-04-11 01:09:13] [INFO] [REQUEST] GET /active-courses?page=1&limit=10&sortField=updatedAt&sortOrder=desc
[2025-04-11 01:09:13] [INFO] [RESPONSE] Status: 200 Message: Active courses fetched successfully.
[2025-04-11 01:09:15] [INFO] [REQUEST] GET /courses/67f5c3150a3211ae10306ddf
[2025-04-11 01:09:16] [INFO] [REQUEST] GET /student/check-enrollment/67f5c3150a3211ae10306ddf
[2025-04-11 01:09:16] [INFO] [RESPONSE] Status: 200 Message: Course fetched successfully.
[2025-04-11 01:09:16] [INFO] [REQUEST] GET /courses/67f5c3150a3211ae10306ddf/reviews?skip=0&limit=10
[2025-04-11 01:09:16] [INFO] [RESPONSE] Status: 200 Message: User is enrolled in this course
[2025-04-11 01:09:17] [INFO] [RESPONSE] Status: 200 Message: Reviews fetched successfully.
[2025-04-11 01:10:19] [INFO] [REQUEST] GET /courses/67f5c3150a3211ae10306ddf
[2025-04-11 01:10:19] [INFO] [REQUEST] GET /student/check-enrollment/67f5c3150a3211ae10306ddf
[2025-04-11 01:10:19] [INFO] [RESPONSE] Status: 200 Message: Course fetched successfully.
[2025-04-11 01:10:20] [INFO] [REQUEST] GET /courses/67f5c3150a3211ae10306ddf/reviews?skip=0&limit=10
[2025-04-11 01:10:20] [INFO] [RESPONSE] Status: 200 Message: User is enrolled in this course
[2025-04-11 01:10:20] [INFO] [RESPONSE] Status: 200 Message: Reviews fetched successfully.
[2025-04-11 01:11:51] [INFO] [REQUEST] GET /courses/67f5c3150a3211ae10306ddf/reviews?skip=0&limit=10
[2025-04-11 01:11:51] [INFO] [RESPONSE] Status: 200 Message: Reviews fetched successfully.
[2025-04-11 01:11:51] [INFO] [REQUEST] GET /courses/67f5c3150a3211ae10306ddf/reviews?skip=0&limit=10
[2025-04-11 01:11:51] [INFO] [RESPONSE] Status: 200 Message: Reviews fetched successfully.
[2025-04-11 01:11:58] [INFO] [REQUEST] GET /courses/67f5c3150a3211ae10306ddf
[2025-04-11 01:11:59] [INFO] [REQUEST] GET /student/check-enrollment/67f5c3150a3211ae10306ddf
[2025-04-11 01:11:59] [INFO] [RESPONSE] Status: 200 Message: Course fetched successfully.
[2025-04-11 01:11:59] [INFO] [RESPONSE] Status: 200 Message: User is enrolled in this course
[2025-04-11 01:12:00] [INFO] [REQUEST] GET /courses/67f5c3150a3211ae10306ddf/reviews?skip=0&limit=10
[2025-04-11 01:12:00] [INFO] [RESPONSE] Status: 200 Message: Reviews fetched successfully.
[2025-04-11 01:14:26] [INFO] [REQUEST] GET /courses/67f5c3150a3211ae10306ddf/reviews?skip=0&limit=10
[2025-04-11 01:14:26] [INFO] [RESPONSE] Status: 200 Message: Reviews fetched successfully.
[2025-04-11 01:16:51] [INFO] [REQUEST] GET /courses/67f5c3150a3211ae10306ddf/reviews?skip=0&limit=10
[2025-04-11 01:16:51] [INFO] [RESPONSE] Status: 200 Message: Reviews fetched successfully.
[2025-04-11 01:17:26] [INFO] [REQUEST] GET /courses/67f5c3150a3211ae10306ddf
[2025-04-11 01:17:27] [INFO] [REQUEST] GET /student/check-enrollment/67f5c3150a3211ae10306ddf
[2025-04-11 01:17:28] [INFO] [RESPONSE] Status: 200 Message: Course fetched successfully.
[2025-04-11 01:17:28] [INFO] [RESPONSE] Status: 200 Message: User is enrolled in this course
[2025-04-11 01:17:28] [INFO] [REQUEST] GET /courses/67f5c3150a3211ae10306ddf/reviews?skip=0&limit=10
[2025-04-11 01:17:28] [INFO] [RESPONSE] Status: 200 Message: Reviews fetched successfully.
[2025-04-11 01:17:32] [INFO] [REQUEST] GET /active-courses?page=1&limit=10&sortField=updatedAt&sortOrder=desc
[2025-04-11 01:17:32] [INFO] [RESPONSE] Status: 200 Message: Active courses fetched successfully.
[2025-04-11 01:17:34] [INFO] [REQUEST] GET /courses/67f5c3150a3211ae10306ddf
[2025-04-11 01:17:34] [INFO] [REQUEST] GET /student/check-enrollment/67f5c3150a3211ae10306ddf
[2025-04-11 01:17:35] [INFO] [RESPONSE] Status: 200 Message: Course fetched successfully.
[2025-04-11 01:17:35] [INFO] [REQUEST] GET /courses/67f5c3150a3211ae10306ddf/reviews?skip=0&limit=10
[2025-04-11 01:17:35] [INFO] [RESPONSE] Status: 200 Message: User is enrolled in this course
[2025-04-11 01:17:35] [INFO] [RESPONSE] Status: 200 Message: Reviews fetched successfully.
[2025-04-11 01:17:38] [INFO] [REQUEST] GET /active-courses?page=1&limit=10&sortField=updatedAt&sortOrder=desc
[2025-04-11 01:17:38] [INFO] [RESPONSE] Status: 200 Message: Active courses fetched successfully.
[2025-04-11 01:17:40] [INFO] [REQUEST] GET /courses/67f65da9eb6fbdd6eee45aae
[2025-04-11 01:17:40] [INFO] [REQUEST] GET /student/check-enrollment/67f65da9eb6fbdd6eee45aae
[2025-04-11 01:17:40] [INFO] [RESPONSE] Status: 200 Message: Course fetched successfully.
[2025-04-11 01:17:40] [INFO] [REQUEST] GET /courses/67f65da9eb6fbdd6eee45aae/reviews?skip=0&limit=10
[2025-04-11 01:17:40] [INFO] [RESPONSE] Status: 200 Message: User is not enrolled in this course
[2025-04-11 01:17:40] [INFO] [RESPONSE] Status: 400 Message: Schema hasn't been registered for model "User".
Use mongoose.model(name, schema)
[2025-04-11 01:19:51] [INFO] [REQUEST] GET /courses/67f65da9eb6fbdd6eee45aae/reviews?skip=0&limit=10
[2025-04-11 01:19:51] [INFO] [RESPONSE] Status: 400 Message: Schema hasn't been registered for model "User".
Use mongoose.model(name, schema)
[2025-04-11 01:20:04] [INFO] [REQUEST] GET /courses/67f65da9eb6fbdd6eee45aae/reviews?skip=0&limit=10
[2025-04-11 01:20:04] [INFO] [RESPONSE] Status: 400 Message: Schema hasn't been registered for model "User".
Use mongoose.model(name, schema)
[2025-04-11 01:26:29] [INFO] [REQUEST] GET /courses/67f65da9eb6fbdd6eee45aae/reviews?skip=0&limit=10
[2025-04-11 01:26:29] [INFO] [RESPONSE] Status: 400 Message: Schema hasn't been registered for model "User".
Use mongoose.model(name, schema)
[2025-04-11 01:26:50] [INFO] [REQUEST] GET /courses/67f65da9eb6fbdd6eee45aae/reviews?skip=0&limit=10
[2025-04-11 01:26:50] [INFO] [RESPONSE] Status: 400 Message: Schema hasn't been registered for model "User".
Use mongoose.model(name, schema)
[2025-04-11 01:28:36] [INFO] [REQUEST] GET /courses/67f65da9eb6fbdd6eee45aae/reviews?skip=0&limit=10
[2025-04-11 01:28:36] [INFO] [RESPONSE] Status: 400 Message: Schema hasn't been registered for model "User".
Use mongoose.model(name, schema)
[2025-04-11 01:28:43] [INFO] [REQUEST] GET /courses/67f65da9eb6fbdd6eee45aae
[2025-04-11 01:28:44] [INFO] [REQUEST] GET /student/check-enrollment/67f65da9eb6fbdd6eee45aae
[2025-04-11 01:28:44] [INFO] [RESPONSE] Status: 200 Message: Course fetched successfully.
[2025-04-11 01:28:44] [INFO] [RESPONSE] Status: 200 Message: User is not enrolled in this course
[2025-04-11 01:28:44] [INFO] [REQUEST] GET /courses/67f65da9eb6fbdd6eee45aae/reviews?skip=0&limit=10
[2025-04-11 01:28:44] [INFO] [RESPONSE] Status: 400 Message: Schema hasn't been registered for model "User".
Use mongoose.model(name, schema)
[2025-04-11 01:30:51] [INFO] [REQUEST] GET /courses/67f65da9eb6fbdd6eee45aae
[2025-04-11 01:30:51] [INFO] [REQUEST] GET /student/check-enrollment/67f65da9eb6fbdd6eee45aae
[2025-04-11 01:30:52] [INFO] [RESPONSE] Status: 200 Message: Course fetched successfully.
[2025-04-11 01:30:52] [INFO] [RESPONSE] Status: 200 Message: User is not enrolled in this course
[2025-04-11 01:30:52] [INFO] [REQUEST] GET /courses/67f65da9eb6fbdd6eee45aae/reviews?skip=0&limit=10
[2025-04-11 01:30:52] [INFO] [RESPONSE] Status: 400 Message: Schema hasn't been registered for model "User".
Use mongoose.model(name, schema)
[2025-04-11 01:41:14] [INFO] [REQUEST] GET /active-courses?page=1&limit=10&sortField=updatedAt&sortOrder=desc
[2025-04-11 01:41:15] [INFO] [RESPONSE] Status: 200 Message: Active courses fetched successfully.
[2025-04-11 01:41:19] [INFO] [REQUEST] GET /student/enrollments
[2025-04-11 01:41:20] [INFO] [RESPONSE] Status: 200 Message: Enrollments fetched successfully
[2025-04-11 01:41:21] [INFO] [REQUEST] GET /courses/67f5c3150a3211ae10306ddf
[2025-04-11 01:41:21] [INFO] [RESPONSE] Status: 200 Message: Course fetched successfully.
[2025-04-11 01:41:34] [INFO] [REQUEST] OPTIONS /student/reviews
[2025-04-11 01:41:34] [INFO] [REQUEST] POST /student/reviews
[2025-04-11 01:41:34] [INFO] [RESPONSE] Status: 200 Message: Review added successfully.
[2025-04-11 01:41:40] [INFO] [REQUEST] GET /active-courses?page=1&limit=10&sortField=updatedAt&sortOrder=desc
[2025-04-11 01:41:40] [INFO] [RESPONSE] Status: 200 Message: Active courses fetched successfully.
[2025-04-11 01:41:41] [INFO] [REQUEST] GET /courses/67f5c3150a3211ae10306ddf
[2025-04-11 01:41:41] [INFO] [REQUEST] GET /student/check-enrollment/67f5c3150a3211ae10306ddf
[2025-04-11 01:41:41] [INFO] [RESPONSE] Status: 200 Message: Course fetched successfully.
[2025-04-11 01:41:41] [INFO] [REQUEST] GET /courses/67f5c3150a3211ae10306ddf/reviews?skip=0&limit=10
[2025-04-11 01:41:41] [INFO] [RESPONSE] Status: 200 Message: User is enrolled in this course
[2025-04-11 01:41:41] [INFO] [RESPONSE] Status: 200 Message: Reviews fetched successfully.
[2025-04-11 01:45:38] [INFO] [REQUEST] GET /courses/67f5c3150a3211ae10306ddf/reviews?skip=0&limit=10
[2025-04-11 01:45:39] [INFO] [RESPONSE] Status: 200 Message: Reviews fetched successfully.
[2025-04-11 01:45:39] [INFO] [REQUEST] GET /courses/67f5c3150a3211ae10306ddf/reviews?skip=0&limit=10
[2025-04-11 01:45:39] [INFO] [RESPONSE] Status: 200 Message: Reviews fetched successfully.
[2025-04-11 01:45:39] [INFO] [REQUEST] GET /courses/67f5c3150a3211ae10306ddf/reviews?skip=0&limit=10
[2025-04-11 01:45:39] [INFO] [RESPONSE] Status: 200 Message: Reviews fetched successfully.
[2025-04-11 01:45:43] [INFO] [REQUEST] GET /courses/67f5c3150a3211ae10306ddf
[2025-04-11 01:45:43] [INFO] [REQUEST] GET /student/check-enrollment/67f5c3150a3211ae10306ddf
[2025-04-11 01:45:43] [INFO] [RESPONSE] Status: 200 Message: Course fetched successfully.
[2025-04-11 01:45:43] [INFO] [RESPONSE] Status: 200 Message: User is enrolled in this course
[2025-04-11 01:45:43] [INFO] [REQUEST] GET /courses/67f5c3150a3211ae10306ddf/reviews?skip=0&limit=10
[2025-04-11 01:45:44] [INFO] [RESPONSE] Status: 200 Message: Reviews fetched successfully.
[2025-04-11 01:46:16] [INFO] [REQUEST] OPTIONS /logout
[2025-04-11 01:46:16] [INFO] [REQUEST] POST /logout
[2025-04-11 01:46:16] [INFO] [RESPONSE] Status: 200 Message: User logged out successfully
[2025-04-11 01:46:16] [INFO] [REQUEST] GET /courses/67f5c3150a3211ae10306ddf
[2025-04-11 01:46:16] [INFO] [RESPONSE] Status: 200 Message: Course fetched successfully.
[2025-04-11 01:46:31] [INFO] [REQUEST] OPTIONS /login
[2025-04-11 01:46:31] [INFO] [REQUEST] POST /login
[2025-04-11 01:46:31] [INFO] [RESPONSE] Status: 200 Message: Login successful.
[2025-04-11 01:46:36] [INFO] [REQUEST] GET /student/enrollments
[2025-04-11 01:46:36] [INFO] [RESPONSE] Status: 200 Message: Enrollments fetched successfully
[2025-04-11 01:46:40] [INFO] [REQUEST] GET /courses/67f5c3150a3211ae10306ddf
[2025-04-11 01:46:40] [INFO] [RESPONSE] Status: 200 Message: Course fetched successfully.
[2025-04-11 01:46:48] [INFO] [REQUEST] OPTIONS /student/reviews
[2025-04-11 01:46:48] [INFO] [REQUEST] POST /student/reviews
[2025-04-11 01:46:49] [INFO] [RESPONSE] Status: 200 Message: Review added successfully.
[2025-04-11 01:46:56] [INFO] [REQUEST] GET /active-courses?page=1&limit=10&sortField=updatedAt&sortOrder=desc
[2025-04-11 01:46:56] [INFO] [RESPONSE] Status: 200 Message: Active courses fetched successfully.
[2025-04-11 01:46:57] [INFO] [REQUEST] GET /courses/67f5c3150a3211ae10306ddf
[2025-04-11 01:46:57] [INFO] [REQUEST] GET /student/check-enrollment/67f5c3150a3211ae10306ddf
[2025-04-11 01:46:57] [INFO] [RESPONSE] Status: 200 Message: Course fetched successfully.
[2025-04-11 01:46:57] [INFO] [REQUEST] GET /courses/67f5c3150a3211ae10306ddf/reviews?skip=0&limit=10
[2025-04-11 01:46:57] [INFO] [RESPONSE] Status: 200 Message: User is enrolled in this course
[2025-04-11 01:46:57] [INFO] [RESPONSE] Status: 200 Message: Reviews fetched successfully.
[2025-04-11 01:48:44] [INFO] [REQUEST] GET /courses/67f5c3150a3211ae10306ddf
[2025-04-11 01:48:45] [INFO] [REQUEST] GET /student/check-enrollment/67f5c3150a3211ae10306ddf
[2025-04-11 01:48:45] [INFO] [RESPONSE] Status: 200 Message: Course fetched successfully.
[2025-04-11 01:48:45] [INFO] [RESPONSE] Status: 200 Message: User is enrolled in this course
[2025-04-11 01:48:47] [INFO] [REQUEST] GET /courses/67f5c3150a3211ae10306ddf
[2025-04-11 01:48:47] [INFO] [REQUEST] GET /student/check-enrollment/67f5c3150a3211ae10306ddf
[2025-04-11 01:48:48] [INFO] [RESPONSE] Status: 200 Message: Course fetched successfully.
[2025-04-11 01:48:48] [INFO] [REQUEST] GET /courses/67f5c3150a3211ae10306ddf/reviews?skip=0&limit=10
[2025-04-11 01:48:48] [INFO] [RESPONSE] Status: 200 Message: User is enrolled in this course
[2025-04-11 01:48:48] [INFO] [RESPONSE] Status: 200 Message: Reviews fetched successfully.
[2025-04-11 01:48:52] [INFO] [REQUEST] GET /courses/67f5c3150a3211ae10306ddf
[2025-04-11 01:48:52] [INFO] [REQUEST] GET /student/check-enrollment/67f5c3150a3211ae10306ddf
[2025-04-11 01:48:52] [INFO] [RESPONSE] Status: 200 Message: Course fetched successfully.
[2025-04-11 01:48:52] [INFO] [RESPONSE] Status: 200 Message: User is enrolled in this course
[2025-04-11 01:48:52] [INFO] [REQUEST] GET /courses/67f5c3150a3211ae10306ddf/reviews?skip=0&limit=10
[2025-04-11 01:48:52] [INFO] [RESPONSE] Status: 200 Message: Reviews fetched successfully.
[2025-04-11 01:55:27] [INFO] [REQUEST] GET /courses/67f5c3150a3211ae10306ddf/reviews?skip=0&limit=10
[2025-04-11 01:55:27] [INFO] [REQUEST] GET /courses/67f5c3150a3211ae10306ddf
[2025-04-11 01:55:27] [INFO] [REQUEST] GET /student/check-enrollment/67f5c3150a3211ae10306ddf
[2025-04-11 01:55:32] [INFO] [REQUEST] GET /courses/67f5c3150a3211ae10306ddf
[2025-04-11 01:55:32] [INFO] [REQUEST] GET /student/check-enrollment/67f5c3150a3211ae10306ddf
[2025-04-11 01:55:40] [INFO] [RESPONSE] Status: 200 Message: Course fetched successfully.
[2025-04-11 01:55:51] [INFO] [RESPONSE] Status: 200 Message: Reviews fetched successfully.
[2025-04-11 01:55:56] [INFO] [RESPONSE] Status: 200 Message: User is enrolled in this course
[2025-04-11 01:56:00] [INFO] [RESPONSE] Status: 200 Message: Course fetched successfully.
[2025-04-11 01:56:00] [INFO] [REQUEST] GET /courses/67f5c3150a3211ae10306ddf/reviews?skip=0&limit=10
[2025-04-11 01:56:00] [INFO] [RESPONSE] Status: 200 Message: User is enrolled in this course
[2025-04-11 01:56:00] [INFO] [RESPONSE] Status: 200 Message: Reviews fetched successfully.
[2025-04-11 01:59:59] [INFO] [REQUEST] GET /courses/67f5c3150a3211ae10306ddf/reviews?skip=0&limit=10
[2025-04-11 01:59:59] [INFO] [RESPONSE] Status: 200 Message: Reviews fetched successfully.
[2025-04-11 02:00:26] [INFO] [REQUEST] GET /courses/67f5c3150a3211ae10306ddf
[2025-04-11 02:00:26] [INFO] [REQUEST] GET /courses/67f5c3150a3211ae10306ddf/reviews?skip=0&limit=10
[2025-04-11 02:00:26] [INFO] [REQUEST] GET /student/check-enrollment/67f5c3150a3211ae10306ddf
[2025-04-11 02:00:27] [INFO] [RESPONSE] Status: 200 Message: Course fetched successfully.
[2025-04-11 02:00:27] [INFO] [RESPONSE] Status: 200 Message: Reviews fetched successfully.
[2025-04-11 02:00:27] [INFO] [RESPONSE] Status: 200 Message: User is enrolled in this course
[2025-04-11 02:01:09] [INFO] [REQUEST] GET /courses/67f5c3150a3211ae10306ddf
[2025-04-11 02:01:10] [INFO] [REQUEST] GET /student/check-enrollment/67f5c3150a3211ae10306ddf
[2025-04-11 02:01:10] [INFO] [RESPONSE] Status: 200 Message: Course fetched successfully.
[2025-04-11 02:01:10] [INFO] [RESPONSE] Status: 200 Message: User is enrolled in this course
[2025-04-11 02:01:10] [INFO] [REQUEST] GET /courses/67f5c3150a3211ae10306ddf/reviews?skip=0&limit=10
[2025-04-11 02:01:10] [INFO] [RESPONSE] Status: 200 Message: Reviews fetched successfully.
[2025-04-11 02:02:31] [INFO] [REQUEST] GET /courses/67f5c3150a3211ae10306ddf/reviews?skip=0&limit=10
[2025-04-11 02:02:32] [INFO] [RESPONSE] Status: 200 Message: Reviews fetched successfully.
[2025-04-11 02:02:52] [INFO] [REQUEST] GET /courses/67f5c3150a3211ae10306ddf
[2025-04-11 02:02:52] [INFO] [REQUEST] GET /student/check-enrollment/67f5c3150a3211ae10306ddf
[2025-04-11 02:02:52] [INFO] [RESPONSE] Status: 200 Message: Course fetched successfully.
[2025-04-11 02:02:52] [INFO] [RESPONSE] Status: 200 Message: User is enrolled in this course
[2025-04-11 02:03:16] [INFO] [REQUEST] GET /courses/67f5c3150a3211ae10306ddf/reviews?skip=0&limit=10
[2025-04-11 02:03:16] [INFO] [REQUEST] GET /courses/67f5c3150a3211ae10306ddf
[2025-04-11 02:03:16] [INFO] [REQUEST] GET /student/check-enrollment/67f5c3150a3211ae10306ddf
[2025-04-11 02:03:16] [INFO] [RESPONSE] Status: 200 Message: Course fetched successfully.
[2025-04-11 02:03:16] [INFO] [RESPONSE] Status: 200 Message: Reviews fetched successfully.
[2025-04-11 02:03:16] [INFO] [RESPONSE] Status: 200 Message: User is enrolled in this course
[2025-04-11 02:03:22] [INFO] [REQUEST] GET /courses/67f5c3150a3211ae10306ddf/reviews?skip=0&limit=10
[2025-04-11 02:03:22] [INFO] [REQUEST] GET /courses/67f5c3150a3211ae10306ddf
[2025-04-11 02:03:22] [INFO] [REQUEST] GET /student/check-enrollment/67f5c3150a3211ae10306ddf
[2025-04-11 02:03:22] [INFO] [RESPONSE] Status: 200 Message: Course fetched successfully.
[2025-04-11 02:03:22] [INFO] [RESPONSE] Status: 200 Message: User is enrolled in this course
[2025-04-11 02:03:22] [INFO] [RESPONSE] Status: 200 Message: Reviews fetched successfully.
[2025-04-11 02:06:02] [INFO] [REQUEST] GET /courses/67f5c3150a3211ae10306ddf
[2025-04-11 02:06:02] [INFO] [REQUEST] GET /student/check-enrollment/67f5c3150a3211ae10306ddf
[2025-04-11 02:06:03] [INFO] [RESPONSE] Status: 200 Message: Course fetched successfully.
[2025-04-11 02:06:03] [INFO] [RESPONSE] Status: 200 Message: User is enrolled in this course
[2025-04-11 02:06:08] [INFO] [REQUEST] GET /courses/67f5c3150a3211ae10306ddf
[2025-04-11 02:06:08] [INFO] [REQUEST] GET /student/check-enrollment/67f5c3150a3211ae10306ddf
[2025-04-11 02:06:08] [INFO] [RESPONSE] Status: 200 Message: Course fetched successfully.
[2025-04-11 02:06:09] [INFO] [REQUEST] GET /courses/67f5c3150a3211ae10306ddf/reviews?skip=0&limit=10
[2025-04-11 02:06:09] [INFO] [RESPONSE] Status: 200 Message: User is enrolled in this course
[2025-04-11 02:06:09] [INFO] [RESPONSE] Status: 200 Message: Reviews fetched successfully.
[2025-04-11 02:06:22] [INFO] [REQUEST] GET /courses/67f5c3150a3211ae10306ddf
[2025-04-11 02:06:22] [INFO] [REQUEST] GET /student/check-enrollment/67f5c3150a3211ae10306ddf
[2025-04-11 02:06:22] [INFO] [RESPONSE] Status: 200 Message: Course fetched successfully.
[2025-04-11 02:06:22] [INFO] [RESPONSE] Status: 200 Message: User is enrolled in this course
[2025-04-11 02:10:26] [INFO] [REQUEST] GET /courses/67f5c3150a3211ae10306ddf/reviews?skip=0&limit=10
[2025-04-11 02:10:26] [INFO] [RESPONSE] Status: 200 Message: Reviews fetched successfully.
[2025-04-11 02:10:26] [INFO] [REQUEST] GET /courses/67f5c3150a3211ae10306ddf/reviews?skip=0&limit=10
[2025-04-11 02:10:26] [INFO] [RESPONSE] Status: 200 Message: Reviews fetched successfully.
[2025-04-11 02:12:02] [INFO] [REQUEST] GET /courses/67f5c3150a3211ae10306ddf/reviews?skip=0&limit=10
[2025-04-11 02:12:02] [INFO] [RESPONSE] Status: 200 Message: Reviews fetched successfully.
[2025-04-11 02:12:13] [INFO] [REQUEST] GET /courses/67f5c3150a3211ae10306ddf/reviews?skip=0&limit=10
[2025-04-11 02:12:13] [INFO] [RESPONSE] Status: 200 Message: Reviews fetched successfully.
[2025-04-11 02:14:23] [INFO] [REQUEST] GET /courses/67f5c3150a3211ae10306ddf/reviews?skip=0&limit=10
[2025-04-11 02:14:23] [INFO] [RESPONSE] Status: 200 Message: Reviews fetched successfully.
[2025-04-11 02:14:46] [INFO] [REQUEST] GET /courses/67f5c3150a3211ae10306ddf/reviews?skip=0&limit=10
[2025-04-11 02:14:46] [INFO] [RESPONSE] Status: 200 Message: Reviews fetched successfully.
[2025-04-11 02:14:54] [INFO] [REQUEST] GET /courses/67f5c3150a3211ae10306ddf/reviews?skip=0&limit=10
[2025-04-11 02:14:54] [INFO] [RESPONSE] Status: 200 Message: Reviews fetched successfully.
[2025-04-11 02:15:02] [INFO] [REQUEST] GET /courses/67f5c3150a3211ae10306ddf/reviews?skip=0&limit=10
[2025-04-11 02:15:02] [INFO] [RESPONSE] Status: 200 Message: Reviews fetched successfully.
[2025-04-11 02:15:15] [INFO] [REQUEST] GET /courses/67f5c3150a3211ae10306ddf
[2025-04-11 02:15:15] [INFO] [REQUEST] GET /student/check-enrollment/67f5c3150a3211ae10306ddf
[2025-04-11 02:15:16] [INFO] [RESPONSE] Status: 200 Message: Course fetched successfully.
[2025-04-11 02:15:16] [INFO] [RESPONSE] Status: 200 Message: User is enrolled in this course
[2025-04-11 02:15:16] [INFO] [REQUEST] GET /courses/67f5c3150a3211ae10306ddf/reviews?skip=0&limit=10
[2025-04-11 02:15:16] [INFO] [RESPONSE] Status: 200 Message: Reviews fetched successfully.
[2025-04-11 02:15:31] [INFO] [REQUEST] GET /courses/67f5c3150a3211ae10306ddf/reviews?skip=0&limit=10
[2025-04-11 02:15:31] [INFO] [RESPONSE] Status: 200 Message: Reviews fetched successfully.
[2025-04-11 02:15:32] [INFO] [REQUEST] GET /courses/67f5c3150a3211ae10306ddf/reviews?skip=0&limit=10
[2025-04-11 02:15:32] [INFO] [RESPONSE] Status: 200 Message: Reviews fetched successfully.
[2025-04-11 02:15:37] [INFO] [REQUEST] GET /courses/67f5c3150a3211ae10306ddf
[2025-04-11 02:15:37] [INFO] [REQUEST] GET /student/check-enrollment/67f5c3150a3211ae10306ddf
[2025-04-11 02:15:37] [INFO] [RESPONSE] Status: 200 Message: Course fetched successfully.
[2025-04-11 02:15:37] [INFO] [REQUEST] GET /courses/67f5c3150a3211ae10306ddf/reviews?skip=0&limit=10
[2025-04-11 02:15:37] [INFO] [RESPONSE] Status: 200 Message: User is enrolled in this course
[2025-04-11 02:15:38] [INFO] [RESPONSE] Status: 200 Message: Reviews fetched successfully.
[2025-04-11 02:18:17] [INFO] [REQUEST] GET /courses/67f5c3150a3211ae10306ddf/reviews?skip=0&limit=10
[2025-04-11 02:18:17] [INFO] [RESPONSE] Status: 200 Message: Reviews fetched successfully.
[2025-04-11 02:18:49] [INFO] [REQUEST] GET /courses/67f5c3150a3211ae10306ddf/reviews?skip=0&limit=10
[2025-04-11 02:18:49] [INFO] [REQUEST] GET /courses/67f5c3150a3211ae10306ddf
[2025-04-11 02:18:49] [INFO] [REQUEST] GET /student/check-enrollment/67f5c3150a3211ae10306ddf
[2025-04-11 02:18:50] [INFO] [RESPONSE] Status: 200 Message: Course fetched successfully.
[2025-04-11 02:18:50] [INFO] [RESPONSE] Status: 200 Message: Reviews fetched successfully.
[2025-04-11 02:18:50] [INFO] [RESPONSE] Status: 200 Message: User is enrolled in this course
[2025-04-11 02:20:09] [INFO] [REQUEST] GET /courses/67f5c3150a3211ae10306ddf/reviews?skip=0&limit=10
[2025-04-11 02:20:09] [INFO] [RESPONSE] Status: 200 Message: Reviews fetched successfully.
[2025-04-11 02:20:17] [INFO] [REQUEST] GET /courses/67f5c3150a3211ae10306ddf/reviews?skip=0&limit=10
[2025-04-11 02:20:17] [INFO] [RESPONSE] Status: 200 Message: Reviews fetched successfully.
[2025-04-11 02:20:54] [INFO] [REQUEST] GET /active-courses?page=1&limit=10&sortField=updatedAt&sortOrder=desc
[2025-04-11 02:20:54] [INFO] [RESPONSE] Status: 200 Message: Active courses fetched successfully.
[2025-04-11 02:20:56] [INFO] [REQUEST] GET /courses/67f5c3150a3211ae10306ddf
[2025-04-11 02:20:56] [INFO] [REQUEST] GET /student/check-enrollment/67f5c3150a3211ae10306ddf
[2025-04-11 02:20:56] [INFO] [RESPONSE] Status: 200 Message: Course fetched successfully.
[2025-04-11 02:20:56] [INFO] [REQUEST] GET /courses/67f5c3150a3211ae10306ddf/reviews?skip=0&limit=10
[2025-04-11 02:20:56] [INFO] [RESPONSE] Status: 200 Message: User is enrolled in this course
[2025-04-11 02:20:56] [INFO] [RESPONSE] Status: 200 Message: Reviews fetched successfully.
[2025-04-11 02:21:02] [INFO] [REQUEST] GET /student/enrollments
[2025-04-11 02:21:02] [INFO] [RESPONSE] Status: 200 Message: Enrollments fetched successfully
[2025-04-11 02:21:04] [INFO] [REQUEST] GET /courses/67f61c2d0ee7af4df05c0c7c
[2025-04-11 02:21:04] [INFO] [RESPONSE] Status: 200 Message: Course fetched successfully.
[2025-04-11 02:21:14] [INFO] [REQUEST] OPTIONS /student/reviews
[2025-04-11 02:21:14] [INFO] [REQUEST] POST /student/reviews
[2025-04-11 02:21:14] [INFO] [RESPONSE] Status: 200 Message: Review added successfully.
[2025-04-11 02:21:21] [INFO] [REQUEST] GET /student/enrollments
[2025-04-11 02:21:21] [INFO] [RESPONSE] Status: 200 Message: Enrollments fetched successfully
[2025-04-11 02:21:24] [INFO] [REQUEST] GET /courses/67f5c3150a3211ae10306ddf
[2025-04-11 02:21:24] [INFO] [RESPONSE] Status: 200 Message: Course fetched successfully.
[2025-04-11 02:21:31] [INFO] [REQUEST] OPTIONS /student/reviews
[2025-04-11 02:21:31] [INFO] [REQUEST] POST /student/reviews
[2025-04-11 02:21:31] [INFO] [RESPONSE] Status: 400 Message: You have already reviewed this course.
[2025-04-11 02:22:14] [INFO] [REQUEST] OPTIONS /logout
[2025-04-11 02:22:14] [INFO] [REQUEST] POST /logout
[2025-04-11 02:22:14] [INFO] [RESPONSE] Status: 200 Message: User logged out successfully
[2025-04-11 02:22:31] [INFO] [REQUEST] OPTIONS /login
[2025-04-11 02:22:31] [INFO] [REQUEST] POST /login
[2025-04-11 02:22:32] [INFO] [RESPONSE] Status: 200 Message: Login successful.
[2025-04-11 02:22:39] [INFO] [REQUEST] GET /active-courses?page=1&limit=10&sortField=updatedAt&sortOrder=desc
[2025-04-11 02:22:39] [INFO] [RESPONSE] Status: 200 Message: Active courses fetched successfully.
[2025-04-11 02:22:43] [INFO] [REQUEST] GET /courses/67f5c3150a3211ae10306ddf
[2025-04-11 02:22:43] [INFO] [REQUEST] GET /student/check-enrollment/67f5c3150a3211ae10306ddf
[2025-04-11 02:22:43] [INFO] [RESPONSE] Status: 200 Message: Course fetched successfully.
[2025-04-11 02:22:43] [INFO] [REQUEST] GET /courses/67f5c3150a3211ae10306ddf/reviews?skip=0&limit=10
[2025-04-11 02:22:43] [INFO] [RESPONSE] Status: 200 Message: User is not enrolled in this course
[2025-04-11 02:22:43] [INFO] [RESPONSE] Status: 200 Message: Reviews fetched successfully.
[2025-04-11 02:23:12] [INFO] [REQUEST] OPTIONS /student/create-payment-intent
[2025-04-11 02:23:12] [INFO] [REQUEST] POST /student/create-payment-intent
[2025-04-11 02:23:13] [INFO] [RESPONSE] Status: 200 Message: Payment intent created successfully
[2025-04-11 02:23:14] [INFO] [REQUEST] OPTIONS /student/confirm-payment
[2025-04-11 02:23:14] [INFO] [REQUEST] POST /student/confirm-payment
[2025-04-11 02:23:15] [INFO] [RESPONSE] Status: 200 Message: Payment confirmed successfully
[2025-04-11 02:23:19] [INFO] [REQUEST] GET /student/enrollments
[2025-04-11 02:23:19] [INFO] [RESPONSE] Status: 200 Message: Enrollments fetched successfully
[2025-04-11 02:23:22] [INFO] [REQUEST] GET /courses/67f5c3150a3211ae10306ddf
[2025-04-11 02:23:22] [INFO] [RESPONSE] Status: 200 Message: Course fetched successfully.
[2025-04-11 02:23:29] [INFO] [REQUEST] OPTIONS /student/reviews
[2025-04-11 02:23:29] [INFO] [REQUEST] POST /student/reviews
[2025-04-11 02:23:29] [INFO] [RESPONSE] Status: 200 Message: Review added successfully.
[2025-04-11 02:23:33] [INFO] [REQUEST] GET /active-courses?page=1&limit=10&sortField=updatedAt&sortOrder=desc
[2025-04-11 02:23:33] [INFO] [RESPONSE] Status: 200 Message: Active courses fetched successfully.
[2025-04-11 02:23:34] [INFO] [REQUEST] GET /courses/67f5c3150a3211ae10306ddf
[2025-04-11 02:23:34] [INFO] [REQUEST] GET /student/check-enrollment/67f5c3150a3211ae10306ddf
[2025-04-11 02:23:34] [INFO] [RESPONSE] Status: 200 Message: Course fetched successfully.
[2025-04-11 02:23:34] [INFO] [REQUEST] GET /courses/67f5c3150a3211ae10306ddf/reviews?skip=0&limit=10
[2025-04-11 02:23:34] [INFO] [RESPONSE] Status: 200 Message: User is enrolled in this course
[2025-04-11 02:23:34] [INFO] [RESPONSE] Status: 200 Message: Reviews fetched successfully.
[2025-04-11 02:28:40] [INFO] [REQUEST] GET /courses/67f5c3150a3211ae10306ddf
[2025-04-11 02:28:40] [INFO] [REQUEST] GET /student/check-enrollment/67f5c3150a3211ae10306ddf
[2025-04-11 02:28:40] [INFO] [RESPONSE] Status: 200 Message: Course fetched successfully.
[2025-04-11 02:28:40] [INFO] [RESPONSE] Status: 200 Message: User is enrolled in this course
[2025-04-11 02:29:17] [INFO] [REQUEST] GET /active-courses?page=1&limit=10&sortField=updatedAt&sortOrder=desc
[2025-04-11 02:29:17] [INFO] [RESPONSE] Status: 200 Message: Active courses fetched successfully.
[2025-04-11 02:29:19] [INFO] [REQUEST] GET /courses/67f65da9eb6fbdd6eee45aae
[2025-04-11 02:29:19] [INFO] [REQUEST] GET /student/check-enrollment/67f65da9eb6fbdd6eee45aae
[2025-04-11 02:29:19] [INFO] [RESPONSE] Status: 200 Message: Course fetched successfully.
[2025-04-11 02:29:19] [INFO] [REQUEST] GET /courses/67f65da9eb6fbdd6eee45aae/reviews?skip=0&limit=10
[2025-04-11 02:29:19] [INFO] [RESPONSE] Status: 200 Message: User is not enrolled in this course
[2025-04-11 02:29:19] [INFO] [RESPONSE] Status: 200 Message: Reviews fetched successfully.
[2025-04-11 02:30:01] [INFO] [REQUEST] GET /active-courses?page=1&limit=10&sortField=updatedAt&sortOrder=desc
[2025-04-11 02:30:01] [INFO] [RESPONSE] Status: 200 Message: Active courses fetched successfully.
[2025-04-11 02:30:04] [INFO] [REQUEST] GET /student/check-enrollment/67f61c2d0ee7af4df05c0c7c
[2025-04-11 02:30:04] [INFO] [REQUEST] GET /courses/67f61c2d0ee7af4df05c0c7c
[2025-04-11 02:30:04] [INFO] [RESPONSE] Status: 200 Message: Course fetched successfully.
[2025-04-11 02:30:04] [INFO] [RESPONSE] Status: 200 Message: User is not enrolled in this course
[2025-04-11 02:30:04] [INFO] [REQUEST] GET /courses/67f61c2d0ee7af4df05c0c7c/reviews?skip=0&limit=10
[2025-04-11 02:30:04] [INFO] [RESPONSE] Status: 200 Message: Reviews fetched successfully.
[2025-04-11 02:30:23] [INFO] [REQUEST] GET /active-courses?page=1&limit=10&sortField=updatedAt&sortOrder=desc
[2025-04-11 02:30:23] [INFO] [RESPONSE] Status: 200 Message: Active courses fetched successfully.
[2025-04-11 02:30:25] [INFO] [REQUEST] GET /courses/67f5c3150a3211ae10306ddf
[2025-04-11 02:30:25] [INFO] [REQUEST] GET /student/check-enrollment/67f5c3150a3211ae10306ddf
[2025-04-11 02:30:25] [INFO] [RESPONSE] Status: 200 Message: Course fetched successfully.
[2025-04-11 02:30:25] [INFO] [REQUEST] GET /courses/67f5c3150a3211ae10306ddf/reviews?skip=0&limit=10
[2025-04-11 02:30:26] [INFO] [RESPONSE] Status: 200 Message: User is enrolled in this course
[2025-04-11 02:30:26] [INFO] [RESPONSE] Status: 200 Message: Reviews fetched successfully.
[2025-04-11 02:33:38] [INFO] [REQUEST] GET /courses/67f5c3150a3211ae10306ddf
[2025-04-11 02:33:38] [INFO] [REQUEST] GET /student/check-enrollment/67f5c3150a3211ae10306ddf
[2025-04-11 02:33:39] [INFO] [RESPONSE] Status: 200 Message: Course fetched successfully.
[2025-04-11 02:33:39] [INFO] [RESPONSE] Status: 200 Message: User is enrolled in this course
[2025-04-11 02:34:03] [INFO] [REQUEST] GET /student/check-enrollment/67f5c3150a3211ae10306ddf
[2025-04-11 02:34:04] [INFO] [REQUEST] GET /courses/67f5c3150a3211ae10306ddf
[2025-04-11 02:34:04] [INFO] [RESPONSE] Status: 200 Message: Course fetched successfully.
[2025-04-11 02:34:04] [INFO] [RESPONSE] Status: 200 Message: User is enrolled in this course
[2025-04-11 02:34:05] [INFO] [REQUEST] GET /courses/67f5c3150a3211ae10306ddf
[2025-04-11 02:34:05] [INFO] [REQUEST] GET /student/check-enrollment/67f5c3150a3211ae10306ddf
[2025-04-11 02:34:05] [INFO] [RESPONSE] Status: 200 Message: Course fetched successfully.
[2025-04-11 02:34:05] [INFO] [RESPONSE] Status: 200 Message: User is enrolled in this course
[2025-04-11 02:34:05] [INFO] [REQUEST] GET /courses/67f5c3150a3211ae10306ddf/reviews?skip=0&limit=10
[2025-04-11 02:34:05] [INFO] [RESPONSE] Status: 200 Message: Reviews fetched successfully.
[2025-04-11 02:38:04] [INFO] [REQUEST] GET /student/check-enrollment/67f5c3150a3211ae10306ddf
[2025-04-11 02:38:04] [INFO] [REQUEST] GET /courses/67f5c3150a3211ae10306ddf
[2025-04-11 02:38:04] [INFO] [RESPONSE] Status: 200 Message: Course fetched successfully.
[2025-04-11 02:38:04] [INFO] [RESPONSE] Status: 200 Message: User is enrolled in this course
[2025-04-11 02:38:04] [INFO] [REQUEST] GET /courses/67f5c3150a3211ae10306ddf/reviews?skip=0&limit=10
[2025-04-11 02:38:04] [INFO] [RESPONSE] Status: 200 Message: Reviews fetched successfully.
[2025-04-11 02:38:13] [INFO] [REQUEST] GET /courses/67f5c3150a3211ae10306ddf
[2025-04-11 02:38:13] [INFO] [REQUEST] GET /student/check-enrollment/67f5c3150a3211ae10306ddf
[2025-04-11 02:38:14] [INFO] [RESPONSE] Status: 200 Message: Course fetched successfully.
[2025-04-11 02:38:14] [INFO] [RESPONSE] Status: 200 Message: User is enrolled in this course
[2025-04-11 02:38:14] [INFO] [REQUEST] GET /courses/67f5c3150a3211ae10306ddf/reviews?skip=0&limit=10
[2025-04-11 02:38:14] [INFO] [RESPONSE] Status: 200 Message: Reviews fetched successfully.
[2025-04-11 02:39:00] [INFO] [REQUEST] GET /courses/67f5c3150a3211ae10306ddf
[2025-04-11 02:39:00] [INFO] [REQUEST] GET /student/check-enrollment/67f5c3150a3211ae10306ddf
[2025-04-11 02:39:00] [INFO] [RESPONSE] Status: 200 Message: Course fetched successfully.
[2025-04-11 02:39:00] [INFO] [RESPONSE] Status: 200 Message: User is enrolled in this course
[2025-04-11 02:39:03] [INFO] [REQUEST] GET /courses/67f5c3150a3211ae10306ddf
[2025-04-11 02:39:03] [INFO] [REQUEST] GET /student/check-enrollment/67f5c3150a3211ae10306ddf
[2025-04-11 02:39:03] [INFO] [RESPONSE] Status: 200 Message: Course fetched successfully.
[2025-04-11 02:39:03] [INFO] [REQUEST] GET /courses/67f5c3150a3211ae10306ddf/reviews?skip=0&limit=10
[2025-04-11 02:39:03] [INFO] [RESPONSE] Status: 200 Message: User is enrolled in this course
[2025-04-11 02:39:04] [INFO] [RESPONSE] Status: 200 Message: Reviews fetched successfully.
[2025-04-11 02:40:36] [INFO] [REQUEST] GET /courses/67f5c3150a3211ae10306ddf
[2025-04-11 02:40:36] [INFO] [REQUEST] GET /student/check-enrollment/67f5c3150a3211ae10306ddf
[2025-04-11 02:40:36] [INFO] [RESPONSE] Status: 200 Message: Course fetched successfully.
[2025-04-11 02:40:36] [INFO] [RESPONSE] Status: 200 Message: User is enrolled in this course
[2025-04-11 02:40:36] [INFO] [REQUEST] GET /courses/67f5c3150a3211ae10306ddf
[2025-04-11 02:40:36] [INFO] [REQUEST] GET /student/check-enrollment/67f5c3150a3211ae10306ddf
[2025-04-11 02:40:37] [INFO] [RESPONSE] Status: 200 Message: Course fetched successfully.
[2025-04-11 02:40:37] [INFO] [RESPONSE] Status: 200 Message: User is enrolled in this course
[2025-04-11 02:40:39] [INFO] [REQUEST] GET /courses/67f5c3150a3211ae10306ddf
[2025-04-11 02:40:39] [INFO] [REQUEST] GET /student/check-enrollment/67f5c3150a3211ae10306ddf
[2025-04-11 02:40:40] [INFO] [RESPONSE] Status: 200 Message: Course fetched successfully.
[2025-04-11 02:40:40] [INFO] [REQUEST] GET /courses/67f5c3150a3211ae10306ddf/reviews?skip=0&limit=10
[2025-04-11 02:40:40] [INFO] [RESPONSE] Status: 200 Message: User is enrolled in this course
[2025-04-11 02:40:40] [INFO] [RESPONSE] Status: 200 Message: Reviews fetched successfully.
[2025-04-11 02:40:52] [INFO] [REQUEST] GET /courses/67f5c3150a3211ae10306ddf
[2025-04-11 02:40:52] [INFO] [REQUEST] GET /student/check-enrollment/67f5c3150a3211ae10306ddf
[2025-04-11 02:40:52] [INFO] [RESPONSE] Status: 200 Message: Course fetched successfully.
[2025-04-11 02:40:52] [INFO] [RESPONSE] Status: 200 Message: User is enrolled in this course
[2025-04-11 02:40:53] [INFO] [REQUEST] GET /courses/67f5c3150a3211ae10306ddf
[2025-04-11 02:40:53] [INFO] [REQUEST] GET /student/check-enrollment/67f5c3150a3211ae10306ddf
[2025-04-11 02:40:53] [INFO] [RESPONSE] Status: 200 Message: Course fetched successfully.
[2025-04-11 02:40:53] [INFO] [RESPONSE] Status: 200 Message: User is enrolled in this course
[2025-04-11 02:40:57] [INFO] [REQUEST] GET /courses/67f5c3150a3211ae10306ddf
[2025-04-11 02:40:57] [INFO] [REQUEST] GET /student/check-enrollment/67f5c3150a3211ae10306ddf
[2025-04-11 02:40:57] [INFO] [RESPONSE] Status: 200 Message: Course fetched successfully.
[2025-04-11 02:40:57] [INFO] [REQUEST] GET /courses/67f5c3150a3211ae10306ddf/reviews?skip=0&limit=10
[2025-04-11 02:40:57] [INFO] [RESPONSE] Status: 200 Message: User is enrolled in this course
[2025-04-11 02:40:57] [INFO] [RESPONSE] Status: 200 Message: Reviews fetched successfully.
[2025-04-11 02:41:05] [INFO] [REQUEST] GET /courses/67f5c3150a3211ae10306ddf
[2025-04-11 02:41:05] [INFO] [REQUEST] GET /student/check-enrollment/67f5c3150a3211ae10306ddf
[2025-04-11 02:41:05] [INFO] [RESPONSE] Status: 200 Message: Course fetched successfully.
[2025-04-11 02:41:05] [INFO] [RESPONSE] Status: 200 Message: User is enrolled in this course
[2025-04-11 02:41:05] [INFO] [REQUEST] GET /courses/67f5c3150a3211ae10306ddf/reviews?skip=0&limit=10
[2025-04-11 02:41:05] [INFO] [RESPONSE] Status: 200 Message: Reviews fetched successfully.
[2025-04-11 02:47:00] [INFO] [REQUEST] GET /courses/67f5c3150a3211ae10306ddf
[2025-04-11 02:47:01] [INFO] [REQUEST] GET /student/check-enrollment/67f5c3150a3211ae10306ddf
[2025-04-11 02:47:02] [INFO] [RESPONSE] Status: 200 Message: Course fetched successfully.
[2025-04-11 02:47:02] [INFO] [RESPONSE] Status: 200 Message: User is enrolled in this course
[2025-04-11 02:47:08] [INFO] [REQUEST] GET /courses/67f5c3150a3211ae10306ddf
[2025-04-11 02:47:08] [INFO] [REQUEST] GET /student/check-enrollment/67f5c3150a3211ae10306ddf
[2025-04-11 02:47:14] [INFO] [RESPONSE] Status: 200 Message: Course fetched successfully.
[2025-04-11 02:47:15] [INFO] [RESPONSE] Status: 200 Message: User is enrolled in this course
[2025-04-11 02:47:15] [INFO] [REQUEST] GET /courses/67f5c3150a3211ae10306ddf
[2025-04-11 02:47:15] [INFO] [REQUEST] GET /student/check-enrollment/67f5c3150a3211ae10306ddf
[2025-04-11 02:47:16] [INFO] [RESPONSE] Status: 200 Message: Course fetched successfully.
[2025-04-11 02:47:16] [INFO] [REQUEST] GET /courses/67f5c3150a3211ae10306ddf/reviews?skip=0&limit=10
[2025-04-11 02:47:16] [INFO] [RESPONSE] Status: 200 Message: User is enrolled in this course
[2025-04-11 02:47:17] [INFO] [RESPONSE] Status: 200 Message: Reviews fetched successfully.
[2025-04-11 02:53:20] [INFO] [REQUEST] GET /active-courses?page=1&limit=10&sortField=updatedAt&sortOrder=desc
[2025-04-11 02:53:20] [INFO] [RESPONSE] Status: 200 Message: Active courses fetched successfully.
[2025-04-11 02:56:08] [INFO] [REQUEST] GET /active-courses?page=1&limit=10&sortField=updatedAt&sortOrder=desc
[2025-04-11 02:56:09] [INFO] [RESPONSE] Status: 200 Message: Active courses fetched successfully.
[2025-04-11 02:56:32] [INFO] [REQUEST] GET /active-courses?page=1&limit=10&level=beginner&sortField=updatedAt&sortOrder=desc
[2025-04-11 02:56:33] [INFO] [RESPONSE] Status: 200 Message: Active courses fetched successfully.
[2025-04-11 02:56:35] [INFO] [REQUEST] GET /active-courses?page=1&limit=10&level=beginner&pricingType=free&sortField=updatedAt&sortOrder=desc
[2025-04-11 02:56:35] [INFO] [RESPONSE] Status: 200 Message: Active courses fetched successfully.
[2025-04-11 02:56:38] [INFO] [REQUEST] GET /active-courses?page=1&limit=10&level=beginner&pricingType=free&sortField=studentsEnrolled&sortOrder=desc
[2025-04-11 02:56:38] [INFO] [RESPONSE] Status: 200 Message: Active courses fetched successfully.
[2025-04-11 02:56:45] [INFO] [REQUEST] GET /active-courses?page=1&limit=10&search=e&level=beginner&pricingType=free&sortField=studentsEnrolled&sortOrder=desc
[2025-04-11 02:56:45] [INFO] [RESPONSE] Status: 200 Message: Active courses fetched successfully.
[2025-04-11 02:56:45] [INFO] [REQUEST] GET /active-courses?page=1&limit=10&search=eg&level=beginner&pricingType=free&sortField=studentsEnrolled&sortOrder=desc
[2025-04-11 02:56:45] [INFO] [RESPONSE] Status: 200 Message: Active courses fetched successfully.
[2025-04-11 02:56:49] [INFO] [REQUEST] GET /active-courses?page=1&limit=10&search=e&level=beginner&pricingType=free&sortField=studentsEnrolled&sortOrder=desc
[2025-04-11 02:56:49] [INFO] [RESPONSE] Status: 200 Message: Active courses fetched successfully.
[2025-04-11 02:56:49] [INFO] [REQUEST] GET /active-courses?page=1&limit=10&level=beginner&pricingType=free&sortField=studentsEnrolled&sortOrder=desc
[2025-04-11 02:56:49] [INFO] [RESPONSE] Status: 200 Message: Active courses fetched successfully.
[2025-04-11 02:57:04] [INFO] [REQUEST] GET /active-courses?page=1&limit=10&sortField=updatedAt&sortOrder=desc
[2025-04-11 02:57:05] [INFO] [RESPONSE] Status: 200 Message: Active courses fetched successfully.
[2025-04-11 03:02:57] [INFO] [REQUEST] GET /active-courses?page=1&limit=10&level=intermediate&sortField=updatedAt&sortOrder=desc
[2025-04-11 03:02:57] [INFO] [RESPONSE] Status: 200 Message: Active courses fetched successfully.
[2025-04-11 03:03:00] [INFO] [REQUEST] GET /active-courses?page=1&limit=10&level=intermediate&pricingType=free&sortField=updatedAt&sortOrder=desc
[2025-04-11 03:03:00] [INFO] [RESPONSE] Status: 200 Message: Active courses fetched successfully.
[2025-04-11 03:03:03] [INFO] [REQUEST] GET /active-courses?page=1&limit=10&level=beginner&pricingType=free&sortField=updatedAt&sortOrder=desc
[2025-04-11 03:03:03] [INFO] [RESPONSE] Status: 200 Message: Active courses fetched successfully.
[2025-04-11 03:03:09] [INFO] [REQUEST] GET /active-courses?page=1&limit=10&level=beginner&pricingType=free&sortField=updatedAt&sortOrder=asc
[2025-04-11 03:03:09] [INFO] [RESPONSE] Status: 200 Message: Active courses fetched successfully.
[2025-04-11 03:03:13] [INFO] [REQUEST] GET /active-courses?page=1&limit=10&level=beginner&sortField=updatedAt&sortOrder=asc
[2025-04-11 03:03:13] [INFO] [RESPONSE] Status: 200 Message: Active courses fetched successfully.
[2025-04-11 03:04:27] [INFO] [REQUEST] GET /active-courses?page=1&limit=10&sortField=updatedAt&sortOrder=desc
[2025-04-11 03:04:29] [INFO] [RESPONSE] Status: 200 Message: Active courses fetched successfully.
[2025-04-11 03:04:29] [INFO] [REQUEST] GET /active-courses?page=1&limit=10&sortField=updatedAt&sortOrder=desc
[2025-04-11 03:04:29] [INFO] [RESPONSE] Status: 200 Message: Active courses fetched successfully.
[2025-04-11 03:05:02] [INFO] [REQUEST] GET /active-courses?page=1&limit=10&sortField=updatedAt&sortOrder=asc
[2025-04-11 03:05:02] [INFO] [RESPONSE] Status: 200 Message: Active courses fetched successfully.
[2025-04-11 03:05:07] [INFO] [REQUEST] GET /active-courses?page=1&limit=10&level=beginner&sortField=updatedAt&sortOrder=asc
[2025-04-11 03:05:08] [INFO] [RESPONSE] Status: 200 Message: Active courses fetched successfully.
[2025-04-11 03:05:15] [INFO] [REQUEST] GET /active-courses?page=1&limit=10&sortField=updatedAt&sortOrder=asc
[2025-04-11 03:05:15] [INFO] [RESPONSE] Status: 200 Message: Active courses fetched successfully.
[2025-04-11 03:05:19] [INFO] [REQUEST] GET /active-courses?page=1&limit=10&pricingType=paid&sortField=updatedAt&sortOrder=asc
[2025-04-11 03:05:19] [INFO] [RESPONSE] Status: 200 Message: Active courses fetched successfully.
[2025-04-11 03:05:28] [INFO] [REQUEST] GET /active-courses?page=1&limit=10&sortField=updatedAt&sortOrder=asc
[2025-04-11 03:05:29] [INFO] [RESPONSE] Status: 200 Message: Active courses fetched successfully.
[2025-04-11 03:05:54] [INFO] [REQUEST] GET /active-courses?page=1&limit=10&sortField=updatedAt&sortOrder=desc
[2025-04-11 03:05:54] [INFO] [RESPONSE] Status: 200 Message: Active courses fetched successfully.
[2025-04-11 03:06:06] [INFO] [REQUEST] GET /active-courses?page=1&limit=10&level=beginner&sortField=updatedAt&sortOrder=desc
[2025-04-11 03:06:07] [INFO] [RESPONSE] Status: 200 Message: Active courses fetched successfully.
[2025-04-11 03:06:09] [INFO] [REQUEST] GET /active-courses?page=1&limit=10&level=beginner&pricingType=free&sortField=updatedAt&sortOrder=desc
[2025-04-11 03:06:10] [INFO] [RESPONSE] Status: 200 Message: Active courses fetched successfully.
[2025-04-11 03:06:12] [INFO] [REQUEST] GET /active-courses?page=1&limit=10&level=beginner&pricingType=free&sortField=updatedAt&sortOrder=asc
[2025-04-11 03:06:12] [INFO] [RESPONSE] Status: 200 Message: Active courses fetched successfully.
[2025-04-11 03:06:18] [INFO] [REQUEST] GET /active-courses?page=1&limit=10&sortField=updatedAt&sortOrder=desc
[2025-04-11 03:06:18] [INFO] [RESPONSE] Status: 200 Message: Active courses fetched successfully.
[2025-04-11 03:06:43] [INFO] [REQUEST] GET /active-courses?page=1&limit=10&sortField=updatedAt&sortOrder=desc
[2025-04-11 03:06:43] [INFO] [RESPONSE] Status: 200 Message: Active courses fetched successfully.
[2025-04-11 03:07:59] [INFO] [REQUEST] GET /active-courses?page=1&limit=10&level=advanced&sortField=updatedAt&sortOrder=desc
[2025-04-11 03:07:59] [INFO] [RESPONSE] Status: 200 Message: Active courses fetched successfully.
[2025-04-11 03:08:23] [INFO] [REQUEST] GET /active-courses?page=1&limit=10&level=advanced&sortField=updatedAt&sortOrder=desc
[2025-04-11 03:08:23] [INFO] [RESPONSE] Status: 200 Message: Active courses fetched successfully.
[2025-04-11 03:08:54] [INFO] [REQUEST] GET /active-courses?page=1&limit=10&level=advanced&sortField=updatedAt&sortOrder=desc
[2025-04-11 03:08:54] [INFO] [RESPONSE] Status: 200 Message: Active courses fetched successfully.
[2025-04-11 03:10:11] [INFO] [REQUEST] GET /active-courses?page=1&limit=10&level=advanced&sortField=updatedAt&sortOrder=desc
[2025-04-11 03:10:11] [INFO] [RESPONSE] Status: 200 Message: Active courses fetched successfully.
[2025-04-11 03:10:13] [INFO] [REQUEST] GET /active-courses?page=1&limit=10&sortField=updatedAt&sortOrder=desc
[2025-04-11 03:10:13] [INFO] [RESPONSE] Status: 200 Message: Active courses fetched successfully.
[2025-04-11 03:11:14] [INFO] [REQUEST] GET /student/check-enrollment/67f5c3150a3211ae10306ddf
[2025-04-11 03:11:14] [INFO] [REQUEST] GET /courses/67f5c3150a3211ae10306ddf
[2025-04-11 03:11:14] [INFO] [RESPONSE] Status: 200 Message: Course fetched successfully.
[2025-04-11 03:11:14] [INFO] [RESPONSE] Status: 200 Message: User is enrolled in this course
[2025-04-11 03:11:14] [INFO] [REQUEST] GET /courses/67f5c3150a3211ae10306ddf/reviews?skip=0&limit=10
[2025-04-11 03:11:15] [INFO] [RESPONSE] Status: 200 Message: Reviews fetched successfully.
[2025-04-11 03:11:21] [INFO] [REQUEST] GET /active-courses?page=1&limit=10&sortField=updatedAt&sortOrder=desc
[2025-04-11 03:11:21] [INFO] [RESPONSE] Status: 200 Message: Active courses fetched successfully.
[2025-04-11 03:13:34] [INFO] [REQUEST] GET /active-courses?page=1&limit=10&sortField=updatedAt&sortOrder=desc
[2025-04-11 03:13:37] [INFO] [RESPONSE] Status: 200 Message: Active courses fetched successfully.
[2025-04-11 03:14:54] [INFO] [REQUEST] GET /active-courses?page=1&limit=10&sortField=updatedAt&sortOrder=desc
[2025-04-11 03:14:56] [INFO] [RESPONSE] Status: 200 Message: Active courses fetched successfully.
[2025-04-11 03:15:19] [INFO] [REQUEST] GET /active-courses?page=1&limit=10&sortField=updatedAt&sortOrder=desc
[2025-04-11 03:15:21] [INFO] [RESPONSE] Status: 200 Message: Active courses fetched successfully.
[2025-04-11 03:15:34] [INFO] [REQUEST] GET /active-courses?page=1&limit=10&sortField=updatedAt&sortOrder=desc
[2025-04-11 03:15:34] [INFO] [RESPONSE] Status: 200 Message: Active courses fetched successfully.
[2025-04-11 03:16:09] [INFO] [REQUEST] GET /active-courses?page=1&limit=10&sortField=updatedAt&sortOrder=desc
[2025-04-11 03:16:12] [INFO] [RESPONSE] Status: 200 Message: Active courses fetched successfully.
[2025-04-11 03:17:08] [INFO] [REQUEST] GET /active-courses?page=1&limit=10&sortField=updatedAt&sortOrder=desc
[2025-04-11 03:17:10] [INFO] [RESPONSE] Status: 200 Message: Active courses fetched successfully.
[2025-04-11 03:17:10] [INFO] [REQUEST] GET /active-courses?page=1&limit=10&sortField=updatedAt&sortOrder=desc
[2025-04-11 03:17:10] [INFO] [RESPONSE] Status: 200 Message: Active courses fetched successfully.
[2025-04-11 03:17:38] [INFO] [REQUEST] GET /courses/67f5c3150a3211ae10306ddf
[2025-04-11 03:17:38] [INFO] [REQUEST] GET /student/check-enrollment/67f5c3150a3211ae10306ddf
[2025-04-11 03:17:39] [INFO] [RESPONSE] Status: 200 Message: Course fetched successfully.
[2025-04-11 03:17:39] [INFO] [REQUEST] GET /courses/67f5c3150a3211ae10306ddf/reviews?skip=0&limit=10
[2025-04-11 03:17:39] [INFO] [RESPONSE] Status: 200 Message: User is enrolled in this course
[2025-04-11 03:17:39] [INFO] [RESPONSE] Status: 200 Message: Reviews fetched successfully.
[2025-04-11 03:17:41] [INFO] [REQUEST] GET /active-courses?page=1&limit=10&sortField=updatedAt&sortOrder=desc
[2025-04-11 03:17:41] [INFO] [RESPONSE] Status: 200 Message: Active courses fetched successfully.
[2025-04-11 03:17:46] [INFO] [REQUEST] GET /active-courses?page=1&limit=10&level=beginner&sortField=updatedAt&sortOrder=desc
[2025-04-11 03:17:47] [INFO] [RESPONSE] Status: 200 Message: Active courses fetched successfully.
[2025-04-11 03:17:52] [INFO] [REQUEST] GET /active-courses?page=1&limit=10&sortField=updatedAt&sortOrder=desc
[2025-04-11 03:17:52] [INFO] [RESPONSE] Status: 200 Message: Active courses fetched successfully.
[2025-04-11 03:18:05] [INFO] [REQUEST] GET /active-courses?page=1&limit=10&sortField=updatedAt&sortOrder=desc
[2025-04-11 03:18:06] [INFO] [RESPONSE] Status: 200 Message: Active courses fetched successfully.
[2025-04-11 03:20:01] [INFO] [REQUEST] GET /active-courses?page=1&limit=10&sortField=updatedAt&sortOrder=desc
[2025-04-11 03:20:02] [INFO] [RESPONSE] Status: 200 Message: Active courses fetched successfully.
[2025-04-11 03:20:20] [INFO] [REQUEST] GET /active-courses?page=1&limit=10&sortField=updatedAt&sortOrder=desc
[2025-04-11 03:20:20] [INFO] [RESPONSE] Status: 200 Message: Active courses fetched successfully.
[2025-04-11 03:20:24] [INFO] [REQUEST] GET /active-courses?page=1&limit=10&search=p&sortField=updatedAt&sortOrder=desc
[2025-04-11 03:20:24] [INFO] [RESPONSE] Status: 200 Message: Active courses fetched successfully.
[2025-04-11 03:20:26] [INFO] [REQUEST] GET /active-courses?page=1&limit=10&sortField=updatedAt&sortOrder=desc
[2025-04-11 03:20:27] [INFO] [RESPONSE] Status: 200 Message: Active courses fetched successfully.
[2025-04-11 03:20:30] [INFO] [REQUEST] GET /active-courses?page=1&limit=10&search=p&sortField=updatedAt&sortOrder=desc
[2025-04-11 03:20:30] [INFO] [RESPONSE] Status: 200 Message: Active courses fetched successfully.
[2025-04-11 03:20:30] [INFO] [REQUEST] GET /active-courses?page=1&limit=10&search=py&sortField=updatedAt&sortOrder=desc
[2025-04-11 03:20:30] [INFO] [RESPONSE] Status: 200 Message: Active courses fetched successfully.
[2025-04-11 03:20:33] [INFO] [REQUEST] GET /active-courses?page=1&limit=10&search=p&sortField=updatedAt&sortOrder=desc
[2025-04-11 03:20:33] [INFO] [RESPONSE] Status: 200 Message: Active courses fetched successfully.
[2025-04-11 03:20:33] [INFO] [REQUEST] GET /active-courses?page=1&limit=10&sortField=updatedAt&sortOrder=desc
[2025-04-11 03:20:33] [INFO] [RESPONSE] Status: 200 Message: Active courses fetched successfully.
[2025-04-11 03:20:41] [INFO] [REQUEST] GET /active-courses?page=1&limit=10&level=beginner&sortField=updatedAt&sortOrder=desc
[2025-04-11 03:20:41] [INFO] [RESPONSE] Status: 200 Message: Active courses fetched successfully.
[2025-04-11 03:20:46] [INFO] [REQUEST] GET /active-courses?page=1&limit=10&level=beginner&pricingType=paid&sortField=updatedAt&sortOrder=desc
[2025-04-11 03:20:46] [INFO] [RESPONSE] Status: 200 Message: Active courses fetched successfully.
[2025-04-11 03:20:49] [INFO] [REQUEST] GET /active-courses?page=1&limit=10&level=beginner&sortField=updatedAt&sortOrder=desc
[2025-04-11 03:20:50] [INFO] [RESPONSE] Status: 200 Message: Active courses fetched successfully.
[2025-04-11 03:21:23] [INFO] [REQUEST] GET /active-courses?page=1&limit=10&level=beginner&sortField=updatedAt&sortOrder=desc
[2025-04-11 03:21:25] [INFO] [RESPONSE] Status: 200 Message: Active courses fetched successfully.
[2025-04-11 03:21:30] [INFO] [REQUEST] GET /active-courses?page=1&limit=10&level=beginner&pricingType=free&sortField=updatedAt&sortOrder=desc
[2025-04-11 03:21:30] [INFO] [RESPONSE] Status: 200 Message: Active courses fetched successfully.
[2025-04-11 03:21:34] [INFO] [REQUEST] GET /active-courses?page=1&limit=10&level=beginner&sortField=updatedAt&sortOrder=desc
[2025-04-11 03:21:34] [INFO] [RESPONSE] Status: 200 Message: Active courses fetched successfully.
[2025-04-11 03:21:47] [INFO] [REQUEST] GET /active-courses?page=1&limit=10&level=beginner&sortField=updatedAt&sortOrder=desc
[2025-04-11 03:21:50] [INFO] [RESPONSE] Status: 200 Message: Active courses fetched successfully.
[2025-04-11 03:22:15] [INFO] [REQUEST] GET /active-courses?page=1&limit=10&level=beginner&sortField=updatedAt&sortOrder=desc
[2025-04-11 03:22:15] [INFO] [RESPONSE] Status: 200 Message: Active courses fetched successfully.
[2025-04-11 03:22:19] [INFO] [REQUEST] GET /active-courses?page=1&limit=10&sortField=updatedAt&sortOrder=desc
[2025-04-11 03:22:19] [INFO] [RESPONSE] Status: 200 Message: Active courses fetched successfully.
[2025-04-11 03:22:22] [INFO] [REQUEST] GET /active-courses?page=1&limit=10&search=p&sortField=updatedAt&sortOrder=desc
[2025-04-11 03:22:22] [INFO] [RESPONSE] Status: 200 Message: Active courses fetched successfully.
[2025-04-11 03:22:22] [INFO] [REQUEST] GET /active-courses?page=1&limit=10&search=py&sortField=updatedAt&sortOrder=desc
[2025-04-11 03:22:23] [INFO] [RESPONSE] Status: 200 Message: Active courses fetched successfully.
[2025-04-11 03:22:24] [INFO] [REQUEST] GET /active-courses?page=1&limit=10&search=p&sortField=updatedAt&sortOrder=desc
[2025-04-11 03:22:24] [INFO] [RESPONSE] Status: 200 Message: Active courses fetched successfully.
[2025-04-11 03:22:25] [INFO] [REQUEST] GET /active-courses?page=1&limit=10&sortField=updatedAt&sortOrder=desc
[2025-04-11 03:22:25] [INFO] [RESPONSE] Status: 200 Message: Active courses fetched successfully.
[2025-04-11 03:23:10] [INFO] [REQUEST] GET /active-courses?page=1&limit=10&sortField=updatedAt&sortOrder=desc
[2025-04-11 03:23:11] [INFO] [RESPONSE] Status: 200 Message: Active courses fetched successfully.
[2025-04-11 03:23:51] [INFO] [REQUEST] GET /active-courses?page=1&limit=10&sortField=updatedAt&sortOrder=desc
[2025-04-11 03:23:51] [INFO] [RESPONSE] Status: 200 Message: Active courses fetched successfully.
[2025-04-11 03:24:00] [INFO] [REQUEST] GET /active-courses?page=1&limit=10&level=beginner&sortField=updatedAt&sortOrder=desc
[2025-04-11 03:24:01] [INFO] [RESPONSE] Status: 200 Message: Active courses fetched successfully.
[2025-04-11 03:24:03] [INFO] [REQUEST] GET /active-courses?page=1&limit=10&sortField=updatedAt&sortOrder=desc
[2025-04-11 03:24:04] [INFO] [RESPONSE] Status: 200 Message: Active courses fetched successfully.
[2025-04-11 03:24:07] [INFO] [REQUEST] GET /active-courses?page=1&limit=10&sortField=updatedAt&sortOrder=desc
[2025-04-11 03:24:09] [INFO] [RESPONSE] Status: 200 Message: Active courses fetched successfully.
[2025-04-11 03:24:12] [INFO] [REQUEST] GET /active-courses?page=1&limit=10&level=beginner&sortField=updatedAt&sortOrder=desc
[2025-04-11 03:24:12] [INFO] [RESPONSE] Status: 200 Message: Active courses fetched successfully.
[2025-04-11 03:24:15] [INFO] [REQUEST] GET /active-courses?page=1&limit=10&sortField=updatedAt&sortOrder=desc
[2025-04-11 03:24:15] [INFO] [RESPONSE] Status: 200 Message: Active courses fetched successfully.
[2025-04-11 03:24:24] [INFO] [REQUEST] GET /active-courses?page=1&limit=10&sortField=updatedAt&sortOrder=desc
[2025-04-11 03:24:24] [INFO] [RESPONSE] Status: 200 Message: Active courses fetched successfully.
[2025-04-11 03:25:02] [INFO] [REQUEST] GET /active-courses?page=1&limit=10&sortField=updatedAt&sortOrder=desc
[2025-04-11 03:25:02] [INFO] [RESPONSE] Status: 200 Message: Active courses fetched successfully.
[2025-04-11 03:25:10] [INFO] [REQUEST] GET /active-courses?page=1&limit=10&sortField=updatedAt&sortOrder=desc
[2025-04-11 03:25:10] [INFO] [RESPONSE] Status: 200 Message: Active courses fetched successfully.
[2025-04-11 03:25:33] [INFO] [REQUEST] GET /active-courses?page=1&limit=10&sortField=updatedAt&sortOrder=desc
[2025-04-11 03:25:34] [INFO] [RESPONSE] Status: 200 Message: Active courses fetched successfully.
[2025-04-11 03:26:16] [INFO] [REQUEST] GET /active-courses?page=1&limit=10&sortField=updatedAt&sortOrder=desc
[2025-04-11 03:26:17] [INFO] [RESPONSE] Status: 200 Message: Active courses fetched successfully.
[2025-04-11 03:26:21] [INFO] [REQUEST] GET /active-courses?page=1&limit=10&sortField=updatedAt&sortOrder=desc
[2025-04-11 03:26:21] [INFO] [RESPONSE] Status: 200 Message: Active courses fetched successfully.
[2025-04-11 03:26:24] [INFO] [REQUEST] GET /active-courses?page=1&limit=10&level=beginner&sortField=updatedAt&sortOrder=desc
[2025-04-11 03:26:24] [INFO] [RESPONSE] Status: 200 Message: Active courses fetched successfully.
[2025-04-11 03:26:27] [INFO] [REQUEST] GET /active-courses?page=1&limit=10&level=beginner&pricingType=free&sortField=updatedAt&sortOrder=desc
[2025-04-11 03:26:27] [INFO] [RESPONSE] Status: 200 Message: Active courses fetched successfully.
[2025-04-11 03:26:29] [INFO] [REQUEST] GET /active-courses?page=1&limit=10&pricingType=free&sortField=updatedAt&sortOrder=desc
[2025-04-11 03:26:29] [INFO] [RESPONSE] Status: 200 Message: Active courses fetched successfully.
[2025-04-11 03:26:36] [INFO] [REQUEST] GET /active-courses?page=1&limit=10&sortField=updatedAt&sortOrder=desc
[2025-04-11 03:26:37] [INFO] [RESPONSE] Status: 200 Message: Active courses fetched successfully.
[2025-04-11 03:27:15] [INFO] [REQUEST] GET /active-courses?page=1&limit=10&sortField=updatedAt&sortOrder=desc
[2025-04-11 03:27:20] [INFO] [RESPONSE] Status: 200 Message: Active courses fetched successfully.
[2025-04-11 03:27:22] [INFO] [REQUEST] GET /active-courses?page=1&limit=10&sortField=updatedAt&sortOrder=desc
[2025-04-11 03:27:22] [INFO] [RESPONSE] Status: 200 Message: Active courses fetched successfully.
[2025-04-11 03:27:43] [INFO] [REQUEST] GET /courses/67f5c3150a3211ae10306ddf
[2025-04-11 03:27:43] [INFO] [REQUEST] GET /student/check-enrollment/67f5c3150a3211ae10306ddf
[2025-04-11 03:27:44] [INFO] [RESPONSE] Status: 200 Message: Course fetched successfully.
[2025-04-11 03:27:44] [INFO] [REQUEST] GET /courses/67f5c3150a3211ae10306ddf/reviews?skip=0&limit=10
[2025-04-11 03:27:44] [INFO] [RESPONSE] Status: 200 Message: User is enrolled in this course
[2025-04-11 03:27:44] [INFO] [RESPONSE] Status: 200 Message: Reviews fetched successfully.
[2025-04-11 03:28:32] [INFO] [REQUEST] GET /active-courses?page=1&limit=10&sortField=updatedAt&sortOrder=desc
[2025-04-11 03:28:33] [INFO] [RESPONSE] Status: 200 Message: Active courses fetched successfully.
[2025-04-11 03:29:57] [INFO] [REQUEST] GET /active-courses?page=1&limit=10&sortField=updatedAt&sortOrder=desc
[2025-04-11 03:30:00] [INFO] [RESPONSE] Status: 200 Message: Active courses fetched successfully.
[2025-04-11 03:30:00] [INFO] [REQUEST] GET /active-courses?page=1&limit=10&sortField=updatedAt&sortOrder=desc
[2025-04-11 03:30:00] [INFO] [RESPONSE] Status: 200 Message: Active courses fetched successfully.
[2025-04-11 03:30:15] [INFO] [REQUEST] GET /active-courses?page=1&limit=10&sortField=updatedAt&sortOrder=desc
[2025-04-11 03:30:15] [INFO] [RESPONSE] Status: 200 Message: Active courses fetched successfully.
[2025-04-11 03:30:22] [INFO] [REQUEST] GET /active-courses?page=1&limit=10&sortField=updatedAt&sortOrder=desc
[2025-04-11 03:30:22] [INFO] [RESPONSE] Status: 200 Message: Active courses fetched successfully.
[2025-04-11 03:30:25] [INFO] [REQUEST] GET /active-courses?page=1&limit=10&sortField=updatedAt&sortOrder=desc
[2025-04-11 03:30:25] [INFO] [RESPONSE] Status: 200 Message: Active courses fetched successfully.
[2025-04-11 03:30:40] [INFO] [REQUEST] GET /active-courses?page=1&limit=10&sortField=updatedAt&sortOrder=desc
[2025-04-11 03:30:41] [INFO] [RESPONSE] Status: 200 Message: Active courses fetched successfully.
[2025-04-11 03:30:49] [INFO] [REQUEST] GET /active-courses?page=1&limit=10&sortField=updatedAt&sortOrder=desc
[2025-04-11 03:30:50] [INFO] [RESPONSE] Status: 200 Message: Active courses fetched successfully.
[2025-04-11 03:31:36] [INFO] [REQUEST] GET /active-courses?page=1&limit=10&sortField=updatedAt&sortOrder=desc
[2025-04-11 03:31:36] [INFO] [RESPONSE] Status: 200 Message: Active courses fetched successfully.
[2025-04-11 03:33:04] [INFO] [REQUEST] GET /active-courses?page=1&limit=10&sortField=updatedAt&sortOrder=desc
[2025-04-11 03:33:05] [INFO] [RESPONSE] Status: 200 Message: Active courses fetched successfully.
[2025-04-11 03:33:05] [INFO] [REQUEST] GET /active-courses?page=1&limit=10&sortField=updatedAt&sortOrder=desc
[2025-04-11 03:33:05] [INFO] [RESPONSE] Status: 200 Message: Active courses fetched successfully.
[2025-04-11 03:33:42] [INFO] [REQUEST] GET /courses/67f61c2d0ee7af4df05c0c7c
[2025-04-11 03:33:42] [INFO] [REQUEST] GET /student/check-enrollment/67f61c2d0ee7af4df05c0c7c
[2025-04-11 03:33:42] [INFO] [RESPONSE] Status: 200 Message: Course fetched successfully.
[2025-04-11 03:33:42] [INFO] [REQUEST] GET /courses/67f61c2d0ee7af4df05c0c7c/reviews?skip=0&limit=10
[2025-04-11 03:33:42] [INFO] [RESPONSE] Status: 200 Message: User is not enrolled in this course
[2025-04-11 03:33:42] [INFO] [RESPONSE] Status: 200 Message: Reviews fetched successfully.
[2025-04-11 03:33:44] [INFO] [REQUEST] GET /active-courses?page=1&limit=10&sortField=updatedAt&sortOrder=desc
[2025-04-11 03:33:44] [INFO] [RESPONSE] Status: 200 Message: Active courses fetched successfully.
[2025-04-11 03:33:59] [INFO] [REQUEST] GET /active-courses?page=1&limit=10&pricingType=paid&sortField=updatedAt&sortOrder=desc
[2025-04-11 03:33:59] [INFO] [RESPONSE] Status: 200 Message: Active courses fetched successfully.
[2025-04-11 03:34:04] [INFO] [REQUEST] GET /active-courses?page=1&limit=10&sortField=updatedAt&sortOrder=desc
[2025-04-11 03:34:05] [INFO] [RESPONSE] Status: 200 Message: Active courses fetched successfully.
[2025-04-11 03:37:46] [INFO] [REQUEST] GET /active-courses?page=1&limit=10&sortField=updatedAt&sortOrder=desc
[2025-04-11 03:37:47] [INFO] [RESPONSE] Status: 200 Message: Active courses fetched successfully.
[2025-04-11 03:38:11] [INFO] [REQUEST] GET /active-courses?page=1&limit=10&sortField=updatedAt&sortOrder=desc
[2025-04-11 03:38:13] [INFO] [RESPONSE] Status: 200 Message: Active courses fetched successfully.
[2025-04-11 03:38:13] [INFO] [REQUEST] GET /active-courses?page=1&limit=10&sortField=updatedAt&sortOrder=desc
[2025-04-11 03:38:14] [INFO] [RESPONSE] Status: 200 Message: Active courses fetched successfully.
[2025-04-11 03:39:28] [INFO] [REQUEST] GET /active-courses?page=1&limit=10&sortField=updatedAt&sortOrder=desc
[2025-04-11 03:39:31] [INFO] [RESPONSE] Status: 200 Message: Active courses fetched successfully.
[2025-04-11 03:40:15] [INFO] [REQUEST] GET /active-courses?page=1&limit=10&sortField=updatedAt&sortOrder=desc
[2025-04-11 03:40:15] [INFO] [RESPONSE] Status: 200 Message: Active courses fetched successfully.
[2025-04-11 03:41:03] [INFO] [REQUEST] GET /active-courses?page=1&limit=10&sortField=updatedAt&sortOrder=desc
[2025-04-11 03:41:08] [INFO] [RESPONSE] Status: 200 Message: Active courses fetched successfully.
[2025-04-11 03:41:09] [INFO] [REQUEST] GET /active-courses?page=1&limit=10&sortField=updatedAt&sortOrder=desc
[2025-04-11 03:41:09] [INFO] [RESPONSE] Status: 200 Message: Active courses fetched successfully.
[2025-04-11 03:41:10] [INFO] [REQUEST] GET /active-courses?page=1&limit=10&sortField=updatedAt&sortOrder=desc
[2025-04-11 03:41:11] [INFO] [RESPONSE] Status: 200 Message: Active courses fetched successfully.
[2025-04-11 03:41:11] [INFO] [REQUEST] GET /active-courses?page=1&limit=10&level=beginner&sortField=updatedAt&sortOrder=desc
[2025-04-11 03:41:11] [INFO] [REQUEST] GET /active-courses?page=1&limit=10&sortField=updatedAt&sortOrder=desc
[2025-04-11 03:41:13] [INFO] [RESPONSE] Status: 200 Message: Active courses fetched successfully.
[2025-04-11 03:41:13] [INFO] [RESPONSE] Status: 200 Message: Active courses fetched successfully.
[2025-04-11 03:43:00] [INFO] [REQUEST] GET /active-courses?page=1&limit=10&level=beginner&sortField=updatedAt&sortOrder=desc
[2025-04-11 03:43:01] [INFO] [RESPONSE] Status: 200 Message: Active courses fetched successfully.
[2025-04-11 03:43:25] [INFO] [REQUEST] GET /active-courses?page=1&limit=10&level=beginner&sortField=updatedAt&sortOrder=desc
[2025-04-11 03:43:31] [INFO] [RESPONSE] Status: 200 Message: Active courses fetched successfully.
[2025-04-11 03:44:00] [INFO] [REQUEST] GET /active-courses?page=1&limit=10&level=beginner&sortField=updatedAt&sortOrder=desc
[2025-04-11 03:44:00] [INFO] [RESPONSE] Status: 200 Message: Active courses fetched successfully.
[2025-04-11 03:45:16] [INFO] [REQUEST] GET /active-courses?page=1&limit=10&sortField=updatedAt&sortOrder=desc
[2025-04-11 03:45:19] [INFO] [RESPONSE] Status: 200 Message: Active courses fetched successfully.
[2025-04-11 03:46:04] [INFO] [REQUEST] GET /active-courses?page=1&limit=10&sortField=updatedAt&sortOrder=desc
[2025-04-11 03:46:06] [INFO] [RESPONSE] Status: 200 Message: Active courses fetched successfully.
[2025-04-11 03:46:09] [INFO] [REQUEST] GET /active-courses?page=1&limit=10&sortField=updatedAt&sortOrder=desc
[2025-04-11 03:46:10] [INFO] [RESPONSE] Status: 200 Message: Active courses fetched successfully.
[2025-04-11 03:46:22] [INFO] [REQUEST] GET /active-courses?page=1&limit=10&sortField=updatedAt&sortOrder=desc
[2025-04-11 03:46:23] [INFO] [RESPONSE] Status: 200 Message: Active courses fetched successfully.
[2025-04-11 03:46:28] [INFO] [REQUEST] GET /active-courses?page=1&limit=10&sortField=updatedAt&sortOrder=desc
[2025-04-11 03:46:29] [INFO] [RESPONSE] Status: 200 Message: Active courses fetched successfully.
[2025-04-11 03:46:33] [INFO] [REQUEST] GET /getUserdata
[2025-04-11 03:46:33] [INFO] [RESPONSE] Status: 200 Message: User details fetched successfully
[2025-04-11 03:47:44] [INFO] [REQUEST] GET /active-courses?page=1&limit=10&level=beginner&sortField=updatedAt&sortOrder=desc
[2025-04-11 03:47:45] [INFO] [RESPONSE] Status: 200 Message: Active courses fetched successfully.
[2025-04-11 03:47:46] [INFO] [REQUEST] GET /active-courses?page=1&limit=10&level=free&sortField=updatedAt&sortOrder=desc
[2025-04-11 03:47:46] [INFO] [RESPONSE] Status: 200 Message: Active courses fetched successfully.
[2025-04-11 03:48:50] [INFO] [REQUEST] GET /active-courses?page=1&limit=10&level=free&sortField=updatedAt&sortOrder=desc
[2025-04-11 03:48:50] [INFO] [RESPONSE] Status: 200 Message: Active courses fetched successfully.
[2025-04-11 03:48:51] [INFO] [REQUEST] GET /active-courses?page=1&limit=10&level=free&sortField=updatedAt&sortOrder=desc
[2025-04-11 03:48:51] [INFO] [RESPONSE] Status: 200 Message: Active courses fetched successfully.
[2025-04-11 03:48:58] [INFO] [REQUEST] GET /active-courses?page=1&limit=10&sortField=updatedAt&sortOrder=desc
[2025-04-11 03:48:59] [INFO] [RESPONSE] Status: 200 Message: Active courses fetched successfully.
[2025-04-11 03:49:07] [INFO] [REQUEST] GET /active-courses?page=1&limit=10&sortField=updatedAt&sortOrder=desc
[2025-04-11 03:49:07] [INFO] [RESPONSE] Status: 200 Message: Active courses fetched successfully.
[2025-04-11 03:49:10] [INFO] [REQUEST] GET /active-courses?page=1&limit=10&sortField=updatedAt&sortOrder=desc
[2025-04-11 03:49:10] [INFO] [RESPONSE] Status: 200 Message: Active courses fetched successfully.
[2025-04-11 03:49:19] [INFO] [REQUEST] GET /active-courses?page=1&limit=10&sortField=updatedAt&sortOrder=desc
[2025-04-11 03:49:19] [INFO] [RESPONSE] Status: 200 Message: Active courses fetched successfully.
[2025-04-11 03:50:16] [INFO] [REQUEST] GET /active-courses?page=1&limit=10&sortField=updatedAt&sortOrder=desc
[2025-04-11 03:50:16] [INFO] [RESPONSE] Status: 200 Message: Active courses fetched successfully.
[2025-04-11 03:50:23] [INFO] [REQUEST] GET /active-courses?page=1&limit=10&sortField=updatedAt&sortOrder=desc
[2025-04-11 03:50:23] [INFO] [RESPONSE] Status: 200 Message: Active courses fetched successfully.
[2025-04-11 03:51:52] [INFO] [REQUEST] GET /active-courses?page=1&limit=10&sortField=updatedAt&sortOrder=desc
[2025-04-11 03:51:53] [INFO] [RESPONSE] Status: 200 Message: Active courses fetched successfully.
[2025-04-11 03:52:39] [INFO] [REQUEST] GET /active-courses?page=1&limit=10&sortField=updatedAt&sortOrder=desc
[2025-04-11 03:52:40] [INFO] [RESPONSE] Status: 200 Message: Active courses fetched successfully.
[2025-04-11 03:52:48] [INFO] [REQUEST] GET /active-courses?page=1&limit=10&search=p&sortField=updatedAt&sortOrder=desc
[2025-04-11 03:52:48] [INFO] [RESPONSE] Status: 200 Message: Active courses fetched successfully.
[2025-04-11 03:52:49] [INFO] [REQUEST] GET /active-courses?page=1&limit=10&search=py&sortField=updatedAt&sortOrder=desc
[2025-04-11 03:52:49] [INFO] [RESPONSE] Status: 200 Message: Active courses fetched successfully.
[2025-04-11 03:52:51] [INFO] [REQUEST] GET /active-courses?page=1&limit=10&search=p&sortField=updatedAt&sortOrder=desc
[2025-04-11 03:52:51] [INFO] [RESPONSE] Status: 200 Message: Active courses fetched successfully.
[2025-04-11 03:52:51] [INFO] [REQUEST] GET /active-courses?page=1&limit=10&sortField=updatedAt&sortOrder=desc
[2025-04-11 03:52:51] [INFO] [RESPONSE] Status: 200 Message: Active courses fetched successfully.
[2025-04-11 11:27:03] [INFO] [REQUEST] GET /student/enrollments
[2025-04-11 11:27:07] [INFO] [RESPONSE] Status: 200 Message: Enrollments fetched successfully
[2025-04-11 11:27:12] [INFO] [REQUEST] GET /courses/67f5c3150a3211ae10306ddf
[2025-04-11 11:27:12] [INFO] [RESPONSE] Status: 200 Message: Course fetched successfully.
[2025-04-11 11:32:24] [INFO] [REQUEST] GET /courses/67f5c3150a3211ae10306ddf
[2025-04-11 11:32:25] [INFO] [RESPONSE] Status: 200 Message: Course fetched successfully.
[2025-04-11 11:32:41] [INFO] [REQUEST] GET /courses/67f5c3150a3211ae10306ddf
[2025-04-11 11:32:41] [INFO] [RESPONSE] Status: 200 Message: Course fetched successfully.
[2025-04-11 11:33:31] [INFO] [REQUEST] GET /courses/67f5c3150a3211ae10306ddf
[2025-04-11 11:33:31] [INFO] [RESPONSE] Status: 200 Message: Course fetched successfully.
[2025-04-11 11:34:48] [INFO] [REQUEST] GET /courses/67f5c3150a3211ae10306ddf
[2025-04-11 11:34:49] [INFO] [RESPONSE] Status: 200 Message: Course fetched successfully.
[2025-04-11 11:34:53] [INFO] [REQUEST] GET /courses/67f5c3150a3211ae10306ddf
[2025-04-11 11:34:53] [INFO] [RESPONSE] Status: 200 Message: Course fetched successfully.
[2025-04-11 11:39:42] [INFO] [REQUEST] GET /courses/67f5c3150a3211ae10306ddf
[2025-04-11 11:39:42] [INFO] [RESPONSE] Status: 200 Message: Course fetched successfully.
[2025-04-11 11:39:48] [INFO] [REQUEST] GET /courses/67f5c3150a3211ae10306ddf
[2025-04-11 11:39:48] [INFO] [RESPONSE] Status: 200 Message: Course fetched successfully.
[2025-04-11 12:37:56] [INFO] [REQUEST] GET /courses/67f5c3150a3211ae10306ddf
[2025-04-11 12:37:57] [INFO] [RESPONSE] Status: 200 Message: Course fetched successfully.
[2025-04-11 12:38:11] [INFO] [REQUEST] GET /courses/67f5c3150a3211ae10306ddf
[2025-04-11 12:38:11] [INFO] [RESPONSE] Status: 200 Message: Course fetched successfully.
[2025-04-11 12:38:45] [INFO] [REQUEST] GET /courses/67f5c3150a3211ae10306ddf
[2025-04-11 12:38:45] [INFO] [RESPONSE] Status: 200 Message: Course fetched successfully.
[2025-04-11 12:38:49] [INFO] [REQUEST] GET /courses/67f5c3150a3211ae10306ddf
[2025-04-11 12:38:49] [INFO] [RESPONSE] Status: 200 Message: Course fetched successfully.
[2025-04-11 12:50:39] [INFO] [REQUEST] OPTIONS /student/reviews
[2025-04-11 12:50:39] [INFO] [REQUEST] POST /student/reviews
[2025-04-11 12:50:39] [INFO] [RESPONSE] Status: 400 Message: You have already reviewed this course.
[2025-04-11 12:50:44] [INFO] [REQUEST] GET /courses/67f5c3150a3211ae10306ddf
[2025-04-11 12:50:45] [INFO] [RESPONSE] Status: 200 Message: Course fetched successfully.
[2025-04-11 12:50:45] [INFO] [REQUEST] GET /review/67f5c3150a3211ae10306ddf
[2025-04-11 12:50:45] [INFO] [RESPONSE] Status: 404 Message: The requested URL not found on this server
[2025-04-11 12:55:06] [INFO] [REQUEST] GET /courses/67f5c3150a3211ae10306ddf
[2025-04-11 12:55:07] [INFO] [RESPONSE] Status: 200 Message: Course fetched successfully.
[2025-04-11 12:55:07] [INFO] [REQUEST] GET /review/67f5c3150a3211ae10306ddf
[2025-04-11 12:55:07] [INFO] [RESPONSE] Status: 404 Message: The requested URL not found on this server
[2025-04-11 12:55:27] [INFO] [REQUEST] GET /courses/67f5c3150a3211ae10306ddf
[2025-04-11 12:55:28] [INFO] [RESPONSE] Status: 200 Message: Course fetched successfully.
[2025-04-11 12:55:28] [INFO] [REQUEST] GET /review/67f5c3150a3211ae10306ddf
[2025-04-11 12:55:28] [INFO] [RESPONSE] Status: 404 Message: The requested URL not found on this server
[2025-04-11 12:56:12] [INFO] [REQUEST] GET /courses/67f5c3150a3211ae10306ddf
[2025-04-11 12:56:12] [INFO] [RESPONSE] Status: 200 Message: Course fetched successfully.
[2025-04-11 12:56:12] [INFO] [REQUEST] GET /student/review/67f5c3150a3211ae10306ddf
[2025-04-11 12:56:13] [INFO] [RESPONSE] Status: 200 Message: Reviews fetched successfully.
[2025-04-11 12:56:30] [INFO] [REQUEST] GET /courses/67f5c3150a3211ae10306ddf
[2025-04-11 12:56:31] [INFO] [RESPONSE] Status: 200 Message: Course fetched successfully.
[2025-04-11 12:56:31] [INFO] [REQUEST] GET /student/review/67f5c3150a3211ae10306ddf
[2025-04-11 12:56:31] [INFO] [RESPONSE] Status: 200 Message: Reviews fetched successfully.
[2025-04-11 12:56:38] [INFO] [REQUEST] GET /courses/67f5c3150a3211ae10306ddf
[2025-04-11 12:56:38] [INFO] [RESPONSE] Status: 200 Message: Course fetched successfully.
[2025-04-11 12:56:39] [INFO] [REQUEST] GET /student/review/67f5c3150a3211ae10306ddf
[2025-04-11 12:56:39] [INFO] [RESPONSE] Status: 200 Message: Reviews fetched successfully.
[2025-04-11 12:59:15] [INFO] [REQUEST] GET /student/review/67f5c3150a3211ae10306ddf
[2025-04-11 12:59:15] [INFO] [RESPONSE] Status: 200 Message: Reviews fetched successfully.
[2025-04-11 12:59:15] [INFO] [REQUEST] GET /courses/67f5c3150a3211ae10306ddf/reviews?skip=0&limit=100
[2025-04-11 12:59:15] [INFO] [RESPONSE] Status: 404 Message: The requested URL not found on this server
[2025-04-11 12:59:19] [INFO] [REQUEST] GET /student/review/67f5c3150a3211ae10306ddf
[2025-04-11 12:59:19] [INFO] [RESPONSE] Status: 200 Message: Reviews fetched successfully.
[2025-04-11 12:59:19] [INFO] [REQUEST] GET /courses/67f5c3150a3211ae10306ddf/reviews?skip=0&limit=100
[2025-04-11 12:59:19] [INFO] [RESPONSE] Status: 404 Message: The requested URL not found on this server
[2025-04-11 12:59:24] [INFO] [REQUEST] GET /courses/67f5c3150a3211ae10306ddf
[2025-04-11 12:59:24] [INFO] [RESPONSE] Status: 200 Message: Course fetched successfully.
[2025-04-11 12:59:24] [INFO] [REQUEST] GET /student/review/67f5c3150a3211ae10306ddf
[2025-04-11 12:59:25] [INFO] [RESPONSE] Status: 200 Message: Reviews fetched successfully.
[2025-04-11 12:59:25] [INFO] [REQUEST] GET /courses/67f5c3150a3211ae10306ddf/reviews?skip=0&limit=100
[2025-04-11 12:59:25] [INFO] [RESPONSE] Status: 404 Message: The requested URL not found on this server
[2025-04-11 12:59:45] [INFO] [REQUEST] GET /courses/67f5c3150a3211ae10306ddf
[2025-04-11 12:59:45] [INFO] [RESPONSE] Status: 200 Message: Course fetched successfully.
[2025-04-11 12:59:45] [INFO] [REQUEST] GET /student/review/67f5c3150a3211ae10306ddf
[2025-04-11 12:59:45] [INFO] [RESPONSE] Status: 200 Message: Reviews fetched successfully.
[2025-04-11 12:59:45] [INFO] [REQUEST] GET /courses/67f5c3150a3211ae10306ddf/reviews?skip=0&limit=100
[2025-04-11 12:59:45] [INFO] [RESPONSE] Status: 404 Message: The requested URL not found on this server
[2025-04-11 13:00:02] [INFO] [REQUEST] GET /courses/67f5c3150a3211ae10306ddf
[2025-04-11 13:00:04] [INFO] [RESPONSE] Status: 200 Message: Course fetched successfully.
[2025-04-11 13:00:04] [INFO] [REQUEST] GET /student/review/67f5c3150a3211ae10306ddf
[2025-04-11 13:00:04] [INFO] [RESPONSE] Status: 200 Message: Reviews fetched successfully.
[2025-04-11 13:14:42] [INFO] [REQUEST] GET /courses/67f5c3150a3211ae10306ddf
[2025-04-11 13:14:47] [INFO] [RESPONSE] Status: 200 Message: Course fetched successfully.
[2025-04-11 13:14:47] [INFO] [REQUEST] GET /student/review/67f5c3150a3211ae10306ddf
[2025-04-11 13:14:48] [INFO] [RESPONSE] Status: 200 Message: Reviews fetched successfully.
[2025-04-11 13:18:02] [INFO] [REQUEST] GET /courses/67f5c3150a3211ae10306ddf
[2025-04-11 13:18:03] [INFO] [RESPONSE] Status: 200 Message: Course fetched successfully.
[2025-04-11 13:18:24] [INFO] [REQUEST] GET /courses/67f5c3150a3211ae10306ddf
[2025-04-11 13:18:24] [INFO] [RESPONSE] Status: 200 Message: Course fetched successfully.
[2025-04-11 13:18:26] [INFO] [REQUEST] GET /student/review/67f5c3150a3211ae10306ddf
[2025-04-11 13:18:27] [INFO] [RESPONSE] Status: 200 Message: Reviews fetched successfully.
[2025-04-11 13:20:33] [INFO] [REQUEST] GET /student/review/67f5c3150a3211ae10306ddf
[2025-04-11 13:20:33] [INFO] [RESPONSE] Status: 200 Message: Reviews fetched successfully.
[2025-04-11 13:23:54] [INFO] [REQUEST] GET /student/review/67f5c3150a3211ae10306ddf
[2025-04-11 13:23:54] [INFO] [RESPONSE] Status: 200 Message: Reviews fetched successfully.
[2025-04-11 13:24:04] [INFO] [REQUEST] GET /student/review/67f5c3150a3211ae10306ddf
[2025-04-11 13:24:04] [INFO] [RESPONSE] Status: 200 Message: Reviews fetched successfully.
[2025-04-11 13:24:28] [INFO] [REQUEST] GET /student/review/67f5c3150a3211ae10306ddf
[2025-04-11 13:24:28] [INFO] [RESPONSE] Status: 200 Message: Reviews fetched successfully.
[2025-04-11 13:24:52] [INFO] [REQUEST] GET /student/review/67f5c3150a3211ae10306ddf
[2025-04-11 13:24:52] [INFO] [RESPONSE] Status: 200 Message: Reviews fetched successfully.
[2025-04-11 13:25:01] [INFO] [REQUEST] GET /student/review/67f5c3150a3211ae10306ddf
[2025-04-11 13:25:01] [INFO] [RESPONSE] Status: 200 Message: Reviews fetched successfully.
[2025-04-11 13:25:09] [INFO] [REQUEST] GET /student/review/67f5c3150a3211ae10306ddf
[2025-04-11 13:25:09] [INFO] [RESPONSE] Status: 200 Message: Reviews fetched successfully.
[2025-04-11 13:25:24] [INFO] [REQUEST] GET /courses/67f5c3150a3211ae10306ddf
[2025-04-11 13:25:24] [INFO] [RESPONSE] Status: 200 Message: Course fetched successfully.
[2025-04-11 13:25:25] [INFO] [REQUEST] GET /student/review/67f5c3150a3211ae10306ddf
[2025-04-11 13:25:25] [INFO] [RESPONSE] Status: 200 Message: Reviews fetched successfully.
[2025-04-11 14:31:17] [INFO] [REQUEST] GET /courses/67f5c3150a3211ae10306ddf
[2025-04-11 14:31:19] [INFO] [RESPONSE] Status: 200 Message: Course fetched successfully.
[2025-04-11 14:31:25] [INFO] [REQUEST] GET /student/review/67f5c3150a3211ae10306ddf
[2025-04-11 14:31:25] [INFO] [RESPONSE] Status: 200 Message: Reviews fetched successfully.
[2025-04-11 16:34:51] [INFO] [REQUEST] GET /courses/67f5c3150a3211ae10306ddf
[2025-04-11 16:34:53] [INFO] [RESPONSE] Status: 200 Message: Course fetched successfully.
[2025-04-11 16:34:53] [INFO] [REQUEST] GET /courses/67f5c3150a3211ae10306ddf
[2025-04-11 16:34:53] [INFO] [RESPONSE] Status: 200 Message: Course fetched successfully.
[2025-04-11 16:34:54] [INFO] [REQUEST] GET /student/review/67f5c3150a3211ae10306ddf
[2025-04-11 16:34:54] [INFO] [RESPONSE] Status: 200 Message: Reviews fetched successfully.
[2025-04-11 16:35:06] [INFO] [REQUEST] GET /courses/67f5c3150a3211ae10306ddf
[2025-04-11 16:35:06] [INFO] [RESPONSE] Status: 200 Message: Course fetched successfully.
[2025-04-11 16:35:06] [INFO] [REQUEST] GET /student/review/67f5c3150a3211ae10306ddf
[2025-04-11 16:35:06] [INFO] [RESPONSE] Status: 200 Message: Reviews fetched successfully.
[2025-04-11 16:35:40] [INFO] [REQUEST] GET /courses/67f5c3150a3211ae10306ddf
[2025-04-11 16:35:43] [INFO] [RESPONSE] Status: 200 Message: Course fetched successfully.
[2025-04-11 16:35:43] [INFO] [REQUEST] GET /student/review/67f5c3150a3211ae10306ddf
[2025-04-11 16:35:43] [INFO] [RESPONSE] Status: 200 Message: Reviews fetched successfully.
[2025-04-11 16:36:26] [INFO] [REQUEST] GET /courses/67f5c3150a3211ae10306ddf
[2025-04-11 16:36:33] [INFO] [RESPONSE] Status: 200 Message: Course fetched successfully.
[2025-04-11 16:36:33] [INFO] [REQUEST] GET /courses/67f5c3150a3211ae10306ddf
[2025-04-11 16:36:33] [INFO] [REQUEST] GET /student/review/67f5c3150a3211ae10306ddf
[2025-04-11 16:36:33] [INFO] [RESPONSE] Status: 200 Message: Course fetched successfully.
[2025-04-11 16:36:35] [INFO] [RESPONSE] Status: 200 Message: Reviews fetched successfully.
[2025-04-11 16:37:14] [INFO] [REQUEST] GET /student/enrollments
[2025-04-11 16:37:14] [INFO] [RESPONSE] Status: 200 Message: Enrollments fetched successfully
[2025-04-11 16:37:21] [INFO] [REQUEST] GET /active-courses?page=1&limit=10&sortField=updatedAt&sortOrder=desc
[2025-04-11 16:37:22] [INFO] [RESPONSE] Status: 200 Message: Active courses fetched successfully.
[2025-04-11 16:37:26] [INFO] [REQUEST] GET /courses/67f61c2d0ee7af4df05c0c7c
[2025-04-11 16:37:26] [INFO] [REQUEST] GET /student/check-enrollment/67f61c2d0ee7af4df05c0c7c
[2025-04-11 16:37:27] [INFO] [RESPONSE] Status: 200 Message: Course fetched successfully.
[2025-04-11 16:37:27] [INFO] [RESPONSE] Status: 200 Message: User is not enrolled in this course
[2025-04-11 16:37:27] [INFO] [REQUEST] GET /courses/67f61c2d0ee7af4df05c0c7c/reviews?skip=0&limit=10
[2025-04-11 16:37:27] [INFO] [RESPONSE] Status: 404 Message: The requested URL not found on this server
[2025-04-11 16:37:41] [INFO] [REQUEST] OPTIONS /student/create-payment-intent
[2025-04-11 16:37:41] [INFO] [REQUEST] POST /student/create-payment-intent
[2025-04-11 16:37:42] [INFO] [RESPONSE] Status: 200 Message: Payment intent created successfully
[2025-04-11 16:37:43] [INFO] [REQUEST] OPTIONS /student/confirm-payment
[2025-04-11 16:37:43] [INFO] [REQUEST] POST /student/confirm-payment
[2025-04-11 16:37:44] [INFO] [RESPONSE] Status: 200 Message: Payment confirmed successfully
[2025-04-11 16:37:51] [INFO] [REQUEST] GET /student/enrollments
[2025-04-11 16:37:51] [INFO] [RESPONSE] Status: 200 Message: Enrollments fetched successfully
[2025-04-11 16:38:07] [INFO] [REQUEST] GET /courses/67f61c2d0ee7af4df05c0c7c
[2025-04-11 16:38:07] [INFO] [RESPONSE] Status: 200 Message: Course fetched successfully.
[2025-04-11 16:38:07] [INFO] [REQUEST] GET /student/review/67f61c2d0ee7af4df05c0c7c
[2025-04-11 16:38:07] [INFO] [RESPONSE] Status: 200 Message: Reviews fetched successfully.
[2025-04-11 16:38:22] [INFO] [REQUEST] OPTIONS /student/reviews
[2025-04-11 16:38:22] [INFO] [REQUEST] POST /student/reviews
[2025-04-11 16:38:23] [INFO] [RESPONSE] Status: 200 Message: Review added successfully.
[2025-04-11 16:54:17] [INFO] [REQUEST] GET /active-courses?page=1&limit=10&sortField=updatedAt&sortOrder=desc
[2025-04-11 16:54:19] [INFO] [RESPONSE] Status: 200 Message: Active courses fetched successfully.
[2025-04-11 16:54:22] [INFO] [REQUEST] GET /active-courses?page=1&limit=10&search=r&sortField=updatedAt&sortOrder=desc
[2025-04-11 16:54:23] [INFO] [RESPONSE] Status: 200 Message: Active courses fetched successfully.
[2025-04-11 16:54:26] [INFO] [REQUEST] GET /active-courses?page=1&limit=10&search=re&sortField=updatedAt&sortOrder=desc
[2025-04-11 16:54:26] [INFO] [RESPONSE] Status: 200 Message: Active courses fetched successfully.
[2025-04-11 16:54:30] [INFO] [REQUEST] GET /active-courses?page=1&limit=10&sortField=updatedAt&sortOrder=desc
[2025-04-11 16:54:30] [INFO] [RESPONSE] Status: 200 Message: Active courses fetched successfully.
[2025-04-11 21:44:23] [INFO] [REQUEST] GET /active-courses?page=1&limit=10&sortField=updatedAt&sortOrder=desc
[2025-04-11 21:44:25] [INFO] [RESPONSE] Status: 200 Message: Active courses fetched successfully.
[2025-04-11 21:50:54] [INFO] [REQUEST] GET /active-courses?page=1&limit=10&sortField=updatedAt&sortOrder=desc
[2025-04-11 21:50:54] [INFO] [RESPONSE] Status: 200 Message: Active courses fetched successfully.
[2025-04-11 21:51:00] [INFO] [REQUEST] GET /student/enrollments
[2025-04-11 21:51:00] [INFO] [RESPONSE] Status: 200 Message: Enrollments fetched successfully
[2025-04-11 21:51:03] [INFO] [REQUEST] GET /courses/67f61c2d0ee7af4df05c0c7c
[2025-04-11 21:51:03] [INFO] [RESPONSE] Status: 200 Message: Course fetched successfully.
[2025-04-11 21:51:03] [INFO] [REQUEST] GET /student/review/67f61c2d0ee7af4df05c0c7c
[2025-04-11 21:51:03] [INFO] [RESPONSE] Status: 200 Message: Reviews fetched successfully.
[2025-04-11 22:31:23] [INFO] [REQUEST] GET /courses/67f61c2d0ee7af4df05c0c7c
[2025-04-11 22:31:25] [INFO] [RESPONSE] Status: 200 Message: Course fetched successfully.
[2025-04-11 22:31:25] [INFO] [REQUEST] GET /student/review/67f61c2d0ee7af4df05c0c7c
[2025-04-11 22:31:25] [INFO] [RESPONSE] Status: 200 Message: Reviews fetched successfully.
[2025-04-11 22:32:49] [INFO] [REQUEST] GET /courses/67f61c2d0ee7af4df05c0c7c
[2025-04-11 22:32:50] [INFO] [RESPONSE] Status: 200 Message: Course fetched successfully.
[2025-04-11 22:32:50] [INFO] [REQUEST] GET /student/review/67f61c2d0ee7af4df05c0c7c
[2025-04-11 22:32:51] [INFO] [RESPONSE] Status: 200 Message: Reviews fetched successfully.
[2025-04-11 22:57:38] [INFO] [REQUEST] GET /courses/67f61c2d0ee7af4df05c0c7c
[2025-04-11 22:57:40] [INFO] [RESPONSE] Status: 200 Message: Course fetched successfully.
[2025-04-11 22:57:41] [INFO] [REQUEST] GET /student/review/67f61c2d0ee7af4df05c0c7c
[2025-04-11 22:57:41] [INFO] [RESPONSE] Status: 200 Message: Reviews fetched successfully.
[2025-04-11 22:58:23] [INFO] [REQUEST] GET /student/enrollments
[2025-04-11 22:58:24] [INFO] [RESPONSE] Status: 200 Message: Enrollments fetched successfully
[2025-04-11 22:58:38] [INFO] [REQUEST] GET /active-courses?page=1&limit=10&sortField=updatedAt&sortOrder=desc
[2025-04-11 22:58:39] [INFO] [RESPONSE] Status: 200 Message: Active courses fetched successfully.
[2025-04-11 22:58:45] [INFO] [REQUEST] GET /courses/67f61c2d0ee7af4df05c0c7c
[2025-04-11 22:58:45] [INFO] [REQUEST] GET /student/check-enrollment/67f61c2d0ee7af4df05c0c7c
[2025-04-11 22:58:45] [INFO] [RESPONSE] Status: 200 Message: Course fetched successfully.
[2025-04-11 22:58:45] [INFO] [RESPONSE] Status: 200 Message: User is enrolled in this course
[2025-04-11 22:58:45] [INFO] [REQUEST] GET /courses/67f61c2d0ee7af4df05c0c7c/reviews?skip=0&limit=10
[2025-04-11 22:58:45] [INFO] [RESPONSE] Status: 404 Message: The requested URL not found on this server
