[2025-03-25 09:14:23] [INFO] [REQUEST] GET /getUserdata
[2025-03-25 09:14:23] [INFO] [REQUEST] GET /admin/fetch-all-categories?page=1&limit=100
[2025-03-25 09:14:23] [INFO] [RESPONSE] Status: 200 Message: User details fetched successfully
[2025-03-25 09:14:23] [INFO] [RESPONSE] Status: 200 Message: Categories fetched successfully
[2025-03-25 09:14:27] [INFO] [REQUEST] GET /admin/fetch-all-categories?page=1&limit=100
[2025-03-25 09:14:27] [INFO] [REQUEST] GET /getUserdata
[2025-03-25 09:14:27] [INFO] [RESPONSE] Status: 200 Message: User details fetched successfully
[2025-03-25 09:14:27] [INFO] [REQUEST] GET /getUserdata
[2025-03-25 09:14:27] [INFO] [RESPONSE] Status: 200 Message: Categories fetched successfully
[2025-03-25 09:14:27] [INFO] [REQUEST] GET /admin/fetch-all-categories?page=1&limit=100
[2025-03-25 09:14:27] [INFO] [RESPONSE] Status: 200 Message: User details fetched successfully
[2025-03-25 09:14:27] [INFO] [REQUEST] GET /getUserdata
[2025-03-25 09:14:27] [INFO] [RESPONSE] Status: 200 Message: Categories fetched successfully
[2025-03-25 09:14:27] [INFO] [REQUEST] GET /admin/fetch-all-categories?page=1&limit=100
[2025-03-25 09:14:27] [INFO] [RESPONSE] Status: 200 Message: User details fetched successfully
[2025-03-25 09:14:27] [INFO] [RESPONSE] Status: 200 Message: Categories fetched successfully
[2025-03-25 09:14:27] [INFO] [REQUEST] GET /admin/fetch-all-categories?page=1&limit=100
[2025-03-25 09:14:27] [INFO] [REQUEST] GET /getUserdata
[2025-03-25 09:14:27] [INFO] [RESPONSE] Status: 200 Message: User details fetched successfully
[2025-03-25 09:14:27] [INFO] [RESPONSE] Status: 200 Message: Categories fetched successfully
[2025-03-25 09:14:27] [INFO] [REQUEST] GET /admin/fetch-all-categories?page=1&limit=100
[2025-03-25 09:14:27] [INFO] [REQUEST] GET /getUserdata
[2025-03-25 09:14:27] [INFO] [RESPONSE] Status: 200 Message: User details fetched successfully
[2025-03-25 09:14:27] [INFO] [RESPONSE] Status: 200 Message: Categories fetched successfully
[2025-03-25 09:14:28] [INFO] [REQUEST] GET /admin/fetch-all-categories?page=1&limit=100
[2025-03-25 09:14:28] [INFO] [REQUEST] GET /getUserdata
[2025-03-25 09:14:28] [INFO] [RESPONSE] Status: 200 Message: User details fetched successfully
[2025-03-25 09:14:28] [INFO] [RESPONSE] Status: 200 Message: Categories fetched successfully
[2025-03-25 09:14:29] [INFO] [REQUEST] GET /admin/fetch-all-categories?page=1&limit=100
[2025-03-25 09:14:29] [INFO] [REQUEST] GET /getUserdata
[2025-03-25 09:14:29] [INFO] [RESPONSE] Status: 200 Message: User details fetched successfully
[2025-03-25 09:14:29] [INFO] [REQUEST] GET /getUserdata
[2025-03-25 09:14:29] [INFO] [RESPONSE] Status: 200 Message: Categories fetched successfully
[2025-03-25 09:14:29] [INFO] [REQUEST] GET /admin/fetch-all-categories?page=1&limit=100
[2025-03-25 09:14:29] [INFO] [RESPONSE] Status: 200 Message: User details fetched successfully
[2025-03-25 09:14:29] [INFO] [REQUEST] GET /getUserdata
[2025-03-25 09:14:29] [INFO] [RESPONSE] Status: 200 Message: User details fetched successfully
[2025-03-25 09:14:29] [INFO] [REQUEST] GET /getUserdata
[2025-03-25 09:14:29] [INFO] [RESPONSE] Status: 200 Message: Categories fetched successfully
[2025-03-25 09:14:29] [INFO] [REQUEST] GET /admin/fetch-all-categories?page=1&limit=100
[2025-03-25 09:14:29] [INFO] [RESPONSE] Status: 200 Message: User details fetched successfully
[2025-03-25 09:14:29] [INFO] [REQUEST] GET /getUserdata
[2025-03-25 09:14:29] [INFO] [RESPONSE] Status: 200 Message: User details fetched successfully
[2025-03-25 09:14:29] [INFO] [REQUEST] GET /getUserdata
[2025-03-25 09:14:29] [INFO] [RESPONSE] Status: 200 Message: Categories fetched successfully
[2025-03-25 09:14:29] [INFO] [REQUEST] GET /admin/fetch-all-categories?page=1&limit=100
[2025-03-25 09:14:29] [INFO] [RESPONSE] Status: 200 Message: User details fetched successfully
[2025-03-25 09:14:29] [INFO] [REQUEST] GET /getUserdata
[2025-03-25 09:14:29] [INFO] [RESPONSE] Status: 200 Message: User details fetched successfully
[2025-03-25 09:14:29] [INFO] [REQUEST] GET /getUserdata
[2025-03-25 09:14:29] [INFO] [RESPONSE] Status: 200 Message: Categories fetched successfully
[2025-03-25 09:14:29] [INFO] [REQUEST] GET /admin/fetch-all-categories?page=1&limit=100
[2025-03-25 09:14:29] [INFO] [RESPONSE] Status: 200 Message: User details fetched successfully
[2025-03-25 09:14:29] [INFO] [REQUEST] GET /getUserdata
[2025-03-25 09:14:30] [INFO] [RESPONSE] Status: 200 Message: User details fetched successfully
[2025-03-25 09:14:30] [INFO] [REQUEST] GET /getUserdata
[2025-03-25 09:14:30] [INFO] [RESPONSE] Status: 200 Message: Categories fetched successfully
[2025-03-25 09:14:30] [INFO] [REQUEST] GET /admin/fetch-all-categories?page=1&limit=100
[2025-03-25 09:14:30] [INFO] [RESPONSE] Status: 200 Message: User details fetched successfully
[2025-03-25 09:14:30] [INFO] [REQUEST] GET /getUserdata
[2025-03-25 09:14:30] [INFO] [RESPONSE] Status: 200 Message: User details fetched successfully
[2025-03-25 09:14:30] [INFO] [RESPONSE] Status: 200 Message: Categories fetched successfully
[2025-03-25 09:14:30] [INFO] [REQUEST] GET /getUserdata
[2025-03-25 09:14:30] [INFO] [REQUEST] GET /admin/fetch-all-categories?page=1&limit=100
[2025-03-25 09:14:30] [INFO] [RESPONSE] Status: 200 Message: User details fetched successfully
[2025-03-25 09:14:30] [INFO] [REQUEST] GET /getUserdata
[2025-03-25 09:14:30] [INFO] [RESPONSE] Status: 200 Message: Categories fetched successfully
[2025-03-25 09:14:30] [INFO] [REQUEST] GET /admin/fetch-all-categories?page=1&limit=100
[2025-03-25 09:14:30] [INFO] [RESPONSE] Status: 200 Message: User details fetched successfully
[2025-03-25 09:14:30] [INFO] [REQUEST] GET /getUserdata
[2025-03-25 09:14:30] [INFO] [RESPONSE] Status: 200 Message: User details fetched successfully
[2025-03-25 09:14:30] [INFO] [REQUEST] GET /getUserdata
[2025-03-25 09:14:30] [INFO] [RESPONSE] Status: 200 Message: Categories fetched successfully
[2025-03-25 09:14:30] [INFO] [REQUEST] GET /admin/fetch-all-categories?page=1&limit=100
[2025-03-25 09:14:30] [INFO] [RESPONSE] Status: 200 Message: User details fetched successfully
[2025-03-25 09:14:30] [INFO] [REQUEST] GET /getUserdata
[2025-03-25 09:14:30] [INFO] [RESPONSE] Status: 200 Message: User details fetched successfully
[2025-03-25 09:14:30] [INFO] [RESPONSE] Status: 200 Message: Categories fetched successfully
[2025-03-25 09:14:30] [INFO] [REQUEST] GET /getUserdata
[2025-03-25 09:14:30] [INFO] [REQUEST] GET /admin/fetch-all-categories?page=1&limit=100
[2025-03-25 09:14:30] [INFO] [RESPONSE] Status: 200 Message: User details fetched successfully
[2025-03-25 09:14:30] [INFO] [REQUEST] GET /getUserdata
[2025-03-25 09:14:30] [INFO] [RESPONSE] Status: 200 Message: Categories fetched successfully
[2025-03-25 09:14:30] [INFO] [REQUEST] GET /admin/fetch-all-categories?page=1&limit=100
[2025-03-25 09:14:30] [INFO] [RESPONSE] Status: 200 Message: User details fetched successfully
[2025-03-25 09:14:30] [INFO] [REQUEST] GET /getUserdata
[2025-03-25 09:14:30] [INFO] [RESPONSE] Status: 200 Message: User details fetched successfully
[2025-03-25 09:14:30] [INFO] [REQUEST] GET /getUserdata
[2025-03-25 09:14:30] [INFO] [RESPONSE] Status: 200 Message: Categories fetched successfully
[2025-03-25 09:14:30] [INFO] [REQUEST] GET /admin/fetch-all-categories?page=1&limit=100
[2025-03-25 09:14:30] [INFO] [RESPONSE] Status: 200 Message: User details fetched successfully
[2025-03-25 09:14:30] [INFO] [REQUEST] GET /getUserdata
[2025-03-25 09:14:30] [INFO] [RESPONSE] Status: 200 Message: User details fetched successfully
[2025-03-25 09:14:30] [INFO] [RESPONSE] Status: 200 Message: Categories fetched successfully
[2025-03-25 09:14:30] [INFO] [REQUEST] GET /getUserdata
[2025-03-25 09:14:30] [INFO] [REQUEST] GET /admin/fetch-all-categories?page=1&limit=100
[2025-03-25 09:14:30] [INFO] [RESPONSE] Status: 200 Message: User details fetched successfully
[2025-03-25 09:14:30] [INFO] [REQUEST] GET /getUserdata
[2025-03-25 09:14:30] [INFO] [RESPONSE] Status: 200 Message: User details fetched successfully
[2025-03-25 09:14:30] [INFO] [RESPONSE] Status: 200 Message: Categories fetched successfully
[2025-03-25 09:14:30] [INFO] [REQUEST] GET /getUserdata
[2025-03-25 09:14:30] [INFO] [REQUEST] GET /admin/fetch-all-categories?page=1&limit=100
[2025-03-25 09:14:30] [INFO] [RESPONSE] Status: 200 Message: User details fetched successfully
[2025-03-25 09:14:30] [INFO] [REQUEST] GET /getUserdata
[2025-03-25 09:14:30] [INFO] [RESPONSE] Status: 200 Message: Categories fetched successfully
[2025-03-25 09:14:30] [INFO] [RESPONSE] Status: 200 Message: User details fetched successfully
[2025-03-25 09:14:30] [INFO] [REQUEST] GET /admin/fetch-all-categories?page=1&limit=100
[2025-03-25 09:14:30] [INFO] [REQUEST] GET /getUserdata
[2025-03-25 09:14:31] [INFO] [RESPONSE] Status: 200 Message: User details fetched successfully
[2025-03-25 09:14:31] [INFO] [REQUEST] GET /getUserdata
[2025-03-25 09:14:31] [INFO] [RESPONSE] Status: 200 Message: Categories fetched successfully
[2025-03-25 09:14:31] [INFO] [REQUEST] GET /admin/fetch-all-categories?page=1&limit=100
[2025-03-25 09:14:31] [INFO] [RESPONSE] Status: 200 Message: User details fetched successfully
[2025-03-25 09:14:31] [INFO] [REQUEST] GET /getUserdata
[2025-03-25 09:14:31] [INFO] [RESPONSE] Status: 200 Message: Categories fetched successfully
[2025-03-25 09:14:31] [INFO] [REQUEST] GET /admin/fetch-all-categories?page=1&limit=100
[2025-03-25 09:14:31] [INFO] [RESPONSE] Status: 200 Message: User details fetched successfully
[2025-03-25 09:14:31] [INFO] [REQUEST] GET /getUserdata
[2025-03-25 09:14:31] [INFO] [RESPONSE] Status: 200 Message: User details fetched successfully
[2025-03-25 09:14:31] [INFO] [RESPONSE] Status: 200 Message: Categories fetched successfully
[2025-03-25 09:14:31] [INFO] [REQUEST] GET /admin/fetch-all-categories?page=1&limit=100
[2025-03-25 09:14:31] [INFO] [RESPONSE] Status: 200 Message: Categories fetched successfully
[2025-03-25 09:14:31] [INFO] [REQUEST] GET /admin/fetch-all-categories?page=1&limit=100
[2025-03-25 09:14:31] [INFO] [RESPONSE] Status: 200 Message: Categories fetched successfully
[2025-03-25 09:14:31] [INFO] [REQUEST] GET /admin/fetch-all-categories?page=1&limit=100
[2025-03-25 09:14:31] [INFO] [RESPONSE] Status: 200 Message: Categories fetched successfully
[2025-03-25 09:14:31] [INFO] [REQUEST] GET /admin/fetch-all-categories?page=1&limit=100
[2025-03-25 09:14:31] [INFO] [RESPONSE] Status: 200 Message: Categories fetched successfully
[2025-03-25 09:14:31] [INFO] [REQUEST] GET /admin/fetch-all-categories?page=1&limit=100
[2025-03-25 09:14:31] [INFO] [RESPONSE] Status: 200 Message: Categories fetched successfully
[2025-03-25 09:14:31] [INFO] [REQUEST] GET /admin/fetch-all-categories?page=1&limit=100
[2025-03-25 09:14:31] [INFO] [RESPONSE] Status: 200 Message: Categories fetched successfully
[2025-03-25 09:14:31] [INFO] [REQUEST] GET /admin/fetch-all-categories?page=1&limit=100
[2025-03-25 09:14:31] [INFO] [RESPONSE] Status: 200 Message: Categories fetched successfully
[2025-03-25 09:14:31] [INFO] [REQUEST] GET /admin/fetch-all-categories?page=1&limit=100
[2025-03-25 09:14:31] [INFO] [RESPONSE] Status: 200 Message: Categories fetched successfully
[2025-03-25 09:14:31] [INFO] [REQUEST] GET /admin/fetch-all-categories?page=1&limit=100
[2025-03-25 09:14:31] [INFO] [RESPONSE] Status: 200 Message: Categories fetched successfully
[2025-03-25 09:14:31] [INFO] [REQUEST] GET /admin/fetch-all-categories?page=1&limit=100
[2025-03-25 09:14:31] [INFO] [RESPONSE] Status: 200 Message: Categories fetched successfully
[2025-03-25 09:14:31] [INFO] [REQUEST] GET /admin/fetch-all-categories?page=1&limit=100
[2025-03-25 09:14:32] [INFO] [RESPONSE] Status: 200 Message: Categories fetched successfully
[2025-03-25 09:14:32] [INFO] [REQUEST] GET /admin/fetch-all-categories?page=1&limit=100
[2025-03-25 09:14:32] [INFO] [RESPONSE] Status: 200 Message: Categories fetched successfully
[2025-03-25 09:14:32] [INFO] [REQUEST] GET /admin/fetch-all-categories?page=1&limit=100
[2025-03-25 09:14:32] [INFO] [REQUEST] GET /getUserdata
[2025-03-25 09:14:33] [INFO] [RESPONSE] Status: 200 Message: User details fetched successfully
[2025-03-25 09:14:33] [INFO] [RESPONSE] Status: 200 Message: Categories fetched successfully
[2025-03-25 09:14:35] [INFO] [REQUEST] GET /admin/fetch-all-categories?page=1&limit=100
[2025-03-25 09:14:35] [INFO] [REQUEST] GET /getUserdata
[2025-03-25 09:14:35] [INFO] [RESPONSE] Status: 200 Message: User details fetched successfully
[2025-03-25 09:14:35] [INFO] [RESPONSE] Status: 200 Message: Categories fetched successfully
[2025-03-25 09:14:37] [INFO] [REQUEST] GET /admin/fetch-all-categories?page=1&limit=100
[2025-03-25 09:14:37] [INFO] [REQUEST] GET /getUserdata
[2025-03-25 09:14:37] [INFO] [RESPONSE] Status: 200 Message: User details fetched successfully
[2025-03-25 09:14:37] [INFO] [RESPONSE] Status: 200 Message: Categories fetched successfully
[2025-03-25 09:14:43] [INFO] [REQUEST] GET /admin/fetch-all-categories?page=1&limit=100
[2025-03-25 09:14:43] [INFO] [REQUEST] GET /getUserdata
[2025-03-25 09:14:43] [INFO] [RESPONSE] Status: 200 Message: User details fetched successfully
[2025-03-25 09:14:43] [INFO] [REQUEST] GET /getUserdata
[2025-03-25 09:14:43] [INFO] [RESPONSE] Status: 200 Message: Categories fetched successfully
[2025-03-25 09:14:43] [INFO] [REQUEST] GET /admin/fetch-all-categories?page=1&limit=100
[2025-03-25 09:14:43] [INFO] [RESPONSE] Status: 200 Message: User details fetched successfully
[2025-03-25 09:14:43] [INFO] [RESPONSE] Status: 200 Message: Categories fetched successfully
[2025-03-25 09:14:44] [INFO] [REQUEST] GET /admin/fetch-all-categories?page=1&limit=100
[2025-03-25 09:14:44] [INFO] [REQUEST] GET /getUserdata
[2025-03-25 09:14:44] [INFO] [RESPONSE] Status: 200 Message: User details fetched successfully
[2025-03-25 09:14:44] [INFO] [REQUEST] GET /getUserdata
[2025-03-25 09:14:44] [INFO] [RESPONSE] Status: 200 Message: Categories fetched successfully
[2025-03-25 09:14:44] [INFO] [RESPONSE] Status: 200 Message: User details fetched successfully
[2025-03-25 09:57:04] [INFO] [REQUEST] GET /admin/fetchAllRequestedUsers?page=1&limit=9
[2025-03-25 09:57:04] [INFO] [RESPONSE] Status: 200 Message: Requested users fetched successfully
[2025-03-25 09:57:16] [INFO] [REQUEST] GET /getUserdata
[2025-03-25 09:57:17] [INFO] [RESPONSE] Status: 200 Message: User details fetched successfully
[2025-03-25 11:15:16] [INFO] [REQUEST] GET /admin/fetchAllRequestedUsers?page=1&limit=9
[2025-03-25 11:15:16] [INFO] [RESPONSE] Status: 401 Message: Unauthorized: No token provided
[2025-03-25 11:15:16] [INFO] [REQUEST] POST /refresh-token
[2025-03-25 11:15:16] [INFO] [RESPONSE] Status: 401 Message: No refresh token provided.
[2025-03-25 11:33:25] [INFO] [REQUEST] OPTIONS /logout
[2025-03-25 11:33:25] [INFO] [REQUEST] POST /logout
[2025-03-25 11:33:25] [INFO] [RESPONSE] Status: 200 Message: User logged out successfully
[2025-03-25 11:33:35] [INFO] [REQUEST] OPTIONS /google-auth
[2025-03-25 11:33:35] [INFO] [REQUEST] POST /google-auth
[2025-03-25 11:33:35] [INFO] [RESPONSE] Status: 200 Message: Google authentication successful
[2025-03-25 11:34:05] [INFO] [REQUEST] OPTIONS /logout
[2025-03-25 11:34:05] [INFO] [REQUEST] POST /logout
[2025-03-25 11:34:05] [INFO] [RESPONSE] Status: 200 Message: User logged out successfully
[2025-03-25 11:35:03] [INFO] [REQUEST] OPTIONS /login
[2025-03-25 11:35:03] [INFO] [REQUEST] POST /login
[2025-03-25 11:35:03] [INFO] [RESPONSE] Status: 400 Message: Incorrect password.
[2025-03-25 11:35:28] [INFO] [REQUEST] OPTIONS /login
[2025-03-25 11:35:28] [INFO] [REQUEST] POST /login
[2025-03-25 11:35:28] [INFO] [RESPONSE] Status: 400 Message: Your account has been blocked. Please contact support.
[2025-03-25 11:35:53] [INFO] [REQUEST] OPTIONS /login
[2025-03-25 11:35:53] [INFO] [REQUEST] POST /login
[2025-03-25 11:35:53] [INFO] [RESPONSE] Status: 200 Message: Login successful.
[2025-03-25 12:34:48] [INFO] [REQUEST] GET /getUserdata
[2025-03-25 12:34:49] [INFO] [RESPONSE] Status: 200 Message: User details fetched successfully
[2025-03-25 16:38:04] [INFO] [REQUEST] GET /active-courses?page=1&limit=10
[2025-03-25 16:38:05] [INFO] [RESPONSE] Status: 200 Message: Active courses fetched successfully.
[2025-03-25 16:38:39] [INFO] [REQUEST] GET /active-courses?page=1&limit=10
[2025-03-25 16:38:39] [INFO] [RESPONSE] Status: 200 Message: Active courses fetched successfully.
[2025-03-25 16:39:23] [INFO] [REQUEST] GET /active-courses?page=1&limit=10
[2025-03-25 16:39:23] [INFO] [RESPONSE] Status: 200 Message: Active courses fetched successfully.
[2025-03-25 16:39:32] [INFO] [REQUEST] GET /active-courses?page=1&limit=10
[2025-03-25 16:39:32] [INFO] [RESPONSE] Status: 200 Message: Active courses fetched successfully.
[2025-03-25 16:41:10] [INFO] [REQUEST] GET /active-courses?page=1&limit=10
[2025-03-25 16:41:10] [INFO] [RESPONSE] Status: 200 Message: Active courses fetched successfully.
[2025-03-25 16:45:44] [INFO] [REQUEST] GET /active-courses?page=1&limit=10
[2025-03-25 16:45:45] [INFO] [RESPONSE] Status: 200 Message: Active courses fetched successfully.
[2025-03-25 16:48:51] [INFO] [REQUEST] GET /active-courses?page=1&limit=10&search=w
[2025-03-25 16:48:52] [INFO] [RESPONSE] Status: 200 Message: Active courses fetched successfully.
[2025-03-25 16:48:53] [INFO] [REQUEST] GET /active-courses?page=1&limit=10
[2025-03-25 16:48:53] [INFO] [RESPONSE] Status: 200 Message: Active courses fetched successfully.
[2025-03-25 16:48:56] [INFO] [REQUEST] GET /active-courses?page=1&limit=10&search=w
[2025-03-25 16:48:56] [INFO] [RESPONSE] Status: 200 Message: Active courses fetched successfully.
[2025-03-25 16:48:57] [INFO] [REQUEST] GET /active-courses?page=1&limit=10
[2025-03-25 16:48:58] [INFO] [RESPONSE] Status: 200 Message: Active courses fetched successfully.
[2025-03-25 16:52:26] [INFO] [REQUEST] GET /active-courses?page=1&limit=10
[2025-03-25 16:52:26] [INFO] [RESPONSE] Status: 200 Message: Active courses fetched successfully.
[2025-03-25 16:53:22] [INFO] [REQUEST] GET /getUserdata
[2025-03-25 16:53:23] [INFO] [RESPONSE] Status: 200 Message: User details fetched successfully
[2025-03-25 16:53:25] [INFO] [REQUEST] GET /getUserdata
[2025-03-25 16:53:26] [INFO] [REQUEST] GET /instructor/courses?page=1&limit=6&search=
[2025-03-25 16:53:26] [INFO] [RESPONSE] Status: 200 Message: User details fetched successfully
[2025-03-25 16:53:26] [INFO] [RESPONSE] Status: 200 Message: Courses fetched successfully.
[2025-03-25 16:53:29] [INFO] [REQUEST] GET /getUserdata
[2025-03-25 16:53:29] [INFO] [REQUEST] GET /admin/fetch-all-categories?page=1&limit=100
[2025-03-25 16:53:29] [INFO] [RESPONSE] Status: 200 Message: User details fetched successfully
[2025-03-25 16:53:29] [INFO] [RESPONSE] Status: 200 Message: Categories fetched successfully
[2025-03-25 16:53:32] [INFO] [REQUEST] GET /admin/fetch-all-categories?page=1&limit=100
[2025-03-25 16:53:32] [INFO] [REQUEST] GET /getUserdata
[2025-03-25 16:53:32] [INFO] [RESPONSE] Status: 200 Message: User details fetched successfully
[2025-03-25 16:53:32] [INFO] [RESPONSE] Status: 200 Message: Categories fetched successfully
[2025-03-25 16:53:59] [INFO] [REQUEST] GET /admin/fetch-all-categories?page=1&limit=100
[2025-03-25 16:53:59] [INFO] [REQUEST] GET /getUserdata
[2025-03-25 16:53:59] [INFO] [RESPONSE] Status: 200 Message: User details fetched successfully
[2025-03-25 16:54:00] [INFO] [RESPONSE] Status: 200 Message: Categories fetched successfully
[2025-03-25 16:54:02] [INFO] [REQUEST] GET /admin/fetch-all-categories?page=1&limit=100
[2025-03-25 16:54:02] [INFO] [REQUEST] GET /getUserdata
[2025-03-25 16:54:02] [INFO] [RESPONSE] Status: 200 Message: User details fetched successfully
[2025-03-25 16:54:02] [INFO] [REQUEST] GET /getUserdata
[2025-03-25 16:54:02] [INFO] [RESPONSE] Status: 200 Message: Categories fetched successfully
[2025-03-25 16:54:02] [INFO] [REQUEST] GET /admin/fetch-all-categories?page=1&limit=100
[2025-03-25 16:54:02] [INFO] [RESPONSE] Status: 200 Message: Categories fetched successfully
[2025-03-25 16:54:02] [INFO] [REQUEST] GET /admin/fetch-all-categories?page=1&limit=100
[2025-03-25 16:54:03] [INFO] [RESPONSE] Status: 200 Message: Categories fetched successfully
[2025-03-25 16:54:03] [INFO] [REQUEST] GET /admin/fetch-all-categories?page=1&limit=100
[2025-03-25 16:54:03] [INFO] [RESPONSE] Status: 200 Message: User details fetched successfully
[2025-03-25 16:54:03] [INFO] [REQUEST] GET /getUserdata
[2025-03-25 16:54:03] [INFO] [RESPONSE] Status: 200 Message: Categories fetched successfully
[2025-03-25 16:54:03] [INFO] [REQUEST] GET /admin/fetch-all-categories?page=1&limit=100
[2025-03-25 16:54:03] [INFO] [RESPONSE] Status: 200 Message: User details fetched successfully
[2025-03-25 16:54:03] [INFO] [REQUEST] GET /getUserdata
[2025-03-25 16:54:03] [INFO] [RESPONSE] Status: 200 Message: Categories fetched successfully
[2025-03-25 16:54:03] [INFO] [REQUEST] GET /admin/fetch-all-categories?page=1&limit=100
[2025-03-25 16:54:04] [INFO] [RESPONSE] Status: 200 Message: Categories fetched successfully
[2025-03-25 16:54:04] [INFO] [REQUEST] GET /admin/fetch-all-categories?page=1&limit=100
[2025-03-25 16:54:04] [INFO] [RESPONSE] Status: 200 Message: User details fetched successfully
[2025-03-25 16:54:04] [INFO] [REQUEST] GET /getUserdata
[2025-03-25 16:54:04] [INFO] [RESPONSE] Status: 200 Message: Categories fetched successfully
[2025-03-25 16:54:04] [INFO] [REQUEST] GET /admin/fetch-all-categories?page=1&limit=100
[2025-03-25 16:54:04] [INFO] [RESPONSE] Status: 200 Message: User details fetched successfully
[2025-03-25 16:54:04] [INFO] [REQUEST] GET /getUserdata
[2025-03-25 16:54:04] [INFO] [RESPONSE] Status: 200 Message: User details fetched successfully
[2025-03-25 16:54:04] [INFO] [REQUEST] GET /getUserdata
[2025-03-25 16:54:04] [INFO] [RESPONSE] Status: 200 Message: Categories fetched successfully
[2025-03-25 16:54:04] [INFO] [REQUEST] GET /admin/fetch-all-categories?page=1&limit=100
[2025-03-25 16:54:04] [INFO] [RESPONSE] Status: 200 Message: User details fetched successfully
[2025-03-25 16:54:04] [INFO] [REQUEST] GET /getUserdata
[2025-03-25 16:54:04] [INFO] [RESPONSE] Status: 200 Message: User details fetched successfully
[2025-03-25 16:54:04] [INFO] [REQUEST] GET /getUserdata
[2025-03-25 16:54:04] [INFO] [RESPONSE] Status: 200 Message: Categories fetched successfully
[2025-03-25 16:54:04] [INFO] [REQUEST] GET /admin/fetch-all-categories?page=1&limit=100
[2025-03-25 16:54:04] [INFO] [RESPONSE] Status: 200 Message: User details fetched successfully
[2025-03-25 16:54:04] [INFO] [REQUEST] GET /getUserdata
[2025-03-25 16:54:04] [INFO] [RESPONSE] Status: 200 Message: Categories fetched successfully
[2025-03-25 16:54:04] [INFO] [REQUEST] GET /admin/fetch-all-categories?page=1&limit=100
[2025-03-25 16:54:05] [INFO] [RESPONSE] Status: 200 Message: User details fetched successfully
[2025-03-25 16:54:05] [INFO] [REQUEST] GET /getUserdata
[2025-03-25 16:54:05] [INFO] [RESPONSE] Status: 200 Message: User details fetched successfully
[2025-03-25 16:54:05] [INFO] [REQUEST] GET /getUserdata
[2025-03-25 16:54:05] [INFO] [RESPONSE] Status: 200 Message: Categories fetched successfully
[2025-03-25 16:54:05] [INFO] [REQUEST] GET /admin/fetch-all-categories?page=1&limit=100
[2025-03-25 16:54:05] [INFO] [RESPONSE] Status: 200 Message: User details fetched successfully
[2025-03-25 16:54:05] [INFO] [REQUEST] GET /getUserdata
[2025-03-25 16:54:05] [INFO] [RESPONSE] Status: 200 Message: User details fetched successfully
[2025-03-25 16:54:05] [INFO] [REQUEST] GET /getUserdata
[2025-03-25 16:54:05] [INFO] [RESPONSE] Status: 200 Message: Categories fetched successfully
[2025-03-25 16:54:05] [INFO] [REQUEST] GET /admin/fetch-all-categories?page=1&limit=100
[2025-03-25 16:54:05] [INFO] [RESPONSE] Status: 200 Message: Categories fetched successfully
[2025-03-25 16:54:05] [INFO] [REQUEST] GET /admin/fetch-all-categories?page=1&limit=100
[2025-03-25 16:54:06] [INFO] [RESPONSE] Status: 200 Message: Categories fetched successfully
[2025-03-25 16:54:06] [INFO] [REQUEST] GET /admin/fetch-all-categories?page=1&limit=100
[2025-03-25 16:54:06] [INFO] [RESPONSE] Status: 200 Message: User details fetched successfully
[2025-03-25 16:54:06] [INFO] [REQUEST] GET /getUserdata
[2025-03-25 16:54:06] [INFO] [RESPONSE] Status: 200 Message: Categories fetched successfully
[2025-03-25 16:54:06] [INFO] [REQUEST] GET /admin/fetch-all-categories?page=1&limit=100
[2025-03-25 16:54:06] [INFO] [RESPONSE] Status: 200 Message: User details fetched successfully
[2025-03-25 16:54:06] [INFO] [REQUEST] GET /getUserdata
[2025-03-25 16:54:06] [INFO] [RESPONSE] Status: 200 Message: User details fetched successfully
[2025-03-25 16:54:06] [INFO] [RESPONSE] Status: 200 Message: Categories fetched successfully
[2025-03-25 16:54:11] [INFO] [REQUEST] GET /getUserdata
[2025-03-25 16:54:11] [INFO] [REQUEST] GET /admin/fetch-all-categories?page=1&limit=100
[2025-03-25 16:54:11] [INFO] [RESPONSE] Status: 200 Message: User details fetched successfully
[2025-03-25 16:54:11] [INFO] [RESPONSE] Status: 200 Message: Categories fetched successfully
[2025-03-25 16:54:23] [INFO] [REQUEST] GET /admin/fetch-all-categories?page=1&limit=100
[2025-03-25 16:54:23] [INFO] [REQUEST] GET /getUserdata
[2025-03-25 16:54:23] [INFO] [RESPONSE] Status: 200 Message: User details fetched successfully
[2025-03-25 16:54:23] [INFO] [REQUEST] GET /getUserdata
[2025-03-25 16:54:23] [INFO] [RESPONSE] Status: 200 Message: Categories fetched successfully
[2025-03-25 16:54:23] [INFO] [REQUEST] GET /admin/fetch-all-categories?page=1&limit=100
[2025-03-25 16:54:23] [INFO] [RESPONSE] Status: 200 Message: User details fetched successfully
[2025-03-25 16:54:23] [INFO] [REQUEST] GET /getUserdata
[2025-03-25 16:54:23] [INFO] [RESPONSE] Status: 200 Message: Categories fetched successfully
[2025-03-25 16:54:23] [INFO] [REQUEST] GET /admin/fetch-all-categories?page=1&limit=100
[2025-03-25 16:54:23] [INFO] [RESPONSE] Status: 200 Message: User details fetched successfully
[2025-03-25 16:54:23] [INFO] [REQUEST] GET /getUserdata
[2025-03-25 16:54:23] [INFO] [RESPONSE] Status: 200 Message: User details fetched successfully
[2025-03-25 16:54:23] [INFO] [REQUEST] GET /getUserdata
[2025-03-25 16:54:24] [INFO] [RESPONSE] Status: 200 Message: User details fetched successfully
[2025-03-25 16:54:24] [INFO] [REQUEST] GET /getUserdata
[2025-03-25 16:54:24] [INFO] [RESPONSE] Status: 200 Message: Categories fetched successfully
[2025-03-25 16:54:24] [INFO] [REQUEST] GET /admin/fetch-all-categories?page=1&limit=100
[2025-03-25 16:54:24] [INFO] [RESPONSE] Status: 200 Message: User details fetched successfully
[2025-03-25 16:54:24] [INFO] [REQUEST] GET /getUserdata
[2025-03-25 16:54:24] [INFO] [RESPONSE] Status: 200 Message: Categories fetched successfully
[2025-03-25 16:54:24] [INFO] [REQUEST] GET /admin/fetch-all-categories?page=1&limit=100
[2025-03-25 16:54:24] [INFO] [RESPONSE] Status: 200 Message: User details fetched successfully
[2025-03-25 16:54:24] [INFO] [RESPONSE] Status: 200 Message: Categories fetched successfully
[2025-03-25 16:54:24] [INFO] [REQUEST] GET /admin/fetch-all-categories?page=1&limit=100
[2025-03-25 16:54:24] [INFO] [REQUEST] GET /getUserdata
[2025-03-25 16:54:24] [INFO] [RESPONSE] Status: 200 Message: User details fetched successfully
[2025-03-25 16:54:24] [INFO] [RESPONSE] Status: 200 Message: Categories fetched successfully
[2025-03-25 16:54:24] [INFO] [REQUEST] GET /admin/fetch-all-categories?page=1&limit=100
[2025-03-25 16:54:24] [INFO] [REQUEST] GET /getUserdata
[2025-03-25 16:54:25] [INFO] [RESPONSE] Status: 200 Message: User details fetched successfully
[2025-03-25 16:54:25] [INFO] [RESPONSE] Status: 200 Message: Categories fetched successfully
[2025-03-25 16:54:25] [INFO] [REQUEST] GET /admin/fetch-all-categories?page=1&limit=100
[2025-03-25 16:54:25] [INFO] [RESPONSE] Status: 200 Message: Categories fetched successfully
[2025-03-25 16:54:25] [INFO] [REQUEST] GET /admin/fetch-all-categories?page=1&limit=100
[2025-03-25 16:54:25] [INFO] [REQUEST] GET /getUserdata
[2025-03-25 16:54:25] [INFO] [RESPONSE] Status: 200 Message: User details fetched successfully
[2025-03-25 16:54:25] [INFO] [RESPONSE] Status: 200 Message: Categories fetched successfully
[2025-03-25 16:54:25] [INFO] [REQUEST] GET /admin/fetch-all-categories?page=1&limit=100
[2025-03-25 16:54:26] [INFO] [RESPONSE] Status: 200 Message: Categories fetched successfully
[2025-03-25 16:54:27] [INFO] [REQUEST] GET /admin/fetch-all-categories?page=1&limit=100
[2025-03-25 16:54:27] [INFO] [REQUEST] GET /getUserdata
[2025-03-25 16:54:28] [INFO] [RESPONSE] Status: 200 Message: User details fetched successfully
[2025-03-25 16:54:28] [INFO] [RESPONSE] Status: 200 Message: Categories fetched successfully
[2025-03-25 16:55:32] [INFO] [REQUEST] GET /getUserdata
[2025-03-25 16:55:32] [INFO] [REQUEST] GET /admin/fetch-all-categories?page=1&limit=100
[2025-03-25 16:55:32] [INFO] [RESPONSE] Status: 200 Message: User details fetched successfully
[2025-03-25 16:55:32] [INFO] [REQUEST] GET /getUserdata
[2025-03-25 16:55:32] [INFO] [RESPONSE] Status: 200 Message: User details fetched successfully
[2025-03-25 16:55:32] [INFO] [RESPONSE] Status: 200 Message: Categories fetched successfully
[2025-03-25 16:55:32] [INFO] [REQUEST] GET /admin/fetch-all-categories?page=1&limit=100
[2025-03-25 16:55:32] [INFO] [RESPONSE] Status: 200 Message: Categories fetched successfully
[2025-03-25 16:55:34] [INFO] [REQUEST] GET /admin/fetch-all-categories?page=1&limit=100
[2025-03-25 16:55:34] [INFO] [REQUEST] GET /getUserdata
[2025-03-25 16:55:34] [INFO] [RESPONSE] Status: 200 Message: User details fetched successfully
[2025-03-25 16:55:34] [INFO] [REQUEST] GET /getUserdata
[2025-03-25 16:55:34] [INFO] [RESPONSE] Status: 200 Message: Categories fetched successfully
[2025-03-25 16:55:35] [INFO] [RESPONSE] Status: 200 Message: User details fetched successfully
[2025-03-25 16:57:08] [INFO] [REQUEST] POST /instructor/create-course
[2025-03-25 16:57:13] [INFO] [RESPONSE] Status: 201 Message: Course created successfully.
[2025-03-25 16:57:14] [INFO] [REQUEST] GET /getUserdata
[2025-03-25 16:57:14] [INFO] [REQUEST] GET /instructor/courses?page=1&limit=6&search=
[2025-03-25 16:57:14] [INFO] [RESPONSE] Status: 200 Message: User details fetched successfully
[2025-03-25 16:57:14] [INFO] [RESPONSE] Status: 200 Message: Courses fetched successfully.
[2025-03-25 16:57:26] [INFO] [REQUEST] GET /getUserdata
[2025-03-25 16:57:26] [INFO] [REQUEST] GET /instructor/courses?page=1&limit=6&search=
[2025-03-25 16:57:26] [INFO] [RESPONSE] Status: 200 Message: User details fetched successfully
[2025-03-25 16:57:27] [INFO] [RESPONSE] Status: 200 Message: Courses fetched successfully.
[2025-03-25 16:57:41] [INFO] [REQUEST] GET /active-courses?page=1&limit=10
[2025-03-25 16:57:41] [INFO] [RESPONSE] Status: 200 Message: Active courses fetched successfully.
[2025-03-25 16:57:44] [INFO] [REQUEST] GET /active-courses?page=1&limit=10
[2025-03-25 16:57:45] [INFO] [RESPONSE] Status: 200 Message: Active courses fetched successfully.
[2025-03-25 16:58:57] [INFO] [REQUEST] GET /active-courses?page=1&limit=10
[2025-03-25 16:58:57] [INFO] [RESPONSE] Status: 200 Message: Active courses fetched successfully.
[2025-03-25 16:59:12] [INFO] [REQUEST] GET /getUserdata
[2025-03-25 16:59:13] [INFO] [RESPONSE] Status: 200 Message: User details fetched successfully
[2025-03-25 16:59:14] [INFO] [REQUEST] GET /getUserdata
[2025-03-25 16:59:14] [INFO] [REQUEST] GET /instructor/courses?page=1&limit=6&search=
[2025-03-25 16:59:14] [INFO] [RESPONSE] Status: 200 Message: User details fetched successfully
[2025-03-25 16:59:15] [INFO] [RESPONSE] Status: 200 Message: Courses fetched successfully.
[2025-03-25 17:05:26] [INFO] [REQUEST] GET /getUserdata
[2025-03-25 17:05:27] [INFO] [RESPONSE] Status: 200 Message: User details fetched successfully
[2025-03-25 17:05:29] [INFO] [REQUEST] GET /getUserdata
[2025-03-25 17:05:29] [INFO] [REQUEST] GET /instructor/courses?page=1&limit=6&search=
[2025-03-25 17:05:29] [INFO] [RESPONSE] Status: 200 Message: User details fetched successfully
[2025-03-25 17:05:29] [INFO] [RESPONSE] Status: 200 Message: Courses fetched successfully.
[2025-03-25 17:10:56] [INFO] [REQUEST] GET /getUserdata
[2025-03-25 17:10:56] [INFO] [REQUEST] GET /instructor/courses?page=1&limit=6&search=
[2025-03-25 17:10:57] [INFO] [RESPONSE] Status: 200 Message: User details fetched successfully
[2025-03-25 17:10:57] [INFO] [RESPONSE] Status: 200 Message: Courses fetched successfully.
[2025-03-25 17:11:30] [INFO] [REQUEST] GET /getUserdata
[2025-03-25 17:11:30] [INFO] [REQUEST] GET /instructor/courses?page=1&limit=6&search=
[2025-03-25 17:11:31] [INFO] [RESPONSE] Status: 200 Message: Courses fetched successfully.
[2025-03-25 17:11:32] [INFO] [RESPONSE] Status: 200 Message: User details fetched successfully
[2025-03-25 17:11:33] [INFO] [REQUEST] GET /getUserdata
[2025-03-25 17:11:33] [INFO] [REQUEST] GET /instructor/courses?page=1&limit=6&search=
[2025-03-25 17:11:33] [INFO] [RESPONSE] Status: 200 Message: User details fetched successfully
[2025-03-25 17:11:34] [INFO] [RESPONSE] Status: 200 Message: Courses fetched successfully.
[2025-03-25 17:11:40] [INFO] [REQUEST] GET /instructor/courses?page=1&limit=6&search=j
[2025-03-25 17:11:41] [INFO] [RESPONSE] Status: 200 Message: Courses fetched successfully.
[2025-03-25 17:11:42] [INFO] [REQUEST] GET /instructor/courses?page=1&limit=6&search=
[2025-03-25 17:11:43] [INFO] [RESPONSE] Status: 200 Message: Courses fetched successfully.
[2025-03-25 17:13:51] [INFO] [REQUEST] GET /active-courses?page=1&limit=10
[2025-03-25 17:13:53] [INFO] [RESPONSE] Status: 200 Message: Active courses fetched successfully.
[2025-03-25 18:54:40] [INFO] [REQUEST] GET /active-courses?page=1&limit=10
[2025-03-25 18:54:41] [INFO] [RESPONSE] Status: 200 Message: Active courses fetched successfully.
[2025-03-25 19:10:01] [INFO] [REQUEST] GET /active-courses?page=1&limit=10
[2025-03-25 19:10:02] [INFO] [RESPONSE] Status: 200 Message: Active courses fetched successfully.
[2025-03-25 19:13:14] [INFO] [REQUEST] GET /active-courses?page=1&limit=10
[2025-03-25 19:13:14] [INFO] [RESPONSE] Status: 200 Message: Active courses fetched successfully.
[2025-03-25 19:13:22] [INFO] [REQUEST] GET /active-courses?page=1&limit=10
[2025-03-25 19:13:22] [INFO] [RESPONSE] Status: 200 Message: Active courses fetched successfully.
[2025-03-25 19:13:25] [INFO] [REQUEST] GET /active-courses?page=1&limit=10
[2025-03-25 19:13:25] [INFO] [RESPONSE] Status: 200 Message: Active courses fetched successfully.
[2025-03-25 19:14:53] [INFO] [REQUEST] GET /active-courses?page=1&limit=10
[2025-03-25 19:14:53] [INFO] [RESPONSE] Status: 200 Message: Active courses fetched successfully.
[2025-03-25 19:14:55] [INFO] [REQUEST] GET /active-courses?page=1&limit=10
[2025-03-25 19:14:56] [INFO] [RESPONSE] Status: 200 Message: Active courses fetched successfully.
[2025-03-25 19:15:00] [INFO] [REQUEST] GET /active-courses?page=1&limit=10
[2025-03-25 19:15:00] [INFO] [RESPONSE] Status: 200 Message: Active courses fetched successfully.
[2025-03-25 19:18:49] [INFO] [REQUEST] GET /active-courses?page=1&limit=10
[2025-03-25 19:18:49] [INFO] [RESPONSE] Status: 200 Message: Active courses fetched successfully.
[2025-03-25 19:18:51] [INFO] [REQUEST] GET /course-details/67e29311bbd36b7517b60d7e
[2025-03-25 19:18:51] [INFO] [RESPONSE] Status: 404 Message: The requested URL not found on this server
[2025-03-25 19:18:55] [INFO] [REQUEST] GET /course-details/67e29311bbd36b7517b60d7e
[2025-03-25 19:18:55] [INFO] [RESPONSE] Status: 404 Message: The requested URL not found on this server
[2025-03-25 19:20:32] [INFO] [REQUEST] GET /course-details/67e29311bbd36b7517b60d7e
[2025-03-25 19:20:32] [INFO] [RESPONSE] Status: 200 Message: Course fetched successfully.
[2025-03-25 19:20:33] [INFO] [REQUEST] GET /active-courses?page=1&limit=10
[2025-03-25 19:20:34] [INFO] [RESPONSE] Status: 200 Message: Active courses fetched successfully.
[2025-03-25 19:20:42] [INFO] [REQUEST] GET /active-courses?page=1&limit=10
[2025-03-25 19:20:42] [INFO] [RESPONSE] Status: 200 Message: Active courses fetched successfully.
[2025-03-25 19:20:43] [INFO] [REQUEST] GET /course-details/67e29311bbd36b7517b60d7e
[2025-03-25 19:20:43] [INFO] [RESPONSE] Status: 200 Message: Course fetched successfully.
[2025-03-25 19:20:45] [INFO] [REQUEST] GET /course-details/67e29311bbd36b7517b60d7e
[2025-03-25 19:20:45] [INFO] [RESPONSE] Status: 200 Message: Course fetched successfully.
[2025-03-25 19:26:06] [INFO] [REQUEST] GET /courses/67e29311bbd36b7517b60d7e
[2025-03-25 19:26:06] [INFO] [RESPONSE] Status: 404 Message: The requested URL not found on this server
[2025-03-25 19:26:34] [INFO] [REQUEST] GET /active-courses?page=1&limit=10
[2025-03-25 19:26:35] [INFO] [RESPONSE] Status: 200 Message: Active courses fetched successfully.
[2025-03-25 19:26:38] [INFO] [REQUEST] GET /active-courses?page=1&limit=10
[2025-03-25 19:26:38] [INFO] [RESPONSE] Status: 200 Message: Active courses fetched successfully.
[2025-03-25 19:26:39] [INFO] [REQUEST] GET /courses/67e29311bbd36b7517b60d7e
[2025-03-25 19:26:39] [INFO] [RESPONSE] Status: 404 Message: The requested URL not found on this server
[2025-03-25 19:26:40] [INFO] [REQUEST] GET /courses/67e29311bbd36b7517b60d7e
[2025-03-25 19:26:40] [INFO] [RESPONSE] Status: 404 Message: The requested URL not found on this server
[2025-03-25 19:27:10] [INFO] [REQUEST] GET /courses/67e29311bbd36b7517b60d7e
[2025-03-25 19:27:10] [INFO] [RESPONSE] Status: 404 Message: The requested URL not found on this server
[2025-03-25 19:28:32] [INFO] [REQUEST] GET /courses/67e29311bbd36b7517b60d7e
[2025-03-25 19:28:32] [INFO] [RESPONSE] Status: 404 Message: The requested URL not found on this server
[2025-03-25 19:30:38] [INFO] [REQUEST] GET /active-courses?page=1&limit=10
[2025-03-25 19:30:38] [INFO] [RESPONSE] Status: 200 Message: Active courses fetched successfully.
[2025-03-25 19:30:41] [INFO] [REQUEST] GET /active-courses?page=1&limit=10
[2025-03-25 19:30:41] [INFO] [RESPONSE] Status: 200 Message: Active courses fetched successfully.
[2025-03-25 19:30:42] [INFO] [REQUEST] GET /courses/67e29311bbd36b7517b60d7e
[2025-03-25 19:30:42] [INFO] [RESPONSE] Status: 404 Message: The requested URL not found on this server
[2025-03-25 19:30:45] [INFO] [REQUEST] GET /courses/67e29311bbd36b7517b60d7e
[2025-03-25 19:30:45] [INFO] [RESPONSE] Status: 404 Message: The requested URL not found on this server
[2025-03-25 19:31:37] [INFO] [REQUEST] GET /active-courses?page=1&limit=10
[2025-03-25 19:31:37] [INFO] [RESPONSE] Status: 200 Message: Active courses fetched successfully.
[2025-03-25 19:31:39] [INFO] [REQUEST] GET /active-courses?page=1&limit=10
[2025-03-25 19:31:39] [INFO] [RESPONSE] Status: 200 Message: Active courses fetched successfully.
[2025-03-25 19:31:40] [INFO] [REQUEST] GET /courses/67e29311bbd36b7517b60d7e
[2025-03-25 19:31:40] [INFO] [RESPONSE] Status: 404 Message: The requested URL not found on this server
[2025-03-25 19:33:35] [INFO] [REQUEST] GET /courses/67e29311bbd36b7517b60d7e
[2025-03-25 19:33:35] [INFO] [RESPONSE] Status: 200 Message: Course fetched successfully.
[2025-03-25 19:33:37] [INFO] [REQUEST] GET /active-courses?page=1&limit=10
[2025-03-25 19:33:38] [INFO] [RESPONSE] Status: 200 Message: Active courses fetched successfully.
[2025-03-25 19:33:39] [INFO] [REQUEST] GET /active-courses?page=1&limit=10
[2025-03-25 19:33:40] [INFO] [RESPONSE] Status: 200 Message: Active courses fetched successfully.
[2025-03-25 19:33:41] [INFO] [REQUEST] GET /courses/67e29311bbd36b7517b60d7e
[2025-03-25 19:33:41] [INFO] [RESPONSE] Status: 200 Message: Course fetched successfully.
[2025-03-25 19:33:44] [INFO] [REQUEST] GET /courses/67e29311bbd36b7517b60d7e
[2025-03-25 19:33:44] [INFO] [RESPONSE] Status: 200 Message: Course fetched successfully.
[2025-03-25 19:41:04] [INFO] [REQUEST] GET /active-courses?page=1&limit=10
[2025-03-25 19:41:07] [INFO] [REQUEST] GET /active-courses?page=1&limit=10
[2025-03-25 19:41:08] [INFO] [RESPONSE] Status: 200 Message: Active courses fetched successfully.
[2025-03-25 19:41:09] [INFO] [RESPONSE] Status: 200 Message: Active courses fetched successfully.
[2025-03-25 19:41:11] [INFO] [REQUEST] GET /courses/67e29311bbd36b7517b60d7e
[2025-03-25 19:41:12] [INFO] [RESPONSE] Status: 200 Message: Course fetched successfully.
[2025-03-25 19:41:14] [INFO] [REQUEST] GET /courses/67e29311bbd36b7517b60d7e
[2025-03-25 19:41:14] [INFO] [RESPONSE] Status: 200 Message: Course fetched successfully.
[2025-03-25 19:44:56] [INFO] [REQUEST] GET /active-courses?page=1&limit=10
[2025-03-25 19:44:57] [INFO] [RESPONSE] Status: 200 Message: Active courses fetched successfully.
[2025-03-25 19:44:59] [INFO] [REQUEST] GET /active-courses?page=1&limit=10
[2025-03-25 19:45:00] [INFO] [RESPONSE] Status: 200 Message: Active courses fetched successfully.
[2025-03-25 19:45:01] [INFO] [REQUEST] GET /courses/67e29311bbd36b7517b60d7e
[2025-03-25 19:45:01] [INFO] [RESPONSE] Status: 200 Message: Course fetched successfully.
[2025-03-25 19:45:27] [INFO] [REQUEST] GET /courses/67e29311bbd36b7517b60d7e
[2025-03-25 19:45:28] [INFO] [RESPONSE] Status: 200 Message: Course fetched successfully.
[2025-03-25 19:53:20] [INFO] [REQUEST] GET /courses/67e29311bbd36b7517b60d7e
[2025-03-25 19:53:20] [INFO] [RESPONSE] Status: 404 Message: The requested URL not found on this server
[2025-03-25 19:53:31] [INFO] [REQUEST] GET /courses/67e29311bbd36b7517b60d7e
[2025-03-25 19:53:31] [INFO] [RESPONSE] Status: 404 Message: The requested URL not found on this server
[2025-03-25 19:54:17] [INFO] [REQUEST] GET /active-courses?page=1&limit=10
[2025-03-25 19:54:17] [INFO] [RESPONSE] Status: 200 Message: Active courses fetched successfully.
[2025-03-25 19:54:19] [INFO] [REQUEST] GET /active-courses?page=1&limit=10
[2025-03-25 19:54:19] [INFO] [RESPONSE] Status: 200 Message: Active courses fetched successfully.
[2025-03-25 19:54:20] [INFO] [REQUEST] GET /courses/67e29311bbd36b7517b60d7e
[2025-03-25 19:54:20] [INFO] [RESPONSE] Status: 200 Message: Course fetched successfully.
[2025-03-25 21:26:46] [INFO] [REQUEST] GET /courses/67e29311bbd36b7517b60d7e
[2025-03-25 21:26:48] [INFO] [RESPONSE] Status: 200 Message: Course fetched successfully.
[2025-03-25 21:26:52] [INFO] [REQUEST] GET /courses/67e29311bbd36b7517b60d7e
[2025-03-25 21:26:53] [INFO] [RESPONSE] Status: 200 Message: Course fetched successfully.
[2025-03-25 21:26:55] [INFO] [REQUEST] GET /courses/67e29311bbd36b7517b60d7e
[2025-03-25 21:26:56] [INFO] [RESPONSE] Status: 200 Message: Course fetched successfully.
[2025-03-25 21:26:57] [INFO] [REQUEST] GET /active-courses?page=1&limit=10
[2025-03-25 21:26:58] [INFO] [RESPONSE] Status: 200 Message: Active courses fetched successfully.
[2025-03-25 21:27:00] [INFO] [REQUEST] GET /courses/67e29311bbd36b7517b60d7e
[2025-03-25 21:27:01] [INFO] [RESPONSE] Status: 200 Message: Course fetched successfully.
[2025-03-25 21:27:03] [INFO] [REQUEST] GET /courses/67e29311bbd36b7517b60d7e
[2025-03-25 21:27:04] [INFO] [RESPONSE] Status: 200 Message: Course fetched successfully.
[2025-03-25 21:27:05] [INFO] [REQUEST] GET /active-courses?page=1&limit=10
[2025-03-25 21:27:05] [INFO] [RESPONSE] Status: 200 Message: Active courses fetched successfully.
[2025-03-25 21:27:06] [INFO] [REQUEST] GET /courses/67e29311bbd36b7517b60d7e
[2025-03-25 21:27:06] [INFO] [RESPONSE] Status: 200 Message: Course fetched successfully.
[2025-03-25 21:27:08] [INFO] [REQUEST] GET /active-courses?page=1&limit=10
[2025-03-25 21:27:08] [INFO] [RESPONSE] Status: 200 Message: Active courses fetched successfully.
[2025-03-25 21:27:30] [INFO] [REQUEST] GET /getUserdata
[2025-03-25 21:27:31] [INFO] [RESPONSE] Status: 200 Message: User details fetched successfully
[2025-03-25 21:27:36] [INFO] [REQUEST] GET /active-courses?page=1&limit=10
[2025-03-25 21:27:36] [INFO] [RESPONSE] Status: 200 Message: Active courses fetched successfully.
[2025-03-25 21:27:37] [INFO] [REQUEST] GET /courses/67e29311bbd36b7517b60d7e
[2025-03-25 21:27:37] [INFO] [RESPONSE] Status: 200 Message: Course fetched successfully.
[2025-03-25 21:27:39] [INFO] [REQUEST] GET /courses/67e29311bbd36b7517b60d7e
[2025-03-25 21:27:39] [INFO] [RESPONSE] Status: 200 Message: Course fetched successfully.
[2025-03-25 21:29:46] [INFO] [REQUEST] GET /courses/67e29311bbd36b7517b60d7e
[2025-03-25 21:29:46] [INFO] [RESPONSE] Status: 200 Message: Course fetched successfully.
[2025-03-25 21:29:46] [INFO] [REQUEST] GET /courses/67e29311bbd36b7517b60d7e
[2025-03-25 21:29:46] [INFO] [RESPONSE] Status: 200 Message: Course fetched successfully.
[2025-03-25 21:31:45] [INFO] [REQUEST] GET /courses/67e29311bbd36b7517b60d7e
[2025-03-25 21:31:45] [INFO] [RESPONSE] Status: 200 Message: Course fetched successfully.
[2025-03-25 21:32:06] [INFO] [REQUEST] GET /courses/67e29311bbd36b7517b60d7e
[2025-03-25 21:32:06] [INFO] [RESPONSE] Status: 200 Message: Course fetched successfully.
[2025-03-25 21:32:45] [INFO] [REQUEST] GET /courses/67e29311bbd36b7517b60d7e
[2025-03-25 21:32:46] [INFO] [RESPONSE] Status: 200 Message: Course fetched successfully.
[2025-03-25 21:32:47] [INFO] [REQUEST] GET /courses/67e29311bbd36b7517b60d7e
[2025-03-25 21:32:47] [INFO] [RESPONSE] Status: 200 Message: Course fetched successfully.
[2025-03-25 21:32:56] [INFO] [REQUEST] GET /courses/67e29311bbd36b7517b60d7e
[2025-03-25 21:32:56] [INFO] [RESPONSE] Status: 200 Message: Course fetched successfully.
[2025-03-25 21:36:47] [INFO] [REQUEST] GET /active-courses?page=1&limit=10
[2025-03-25 21:36:48] [INFO] [RESPONSE] Status: 200 Message: Active courses fetched successfully.
[2025-03-25 21:37:08] [INFO] [REQUEST] GET /active-courses?page=1&limit=10&search=j
[2025-03-25 21:37:08] [INFO] [RESPONSE] Status: 200 Message: Active courses fetched successfully.
[2025-03-25 21:37:10] [INFO] [REQUEST] GET /active-courses?page=1&limit=10
[2025-03-25 21:37:10] [INFO] [RESPONSE] Status: 200 Message: Active courses fetched successfully.
[2025-03-25 21:38:34] [INFO] [REQUEST] GET /getUserdata
[2025-03-25 21:38:34] [INFO] [RESPONSE] Status: 200 Message: User details fetched successfully
[2025-03-25 21:38:37] [INFO] [REQUEST] GET /getUserdata
[2025-03-25 21:38:37] [INFO] [REQUEST] GET /instructor/courses?page=1&limit=6&search=
[2025-03-25 21:38:37] [INFO] [RESPONSE] Status: 200 Message: User details fetched successfully
[2025-03-25 21:38:37] [INFO] [RESPONSE] Status: 200 Message: Courses fetched successfully.
[2025-03-25 21:38:38] [INFO] [REQUEST] GET /getUserdata
[2025-03-25 21:38:38] [INFO] [REQUEST] GET /admin/fetch-all-categories?page=1&limit=100
[2025-03-25 21:38:38] [INFO] [RESPONSE] Status: 200 Message: User details fetched successfully
[2025-03-25 21:38:38] [INFO] [RESPONSE] Status: 200 Message: Categories fetched successfully
[2025-03-25 21:38:46] [INFO] [REQUEST] GET /admin/fetch-all-categories?page=1&limit=100
[2025-03-25 21:38:46] [INFO] [REQUEST] GET /getUserdata
[2025-03-25 21:38:47] [INFO] [RESPONSE] Status: 200 Message: User details fetched successfully
[2025-03-25 21:38:47] [INFO] [RESPONSE] Status: 200 Message: Categories fetched successfully
[2025-03-25 21:38:47] [INFO] [REQUEST] GET /admin/fetch-all-categories?page=1&limit=100
[2025-03-25 21:38:47] [INFO] [REQUEST] GET /getUserdata
[2025-03-25 21:38:47] [INFO] [RESPONSE] Status: 200 Message: User details fetched successfully
[2025-03-25 21:38:47] [INFO] [RESPONSE] Status: 200 Message: Categories fetched successfully
[2025-03-25 21:38:48] [INFO] [REQUEST] GET /getUserdata
[2025-03-25 21:38:48] [INFO] [REQUEST] GET /admin/fetch-all-categories?page=1&limit=100
[2025-03-25 21:38:48] [INFO] [RESPONSE] Status: 200 Message: User details fetched successfully
[2025-03-25 21:38:48] [INFO] [RESPONSE] Status: 200 Message: Categories fetched successfully
[2025-03-25 21:38:48] [INFO] [REQUEST] GET /admin/fetch-all-categories?page=1&limit=100
[2025-03-25 21:38:48] [INFO] [REQUEST] GET /getUserdata
[2025-03-25 21:38:48] [INFO] [RESPONSE] Status: 200 Message: User details fetched successfully
[2025-03-25 21:38:48] [INFO] [RESPONSE] Status: 200 Message: Categories fetched successfully
[2025-03-25 21:38:49] [INFO] [REQUEST] GET /admin/fetch-all-categories?page=1&limit=100
[2025-03-25 21:38:49] [INFO] [REQUEST] GET /getUserdata
[2025-03-25 21:38:49] [INFO] [RESPONSE] Status: 200 Message: User details fetched successfully
[2025-03-25 21:38:49] [INFO] [RESPONSE] Status: 200 Message: Categories fetched successfully
[2025-03-25 21:38:49] [INFO] [REQUEST] GET /admin/fetch-all-categories?page=1&limit=100
[2025-03-25 21:38:49] [INFO] [REQUEST] GET /getUserdata
[2025-03-25 21:38:49] [INFO] [RESPONSE] Status: 200 Message: User details fetched successfully
[2025-03-25 21:38:49] [INFO] [REQUEST] GET /getUserdata
[2025-03-25 21:38:49] [INFO] [RESPONSE] Status: 200 Message: Categories fetched successfully
[2025-03-25 21:38:49] [INFO] [REQUEST] GET /admin/fetch-all-categories?page=1&limit=100
[2025-03-25 21:38:49] [INFO] [RESPONSE] Status: 200 Message: User details fetched successfully
[2025-03-25 21:38:49] [INFO] [REQUEST] GET /getUserdata
[2025-03-25 21:38:49] [INFO] [RESPONSE] Status: 200 Message: Categories fetched successfully
[2025-03-25 21:38:49] [INFO] [REQUEST] GET /admin/fetch-all-categories?page=1&limit=100
[2025-03-25 21:38:49] [INFO] [RESPONSE] Status: 200 Message: User details fetched successfully
[2025-03-25 21:38:49] [INFO] [RESPONSE] Status: 200 Message: Categories fetched successfully
[2025-03-25 21:38:50] [INFO] [REQUEST] GET /admin/fetch-all-categories?page=1&limit=100
[2025-03-25 21:38:50] [INFO] [REQUEST] GET /getUserdata
[2025-03-25 21:38:50] [INFO] [RESPONSE] Status: 200 Message: User details fetched successfully
[2025-03-25 21:38:50] [INFO] [RESPONSE] Status: 200 Message: Categories fetched successfully
[2025-03-25 21:38:50] [INFO] [REQUEST] GET /admin/fetch-all-categories?page=1&limit=100
[2025-03-25 21:38:50] [INFO] [REQUEST] GET /getUserdata
[2025-03-25 21:38:50] [INFO] [RESPONSE] Status: 200 Message: User details fetched successfully
[2025-03-25 21:38:50] [INFO] [RESPONSE] Status: 200 Message: Categories fetched successfully
[2025-03-25 21:38:50] [INFO] [REQUEST] GET /admin/fetch-all-categories?page=1&limit=100
[2025-03-25 21:38:50] [INFO] [REQUEST] GET /getUserdata
[2025-03-25 21:38:50] [INFO] [RESPONSE] Status: 200 Message: User details fetched successfully
[2025-03-25 21:38:50] [INFO] [RESPONSE] Status: 200 Message: Categories fetched successfully
[2025-03-25 21:38:50] [INFO] [REQUEST] GET /admin/fetch-all-categories?page=1&limit=100
[2025-03-25 21:38:51] [INFO] [REQUEST] GET /getUserdata
[2025-03-25 21:38:51] [INFO] [RESPONSE] Status: 200 Message: User details fetched successfully
[2025-03-25 21:38:51] [INFO] [RESPONSE] Status: 200 Message: Categories fetched successfully
[2025-03-25 21:38:51] [INFO] [REQUEST] GET /getUserdata
[2025-03-25 21:38:51] [INFO] [REQUEST] GET /admin/fetch-all-categories?page=1&limit=100
[2025-03-25 21:38:51] [INFO] [RESPONSE] Status: 200 Message: User details fetched successfully
[2025-03-25 21:38:51] [INFO] [REQUEST] GET /getUserdata
[2025-03-25 21:38:51] [INFO] [RESPONSE] Status: 200 Message: Categories fetched successfully
[2025-03-25 21:38:51] [INFO] [REQUEST] GET /admin/fetch-all-categories?page=1&limit=100
[2025-03-25 21:38:51] [INFO] [RESPONSE] Status: 200 Message: User details fetched successfully
[2025-03-25 21:38:51] [INFO] [RESPONSE] Status: 200 Message: Categories fetched successfully
[2025-03-25 21:38:51] [INFO] [REQUEST] GET /admin/fetch-all-categories?page=1&limit=100
[2025-03-25 21:38:51] [INFO] [REQUEST] GET /getUserdata
[2025-03-25 21:38:51] [INFO] [RESPONSE] Status: 200 Message: User details fetched successfully
[2025-03-25 21:38:51] [INFO] [RESPONSE] Status: 200 Message: Categories fetched successfully
[2025-03-25 21:39:02] [INFO] [REQUEST] GET /getUserdata
[2025-03-25 21:39:02] [INFO] [REQUEST] GET /admin/fetch-all-categories?page=1&limit=100
[2025-03-25 21:39:02] [INFO] [RESPONSE] Status: 200 Message: User details fetched successfully
[2025-03-25 21:39:02] [INFO] [RESPONSE] Status: 200 Message: Categories fetched successfully
[2025-03-25 21:39:02] [INFO] [REQUEST] GET /admin/fetch-all-categories?page=1&limit=100
[2025-03-25 21:39:02] [INFO] [REQUEST] GET /getUserdata
[2025-03-25 21:39:02] [INFO] [RESPONSE] Status: 200 Message: User details fetched successfully
[2025-03-25 21:39:02] [INFO] [RESPONSE] Status: 200 Message: Categories fetched successfully
[2025-03-25 21:39:02] [INFO] [REQUEST] GET /admin/fetch-all-categories?page=1&limit=100
[2025-03-25 21:39:02] [INFO] [REQUEST] GET /getUserdata
[2025-03-25 21:39:02] [INFO] [RESPONSE] Status: 200 Message: User details fetched successfully
[2025-03-25 21:39:02] [INFO] [RESPONSE] Status: 200 Message: Categories fetched successfully
[2025-03-25 21:39:02] [INFO] [REQUEST] GET /admin/fetch-all-categories?page=1&limit=100
[2025-03-25 21:39:02] [INFO] [REQUEST] GET /getUserdata
[2025-03-25 21:39:03] [INFO] [RESPONSE] Status: 200 Message: User details fetched successfully
[2025-03-25 21:39:03] [INFO] [RESPONSE] Status: 200 Message: Categories fetched successfully
[2025-03-25 21:39:03] [INFO] [REQUEST] GET /admin/fetch-all-categories?page=1&limit=100
[2025-03-25 21:39:03] [INFO] [REQUEST] GET /getUserdata
[2025-03-25 21:39:03] [INFO] [RESPONSE] Status: 200 Message: User details fetched successfully
[2025-03-25 21:39:03] [INFO] [RESPONSE] Status: 200 Message: Categories fetched successfully
[2025-03-25 21:39:03] [INFO] [REQUEST] GET /admin/fetch-all-categories?page=1&limit=100
[2025-03-25 21:39:03] [INFO] [REQUEST] GET /getUserdata
[2025-03-25 21:39:03] [INFO] [RESPONSE] Status: 200 Message: User details fetched successfully
[2025-03-25 21:39:03] [INFO] [RESPONSE] Status: 200 Message: Categories fetched successfully
[2025-03-25 21:39:03] [INFO] [REQUEST] GET /admin/fetch-all-categories?page=1&limit=100
[2025-03-25 21:39:03] [INFO] [REQUEST] GET /getUserdata
[2025-03-25 21:39:03] [INFO] [RESPONSE] Status: 200 Message: User details fetched successfully
[2025-03-25 21:39:03] [INFO] [RESPONSE] Status: 200 Message: Categories fetched successfully
[2025-03-25 21:39:04] [INFO] [REQUEST] GET /admin/fetch-all-categories?page=1&limit=100
[2025-03-25 21:39:04] [INFO] [REQUEST] GET /getUserdata
[2025-03-25 21:39:04] [INFO] [RESPONSE] Status: 200 Message: User details fetched successfully
[2025-03-25 21:39:04] [INFO] [RESPONSE] Status: 200 Message: Categories fetched successfully
[2025-03-25 21:39:04] [INFO] [REQUEST] GET /admin/fetch-all-categories?page=1&limit=100
[2025-03-25 21:39:04] [INFO] [REQUEST] GET /getUserdata
[2025-03-25 21:39:04] [INFO] [RESPONSE] Status: 200 Message: User details fetched successfully
[2025-03-25 21:39:04] [INFO] [RESPONSE] Status: 200 Message: Categories fetched successfully
[2025-03-25 21:39:05] [INFO] [REQUEST] GET /admin/fetch-all-categories?page=1&limit=100
[2025-03-25 21:39:05] [INFO] [REQUEST] GET /getUserdata
[2025-03-25 21:39:05] [INFO] [RESPONSE] Status: 200 Message: User details fetched successfully
[2025-03-25 21:39:05] [INFO] [RESPONSE] Status: 200 Message: Categories fetched successfully
[2025-03-25 21:39:06] [INFO] [REQUEST] GET /admin/fetch-all-categories?page=1&limit=100
[2025-03-25 21:39:06] [INFO] [REQUEST] GET /getUserdata
[2025-03-25 21:39:06] [INFO] [RESPONSE] Status: 200 Message: User details fetched successfully
[2025-03-25 21:39:06] [INFO] [REQUEST] GET /getUserdata
[2025-03-25 21:39:06] [INFO] [RESPONSE] Status: 200 Message: Categories fetched successfully
[2025-03-25 21:39:06] [INFO] [REQUEST] GET /admin/fetch-all-categories?page=1&limit=100
[2025-03-25 21:39:06] [INFO] [RESPONSE] Status: 200 Message: User details fetched successfully
[2025-03-25 21:39:06] [INFO] [REQUEST] GET /getUserdata
[2025-03-25 21:39:06] [INFO] [RESPONSE] Status: 200 Message: User details fetched successfully
[2025-03-25 21:39:06] [INFO] [RESPONSE] Status: 200 Message: Categories fetched successfully
[2025-03-25 21:39:06] [INFO] [REQUEST] GET /getUserdata
[2025-03-25 21:39:06] [INFO] [REQUEST] GET /admin/fetch-all-categories?page=1&limit=100
[2025-03-25 21:39:06] [INFO] [RESPONSE] Status: 200 Message: User details fetched successfully
[2025-03-25 21:39:06] [INFO] [REQUEST] GET /getUserdata
[2025-03-25 21:39:06] [INFO] [RESPONSE] Status: 200 Message: Categories fetched successfully
[2025-03-25 21:39:06] [INFO] [REQUEST] GET /admin/fetch-all-categories?page=1&limit=100
[2025-03-25 21:39:06] [INFO] [RESPONSE] Status: 200 Message: User details fetched successfully
[2025-03-25 21:39:06] [INFO] [REQUEST] GET /getUserdata
[2025-03-25 21:39:06] [INFO] [RESPONSE] Status: 200 Message: User details fetched successfully
[2025-03-25 21:39:06] [INFO] [REQUEST] GET /getUserdata
[2025-03-25 21:39:06] [INFO] [RESPONSE] Status: 200 Message: Categories fetched successfully
[2025-03-25 21:39:06] [INFO] [REQUEST] GET /admin/fetch-all-categories?page=1&limit=100
[2025-03-25 21:39:06] [INFO] [RESPONSE] Status: 200 Message: User details fetched successfully
[2025-03-25 21:39:06] [INFO] [REQUEST] GET /getUserdata
[2025-03-25 21:39:07] [INFO] [RESPONSE] Status: 200 Message: User details fetched successfully
[2025-03-25 21:39:07] [INFO] [RESPONSE] Status: 200 Message: Categories fetched successfully
[2025-03-25 21:39:07] [INFO] [REQUEST] GET /admin/fetch-all-categories?page=1&limit=100
[2025-03-25 21:39:07] [INFO] [RESPONSE] Status: 200 Message: Categories fetched successfully
[2025-03-25 21:39:07] [INFO] [REQUEST] GET /admin/fetch-all-categories?page=1&limit=100
[2025-03-25 21:39:07] [INFO] [RESPONSE] Status: 200 Message: Categories fetched successfully
[2025-03-25 21:39:07] [INFO] [REQUEST] GET /admin/fetch-all-categories?page=1&limit=100
[2025-03-25 21:39:07] [INFO] [RESPONSE] Status: 200 Message: Categories fetched successfully
[2025-03-25 21:39:08] [INFO] [REQUEST] GET /admin/fetch-all-categories?page=1&limit=100
[2025-03-25 21:39:08] [INFO] [REQUEST] GET /getUserdata
[2025-03-25 21:39:08] [INFO] [RESPONSE] Status: 200 Message: User details fetched successfully
[2025-03-25 21:39:08] [INFO] [RESPONSE] Status: 200 Message: Categories fetched successfully
[2025-03-25 21:39:08] [INFO] [REQUEST] GET /admin/fetch-all-categories?page=1&limit=100
[2025-03-25 21:39:08] [INFO] [REQUEST] GET /getUserdata
[2025-03-25 21:39:08] [INFO] [RESPONSE] Status: 200 Message: User details fetched successfully
[2025-03-25 21:39:08] [INFO] [RESPONSE] Status: 200 Message: Categories fetched successfully
[2025-03-25 21:39:08] [INFO] [REQUEST] GET /admin/fetch-all-categories?page=1&limit=100
[2025-03-25 21:39:08] [INFO] [REQUEST] GET /getUserdata
[2025-03-25 21:39:08] [INFO] [RESPONSE] Status: 200 Message: User details fetched successfully
[2025-03-25 21:39:08] [INFO] [RESPONSE] Status: 200 Message: Categories fetched successfully
[2025-03-25 21:39:08] [INFO] [REQUEST] GET /admin/fetch-all-categories?page=1&limit=100
[2025-03-25 21:39:08] [INFO] [REQUEST] GET /getUserdata
[2025-03-25 21:39:08] [INFO] [RESPONSE] Status: 200 Message: User details fetched successfully
[2025-03-25 21:39:09] [INFO] [RESPONSE] Status: 200 Message: Categories fetched successfully
[2025-03-25 21:39:09] [INFO] [REQUEST] GET /admin/fetch-all-categories?page=1&limit=100
[2025-03-25 21:39:09] [INFO] [REQUEST] GET /getUserdata
[2025-03-25 21:39:09] [INFO] [RESPONSE] Status: 200 Message: User details fetched successfully
[2025-03-25 21:39:09] [INFO] [RESPONSE] Status: 200 Message: Categories fetched successfully
[2025-03-25 21:39:09] [INFO] [REQUEST] GET /admin/fetch-all-categories?page=1&limit=100
[2025-03-25 21:39:09] [INFO] [REQUEST] GET /getUserdata
[2025-03-25 21:39:09] [INFO] [RESPONSE] Status: 200 Message: User details fetched successfully
[2025-03-25 21:39:09] [INFO] [RESPONSE] Status: 200 Message: Categories fetched successfully
[2025-03-25 21:39:09] [INFO] [REQUEST] GET /admin/fetch-all-categories?page=1&limit=100
[2025-03-25 21:39:09] [INFO] [REQUEST] GET /getUserdata
[2025-03-25 21:39:09] [INFO] [RESPONSE] Status: 200 Message: User details fetched successfully
[2025-03-25 21:39:09] [INFO] [RESPONSE] Status: 200 Message: Categories fetched successfully
[2025-03-25 21:39:09] [INFO] [REQUEST] GET /admin/fetch-all-categories?page=1&limit=100
[2025-03-25 21:39:09] [INFO] [REQUEST] GET /getUserdata
[2025-03-25 21:39:10] [INFO] [RESPONSE] Status: 200 Message: User details fetched successfully
[2025-03-25 21:39:10] [INFO] [RESPONSE] Status: 200 Message: Categories fetched successfully
[2025-03-25 21:39:10] [INFO] [REQUEST] GET /admin/fetch-all-categories?page=1&limit=100
[2025-03-25 21:39:10] [INFO] [REQUEST] GET /getUserdata
[2025-03-25 21:39:10] [INFO] [RESPONSE] Status: 200 Message: User details fetched successfully
[2025-03-25 21:39:10] [INFO] [RESPONSE] Status: 200 Message: Categories fetched successfully
[2025-03-25 21:39:10] [INFO] [REQUEST] GET /admin/fetch-all-categories?page=1&limit=100
[2025-03-25 21:39:10] [INFO] [REQUEST] GET /getUserdata
[2025-03-25 21:39:10] [INFO] [RESPONSE] Status: 200 Message: User details fetched successfully
[2025-03-25 21:39:10] [INFO] [RESPONSE] Status: 200 Message: Categories fetched successfully
[2025-03-25 21:39:10] [INFO] [REQUEST] GET /admin/fetch-all-categories?page=1&limit=100
[2025-03-25 21:39:10] [INFO] [REQUEST] GET /getUserdata
[2025-03-25 21:39:10] [INFO] [RESPONSE] Status: 200 Message: User details fetched successfully
[2025-03-25 21:39:11] [INFO] [RESPONSE] Status: 200 Message: Categories fetched successfully
[2025-03-25 21:39:11] [INFO] [REQUEST] GET /admin/fetch-all-categories?page=1&limit=100
[2025-03-25 21:39:11] [INFO] [REQUEST] GET /getUserdata
[2025-03-25 21:39:11] [INFO] [RESPONSE] Status: 200 Message: User details fetched successfully
[2025-03-25 21:39:11] [INFO] [RESPONSE] Status: 200 Message: Categories fetched successfully
[2025-03-25 21:39:11] [INFO] [REQUEST] GET /admin/fetch-all-categories?page=1&limit=100
[2025-03-25 21:39:11] [INFO] [REQUEST] GET /getUserdata
[2025-03-25 21:39:11] [INFO] [RESPONSE] Status: 200 Message: User details fetched successfully
[2025-03-25 21:39:11] [INFO] [RESPONSE] Status: 200 Message: Categories fetched successfully
[2025-03-25 21:39:12] [INFO] [REQUEST] GET /admin/fetch-all-categories?page=1&limit=100
[2025-03-25 21:39:12] [INFO] [REQUEST] GET /getUserdata
[2025-03-25 21:39:12] [INFO] [RESPONSE] Status: 200 Message: User details fetched successfully
[2025-03-25 21:39:12] [INFO] [RESPONSE] Status: 200 Message: Categories fetched successfully
[2025-03-25 21:39:12] [INFO] [REQUEST] GET /admin/fetch-all-categories?page=1&limit=100
[2025-03-25 21:39:12] [INFO] [REQUEST] GET /getUserdata
[2025-03-25 21:39:12] [INFO] [RESPONSE] Status: 200 Message: User details fetched successfully
[2025-03-25 21:39:12] [INFO] [RESPONSE] Status: 200 Message: Categories fetched successfully
[2025-03-25 21:39:12] [INFO] [REQUEST] GET /admin/fetch-all-categories?page=1&limit=100
[2025-03-25 21:39:12] [INFO] [REQUEST] GET /getUserdata
[2025-03-25 21:39:12] [INFO] [RESPONSE] Status: 200 Message: User details fetched successfully
[2025-03-25 21:39:12] [INFO] [REQUEST] GET /getUserdata
[2025-03-25 21:39:12] [INFO] [RESPONSE] Status: 200 Message: Categories fetched successfully
[2025-03-25 21:39:12] [INFO] [REQUEST] GET /admin/fetch-all-categories?page=1&limit=100
[2025-03-25 21:39:12] [INFO] [RESPONSE] Status: 200 Message: User details fetched successfully
[2025-03-25 21:39:12] [INFO] [RESPONSE] Status: 200 Message: Categories fetched successfully
[2025-03-25 21:39:12] [INFO] [REQUEST] GET /getUserdata
[2025-03-25 21:39:12] [INFO] [REQUEST] GET /admin/fetch-all-categories?page=1&limit=100
[2025-03-25 21:39:12] [INFO] [RESPONSE] Status: 200 Message: User details fetched successfully
[2025-03-25 21:39:12] [INFO] [REQUEST] GET /getUserdata
[2025-03-25 21:39:13] [INFO] [RESPONSE] Status: 200 Message: Categories fetched successfully
[2025-03-25 21:39:13] [INFO] [REQUEST] GET /admin/fetch-all-categories?page=1&limit=100
[2025-03-25 21:39:13] [INFO] [RESPONSE] Status: 200 Message: User details fetched successfully
[2025-03-25 21:39:13] [INFO] [REQUEST] GET /getUserdata
[2025-03-25 21:39:13] [INFO] [RESPONSE] Status: 200 Message: Categories fetched successfully
[2025-03-25 21:39:13] [INFO] [REQUEST] GET /admin/fetch-all-categories?page=1&limit=100
[2025-03-25 21:39:13] [INFO] [RESPONSE] Status: 200 Message: User details fetched successfully
[2025-03-25 21:39:13] [INFO] [REQUEST] GET /getUserdata
[2025-03-25 21:39:13] [INFO] [RESPONSE] Status: 200 Message: Categories fetched successfully
[2025-03-25 21:39:13] [INFO] [REQUEST] GET /admin/fetch-all-categories?page=1&limit=100
[2025-03-25 21:39:13] [INFO] [RESPONSE] Status: 200 Message: User details fetched successfully
[2025-03-25 21:39:13] [INFO] [RESPONSE] Status: 200 Message: Categories fetched successfully
[2025-03-25 21:39:20] [INFO] [REQUEST] GET /admin/fetch-all-categories?page=1&limit=100
[2025-03-25 21:39:20] [INFO] [REQUEST] GET /getUserdata
[2025-03-25 21:39:20] [INFO] [RESPONSE] Status: 200 Message: User details fetched successfully
[2025-03-25 21:39:20] [INFO] [RESPONSE] Status: 200 Message: Categories fetched successfully
[2025-03-25 21:39:22] [INFO] [REQUEST] GET /admin/fetch-all-categories?page=1&limit=100
[2025-03-25 21:39:22] [INFO] [REQUEST] GET /getUserdata
[2025-03-25 21:39:22] [INFO] [RESPONSE] Status: 200 Message: User details fetched successfully
[2025-03-25 21:39:22] [INFO] [RESPONSE] Status: 200 Message: Categories fetched successfully
[2025-03-25 21:39:25] [INFO] [REQUEST] GET /admin/fetch-all-categories?page=1&limit=100
[2025-03-25 21:39:25] [INFO] [REQUEST] GET /getUserdata
[2025-03-25 21:39:25] [INFO] [RESPONSE] Status: 200 Message: User details fetched successfully
[2025-03-25 21:39:25] [INFO] [RESPONSE] Status: 200 Message: Categories fetched successfully
[2025-03-25 21:39:26] [INFO] [REQUEST] GET /admin/fetch-all-categories?page=1&limit=100
[2025-03-25 21:39:26] [INFO] [REQUEST] GET /getUserdata
[2025-03-25 21:39:26] [INFO] [RESPONSE] Status: 200 Message: User details fetched successfully
[2025-03-25 21:39:26] [INFO] [RESPONSE] Status: 200 Message: Categories fetched successfully
[2025-03-25 21:39:35] [INFO] [REQUEST] GET /admin/fetch-all-categories?page=1&limit=100
[2025-03-25 21:39:35] [INFO] [REQUEST] GET /getUserdata
[2025-03-25 21:39:36] [INFO] [RESPONSE] Status: 200 Message: User details fetched successfully
[2025-03-25 21:39:36] [INFO] [RESPONSE] Status: 200 Message: Categories fetched successfully
[2025-03-25 21:39:39] [INFO] [REQUEST] GET /admin/fetch-all-categories?page=1&limit=100
[2025-03-25 21:39:39] [INFO] [REQUEST] GET /getUserdata
[2025-03-25 21:39:39] [INFO] [RESPONSE] Status: 200 Message: User details fetched successfully
[2025-03-25 21:39:39] [INFO] [RESPONSE] Status: 200 Message: Categories fetched successfully
[2025-03-25 21:39:43] [INFO] [REQUEST] GET /admin/fetch-all-categories?page=1&limit=100
[2025-03-25 21:39:43] [INFO] [REQUEST] GET /getUserdata
[2025-03-25 21:39:44] [INFO] [RESPONSE] Status: 200 Message: User details fetched successfully
[2025-03-25 21:39:44] [INFO] [RESPONSE] Status: 200 Message: Categories fetched successfully
[2025-03-25 21:40:44] [INFO] [REQUEST] GET /getUserdata
[2025-03-25 21:40:44] [INFO] [REQUEST] GET /admin/fetch-all-categories?page=1&limit=100
[2025-03-25 21:40:44] [INFO] [RESPONSE] Status: 200 Message: User details fetched successfully
[2025-03-25 21:40:44] [INFO] [REQUEST] GET /getUserdata
[2025-03-25 21:40:44] [INFO] [RESPONSE] Status: 200 Message: Categories fetched successfully
[2025-03-25 21:40:44] [INFO] [REQUEST] GET /admin/fetch-all-categories?page=1&limit=100
[2025-03-25 21:40:44] [INFO] [RESPONSE] Status: 200 Message: User details fetched successfully
[2025-03-25 21:40:45] [INFO] [RESPONSE] Status: 200 Message: Categories fetched successfully
[2025-03-25 21:40:46] [INFO] [REQUEST] GET /admin/fetch-all-categories?page=1&limit=100
[2025-03-25 21:40:46] [INFO] [REQUEST] GET /getUserdata
[2025-03-25 21:40:46] [INFO] [RESPONSE] Status: 200 Message: User details fetched successfully
[2025-03-25 21:40:47] [INFO] [RESPONSE] Status: 200 Message: Categories fetched successfully
[2025-03-25 21:40:49] [INFO] [REQUEST] GET /admin/fetch-all-categories?page=1&limit=100
[2025-03-25 21:40:49] [INFO] [REQUEST] GET /getUserdata
[2025-03-25 21:40:49] [INFO] [RESPONSE] Status: 200 Message: User details fetched successfully
[2025-03-25 21:40:49] [INFO] [RESPONSE] Status: 200 Message: Categories fetched successfully
[2025-03-25 21:40:50] [INFO] [REQUEST] GET /admin/fetch-all-categories?page=1&limit=100
[2025-03-25 21:40:50] [INFO] [REQUEST] GET /getUserdata
[2025-03-25 21:40:51] [INFO] [RESPONSE] Status: 200 Message: User details fetched successfully
[2025-03-25 21:40:51] [INFO] [RESPONSE] Status: 200 Message: Categories fetched successfully
[2025-03-25 21:40:51] [INFO] [REQUEST] GET /admin/fetch-all-categories?page=1&limit=100
[2025-03-25 21:40:51] [INFO] [REQUEST] GET /getUserdata
[2025-03-25 21:40:51] [INFO] [RESPONSE] Status: 200 Message: User details fetched successfully
[2025-03-25 21:40:51] [INFO] [RESPONSE] Status: 200 Message: Categories fetched successfully
[2025-03-25 21:40:52] [INFO] [REQUEST] GET /admin/fetch-all-categories?page=1&limit=100
[2025-03-25 21:40:52] [INFO] [REQUEST] GET /getUserdata
[2025-03-25 21:40:52] [INFO] [RESPONSE] Status: 200 Message: User details fetched successfully
[2025-03-25 21:40:52] [INFO] [RESPONSE] Status: 200 Message: Categories fetched successfully
[2025-03-25 21:40:52] [INFO] [REQUEST] GET /admin/fetch-all-categories?page=1&limit=100
[2025-03-25 21:40:52] [INFO] [REQUEST] GET /getUserdata
[2025-03-25 21:40:52] [INFO] [RESPONSE] Status: 200 Message: User details fetched successfully
[2025-03-25 21:40:52] [INFO] [RESPONSE] Status: 200 Message: Categories fetched successfully
[2025-03-25 21:40:54] [INFO] [REQUEST] GET /admin/fetch-all-categories?page=1&limit=100
[2025-03-25 21:40:54] [INFO] [REQUEST] GET /getUserdata
[2025-03-25 21:40:55] [INFO] [RESPONSE] Status: 200 Message: User details fetched successfully
[2025-03-25 21:40:55] [INFO] [RESPONSE] Status: 200 Message: Categories fetched successfully
[2025-03-25 21:40:55] [INFO] [REQUEST] GET /admin/fetch-all-categories?page=1&limit=100
[2025-03-25 21:40:55] [INFO] [REQUEST] GET /getUserdata
[2025-03-25 21:40:55] [INFO] [RESPONSE] Status: 200 Message: User details fetched successfully
[2025-03-25 21:40:55] [INFO] [REQUEST] GET /getUserdata
[2025-03-25 21:40:55] [INFO] [RESPONSE] Status: 200 Message: Categories fetched successfully
[2025-03-25 21:40:55] [INFO] [REQUEST] GET /admin/fetch-all-categories?page=1&limit=100
[2025-03-25 21:40:55] [INFO] [RESPONSE] Status: 200 Message: User details fetched successfully
[2025-03-25 21:40:55] [INFO] [RESPONSE] Status: 200 Message: Categories fetched successfully
[2025-03-25 21:40:55] [INFO] [REQUEST] GET /admin/fetch-all-categories?page=1&limit=100
[2025-03-25 21:40:55] [INFO] [REQUEST] GET /getUserdata
[2025-03-25 21:40:55] [INFO] [RESPONSE] Status: 200 Message: User details fetched successfully
[2025-03-25 21:40:55] [INFO] [RESPONSE] Status: 200 Message: Categories fetched successfully
[2025-03-25 21:41:06] [INFO] [REQUEST] GET /admin/fetch-all-categories?page=1&limit=100
[2025-03-25 21:41:06] [INFO] [REQUEST] GET /getUserdata
[2025-03-25 21:41:07] [INFO] [RESPONSE] Status: 200 Message: User details fetched successfully
[2025-03-25 21:41:07] [INFO] [RESPONSE] Status: 200 Message: Categories fetched successfully
[2025-03-25 21:41:07] [INFO] [REQUEST] GET /admin/fetch-all-categories?page=1&limit=100
[2025-03-25 21:41:07] [INFO] [REQUEST] GET /getUserdata
[2025-03-25 21:41:07] [INFO] [RESPONSE] Status: 200 Message: User details fetched successfully
[2025-03-25 21:41:07] [INFO] [REQUEST] GET /getUserdata
[2025-03-25 21:41:07] [INFO] [RESPONSE] Status: 200 Message: Categories fetched successfully
[2025-03-25 21:41:07] [INFO] [REQUEST] GET /admin/fetch-all-categories?page=1&limit=100
[2025-03-25 21:41:07] [INFO] [RESPONSE] Status: 200 Message: User details fetched successfully
[2025-03-25 21:41:07] [INFO] [REQUEST] GET /getUserdata
[2025-03-25 21:41:07] [INFO] [RESPONSE] Status: 200 Message: User details fetched successfully
[2025-03-25 21:41:07] [INFO] [RESPONSE] Status: 200 Message: Categories fetched successfully
[2025-03-25 21:41:07] [INFO] [REQUEST] GET /admin/fetch-all-categories?page=1&limit=100
[2025-03-25 21:41:07] [INFO] [RESPONSE] Status: 200 Message: Categories fetched successfully
[2025-03-25 21:41:09] [INFO] [REQUEST] GET /admin/fetch-all-categories?page=1&limit=100
[2025-03-25 21:41:09] [INFO] [REQUEST] GET /getUserdata
[2025-03-25 21:41:09] [INFO] [RESPONSE] Status: 200 Message: User details fetched successfully
[2025-03-25 21:41:09] [INFO] [RESPONSE] Status: 200 Message: Categories fetched successfully
[2025-03-25 21:41:09] [INFO] [REQUEST] GET /admin/fetch-all-categories?page=1&limit=100
[2025-03-25 21:41:09] [INFO] [REQUEST] GET /getUserdata
[2025-03-25 21:41:09] [INFO] [RESPONSE] Status: 200 Message: User details fetched successfully
[2025-03-25 21:41:09] [INFO] [RESPONSE] Status: 200 Message: Categories fetched successfully
[2025-03-25 21:41:09] [INFO] [REQUEST] GET /admin/fetch-all-categories?page=1&limit=100
[2025-03-25 21:41:10] [INFO] [REQUEST] GET /getUserdata
[2025-03-25 21:41:10] [INFO] [RESPONSE] Status: 200 Message: User details fetched successfully
[2025-03-25 21:41:10] [INFO] [RESPONSE] Status: 200 Message: Categories fetched successfully
[2025-03-25 21:41:25] [INFO] [REQUEST] GET /admin/fetch-all-categories?page=1&limit=100
[2025-03-25 21:41:25] [INFO] [REQUEST] GET /getUserdata
[2025-03-25 21:41:26] [INFO] [RESPONSE] Status: 200 Message: User details fetched successfully
[2025-03-25 21:41:26] [INFO] [REQUEST] GET /getUserdata
[2025-03-25 21:41:26] [INFO] [RESPONSE] Status: 200 Message: Categories fetched successfully
[2025-03-25 21:41:26] [INFO] [RESPONSE] Status: 200 Message: User details fetched successfully
[2025-03-25 21:45:15] [INFO] [REQUEST] POST /instructor/create-course
[2025-03-25 21:47:12] [INFO] [RESPONSE] Status: 201 Message: Course created successfully.
[2025-03-25 21:47:12] [INFO] [REQUEST] GET /getUserdata
[2025-03-25 21:47:12] [INFO] [REQUEST] GET /instructor/courses?page=1&limit=6&search=
[2025-03-25 21:47:12] [INFO] [RESPONSE] Status: 200 Message: User details fetched successfully
[2025-03-25 21:47:13] [INFO] [RESPONSE] Status: 200 Message: Courses fetched successfully.
[2025-03-25 21:48:19] [INFO] [REQUEST] GET /getUserdata
[2025-03-25 21:48:19] [INFO] [REQUEST] GET /instructor/courses?page=1&limit=6&search=
[2025-03-25 21:48:20] [INFO] [RESPONSE] Status: 200 Message: User details fetched successfully
[2025-03-25 21:48:20] [INFO] [RESPONSE] Status: 200 Message: Courses fetched successfully.
[2025-03-25 21:49:11] [INFO] [REQUEST] GET /active-courses?page=1&limit=10
[2025-03-25 21:49:11] [INFO] [RESPONSE] Status: 200 Message: Active courses fetched successfully.
[2025-03-25 21:49:17] [INFO] [REQUEST] GET /courses/67e2d708cd47f8d8e5e10517
[2025-03-25 21:49:17] [INFO] [RESPONSE] Status: 200 Message: Course fetched successfully.
[2025-03-25 21:52:58] [INFO] [REQUEST] GET /active-courses?page=1&limit=10
[2025-03-25 21:52:58] [INFO] [RESPONSE] Status: 200 Message: Active courses fetched successfully.
[2025-03-25 21:53:01] [INFO] [REQUEST] GET /courses/67e2d708cd47f8d8e5e10517
[2025-03-25 21:53:02] [INFO] [RESPONSE] Status: 200 Message: Course fetched successfully.
[2025-03-25 21:53:03] [INFO] [REQUEST] GET /active-courses?page=1&limit=10
[2025-03-25 21:53:04] [INFO] [RESPONSE] Status: 200 Message: Active courses fetched successfully.
[2025-03-25 21:54:52] [INFO] [REQUEST] GET /getUserdata
[2025-03-25 21:54:52] [INFO] [RESPONSE] Status: 200 Message: User details fetched successfully
[2025-03-25 21:54:54] [INFO] [REQUEST] GET /getUserdata
[2025-03-25 21:54:54] [INFO] [REQUEST] GET /instructor/courses?page=1&limit=6&search=
[2025-03-25 21:54:54] [INFO] [RESPONSE] Status: 200 Message: User details fetched successfully
[2025-03-25 21:54:54] [INFO] [RESPONSE] Status: 200 Message: Courses fetched successfully.
[2025-03-25 22:01:53] [INFO] [REQUEST] GET /instructor/courses?page=1&limit=6&search=
[2025-03-25 22:01:55] [INFO] [REQUEST] GET /getUserdata
[2025-03-25 22:01:55] [INFO] [RESPONSE] Status: 200 Message: User details fetched successfully
[2025-03-25 22:01:55] [INFO] [RESPONSE] Status: 200 Message: Courses fetched successfully.
[2025-03-25 22:02:00] [INFO] [REQUEST] GET /instructor/courses?page=1&limit=6&search=
[2025-03-25 22:02:00] [INFO] [REQUEST] GET /getUserdata
[2025-03-25 22:02:00] [INFO] [RESPONSE] Status: 200 Message: User details fetched successfully
[2025-03-25 22:02:00] [INFO] [RESPONSE] Status: 200 Message: Courses fetched successfully.
[2025-03-25 22:02:09] [INFO] [REQUEST] GET /getUserdata
[2025-03-25 22:02:09] [INFO] [REQUEST] GET /instructor/courses?page=1&limit=6&search=
[2025-03-25 22:02:09] [INFO] [RESPONSE] Status: 200 Message: User details fetched successfully
[2025-03-25 22:02:09] [INFO] [RESPONSE] Status: 200 Message: Courses fetched successfully.
[2025-03-25 22:14:43] [INFO] [REQUEST] GET /getUserdata
[2025-03-25 22:14:44] [INFO] [REQUEST] GET /instructor/courses?page=1&limit=6&search=
[2025-03-25 22:14:44] [INFO] [RESPONSE] Status: 200 Message: User details fetched successfully
[2025-03-25 22:14:45] [INFO] [RESPONSE] Status: 200 Message: Courses fetched successfully.
[2025-03-25 22:22:36] [INFO] [REQUEST] GET /getUserdata
[2025-03-25 22:22:36] [INFO] [REQUEST] GET /instructor/courses?page=1&limit=6&search=
[2025-03-25 22:22:36] [INFO] [RESPONSE] Status: 200 Message: User details fetched successfully
[2025-03-25 22:22:36] [INFO] [RESPONSE] Status: 200 Message: Courses fetched successfully.
[2025-03-25 22:22:43] [INFO] [REQUEST] GET /active-courses?page=1&limit=10
[2025-03-25 22:22:43] [INFO] [RESPONSE] Status: 200 Message: Active courses fetched successfully.
[2025-03-25 22:22:45] [INFO] [REQUEST] GET /courses/67e2d708cd47f8d8e5e10517
[2025-03-25 22:22:45] [INFO] [RESPONSE] Status: 200 Message: Course fetched successfully.
[2025-03-25 22:23:06] [INFO] [REQUEST] GET /active-courses?page=1&limit=10
[2025-03-25 22:23:07] [INFO] [RESPONSE] Status: 200 Message: Active courses fetched successfully.
[2025-03-25 22:23:08] [INFO] [REQUEST] GET /courses/67e2d708cd47f8d8e5e10517
[2025-03-25 22:23:08] [INFO] [RESPONSE] Status: 200 Message: Course fetched successfully.
[2025-03-25 22:23:11] [INFO] [REQUEST] GET /active-courses?page=1&limit=10
[2025-03-25 22:23:12] [INFO] [RESPONSE] Status: 200 Message: Active courses fetched successfully.
[2025-03-25 22:23:13] [INFO] [REQUEST] GET /courses/67e2d708cd47f8d8e5e10517
[2025-03-25 22:23:13] [INFO] [RESPONSE] Status: 200 Message: Course fetched successfully.
[2025-03-25 22:28:21] [INFO] [REQUEST] GET /getUserdata
[2025-03-25 22:28:22] [INFO] [RESPONSE] Status: 200 Message: User details fetched successfully
[2025-03-25 22:28:23] [INFO] [REQUEST] GET /getUserdata
[2025-03-25 22:28:23] [INFO] [REQUEST] GET /instructor/courses?page=1&limit=6&search=
[2025-03-25 22:28:23] [INFO] [RESPONSE] Status: 200 Message: User details fetched successfully
[2025-03-25 22:28:24] [INFO] [RESPONSE] Status: 200 Message: Courses fetched successfully.
[2025-03-25 22:36:11] [INFO] [REQUEST] GET /getUserdata
[2025-03-25 22:36:12] [INFO] [REQUEST] GET /instructor/courses?page=1&limit=6&search=
[2025-03-25 22:36:12] [INFO] [RESPONSE] Status: 200 Message: User details fetched successfully
[2025-03-25 22:36:12] [INFO] [RESPONSE] Status: 200 Message: Courses fetched successfully.
[2025-03-25 22:37:10] [INFO] [REQUEST] GET /getUserdata
[2025-03-25 22:37:10] [INFO] [REQUEST] GET /instructor/courses?page=1&limit=6&search=
[2025-03-25 22:37:10] [INFO] [RESPONSE] Status: 200 Message: User details fetched successfully
[2025-03-25 22:37:10] [INFO] [RESPONSE] Status: 200 Message: Courses fetched successfully.
[2025-03-25 22:43:14] [INFO] [REQUEST] GET /getUserdata
[2025-03-25 22:43:14] [INFO] [REQUEST] GET /instructor/courses?page=1&limit=6&search=
[2025-03-25 22:43:14] [INFO] [RESPONSE] Status: 200 Message: User details fetched successfully
[2025-03-25 22:43:14] [INFO] [RESPONSE] Status: 200 Message: Courses fetched successfully.
[2025-03-25 22:47:43] [INFO] [REQUEST] GET /instructor/courses?page=1&limit=6&search=
[2025-03-25 22:47:44] [INFO] [REQUEST] GET /getUserdata
[2025-03-25 22:47:44] [INFO] [RESPONSE] Status: 200 Message: User details fetched successfully
[2025-03-25 22:47:44] [INFO] [RESPONSE] Status: 200 Message: Courses fetched successfully.
[2025-03-25 22:47:46] [INFO] [REQUEST] GET /getUserdata
[2025-03-25 22:47:47] [INFO] [REQUEST] GET /instructor/courses?page=1&limit=6&search=
[2025-03-25 22:47:47] [INFO] [RESPONSE] Status: 200 Message: User details fetched successfully
[2025-03-25 22:47:47] [INFO] [RESPONSE] Status: 200 Message: Courses fetched successfully.
[2025-03-25 22:53:41] [INFO] [REQUEST] GET /getUserdata
[2025-03-25 22:53:41] [INFO] [REQUEST] GET /instructor/courses?page=1&limit=6&search=
[2025-03-25 22:53:41] [INFO] [RESPONSE] Status: 200 Message: User details fetched successfully
[2025-03-25 22:53:41] [INFO] [RESPONSE] Status: 200 Message: Courses fetched successfully.
[2025-03-25 23:01:07] [INFO] [REQUEST] GET /getUserdata
[2025-03-25 23:01:08] [INFO] [REQUEST] GET /instructor/courses?page=1&limit=6&search=
[2025-03-25 23:01:08] [INFO] [RESPONSE] Status: 200 Message: User details fetched successfully
[2025-03-25 23:01:08] [INFO] [RESPONSE] Status: 200 Message: Courses fetched successfully.
[2025-03-25 23:01:10] [INFO] [REQUEST] GET /getUserdata
[2025-03-25 23:01:11] [INFO] [REQUEST] GET /instructor/courses?page=1&limit=6&search=
[2025-03-25 23:01:11] [INFO] [RESPONSE] Status: 200 Message: User details fetched successfully
[2025-03-25 23:01:11] [INFO] [RESPONSE] Status: 200 Message: Courses fetched successfully.
[2025-03-25 23:03:43] [INFO] [REQUEST] GET /getUserdata
[2025-03-25 23:03:43] [INFO] [REQUEST] GET /instructor/courses?page=1&limit=6&search=
[2025-03-25 23:03:43] [INFO] [RESPONSE] Status: 200 Message: User details fetched successfully
[2025-03-25 23:03:44] [INFO] [RESPONSE] Status: 200 Message: Courses fetched successfully.
[2025-03-25 23:03:45] [INFO] [REQUEST] GET /getUserdata
[2025-03-25 23:03:46] [INFO] [REQUEST] GET /instructor/courses?page=1&limit=6&search=
[2025-03-25 23:03:46] [INFO] [RESPONSE] Status: 200 Message: User details fetched successfully
[2025-03-25 23:03:46] [INFO] [RESPONSE] Status: 200 Message: Courses fetched successfully.
[2025-03-25 23:04:46] [INFO] [REQUEST] GET /getUserdata
[2025-03-25 23:04:46] [INFO] [REQUEST] GET /instructor/courses?page=1&limit=6&search=
[2025-03-25 23:04:46] [INFO] [RESPONSE] Status: 200 Message: User details fetched successfully
[2025-03-25 23:04:47] [INFO] [RESPONSE] Status: 200 Message: Courses fetched successfully.
[2025-03-25 23:05:07] [INFO] [REQUEST] GET /instructor/courses?page=1&limit=6&search=
[2025-03-25 23:05:07] [INFO] [REQUEST] GET /getUserdata
[2025-03-25 23:05:07] [INFO] [RESPONSE] Status: 200 Message: User details fetched successfully
[2025-03-25 23:05:08] [INFO] [RESPONSE] Status: 200 Message: Courses fetched successfully.
