[2025-04-28 09:25:35] [INFO] [REQUEST] OPTIONS /logout
[2025-04-28 09:25:35] [INFO] [REQUEST] POST /logout
[2025-04-28 09:25:35] [INFO] [RESPONSE] Status: 200 Message: User logged out successfully
[2025-04-28 09:25:47] [INFO] [REQUEST] OPTIONS /login
[2025-04-28 09:25:47] [INFO] [REQUEST] POST /login
[2025-04-28 09:25:48] [INFO] [RESPONSE] Status: 200 Message: Login successful.
[2025-04-28 09:25:56] [INFO] [REQUEST] GET /getUserdata
[2025-04-28 09:25:57] [INFO] [RESPONSE] Status: 200 Message: User details fetched successfully
[2025-04-28 09:43:54] [INFO] [REQUEST] GET /admin/fetchAllRequestedUsers?page=1&limit=9
[2025-04-28 09:43:55] [INFO] [RESPONSE] Status: 200 Message: Requested users fetched successfully
[2025-04-28 09:49:32] [INFO] [REQUEST] OPTIONS /logout
[2025-04-28 09:49:32] [INFO] [REQUEST] POST /logout
[2025-04-28 09:49:32] [INFO] [RESPONSE] Status: 200 Message: User logged out successfully
[2025-04-28 09:49:45] [INFO] [REQUEST] OPTIONS /login
[2025-04-28 09:49:45] [INFO] [REQUEST] POST /login
[2025-04-28 09:49:45] [INFO] [RESPONSE] Status: 200 Message: Login successful.
[2025-04-28 09:49:50] [INFO] [REQUEST] GET /getUserdata
[2025-04-28 09:49:50] [INFO] [RESPONSE] Status: 200 Message: User details fetched successfully
[2025-04-28 09:49:54] [INFO] [REQUEST] OPTIONS /switch-to-instructor
[2025-04-28 09:49:54] [INFO] [REQUEST] POST /switch-to-instructor
[2025-04-28 09:49:54] [INFO] [RESPONSE] Status: 200 Message: User role changed to Instructor. Please log in again.
[2025-04-28 09:50:46] [INFO] [REQUEST] OPTIONS /signup
[2025-04-28 09:50:46] [INFO] [REQUEST] POST /signup
[2025-04-28 09:50:50] [INFO] [RESPONSE] Status: 201 Message: Please verify your email for OTP verification.
[2025-04-28 09:51:01] [INFO] [REQUEST] OPTIONS /otp-verification
[2025-04-28 09:51:01] [INFO] [REQUEST] POST /otp-verification
[2025-04-28 09:51:01] [INFO] [RESPONSE] Status: 200 Message: OTP verified successfully. Your account is now activated.
[2025-04-28 09:51:15] [INFO] [REQUEST] OPTIONS /login
[2025-04-28 09:51:15] [INFO] [REQUEST] POST /login
[2025-04-28 09:51:15] [INFO] [RESPONSE] Status: 200 Message: Login successful.
[2025-04-28 09:51:18] [INFO] [REQUEST] GET /getUserdata
[2025-04-28 09:51:19] [INFO] [RESPONSE] Status: 200 Message: User details fetched successfully
[2025-04-28 09:51:23] [INFO] [REQUEST] GET /admin/fetchAllRequestedUsers?page=1&limit=9
[2025-04-28 09:51:23] [INFO] [RESPONSE] Status: 200 Message: Requested users fetched successfully
[2025-04-28 09:51:48] [INFO] [REQUEST] GET /getUserdata
[2025-04-28 09:51:48] [INFO] [RESPONSE] Status: 200 Message: User details fetched successfully
[2025-04-28 09:52:18] [INFO] [REQUEST] GET /getUserdata
[2025-04-28 09:52:18] [INFO] [RESPONSE] Status: 200 Message: User details fetched successfully
[2025-04-28 09:52:31] [INFO] [REQUEST] POST /instructor-apply
[2025-04-28 09:52:34] [INFO] [RESPONSE] Status: 201 Message: Application submitted successfully. Awaiting approval.
[2025-04-28 09:52:34] [INFO] [REQUEST] GET /getUserdata
[2025-04-28 09:52:34] [INFO] [RESPONSE] Status: 200 Message: User details fetched successfully
[2025-04-28 09:52:43] [INFO] [REQUEST] GET /getUserdata
[2025-04-28 09:52:43] [INFO] [RESPONSE] Status: 200 Message: User details fetched successfully
[2025-04-28 09:52:47] [INFO] [REQUEST] GET /admin/fetchAllRequestedUsers?page=1&limit=9
[2025-04-28 09:52:47] [INFO] [RESPONSE] Status: 200 Message: Requested users fetched successfully
[2025-04-28 09:52:58] [INFO] [REQUEST] OPTIONS /admin/approve-instructor/680f021e29e8755707e00017
[2025-04-28 09:52:58] [INFO] [REQUEST] PATCH /admin/approve-instructor/680f021e29e8755707e00017
[2025-04-28 09:52:58] [INFO] [RESPONSE] Status: 200 Message: User has been approved as an Instructor successfully.
[2025-04-28 09:52:58] [INFO] [REQUEST] GET /admin/fetchAllRequestedUsers?page=1&limit=9
[2025-04-28 09:52:58] [INFO] [RESPONSE] Status: 200 Message: Requested users fetched successfully
[2025-04-28 09:53:02] [INFO] [REQUEST] GET /getUserdata
[2025-04-28 09:53:02] [INFO] [RESPONSE] Status: 200 Message: User details fetched successfully
[2025-04-28 09:53:03] [INFO] [REQUEST] OPTIONS /switch-to-instructor
[2025-04-28 09:53:03] [INFO] [REQUEST] POST /switch-to-instructor
[2025-04-28 09:53:03] [INFO] [RESPONSE] Status: 200 Message: User role changed to Instructor. Please log in again.
[2025-04-28 09:53:27] [INFO] [REQUEST] OPTIONS /login
[2025-04-28 09:53:27] [INFO] [REQUEST] POST /login
[2025-04-28 09:53:27] [INFO] [RESPONSE] Status: 200 Message: Login successful.
[2025-04-28 09:55:04] [INFO] [REQUEST] GET /student/enrollments
[2025-04-28 09:55:05] [INFO] [RESPONSE] Status: 200 Message: Enrollments fetched successfully
[2025-04-28 09:55:05] [INFO] [REQUEST] GET /student/courses/68006c86ce7af0883779c0fd/progress
[2025-04-28 09:55:05] [INFO] [RESPONSE] Status: 200 Message: Course progress retrieved successfully.
[2025-04-28 09:55:05] [INFO] [REQUEST] GET /student/courses/68087f901418b19cebc3bbd2/progress
[2025-04-28 09:55:05] [INFO] [RESPONSE] Status: 200 Message: Course progress retrieved successfully.
[2025-04-28 09:55:05] [INFO] [REQUEST] GET /student/courses/680094d0c1a02343f4ba441b/progress
[2025-04-28 09:55:05] [INFO] [RESPONSE] Status: 200 Message: Course progress retrieved successfully.
[2025-04-28 09:55:05] [INFO] [REQUEST] GET /student/courses/68006d6ece7af0883779c1b6/progress
[2025-04-28 09:55:05] [INFO] [RESPONSE] Status: 200 Message: Course progress retrieved successfully.
[2025-04-28 09:55:06] [INFO] [REQUEST] GET /student/courses/68006e0ece7af0883779c29a/progress
[2025-04-28 09:55:06] [INFO] [RESPONSE] Status: 200 Message: Course progress retrieved successfully.
[2025-04-28 09:55:08] [INFO] [REQUEST] GET /courses/68087f901418b19cebc3bbd2
[2025-04-28 09:55:08] [INFO] [RESPONSE] Status: 200 Message: Course fetched successfully.
[2025-04-28 09:55:08] [INFO] [REQUEST] GET /student/check-enrollment/68087f901418b19cebc3bbd2
[2025-04-28 09:55:08] [INFO] [REQUEST] GET /student/review/68087f901418b19cebc3bbd2
[2025-04-28 09:55:08] [INFO] [RESPONSE] Status: 200 Message: User is enrolled in this course
[2025-04-28 09:55:08] [INFO] [REQUEST] GET /student/lesson-progress/68087f901418b19cebc3bbd2
[2025-04-28 09:55:08] [INFO] [RESPONSE] Status: 200 Message: Reviews fetched successfully.
[2025-04-28 09:55:08] [INFO] [RESPONSE] Status: 200 Message: Lesson progress fetched successfully
[2025-04-28 09:55:08] [INFO] [REQUEST] GET /student/courses/68087f901418b19cebc3bbd2/modules/ffgggggg/assessments?page=1&limit=10
[2025-04-28 09:55:08] [INFO] [REQUEST] GET /courses/68087f901418b19cebc3bbd2/stream?videoKey=courses%2F67b6d4b441900af7ed9b5af6%2Fyouuuuuuuuuuuuuuuu%2Fmodule-1%2Flesson-1.mp4
[2025-04-28 09:55:09] [INFO] [RESPONSE] Status: 200 Message: Assessments retrieved successfully.
[2025-04-28 09:55:14] [INFO] [REQUEST] GET /courses/68087f901418b19cebc3bbd2/stream?videoKey=courses%2F67b6d4b441900af7ed9b5af6%2Fyouuuuuuuuuuuuuuuu%2Fmodule-1%2Flesson-1.mp4
[2025-04-28 09:55:14] [INFO] [REQUEST] OPTIONS /student/update-lesson-progress
[2025-04-28 09:55:14] [INFO] [REQUEST] POST /student/update-lesson-progress
[2025-04-28 09:55:15] [INFO] [REQUEST] GET /courses/68087f901418b19cebc3bbd2/stream?videoKey=courses%2F67b6d4b441900af7ed9b5af6%2Fyouuuuuuuuuuuuuuuu%2Fmodule-1%2Flesson-1.mp4
[2025-04-28 09:55:15] [INFO] [RESPONSE] Status: 200 Message: Lesson progress updated successfully
[2025-04-28 09:55:48] [INFO] [REQUEST] GET /student/enrollments
[2025-04-28 09:55:48] [INFO] [RESPONSE] Status: 200 Message: Enrollments fetched successfully
[2025-04-28 09:55:48] [INFO] [REQUEST] GET /student/courses/68006c86ce7af0883779c0fd/progress
[2025-04-28 09:55:48] [INFO] [RESPONSE] Status: 200 Message: Course progress retrieved successfully.
[2025-04-28 09:55:48] [INFO] [REQUEST] GET /student/courses/68087f901418b19cebc3bbd2/progress
[2025-04-28 09:55:48] [INFO] [RESPONSE] Status: 200 Message: Course progress retrieved successfully.
[2025-04-28 09:55:48] [INFO] [REQUEST] GET /student/courses/680094d0c1a02343f4ba441b/progress
[2025-04-28 09:55:49] [INFO] [RESPONSE] Status: 200 Message: Course progress retrieved successfully.
[2025-04-28 09:55:49] [INFO] [REQUEST] GET /student/courses/68006d6ece7af0883779c1b6/progress
[2025-04-28 09:55:49] [INFO] [RESPONSE] Status: 200 Message: Course progress retrieved successfully.
[2025-04-28 09:55:49] [INFO] [REQUEST] GET /student/courses/68006e0ece7af0883779c29a/progress
[2025-04-28 09:55:49] [INFO] [RESPONSE] Status: 200 Message: Course progress retrieved successfully.
[2025-04-28 09:55:50] [INFO] [REQUEST] GET /courses/68006c86ce7af0883779c0fd
[2025-04-28 09:55:50] [INFO] [RESPONSE] Status: 200 Message: Course fetched successfully.
[2025-04-28 09:55:50] [INFO] [REQUEST] GET /student/check-enrollment/68006c86ce7af0883779c0fd
[2025-04-28 09:55:50] [INFO] [REQUEST] GET /student/review/68006c86ce7af0883779c0fd
[2025-04-28 09:55:50] [INFO] [RESPONSE] Status: 200 Message: Reviews fetched successfully.
[2025-04-28 09:55:50] [INFO] [RESPONSE] Status: 200 Message: User is enrolled in this course
[2025-04-28 09:55:50] [INFO] [REQUEST] GET /student/lesson-progress/68006c86ce7af0883779c0fd
[2025-04-28 09:55:50] [INFO] [RESPONSE] Status: 200 Message: Lesson progress fetched successfully
[2025-04-28 09:55:50] [INFO] [REQUEST] GET /student/courses/68006c86ce7af0883779c0fd/modules/basics%20of%20python/assessments?page=1&limit=10
[2025-04-28 09:55:50] [INFO] [REQUEST] GET /courses/68006c86ce7af0883779c0fd/stream?videoKey=courses%2F67b6d4b441900af7ed9b5af6%2Fpython%20course%2Fmodule-1%2Flesson-1.mp4
[2025-04-28 09:55:50] [INFO] [RESPONSE] Status: 200 Message: Assessments retrieved successfully.
[2025-04-28 09:55:52] [INFO] [REQUEST] GET /courses/68006c86ce7af0883779c0fd/stream?videoKey=courses%2F67b6d4b441900af7ed9b5af6%2Fpython%20course%2Fmodule-1%2Flesson-1.mp4
[2025-04-28 09:55:53] [INFO] [REQUEST] OPTIONS /student/update-lesson-progress
[2025-04-28 09:55:53] [INFO] [REQUEST] POST /student/update-lesson-progress
[2025-04-28 09:55:53] [INFO] [RESPONSE] Status: 200 Message: Lesson progress updated successfully
[2025-04-28 09:58:37] [INFO] [REQUEST] OPTIONS /student/update-lesson-progress
[2025-04-28 09:58:37] [INFO] [REQUEST] POST /student/update-lesson-progress
[2025-04-28 09:58:37] [INFO] [RESPONSE] Status: 200 Message: Lesson progress updated successfully
[2025-04-28 09:58:37] [INFO] [REQUEST] GET /courses/68006c86ce7af0883779c0fd/stream?videoKey=courses%2F67b6d4b441900af7ed9b5af6%2Fpython%20course%2Fmodule-1%2Flesson-1.mp4
[2025-04-28 09:58:42] [INFO] [REQUEST] OPTIONS /student/update-lesson-progress
[2025-04-28 09:58:42] [INFO] [REQUEST] POST /student/update-lesson-progress
[2025-04-28 09:58:42] [INFO] [RESPONSE] Status: 200 Message: Lesson progress updated successfully
[2025-04-28 09:58:51] [INFO] [REQUEST] GET /student/assessments/6809b944381e4a4b4087e6c5
[2025-04-28 09:58:51] [INFO] [RESPONSE] Status: 200 Message: Assessment retrieved successfully.
[2025-04-28 09:58:51] [INFO] [REQUEST] GET /student/assessments/6809b944381e4a4b4087e6c5/result
[2025-04-28 09:58:51] [INFO] [RESPONSE] Status: 200 Message: Assessment result retrieved successfully.
[2025-04-28 09:59:00] [INFO] [REQUEST] GET /student/assessments/6809b944381e4a4b4087e6c5
[2025-04-28 09:59:00] [INFO] [RESPONSE] Status: 200 Message: Assessment retrieved successfully.
[2025-04-28 09:59:00] [INFO] [REQUEST] GET /student/assessments/6809b944381e4a4b4087e6c5/result
[2025-04-28 09:59:00] [INFO] [RESPONSE] Status: 200 Message: Assessment result retrieved successfully.
[2025-04-28 10:43:25] [INFO] [REQUEST] GET /student/assessments/6809b944381e4a4b4087e6c5
[2025-04-28 10:43:25] [INFO] [RESPONSE] Status: 200 Message: Assessment retrieved successfully.
[2025-04-28 10:43:25] [INFO] [REQUEST] GET /student/assessments/6809b944381e4a4b4087e6c5/result
[2025-04-28 10:43:26] [INFO] [RESPONSE] Status: 200 Message: Assessment result retrieved successfully.
[2025-04-28 10:50:40] [INFO] [REQUEST] GET /student/assessments/6809b944381e4a4b4087e6c5
[2025-04-28 10:50:40] [INFO] [RESPONSE] Status: 200 Message: Assessment retrieved successfully.
[2025-04-28 10:50:40] [INFO] [REQUEST] GET /student/assessments/6809b944381e4a4b4087e6c5/result
[2025-04-28 10:50:40] [INFO] [RESPONSE] Status: 200 Message: Assessment result retrieved successfully.
[2025-04-28 10:50:41] [INFO] [REQUEST] GET /student/enrollments
[2025-04-28 10:50:41] [INFO] [RESPONSE] Status: 200 Message: Enrollments fetched successfully
[2025-04-28 10:50:41] [INFO] [REQUEST] GET /student/courses/68006c86ce7af0883779c0fd/progress
[2025-04-28 10:50:42] [INFO] [RESPONSE] Status: 200 Message: Course progress retrieved successfully.
[2025-04-28 10:50:42] [INFO] [REQUEST] GET /student/courses/68087f901418b19cebc3bbd2/progress
[2025-04-28 10:50:42] [INFO] [RESPONSE] Status: 200 Message: Course progress retrieved successfully.
[2025-04-28 10:50:42] [INFO] [REQUEST] GET /student/courses/680094d0c1a02343f4ba441b/progress
[2025-04-28 10:50:42] [INFO] [RESPONSE] Status: 200 Message: Course progress retrieved successfully.
[2025-04-28 10:50:42] [INFO] [REQUEST] GET /student/courses/68006d6ece7af0883779c1b6/progress
[2025-04-28 10:50:42] [INFO] [RESPONSE] Status: 200 Message: Course progress retrieved successfully.
[2025-04-28 10:50:42] [INFO] [REQUEST] GET /student/courses/68006e0ece7af0883779c29a/progress
[2025-04-28 10:50:43] [INFO] [RESPONSE] Status: 200 Message: Course progress retrieved successfully.
[2025-04-28 10:50:44] [INFO] [REQUEST] GET /courses/68006c86ce7af0883779c0fd
[2025-04-28 10:50:45] [INFO] [RESPONSE] Status: 200 Message: Course fetched successfully.
[2025-04-28 10:50:45] [INFO] [REQUEST] GET /student/check-enrollment/68006c86ce7af0883779c0fd
[2025-04-28 10:50:45] [INFO] [REQUEST] GET /student/review/68006c86ce7af0883779c0fd
[2025-04-28 10:50:45] [INFO] [RESPONSE] Status: 200 Message: Reviews fetched successfully.
[2025-04-28 10:50:45] [INFO] [RESPONSE] Status: 200 Message: User is enrolled in this course
[2025-04-28 10:50:45] [INFO] [REQUEST] GET /student/lesson-progress/68006c86ce7af0883779c0fd
[2025-04-28 10:50:54] [INFO] [REQUEST] GET /student/courses/68006c86ce7af0883779c0fd/modules/basics%20of%20python/assessments?page=1&limit=10
[2025-04-28 10:50:54] [INFO] [RESPONSE] Status: 200 Message: Assessments retrieved successfully.
[2025-04-28 10:50:57] [INFO] [REQUEST] GET /courses/68006c86ce7af0883779c0fd/stream?videoKey=courses%2F67b6d4b441900af7ed9b5af6%2Fpython%20course%2Fmodule-1%2Flesson-1.mp4
[2025-04-28 10:51:07] [INFO] [RESPONSE] Status: 200 Message: Lesson progress fetched successfully
[2025-04-28 10:51:07] [INFO] [REQUEST] GET /student/enrollments
[2025-04-28 10:51:08] [INFO] [RESPONSE] Status: 200 Message: Enrollments fetched successfully
[2025-04-28 10:51:08] [INFO] [REQUEST] GET /student/courses/68006c86ce7af0883779c0fd/progress
[2025-04-28 10:51:08] [INFO] [RESPONSE] Status: 200 Message: Course progress retrieved successfully.
[2025-04-28 10:51:08] [INFO] [REQUEST] GET /student/courses/68087f901418b19cebc3bbd2/progress
[2025-04-28 10:51:08] [INFO] [RESPONSE] Status: 200 Message: Course progress retrieved successfully.
[2025-04-28 10:51:08] [INFO] [REQUEST] GET /student/courses/680094d0c1a02343f4ba441b/progress
[2025-04-28 10:51:09] [INFO] [RESPONSE] Status: 200 Message: Course progress retrieved successfully.
[2025-04-28 10:51:09] [INFO] [REQUEST] GET /student/courses/68006d6ece7af0883779c1b6/progress
[2025-04-28 10:51:09] [INFO] [RESPONSE] Status: 200 Message: Course progress retrieved successfully.
[2025-04-28 10:51:09] [INFO] [REQUEST] GET /student/courses/68006e0ece7af0883779c29a/progress
[2025-04-28 10:51:10] [INFO] [RESPONSE] Status: 200 Message: Course progress retrieved successfully.
[2025-04-28 10:51:11] [INFO] [REQUEST] GET /courses/68006c86ce7af0883779c0fd
[2025-04-28 10:51:11] [INFO] [RESPONSE] Status: 200 Message: Course fetched successfully.
[2025-04-28 10:51:11] [INFO] [REQUEST] GET /student/check-enrollment/68006c86ce7af0883779c0fd
[2025-04-28 10:51:11] [INFO] [REQUEST] GET /student/review/68006c86ce7af0883779c0fd
[2025-04-28 10:51:11] [INFO] [RESPONSE] Status: 200 Message: Reviews fetched successfully.
[2025-04-28 10:51:11] [INFO] [RESPONSE] Status: 200 Message: User is enrolled in this course
[2025-04-28 10:51:11] [INFO] [REQUEST] GET /student/lesson-progress/68006c86ce7af0883779c0fd
[2025-04-28 10:51:11] [INFO] [RESPONSE] Status: 200 Message: Lesson progress fetched successfully
[2025-04-28 10:51:11] [INFO] [REQUEST] GET /student/courses/68006c86ce7af0883779c0fd/modules/basics%20of%20python/assessments?page=1&limit=10
[2025-04-28 10:51:12] [INFO] [RESPONSE] Status: 200 Message: Assessments retrieved successfully.
[2025-04-28 10:51:20] [INFO] [REQUEST] GET /student/enrollments
[2025-04-28 10:51:20] [INFO] [RESPONSE] Status: 200 Message: Enrollments fetched successfully
[2025-04-28 10:51:20] [INFO] [REQUEST] GET /student/courses/68006c86ce7af0883779c0fd/progress
[2025-04-28 10:51:20] [INFO] [RESPONSE] Status: 200 Message: Course progress retrieved successfully.
[2025-04-28 10:51:20] [INFO] [REQUEST] GET /student/courses/68087f901418b19cebc3bbd2/progress
[2025-04-28 10:51:20] [INFO] [RESPONSE] Status: 200 Message: Course progress retrieved successfully.
[2025-04-28 10:51:20] [INFO] [REQUEST] GET /student/courses/680094d0c1a02343f4ba441b/progress
[2025-04-28 10:51:21] [INFO] [RESPONSE] Status: 200 Message: Course progress retrieved successfully.
[2025-04-28 10:51:21] [INFO] [REQUEST] GET /student/courses/68006d6ece7af0883779c1b6/progress
[2025-04-28 10:51:21] [INFO] [RESPONSE] Status: 200 Message: Course progress retrieved successfully.
[2025-04-28 10:51:21] [INFO] [REQUEST] GET /student/courses/68006e0ece7af0883779c29a/progress
[2025-04-28 10:51:21] [INFO] [RESPONSE] Status: 200 Message: Course progress retrieved successfully.
[2025-04-28 10:51:23] [INFO] [REQUEST] GET /courses/68087f901418b19cebc3bbd2
[2025-04-28 10:51:23] [INFO] [RESPONSE] Status: 200 Message: Course fetched successfully.
[2025-04-28 10:51:23] [INFO] [REQUEST] GET /student/check-enrollment/68087f901418b19cebc3bbd2
[2025-04-28 10:51:23] [INFO] [REQUEST] GET /student/review/68087f901418b19cebc3bbd2
[2025-04-28 10:51:23] [INFO] [RESPONSE] Status: 200 Message: Reviews fetched successfully.
[2025-04-28 10:51:23] [INFO] [RESPONSE] Status: 200 Message: User is enrolled in this course
[2025-04-28 10:51:23] [INFO] [REQUEST] GET /student/lesson-progress/68087f901418b19cebc3bbd2
[2025-04-28 10:51:23] [INFO] [RESPONSE] Status: 200 Message: Lesson progress fetched successfully
[2025-04-28 10:51:24] [INFO] [REQUEST] GET /student/courses/68087f901418b19cebc3bbd2/modules/ffgggggg/assessments?page=1&limit=10
[2025-04-28 10:51:24] [INFO] [REQUEST] GET /courses/68087f901418b19cebc3bbd2/stream?videoKey=courses%2F67b6d4b441900af7ed9b5af6%2Fyouuuuuuuuuuuuuuuu%2Fmodule-1%2Flesson-1.mp4
[2025-04-28 10:51:24] [INFO] [RESPONSE] Status: 200 Message: Assessments retrieved successfully.
[2025-04-28 10:51:26] [INFO] [REQUEST] GET /student/enrollments
[2025-04-28 10:51:26] [INFO] [RESPONSE] Status: 200 Message: Enrollments fetched successfully
[2025-04-28 10:51:26] [INFO] [REQUEST] GET /student/courses/68006c86ce7af0883779c0fd/progress
[2025-04-28 10:51:26] [INFO] [RESPONSE] Status: 200 Message: Course progress retrieved successfully.
[2025-04-28 10:51:26] [INFO] [REQUEST] GET /student/courses/68087f901418b19cebc3bbd2/progress
[2025-04-28 10:51:27] [INFO] [RESPONSE] Status: 200 Message: Course progress retrieved successfully.
[2025-04-28 10:51:27] [INFO] [REQUEST] GET /student/courses/680094d0c1a02343f4ba441b/progress
[2025-04-28 10:51:27] [INFO] [RESPONSE] Status: 200 Message: Course progress retrieved successfully.
[2025-04-28 10:51:27] [INFO] [REQUEST] GET /student/courses/68006d6ece7af0883779c1b6/progress
[2025-04-28 10:51:27] [INFO] [RESPONSE] Status: 200 Message: Course progress retrieved successfully.
[2025-04-28 10:51:27] [INFO] [REQUEST] GET /student/courses/68006e0ece7af0883779c29a/progress
[2025-04-28 10:51:27] [INFO] [RESPONSE] Status: 200 Message: Course progress retrieved successfully.
[2025-04-28 10:51:32] [INFO] [REQUEST] GET /courses/68006c86ce7af0883779c0fd
[2025-04-28 10:51:32] [INFO] [RESPONSE] Status: 200 Message: Course fetched successfully.
[2025-04-28 10:51:32] [INFO] [REQUEST] GET /student/check-enrollment/68006c86ce7af0883779c0fd
[2025-04-28 10:51:32] [INFO] [REQUEST] GET /student/review/68006c86ce7af0883779c0fd
[2025-04-28 10:51:32] [INFO] [RESPONSE] Status: 200 Message: Reviews fetched successfully.
[2025-04-28 10:51:32] [INFO] [RESPONSE] Status: 200 Message: User is enrolled in this course
[2025-04-28 10:51:32] [INFO] [REQUEST] GET /student/lesson-progress/68006c86ce7af0883779c0fd
[2025-04-28 10:51:32] [INFO] [RESPONSE] Status: 200 Message: Lesson progress fetched successfully
[2025-04-28 10:51:32] [INFO] [REQUEST] GET /student/courses/68006c86ce7af0883779c0fd/modules/basics%20of%20python/assessments?page=1&limit=10
[2025-04-28 10:51:32] [INFO] [REQUEST] GET /courses/68006c86ce7af0883779c0fd/stream?videoKey=courses%2F67b6d4b441900af7ed9b5af6%2Fpython%20course%2Fmodule-1%2Flesson-1.mp4
[2025-04-28 10:51:32] [INFO] [RESPONSE] Status: 200 Message: Assessments retrieved successfully.
[2025-04-28 10:51:35] [INFO] [REQUEST] GET /student/assessments/6809b944381e4a4b4087e6c5
[2025-04-28 10:51:35] [INFO] [RESPONSE] Status: 200 Message: Assessment retrieved successfully.
[2025-04-28 10:51:35] [INFO] [REQUEST] GET /student/assessments/6809b944381e4a4b4087e6c5/result
[2025-04-28 10:51:35] [INFO] [RESPONSE] Status: 200 Message: Assessment result retrieved successfully.
[2025-04-28 10:51:38] [INFO] [REQUEST] GET /courses/68006c86ce7af0883779c0fd
[2025-04-28 10:51:38] [INFO] [RESPONSE] Status: 200 Message: Course fetched successfully.
[2025-04-28 10:51:38] [INFO] [REQUEST] GET /student/check-enrollment/68006c86ce7af0883779c0fd
[2025-04-28 10:51:38] [INFO] [REQUEST] GET /student/review/68006c86ce7af0883779c0fd
[2025-04-28 10:51:38] [INFO] [RESPONSE] Status: 200 Message: Reviews fetched successfully.
[2025-04-28 10:51:38] [INFO] [RESPONSE] Status: 200 Message: User is enrolled in this course
[2025-04-28 10:51:38] [INFO] [REQUEST] GET /student/lesson-progress/68006c86ce7af0883779c0fd
[2025-04-28 10:51:38] [INFO] [RESPONSE] Status: 200 Message: Lesson progress fetched successfully
[2025-04-28 10:51:38] [INFO] [REQUEST] GET /student/courses/68006c86ce7af0883779c0fd/modules/basics%20of%20python/assessments?page=1&limit=10
[2025-04-28 10:51:39] [INFO] [RESPONSE] Status: 200 Message: Assessments retrieved successfully.
[2025-04-28 10:52:00] [INFO] [REQUEST] GET /student/enrollments
[2025-04-28 10:52:00] [INFO] [RESPONSE] Status: 200 Message: Enrollments fetched successfully
[2025-04-28 10:52:01] [INFO] [REQUEST] GET /student/courses/68006c86ce7af0883779c0fd/progress
[2025-04-28 10:52:01] [INFO] [RESPONSE] Status: 200 Message: Course progress retrieved successfully.
[2025-04-28 10:52:01] [INFO] [REQUEST] GET /student/courses/68087f901418b19cebc3bbd2/progress
[2025-04-28 10:52:01] [INFO] [RESPONSE] Status: 200 Message: Course progress retrieved successfully.
[2025-04-28 10:52:01] [INFO] [REQUEST] GET /student/courses/680094d0c1a02343f4ba441b/progress
[2025-04-28 10:52:02] [INFO] [RESPONSE] Status: 200 Message: Course progress retrieved successfully.
[2025-04-28 10:52:02] [INFO] [REQUEST] GET /student/courses/68006d6ece7af0883779c1b6/progress
[2025-04-28 10:52:02] [INFO] [RESPONSE] Status: 200 Message: Course progress retrieved successfully.
[2025-04-28 10:52:02] [INFO] [REQUEST] GET /student/courses/68006e0ece7af0883779c29a/progress
[2025-04-28 10:52:02] [INFO] [RESPONSE] Status: 200 Message: Course progress retrieved successfully.
[2025-04-28 10:52:03] [INFO] [REQUEST] GET /courses/68006c86ce7af0883779c0fd
[2025-04-28 10:52:03] [INFO] [RESPONSE] Status: 200 Message: Course fetched successfully.
[2025-04-28 10:52:03] [INFO] [REQUEST] GET /student/check-enrollment/68006c86ce7af0883779c0fd
[2025-04-28 10:52:03] [INFO] [REQUEST] GET /student/review/68006c86ce7af0883779c0fd
[2025-04-28 10:52:03] [INFO] [RESPONSE] Status: 200 Message: Reviews fetched successfully.
[2025-04-28 10:52:03] [INFO] [RESPONSE] Status: 200 Message: User is enrolled in this course
[2025-04-28 10:52:03] [INFO] [REQUEST] GET /student/lesson-progress/68006c86ce7af0883779c0fd
[2025-04-28 10:52:04] [INFO] [RESPONSE] Status: 200 Message: Lesson progress fetched successfully
[2025-04-28 10:52:04] [INFO] [REQUEST] GET /student/courses/68006c86ce7af0883779c0fd/modules/basics%20of%20python/assessments?page=1&limit=10
[2025-04-28 10:52:04] [INFO] [RESPONSE] Status: 200 Message: Assessments retrieved successfully.
[2025-04-28 10:52:05] [INFO] [REQUEST] GET /student/assessments/6809b944381e4a4b4087e6c5
[2025-04-28 10:52:05] [INFO] [RESPONSE] Status: 200 Message: Assessment retrieved successfully.
[2025-04-28 10:52:05] [INFO] [REQUEST] GET /student/assessments/6809b944381e4a4b4087e6c5/result
[2025-04-28 10:52:05] [INFO] [RESPONSE] Status: 200 Message: Assessment result retrieved successfully.
[2025-04-28 10:52:06] [INFO] [REQUEST] GET /courses/68006c86ce7af0883779c0fd
[2025-04-28 10:52:06] [INFO] [RESPONSE] Status: 200 Message: Course fetched successfully.
[2025-04-28 10:52:07] [INFO] [REQUEST] GET /student/check-enrollment/68006c86ce7af0883779c0fd
[2025-04-28 10:52:07] [INFO] [REQUEST] GET /student/review/68006c86ce7af0883779c0fd
[2025-04-28 10:52:07] [INFO] [RESPONSE] Status: 200 Message: Reviews fetched successfully.
[2025-04-28 10:52:07] [INFO] [RESPONSE] Status: 200 Message: User is enrolled in this course
[2025-04-28 10:52:07] [INFO] [REQUEST] GET /student/lesson-progress/68006c86ce7af0883779c0fd
[2025-04-28 10:52:07] [INFO] [RESPONSE] Status: 200 Message: Lesson progress fetched successfully
[2025-04-28 10:52:07] [INFO] [REQUEST] GET /student/courses/68006c86ce7af0883779c0fd/modules/basics%20of%20python/assessments?page=1&limit=10
[2025-04-28 10:52:07] [INFO] [RESPONSE] Status: 200 Message: Assessments retrieved successfully.
[2025-04-28 11:15:05] [INFO] [REQUEST] GET /courses/68006c86ce7af0883779c0fd/stream?videoKey=courses%2F67b6d4b441900af7ed9b5af6%2Fpython%20course%2Fmodule-1%2Flesson-1.mp4
[2025-04-28 11:15:07] [INFO] [REQUEST] OPTIONS /logout
[2025-04-28 11:15:07] [INFO] [REQUEST] POST /logout
[2025-04-28 11:15:07] [INFO] [RESPONSE] Status: 200 Message: User logged out successfully
[2025-04-28 11:15:15] [INFO] [REQUEST] OPTIONS /google-auth
[2025-04-28 11:15:15] [INFO] [REQUEST] POST /google-auth
[2025-04-28 11:15:16] [INFO] [RESPONSE] Status: 200 Message: Google authentication successful
[2025-04-28 11:15:23] [INFO] [REQUEST] GET /getUserdata
[2025-04-28 11:15:23] [INFO] [RESPONSE] Status: 200 Message: User details fetched successfully
[2025-04-28 11:15:25] [INFO] [REQUEST] GET /getUserdata
[2025-04-28 11:15:25] [INFO] [REQUEST] GET /instructor/courses?page=1&limit=6&search=
[2025-04-28 11:15:25] [INFO] [RESPONSE] Status: 200 Message: User details fetched successfully
[2025-04-28 11:15:25] [INFO] [RESPONSE] Status: 200 Message: Courses fetched successfully.
[2025-04-28 11:15:38] [INFO] [REQUEST] GET /courses/68006c86ce7af0883779c0fd/stream?videoKey=courses%2F67b6d4b441900af7ed9b5af6%2Fpython%20course%2Fmodule-1%2Flesson-1.mp4
[2025-04-28 11:16:25] [INFO] [REQUEST] GET /courses/68006c86ce7af0883779c0fd/stream?videoKey=courses%2F67b6d4b441900af7ed9b5af6%2Fpython%20course%2Fmodule-1%2Flesson-1.mp4
[2025-04-28 11:16:28] [INFO] [REQUEST] GET /courses/68006c86ce7af0883779c0fd/stream?videoKey=courses%2F67b6d4b441900af7ed9b5af6%2Fpython%20course%2Fmodule-1%2Flesson-1.mp4
[2025-04-28 11:16:35] [INFO] [REQUEST] GET /courses/68006c86ce7af0883779c0fd/stream?videoKey=courses%2F67b6d4b441900af7ed9b5af6%2Fpython%20course%2Fmodule-1%2Flesson-2.mp4
[2025-04-28 11:16:38] [INFO] [REQUEST] GET /courses/68006c86ce7af0883779c0fd/stream?videoKey=courses%2F67b6d4b441900af7ed9b5af6%2Fpython%20course%2Fmodule-1%2Flesson-2.mp4
[2025-04-28 11:16:39] [INFO] [REQUEST] GET /courses/68006c86ce7af0883779c0fd/stream?videoKey=courses%2F67b6d4b441900af7ed9b5af6%2Fpython%20course%2Fmodule-1%2Flesson-2.mp4
[2025-04-28 11:16:41] [INFO] [REQUEST] GET /courses/68006c86ce7af0883779c0fd/stream?videoKey=courses%2F67b6d4b441900af7ed9b5af6%2Fpython%20course%2Fmodule-1%2Flesson-3-1745467786505.mp4
[2025-04-28 11:16:43] [INFO] [REQUEST] GET /courses/68006c86ce7af0883779c0fd/stream?videoKey=courses%2F67b6d4b441900af7ed9b5af6%2Fpython%20course%2Fmodule-1%2Flesson-3-1745467786505.mp4
[2025-04-28 11:36:30] [INFO] [REQUEST] GET /courses/68006c86ce7af0883779c0fd/stream?videoKey=courses%2F67b6d4b441900af7ed9b5af6%2Fpython%20course%2Fmodule-1%2Flesson-1.mp4
[2025-04-28 11:36:45] [INFO] [REQUEST] OPTIONS /instructor/courses/68006c86ce7af0883779c0fd
[2025-04-28 11:36:45] [INFO] [REQUEST] PUT /instructor/courses/68006c86ce7af0883779c0fd
[2025-04-28 11:36:45] [INFO] [RESPONSE] Status: 200 Message: Course updated successfully.
[2025-04-28 11:37:28] [INFO] [REQUEST] OPTIONS /instructor/courses/68006c86ce7af0883779c0fd
[2025-04-28 11:37:28] [INFO] [REQUEST] PUT /instructor/courses/68006c86ce7af0883779c0fd
[2025-04-28 11:37:30] [INFO] [RESPONSE] Status: 200 Message: Course updated successfully.
[2025-04-28 11:37:33] [INFO] [REQUEST] GET /courses/68006c86ce7af0883779c0fd/stream?videoKey=courses%2F67b6d4b441900af7ed9b5af6%2Fpython%20course%2Fmodule-2%2Flesson-1-1745820448333.mp4
[2025-04-28 11:37:36] [INFO] [REQUEST] GET /courses/68006c86ce7af0883779c0fd/stream?videoKey=courses%2F67b6d4b441900af7ed9b5af6%2Fpython%20course%2Fmodule-2%2Flesson-1-1745820448333.mp4
[2025-04-28 11:37:36] [INFO] [REQUEST] GET /courses/68006c86ce7af0883779c0fd/stream?videoKey=courses%2F67b6d4b441900af7ed9b5af6%2Fpython%20course%2Fmodule-2%2Flesson-1-1745820448333.mp4
[2025-04-28 11:37:43] [INFO] [REQUEST] GET /courses/68006c86ce7af0883779c0fd
[2025-04-28 11:37:43] [INFO] [RESPONSE] Status: 200 Message: Course fetched successfully.
[2025-04-28 11:37:56] [INFO] [REQUEST] GET /courses/68006c86ce7af0883779c0fd/stream?videoKey=courses%2F67b6d4b441900af7ed9b5af6%2Fpython%20course%2Fmodule-2%2Flesson-1-1745820448333.mp4
[2025-04-28 11:37:58] [INFO] [REQUEST] GET /courses/68006c86ce7af0883779c0fd/stream?videoKey=courses%2F67b6d4b441900af7ed9b5af6%2Fpython%20course%2Fmodule-2%2Flesson-1-1745820448333.mp4
[2025-04-28 12:34:21] [INFO] [REQUEST] GET /getUserdata
[2025-04-28 12:34:22] [INFO] [RESPONSE] Status: 200 Message: User details fetched successfully
[2025-04-28 12:34:23] [INFO] [REQUEST] GET /instructor/getTransactions?page=1&limit=10
[2025-04-28 12:34:23] [INFO] [RESPONSE] Status: 200 Message: Instructor payouts retrieved successfully
[2025-04-28 12:34:25] [INFO] [REQUEST] GET /getUserdata
[2025-04-28 12:34:25] [INFO] [REQUEST] GET /instructor/courses?page=1&limit=6&search=
[2025-04-28 12:34:25] [INFO] [RESPONSE] Status: 200 Message: User details fetched successfully
[2025-04-28 12:34:26] [INFO] [RESPONSE] Status: 200 Message: Courses fetched successfully.
[2025-04-28 12:34:44] [INFO] [REQUEST] GET /getUserdata
[2025-04-28 12:34:44] [INFO] [REQUEST] GET /instructor/courses?page=1&limit=6&search=
[2025-04-28 12:34:44] [INFO] [RESPONSE] Status: 200 Message: User details fetched successfully
[2025-04-28 12:34:44] [INFO] [RESPONSE] Status: 200 Message: Courses fetched successfully.
[2025-04-28 12:51:43] [INFO] [REQUEST] OPTIONS /logout
[2025-04-28 12:51:43] [INFO] [REQUEST] POST /logout
[2025-04-28 12:51:43] [INFO] [RESPONSE] Status: 200 Message: User logged out successfully
[2025-04-28 12:51:54] [INFO] [REQUEST] OPTIONS /login
[2025-04-28 12:51:54] [INFO] [REQUEST] POST /login
[2025-04-28 12:51:54] [INFO] [RESPONSE] Status: 200 Message: Login successful.
[2025-04-28 12:51:58] [INFO] [REQUEST] GET /active-courses?page=1&limit=10&sortField=updatedAt&sortOrder=desc
[2025-04-28 12:51:58] [INFO] [RESPONSE] Status: 200 Message: Active courses fetched successfully.
[2025-04-28 12:52:01] [INFO] [REQUEST] GET /student/enrollments
[2025-04-28 12:52:02] [INFO] [RESPONSE] Status: 200 Message: Enrollments fetched successfully
[2025-04-28 12:52:02] [INFO] [REQUEST] GET /student/courses/68006c86ce7af0883779c0fd/progress
[2025-04-28 12:52:02] [INFO] [RESPONSE] Status: 200 Message: Course progress retrieved successfully.
[2025-04-28 12:52:02] [INFO] [REQUEST] GET /student/courses/68087f901418b19cebc3bbd2/progress
[2025-04-28 12:52:02] [INFO] [RESPONSE] Status: 200 Message: Course progress retrieved successfully.
[2025-04-28 12:52:02] [INFO] [REQUEST] GET /student/courses/680094d0c1a02343f4ba441b/progress
[2025-04-28 12:52:02] [INFO] [RESPONSE] Status: 200 Message: Course progress retrieved successfully.
[2025-04-28 12:52:02] [INFO] [REQUEST] GET /student/courses/68006d6ece7af0883779c1b6/progress
[2025-04-28 12:52:02] [INFO] [RESPONSE] Status: 200 Message: Course progress retrieved successfully.
[2025-04-28 12:52:02] [INFO] [REQUEST] GET /student/courses/68006e0ece7af0883779c29a/progress
[2025-04-28 12:52:02] [INFO] [RESPONSE] Status: 200 Message: Course progress retrieved successfully.
[2025-04-28 12:52:06] [INFO] [REQUEST] GET /courses/68087f901418b19cebc3bbd2
[2025-04-28 12:52:06] [INFO] [RESPONSE] Status: 200 Message: Course fetched successfully.
[2025-04-28 12:52:06] [INFO] [REQUEST] GET /student/check-enrollment/68087f901418b19cebc3bbd2
[2025-04-28 12:52:06] [INFO] [REQUEST] GET /student/review/68087f901418b19cebc3bbd2
[2025-04-28 12:52:06] [INFO] [RESPONSE] Status: 200 Message: Reviews fetched successfully.
[2025-04-28 12:52:06] [INFO] [RESPONSE] Status: 200 Message: User is enrolled in this course
[2025-04-28 12:52:06] [INFO] [REQUEST] GET /student/lesson-progress/68087f901418b19cebc3bbd2
[2025-04-28 12:52:06] [INFO] [RESPONSE] Status: 200 Message: Lesson progress fetched successfully
[2025-04-28 12:52:06] [INFO] [REQUEST] GET /student/courses/68087f901418b19cebc3bbd2/modules/ffgggggg/assessments?page=1&limit=10
[2025-04-28 12:52:07] [INFO] [REQUEST] GET /courses/68087f901418b19cebc3bbd2/stream?videoKey=courses%2F67b6d4b441900af7ed9b5af6%2Fyouuuuuuuuuuuuuuuu%2Fmodule-1%2Flesson-1.mp4
[2025-04-28 12:52:07] [INFO] [RESPONSE] Status: 200 Message: Assessments retrieved successfully.
[2025-04-28 12:52:13] [INFO] [REQUEST] GET /courses/68087f901418b19cebc3bbd2/stream?videoKey=courses%2F67b6d4b441900af7ed9b5af6%2Fyouuuuuuuuuuuuuuuu%2Fmodule-1%2Flesson-1.mp4
[2025-04-28 12:52:14] [INFO] [REQUEST] OPTIONS /student/update-lesson-progress
[2025-04-28 12:52:14] [INFO] [REQUEST] POST /student/update-lesson-progress
[2025-04-28 12:52:14] [INFO] [RESPONSE] Status: 200 Message: Lesson progress updated successfully
[2025-04-28 12:52:19] [INFO] [REQUEST] OPTIONS /student/update-lesson-progress
[2025-04-28 12:52:19] [INFO] [REQUEST] POST /student/update-lesson-progress
[2025-04-28 12:52:19] [INFO] [RESPONSE] Status: 200 Message: Lesson progress updated successfully
[2025-04-28 12:52:24] [INFO] [REQUEST] OPTIONS /student/update-lesson-progress
[2025-04-28 12:52:24] [INFO] [REQUEST] POST /student/update-lesson-progress
[2025-04-28 12:52:24] [INFO] [RESPONSE] Status: 200 Message: Lesson progress updated successfully
[2025-04-28 12:52:35] [INFO] [REQUEST] OPTIONS /student/update-lesson-progress
[2025-04-28 12:52:35] [INFO] [REQUEST] POST /student/update-lesson-progress
[2025-04-28 12:52:35] [INFO] [RESPONSE] Status: 200 Message: Lesson progress updated successfully
[2025-04-28 12:52:40] [INFO] [REQUEST] OPTIONS /student/update-lesson-progress
[2025-04-28 12:52:40] [INFO] [REQUEST] POST /student/update-lesson-progress
[2025-04-28 12:52:40] [INFO] [RESPONSE] Status: 200 Message: Lesson progress updated successfully
[2025-04-28 12:52:45] [INFO] [REQUEST] OPTIONS /student/update-lesson-progress
[2025-04-28 12:52:45] [INFO] [REQUEST] POST /student/update-lesson-progress
[2025-04-28 12:52:45] [INFO] [RESPONSE] Status: 200 Message: Lesson progress updated successfully
[2025-04-28 12:52:52] [INFO] [REQUEST] GET /student/courses/68087f901418b19cebc3bbd2/modules/tgggggggggggghh/assessments?page=1&limit=10
[2025-04-28 12:52:52] [INFO] [RESPONSE] Status: 200 Message: Assessments retrieved successfully.
[2025-04-28 15:52:26] [INFO] [REQUEST] GET /courses/68087f901418b19cebc3bbd2/stream?videoKey=courses%2F67b6d4b441900af7ed9b5af6%2Fyouuuuuuuuuuuuuuuu%2Fmodule-1%2Flesson-1.mp4
[2025-04-28 15:52:29] [INFO] [REQUEST] GET /courses/68006c86ce7af0883779c0fd
[2025-04-28 15:52:29] [INFO] [RESPONSE] Status: 200 Message: Course fetched successfully.
[2025-04-28 15:52:29] [INFO] [REQUEST] GET /student/check-enrollment/68006c86ce7af0883779c0fd
[2025-04-28 15:52:30] [INFO] [REQUEST] GET /student/review/68006c86ce7af0883779c0fd
[2025-04-28 15:52:30] [INFO] [RESPONSE] Status: 200 Message: Reviews fetched successfully.
[2025-04-28 15:52:30] [INFO] [RESPONSE] Status: 200 Message: User is enrolled in this course
[2025-04-28 15:52:30] [INFO] [REQUEST] GET /student/lesson-progress/68006c86ce7af0883779c0fd
[2025-04-28 15:52:31] [INFO] [REQUEST] GET /student/enrollments
[2025-04-28 15:52:31] [INFO] [RESPONSE] Status: 200 Message: Enrollments fetched successfully
[2025-04-28 15:52:31] [INFO] [REQUEST] GET /student/courses/68006c86ce7af0883779c0fd/progress
[2025-04-28 15:52:32] [INFO] [RESPONSE] Status: 200 Message: Course progress retrieved successfully.
[2025-04-28 15:52:32] [INFO] [REQUEST] GET /student/courses/68087f901418b19cebc3bbd2/progress
[2025-04-28 15:52:32] [INFO] [RESPONSE] Status: 200 Message: Course progress retrieved successfully.
[2025-04-28 15:52:32] [INFO] [REQUEST] GET /student/courses/680094d0c1a02343f4ba441b/progress
[2025-04-28 15:52:32] [INFO] [RESPONSE] Status: 200 Message: Course progress retrieved successfully.
[2025-04-28 15:52:32] [INFO] [REQUEST] GET /student/courses/68006d6ece7af0883779c1b6/progress
[2025-04-28 15:52:32] [INFO] [RESPONSE] Status: 200 Message: Course progress retrieved successfully.
[2025-04-28 15:52:32] [INFO] [REQUEST] GET /student/courses/68006e0ece7af0883779c29a/progress
[2025-04-28 15:52:32] [INFO] [RESPONSE] Status: 200 Message: Course progress retrieved successfully.
[2025-04-28 15:52:33] [INFO] [REQUEST] GET /student/courses/68006c86ce7af0883779c0fd/progress
[2025-04-28 15:52:33] [INFO] [RESPONSE] Status: 200 Message: Course progress retrieved successfully.
[2025-04-28 15:52:33] [INFO] [REQUEST] GET /student/courses/68006c86ce7af0883779c0fd/assessments?page=1&limit=100
[2025-04-28 15:52:33] [INFO] [RESPONSE] Status: 200 Message: Assessments retrieved successfully.
[2025-04-28 15:52:33] [INFO] [REQUEST] GET /student/assessments/6809b944381e4a4b4087e6c5/result
[2025-04-28 15:52:33] [INFO] [RESPONSE] Status: 200 Message: Assessment result retrieved successfully.
[2025-04-28 15:52:34] [INFO] [REQUEST] GET /courses/68006c86ce7af0883779c0fd
[2025-04-28 15:52:34] [INFO] [RESPONSE] Status: 200 Message: Course fetched successfully.
[2025-04-28 15:52:49] [INFO] [RESPONSE] Status: 200 Message: Lesson progress fetched successfully
