[2025-03-12 14:17:26] [INFO] [REQUEST] POST /instructor-apply
[2025-03-12 14:17:29] [INFO] [RESPONSE] Status: 201 Message: Application submitted successfully. Awaiting approval.
[2025-03-12 14:17:29] [INFO] [REQUEST] GET /getUserdata
[2025-03-12 14:17:29] [INFO] [RESPONSE] Status: 200 Message: User details fetched successfully
[2025-03-12 14:29:25] [INFO] [REQUEST] OPTIONS /logout
[2025-03-12 14:29:25] [INFO] [REQUEST] POST /logout
[2025-03-12 14:29:25] [INFO] [RESPONSE] Status: 200 Message: User logged out successfully
[2025-03-12 14:29:54] [INFO] [REQUEST] OPTIONS /signup
[2025-03-12 14:29:54] [INFO] [REQUEST] POST /signup
[2025-03-12 14:29:58] [INFO] [RESPONSE] Status: 201 Message: Please verify your email for OTP verification.
[2025-03-12 14:30:09] [INFO] [REQUEST] OPTIONS /otp-verification
[2025-03-12 14:30:09] [INFO] [REQUEST] POST /otp-verification
[2025-03-12 14:30:09] [INFO] [RESPONSE] Status: 200 Message: OTP verified successfully. Your account is now activated.
[2025-03-12 14:44:48] [INFO] [REQUEST] POST /instructor-apply
[2025-03-12 14:44:51] [INFO] [RESPONSE] Status: 201 Message: Application submitted successfully. Awaiting approval.
[2025-03-12 14:44:51] [INFO] [REQUEST] GET /getUserdata
[2025-03-12 14:44:51] [INFO] [RESPONSE] Status: 200 Message: User details fetched successfully
[2025-03-12 14:45:44] [INFO] [REQUEST] OPTIONS /student-profile
[2025-03-12 14:45:44] [INFO] [REQUEST] PUT /student-profile
[2025-03-12 14:45:45] [INFO] [RESPONSE] Status: 200 Message: Profile updated successfully.
[2025-03-12 14:47:17] [INFO] [REQUEST] OPTIONS /change-password
[2025-03-12 14:47:17] [INFO] [REQUEST] PUT /change-password
[2025-03-12 14:47:17] [INFO] [RESPONSE] Status: 400 Message: Current password is required
[2025-03-12 14:47:48] [INFO] [REQUEST] OPTIONS /change-password
[2025-03-12 14:47:48] [INFO] [REQUEST] PUT /change-password
[2025-03-12 14:47:48] [INFO] [RESPONSE] Status: 400 Message: Password must contain at least one number.
[2025-03-12 14:47:49] [INFO] [REQUEST] PUT /change-password
[2025-03-12 14:47:49] [INFO] [RESPONSE] Status: 400 Message: Password must contain at least one number.
[2025-03-12 14:48:01] [INFO] [REQUEST] OPTIONS /change-password
[2025-03-12 14:48:01] [INFO] [REQUEST] PUT /change-password
[2025-03-12 14:48:02] [INFO] [RESPONSE] Status: 200 Message: Password updated successfully
[2025-03-12 14:49:08] [INFO] [REQUEST] OPTIONS /logout
[2025-03-12 14:49:08] [INFO] [REQUEST] POST /logout
[2025-03-12 14:49:08] [INFO] [RESPONSE] Status: 200 Message: User logged out successfully
[2025-03-12 14:49:53] [INFO] [REQUEST] OPTIONS /signup
[2025-03-12 14:49:53] [INFO] [REQUEST] POST /signup
[2025-03-12 14:49:53] [INFO] [RESPONSE] Status: 201 Message: Invalid name format.
[2025-03-12 14:50:16] [INFO] [REQUEST] OPTIONS /signup
[2025-03-12 14:50:16] [INFO] [REQUEST] POST /signup
[2025-03-12 14:50:20] [INFO] [RESPONSE] Status: 201 Message: Please verify your email for OTP verification.
[2025-03-12 14:50:46] [INFO] [REQUEST] OPTIONS /otp-verification
[2025-03-12 14:50:46] [INFO] [REQUEST] POST /otp-verification
[2025-03-12 14:50:47] [INFO] [RESPONSE] Status: 200 Message: OTP verified successfully. Your account is now activated.
[2025-03-12 15:41:16] [INFO] [REQUEST] POST /instructor-apply
[2025-03-12 15:41:26] [INFO] [RESPONSE] Status: 201 Message: Application submitted successfully. Awaiting approval.
[2025-03-12 15:41:26] [INFO] [REQUEST] GET /getUserdata
[2025-03-12 15:41:26] [INFO] [RESPONSE] Status: 200 Message: User details fetched successfully
[2025-03-12 15:41:34] [INFO] [REQUEST] OPTIONS /logout
[2025-03-12 15:41:34] [INFO] [REQUEST] POST /logout
[2025-03-12 15:41:34] [INFO] [RESPONSE] Status: 200 Message: User logged out successfully
[2025-03-12 15:43:09] [INFO] [REQUEST] OPTIONS /signup
[2025-03-12 15:43:09] [INFO] [REQUEST] POST /signup
[2025-03-12 15:43:13] [INFO] [RESPONSE] Status: 201 Message: Please verify your email for OTP verification.
[2025-03-12 15:43:22] [INFO] [REQUEST] OPTIONS /otp-verification
[2025-03-12 15:43:22] [INFO] [REQUEST] POST /otp-verification
[2025-03-12 15:43:22] [INFO] [RESPONSE] Status: 400 Message: Invalid OTP.
[2025-03-12 15:43:33] [INFO] [REQUEST] OPTIONS /otp-verification
[2025-03-12 15:43:33] [INFO] [REQUEST] POST /otp-verification
[2025-03-12 15:43:33] [INFO] [RESPONSE] Status: 400 Message: Invalid OTP.
[2025-03-12 15:43:52] [INFO] [REQUEST] OPTIONS /otp-verification
[2025-03-12 15:43:52] [INFO] [REQUEST] POST /otp-verification
[2025-03-12 15:43:52] [INFO] [RESPONSE] Status: 200 Message: OTP verified successfully. Your account is now activated.
[2025-03-12 15:47:04] [INFO] [REQUEST] POST /instructor-apply
[2025-03-12 15:47:07] [INFO] [RESPONSE] Status: 201 Message: Application submitted successfully. Awaiting approval.
[2025-03-12 15:47:07] [INFO] [REQUEST] GET /getUserdata
[2025-03-12 15:47:07] [INFO] [RESPONSE] Status: 200 Message: User details fetched successfully
[2025-03-12 15:47:13] [INFO] [REQUEST] OPTIONS /logout
[2025-03-12 15:47:13] [INFO] [REQUEST] POST /logout
[2025-03-12 15:47:13] [INFO] [RESPONSE] Status: 200 Message: User logged out successfully
[2025-03-12 15:47:20] [INFO] [REQUEST] GET /admin/fetchAllInstructors?page=1&limit=10
[2025-03-12 15:47:20] [INFO] [RESPONSE] Status: 401 Message: Unauthorized: No token provided
[2025-03-12 15:47:35] [INFO] [REQUEST] POST /admin/logout
[2025-03-12 15:47:35] [INFO] [RESPONSE] Status: 200 Message: User logged out successfully
[2025-03-12 15:47:45] [INFO] [REQUEST] OPTIONS /admin/login
[2025-03-12 15:47:45] [INFO] [REQUEST] POST /admin/login
[2025-03-12 15:47:45] [INFO] [RESPONSE] Status: 200 Message: Admin logged in successfully.
[2025-03-12 15:47:49] [INFO] [REQUEST] GET /admin/fetchAllInstructors?page=1&limit=10
[2025-03-12 15:47:49] [INFO] [RESPONSE] Status: 200 Message: Instructors fetched successfully
[2025-03-12 15:47:51] [INFO] [REQUEST] GET /admin/fetchAllRequestedUsers?page=1&limit=9
[2025-03-12 15:47:52] [INFO] [RESPONSE] Status: 200 Message: Requested users fetched successfully
[2025-03-12 15:47:56] [INFO] [REQUEST] OPTIONS /admin/reject-instructor/67d15e35af7dfc038fb0918f
[2025-03-12 15:47:56] [INFO] [REQUEST] PATCH /admin/reject-instructor/67d15e35af7dfc038fb0918f
[2025-03-12 15:47:56] [INFO] [RESPONSE] Status: 200 Message: User's instructor request has been rejected.
[2025-03-12 15:48:03] [INFO] [REQUEST] OPTIONS /admin/reject-instructor/67d15e35af7dfc038fb0918f
[2025-03-12 15:48:03] [INFO] [REQUEST] PATCH /admin/reject-instructor/67d15e35af7dfc038fb0918f
[2025-03-12 15:48:03] [INFO] [RESPONSE] Status: 404 Message: This user has not requested instructor approval.
[2025-03-12 15:48:03] [INFO] [REQUEST] GET /admin/fetchAllRequestedUsers?page=1&limit=9
[2025-03-12 15:48:03] [INFO] [RESPONSE] Status: 200 Message: Requested users fetched successfully
[2025-03-12 15:48:21] [INFO] [REQUEST] OPTIONS /login
[2025-03-12 15:48:21] [INFO] [REQUEST] POST /login
[2025-03-12 15:48:21] [INFO] [RESPONSE] Status: 200 Message: Login successful.
[2025-03-12 15:50:32] [INFO] [REQUEST] OPTIONS /logout
[2025-03-12 15:50:32] [INFO] [REQUEST] POST /logout
[2025-03-12 15:50:32] [INFO] [RESPONSE] Status: 200 Message: User logged out successfully
[2025-03-12 15:51:00] [INFO] [REQUEST] OPTIONS /signup
[2025-03-12 15:51:00] [INFO] [REQUEST] POST /signup
[2025-03-12 15:51:04] [INFO] [RESPONSE] Status: 201 Message: Please verify your email for OTP verification.
[2025-03-12 15:51:14] [INFO] [REQUEST] OPTIONS /otp-verification
[2025-03-12 15:51:14] [INFO] [REQUEST] POST /otp-verification
[2025-03-12 15:51:15] [INFO] [RESPONSE] Status: 200 Message: OTP verified successfully. Your account is now activated.
[2025-03-12 15:58:00] [INFO] [REQUEST] POST /instructor-apply
[2025-03-12 15:58:02] [INFO] [RESPONSE] Status: 400 Message: Experience is required
[2025-03-12 15:58:06] [INFO] [REQUEST] POST /instructor-apply
[2025-03-12 15:58:07] [INFO] [RESPONSE] Status: 400 Message: Experience is required
[2025-03-12 15:58:18] [INFO] [REQUEST] POST /instructor-apply
[2025-03-12 15:58:20] [INFO] [RESPONSE] Status: 400 Message: Experience is required
[2025-03-12 16:00:01] [INFO] [REQUEST] POST /instructor-apply
[2025-03-12 16:00:03] [INFO] [RESPONSE] Status: 201 Message: Application submitted successfully. Awaiting approval.
[2025-03-12 16:00:03] [INFO] [REQUEST] GET /getUserdata
[2025-03-12 16:00:03] [INFO] [RESPONSE] Status: 200 Message: User details fetched successfully
[2025-03-12 16:00:16] [INFO] [REQUEST] GET /admin/fetchAllRequestedUsers?page=1&limit=9
[2025-03-12 16:00:16] [INFO] [RESPONSE] Status: 200 Message: Requested users fetched successfully
[2025-03-12 16:00:20] [INFO] [REQUEST] OPTIONS /admin/reject-instructor/67d1600caf7dfc038fb091aa
[2025-03-12 16:00:20] [INFO] [REQUEST] PATCH /admin/reject-instructor/67d1600caf7dfc038fb091aa
[2025-03-12 16:00:20] [INFO] [RESPONSE] Status: 200 Message: User's instructor request has been rejected.
[2025-03-12 16:00:26] [INFO] [REQUEST] OPTIONS /admin/reject-instructor/67d1600caf7dfc038fb091aa
[2025-03-12 16:00:26] [INFO] [REQUEST] PATCH /admin/reject-instructor/67d1600caf7dfc038fb091aa
[2025-03-12 16:00:26] [INFO] [RESPONSE] Status: 404 Message: This user has not requested instructor approval.
[2025-03-12 16:00:26] [INFO] [REQUEST] GET /admin/fetchAllRequestedUsers?page=1&limit=9
[2025-03-12 16:00:26] [INFO] [RESPONSE] Status: 200 Message: Requested users fetched successfully
[2025-03-12 16:00:31] [INFO] [REQUEST] OPTIONS /admin/reject-instructor/67d151d0af7dfc038fb09181
[2025-03-12 16:00:31] [INFO] [REQUEST] PATCH /admin/reject-instructor/67d151d0af7dfc038fb09181
[2025-03-12 16:00:31] [INFO] [RESPONSE] Status: 200 Message: User's instructor request has been rejected.
[2025-03-12 16:00:41] [INFO] [REQUEST] OPTIONS /admin/reject-instructor/67d14d0aaf7dfc038fb09170
[2025-03-12 16:00:41] [INFO] [REQUEST] PATCH /admin/reject-instructor/67d14d0aaf7dfc038fb09170
[2025-03-12 16:00:41] [INFO] [RESPONSE] Status: 200 Message: User's instructor request has been rejected.
[2025-03-12 16:00:47] [INFO] [REQUEST] GET /admin/fetchAllRequestedUsers?page=1&limit=9
[2025-03-12 16:00:47] [INFO] [RESPONSE] Status: 200 Message: Requested users fetched successfully
[2025-03-12 16:00:56] [INFO] [REQUEST] OPTIONS /admin/reject-instructor/67d02c9b492a7b483d33f9c2
[2025-03-12 16:00:56] [INFO] [REQUEST] PATCH /admin/reject-instructor/67d02c9b492a7b483d33f9c2
[2025-03-12 16:00:56] [INFO] [RESPONSE] Status: 200 Message: User's instructor request has been rejected.
[2025-03-12 16:01:14] [INFO] [REQUEST] OPTIONS /admin/approve-instructor/67d02c9b492a7b483d33f9c2
[2025-03-12 16:01:14] [INFO] [REQUEST] PATCH /admin/approve-instructor/67d02c9b492a7b483d33f9c2
[2025-03-12 16:01:14] [INFO] [RESPONSE] Status: 404 Message: This user has not requested instructor approval.
[2025-03-12 16:01:14] [INFO] [REQUEST] GET /admin/fetchAllRequestedUsers?page=1&limit=9
[2025-03-12 16:01:14] [INFO] [RESPONSE] Status: 200 Message: Requested users fetched successfully
[2025-03-12 16:01:18] [INFO] [REQUEST] GET /admin/fetchAllInstructors?page=1&limit=10
[2025-03-12 16:01:18] [INFO] [RESPONSE] Status: 200 Message: Instructors fetched successfully
[2025-03-12 16:01:28] [INFO] [REQUEST] GET /admin/fetchAllStudents?page=1&limit=10
[2025-03-12 16:01:28] [INFO] [RESPONSE] Status: 200 Message: Students fetched successfully
[2025-03-12 16:01:31] [INFO] [REQUEST] GET /admin/fetchAllRequestedUsers?page=1&limit=9
[2025-03-12 16:01:31] [INFO] [RESPONSE] Status: 200 Message: Requested users fetched successfully
[2025-03-12 16:02:58] [INFO] [REQUEST] GET /admin/fetchAllStudents?page=1&limit=10
[2025-03-12 16:02:58] [INFO] [RESPONSE] Status: 200 Message: Students fetched successfully
[2025-03-12 16:03:03] [INFO] [REQUEST] OPTIONS /admin/block-unblock/67cddf2430cdba1908924047
[2025-03-12 16:03:03] [INFO] [REQUEST] PUT /admin/block-unblock/67cddf2430cdba1908924047
[2025-03-12 16:03:03] [INFO] [RESPONSE] Status: 200 Message: User has been blocked successfully.
[2025-03-12 16:03:08] [INFO] [REQUEST] GET /admin/fetchAllStudents?page=1&limit=10
[2025-03-12 16:03:08] [INFO] [RESPONSE] Status: 200 Message: Students fetched successfully
[2025-03-12 16:03:11] [INFO] [REQUEST] GET /admin/fetchAllRequestedUsers?page=1&limit=9
[2025-03-12 16:03:11] [INFO] [RESPONSE] Status: 200 Message: Requested users fetched successfully
[2025-03-12 16:03:51] [INFO] [REQUEST] OPTIONS /logout
[2025-03-12 16:03:51] [INFO] [REQUEST] POST /logout
[2025-03-12 16:03:51] [INFO] [RESPONSE] Status: 200 Message: User logged out successfully
[2025-03-12 16:04:22] [INFO] [REQUEST] OPTIONS /login
[2025-03-12 16:04:22] [INFO] [REQUEST] POST /login
[2025-03-12 16:04:22] [INFO] [RESPONSE] Status: 200 Message: Login successful.
[2025-03-12 16:04:49] [INFO] [REQUEST] OPTIONS /logout
[2025-03-12 16:04:49] [INFO] [REQUEST] POST /logout
[2025-03-12 16:04:49] [INFO] [RESPONSE] Status: 200 Message: User logged out successfully
[2025-03-12 16:05:19] [INFO] [REQUEST] OPTIONS /login
[2025-03-12 16:05:19] [INFO] [REQUEST] POST /login
[2025-03-12 16:05:19] [INFO] [RESPONSE] Status: 400 Message: User not found.
[2025-03-12 16:05:56] [INFO] [REQUEST] OPTIONS /signup
[2025-03-12 16:05:56] [INFO] [REQUEST] POST /signup
[2025-03-12 16:06:00] [INFO] [RESPONSE] Status: 201 Message: Please verify your email for OTP verification.
[2025-03-12 16:06:12] [INFO] [REQUEST] OPTIONS /otp-verification
[2025-03-12 16:06:12] [INFO] [REQUEST] POST /otp-verification
[2025-03-12 16:06:12] [INFO] [RESPONSE] Status: 200 Message: OTP verified successfully. Your account is now activated.
[2025-03-12 16:13:24] [INFO] [REQUEST] POST /instructor-apply
[2025-03-12 16:13:27] [INFO] [RESPONSE] Status: 201 Message: Application submitted successfully. Awaiting approval.
[2025-03-12 16:13:27] [INFO] [REQUEST] GET /getUserdata
[2025-03-12 16:13:27] [INFO] [RESPONSE] Status: 200 Message: User details fetched successfully
[2025-03-12 16:14:08] [INFO] [REQUEST] OPTIONS /logout
[2025-03-12 16:14:08] [INFO] [REQUEST] POST /logout
[2025-03-12 16:14:08] [INFO] [RESPONSE] Status: 200 Message: User logged out successfully
[2025-03-12 16:14:16] [INFO] [REQUEST] GET /admin/fetchAllRequestedUsers?page=1&limit=9
[2025-03-12 16:14:16] [INFO] [RESPONSE] Status: 200 Message: Requested users fetched successfully
[2025-03-12 16:14:19] [INFO] [REQUEST] OPTIONS /admin/reject-instructor/67d1638caf7dfc038fb091da
[2025-03-12 16:14:19] [INFO] [REQUEST] PATCH /admin/reject-instructor/67d1638caf7dfc038fb091da
[2025-03-12 16:14:19] [INFO] [RESPONSE] Status: 200 Message: User's instructor request has been rejected.
[2025-03-12 16:14:25] [INFO] [REQUEST] GET /admin/fetchAllRequestedUsers?page=1&limit=9
[2025-03-12 16:14:25] [INFO] [RESPONSE] Status: 200 Message: Requested users fetched successfully
[2025-03-12 16:24:36] [INFO] [REQUEST] OPTIONS /login
[2025-03-12 16:24:36] [INFO] [REQUEST] POST /login
[2025-03-12 16:24:36] [INFO] [RESPONSE] Status: 200 Message: Login successful.
[2025-03-12 16:24:50] [INFO] [REQUEST] OPTIONS /logout
[2025-03-12 16:24:50] [INFO] [REQUEST] POST /logout
[2025-03-12 16:24:50] [INFO] [RESPONSE] Status: 200 Message: User logged out successfully
[2025-03-12 16:25:19] [INFO] [REQUEST] OPTIONS /signup
[2025-03-12 16:25:19] [INFO] [REQUEST] POST /signup
[2025-03-12 16:25:23] [INFO] [RESPONSE] Status: 201 Message: Please verify your email for OTP verification.
[2025-03-12 16:25:33] [INFO] [REQUEST] OPTIONS /otp-verification
[2025-03-12 16:25:33] [INFO] [REQUEST] POST /otp-verification
[2025-03-12 16:25:33] [INFO] [RESPONSE] Status: 200 Message: OTP verified successfully. Your account is now activated.
[2025-03-12 16:27:04] [INFO] [REQUEST] POST /instructor-apply
[2025-03-12 16:27:06] [INFO] [RESPONSE] Status: 201 Message: Application submitted successfully. Awaiting approval.
[2025-03-12 16:27:06] [INFO] [REQUEST] GET /getUserdata
[2025-03-12 16:27:06] [INFO] [RESPONSE] Status: 200 Message: User details fetched successfully
[2025-03-12 16:27:15] [INFO] [REQUEST] GET /admin/fetchAllRequestedUsers?page=1&limit=9
[2025-03-12 16:27:15] [INFO] [RESPONSE] Status: 200 Message: Requested users fetched successfully
[2025-03-12 16:28:45] [INFO] [REQUEST] GET /admin/fetchAllRequestedUsers?page=1&limit=9
[2025-03-12 16:28:45] [INFO] [RESPONSE] Status: 200 Message: Requested users fetched successfully
