[2025-04-20 08:34:52] [INFO] [REQUEST] GET /student/enrollments
[2025-04-20 08:34:52] [INFO] [RESPONSE] Status: 401 Message: Unauthorized: No token provided
[2025-04-20 08:34:52] [INFO] [RESPONSE] Status: 401 Message: Unauthorized: Invalid token
[2025-04-20 08:34:52] [INFO] [REQUEST] POST /users/refresh-token
[2025-04-20 08:34:52] [INFO] [RESPONSE] Status: 404 Message: The requested URL not found on this server
[2025-04-20 08:34:57] [INFO] [REQUEST] OPTIONS /logout
[2025-04-20 08:34:57] [INFO] [REQUEST] POST /logout
[2025-04-20 08:34:57] [INFO] [RESPONSE] Status: 200 Message: User logged out successfully
[2025-04-20 08:35:13] [INFO] [REQUEST] OPTIONS /login
[2025-04-20 08:35:13] [INFO] [REQUEST] POST /login
[2025-04-20 08:35:14] [INFO] [RESPONSE] Status: 200 Message: Login successful.
[2025-04-20 08:35:19] [INFO] [REQUEST] GET /student/enrollments
[2025-04-20 08:35:20] [INFO] [RESPONSE] Status: 200 Message: Enrollments fetched successfully
[2025-04-20 08:35:22] [INFO] [REQUEST] GET /courses/68006e0ece7af0883779c29a
[2025-04-20 08:35:23] [INFO] [RESPONSE] Status: 200 Message: Course fetched successfully.
[2025-04-20 08:35:23] [INFO] [REQUEST] GET /student/check-enrollment/68006e0ece7af0883779c29a
[2025-04-20 08:35:23] [INFO] [REQUEST] GET /student/review/68006e0ece7af0883779c29a
[2025-04-20 08:35:23] [INFO] [RESPONSE] Status: 200 Message: User is enrolled in this course
[2025-04-20 08:35:23] [INFO] [REQUEST] GET /student/lesson-progress/68006e0ece7af0883779c29a
[2025-04-20 08:35:23] [INFO] [RESPONSE] Status: 200 Message: Reviews fetched successfully.
[2025-04-20 08:35:23] [INFO] [RESPONSE] Status: 200 Message: Lesson progress fetched successfully
[2025-04-20 08:35:23] [INFO] [REQUEST] GET /courses/68006e0ece7af0883779c29a/stream?videoKey=courses%2F67cdde4e30cdba190892403c%2Freact%20course%2Fmodule-1%2Flesson-1.mp4
[2025-04-20 08:35:29] [INFO] [REQUEST] GET /courses/68006e0ece7af0883779c29a/stream?videoKey=courses%2F67cdde4e30cdba190892403c%2Freact%20course%2Fmodule-1%2Flesson-1.mp4
[2025-04-20 08:35:30] [INFO] [REQUEST] OPTIONS /student/update-lesson-progress
[2025-04-20 08:35:30] [INFO] [REQUEST] POST /student/update-lesson-progress
[2025-04-20 08:35:30] [INFO] [RESPONSE] Status: 200 Message: Lesson progress updated successfully
[2025-04-20 08:35:35] [INFO] [REQUEST] POST /student/update-lesson-progress
[2025-04-20 08:35:35] [INFO] [RESPONSE] Status: 200 Message: Lesson progress updated successfully
[2025-04-20 08:35:40] [INFO] [REQUEST] OPTIONS /student/update-lesson-progress
[2025-04-20 08:35:40] [INFO] [REQUEST] POST /student/update-lesson-progress
[2025-04-20 08:35:43] [INFO] [RESPONSE] Status: 200 Message: Lesson progress updated successfully
[2025-04-20 08:40:44] [INFO] [REQUEST] OPTIONS /student/update-lesson-progress
[2025-04-20 08:40:44] [INFO] [REQUEST] GET /courses/68006e0ece7af0883779c29a/stream?videoKey=courses%2F67cdde4e30cdba190892403c%2Freact%20course%2Fmodule-1%2Flesson-1.mp4
[2025-04-20 08:40:44] [INFO] [REQUEST] POST /student/update-lesson-progress
[2025-04-20 08:40:45] [INFO] [RESPONSE] Status: 200 Message: Lesson progress updated successfully
[2025-04-20 08:40:49] [INFO] [REQUEST] GET /courses/68006e0ece7af0883779c29a/stream?videoKey=courses%2F67cdde4e30cdba190892403c%2Freact%20course%2Fmodule-1%2Flesson-1.mp4
[2025-04-20 08:40:54] [INFO] [REQUEST] OPTIONS /student/update-lesson-progress
[2025-04-20 08:40:54] [INFO] [REQUEST] POST /student/update-lesson-progress
[2025-04-20 08:40:54] [INFO] [RESPONSE] Status: 200 Message: Lesson progress updated successfully
[2025-04-20 08:40:59] [INFO] [REQUEST] OPTIONS /student/update-lesson-progress
[2025-04-20 08:40:59] [INFO] [REQUEST] POST /student/update-lesson-progress
[2025-04-20 08:40:59] [INFO] [RESPONSE] Status: 200 Message: Lesson progress updated successfully
[2025-04-20 08:41:01] [INFO] [REQUEST] GET /courses/68006e0ece7af0883779c29a/stream?videoKey=courses%2F67cdde4e30cdba190892403c%2Freact%20course%2Fmodule-1%2Flesson-1.mp4
[2025-04-20 08:41:05] [INFO] [REQUEST] OPTIONS /student/update-lesson-progress
[2025-04-20 08:41:05] [INFO] [REQUEST] POST /student/update-lesson-progress
[2025-04-20 08:41:05] [INFO] [RESPONSE] Status: 200 Message: Lesson progress updated successfully
[2025-04-20 08:41:10] [INFO] [REQUEST] OPTIONS /student/update-lesson-progress
[2025-04-20 08:41:10] [INFO] [REQUEST] POST /student/update-lesson-progress
[2025-04-20 08:41:10] [INFO] [RESPONSE] Status: 200 Message: Lesson progress updated successfully
[2025-04-20 08:41:16] [INFO] [REQUEST] GET /courses/68006e0ece7af0883779c29a/stream?videoKey=courses%2F67cdde4e30cdba190892403c%2Freact%20course%2Fmodule-1%2Flesson-2.mp4
[2025-04-20 08:41:26] [INFO] [REQUEST] OPTIONS /student/update-lesson-progress
[2025-04-20 08:41:26] [INFO] [REQUEST] POST /student/update-lesson-progress
[2025-04-20 08:41:26] [INFO] [RESPONSE] Status: 200 Message: Lesson progress updated successfully
[2025-04-20 08:41:28] [INFO] [REQUEST] GET /courses/68006e0ece7af0883779c29a/stream?videoKey=courses%2F67cdde4e30cdba190892403c%2Freact%20course%2Fmodule-1%2Flesson-2.mp4
[2025-04-20 08:41:33] [INFO] [REQUEST] OPTIONS /student/update-lesson-progress
[2025-04-20 08:41:33] [INFO] [REQUEST] POST /student/update-lesson-progress
[2025-04-20 08:41:33] [INFO] [RESPONSE] Status: 200 Message: Lesson progress updated successfully
[2025-04-20 08:41:55] [INFO] [REQUEST] GET /active-courses?page=1&limit=10&sortField=updatedAt&sortOrder=desc
[2025-04-20 08:41:55] [INFO] [RESPONSE] Status: 200 Message: Active courses fetched successfully.
[2025-04-20 08:41:58] [INFO] [REQUEST] GET /courses/680094d0c1a02343f4ba441b
[2025-04-20 08:41:58] [INFO] [REQUEST] GET /student/check-enrollment/680094d0c1a02343f4ba441b
[2025-04-20 08:41:59] [INFO] [RESPONSE] Status: 200 Message: Course fetched successfully.
[2025-04-20 08:41:59] [INFO] [RESPONSE] Status: 200 Message: User is not enrolled in this course
[2025-04-20 08:41:59] [INFO] [REQUEST] GET /courses/680094d0c1a02343f4ba441b/reviews?skip=0&limit=10
[2025-04-20 08:41:59] [INFO] [RESPONSE] Status: 200 Message: Reviews fetched successfully.
[2025-04-20 08:42:10] [INFO] [REQUEST] GET /active-courses?page=1&limit=10&sortField=updatedAt&sortOrder=desc
[2025-04-20 08:42:12] [INFO] [RESPONSE] Status: 200 Message: Active courses fetched successfully.
[2025-04-20 08:42:14] [INFO] [REQUEST] GET /student/check-enrollment/68006e0ece7af0883779c29a
[2025-04-20 08:42:14] [INFO] [REQUEST] GET /courses/68006e0ece7af0883779c29a
[2025-04-20 08:42:14] [INFO] [RESPONSE] Status: 200 Message: Course fetched successfully.
[2025-04-20 08:42:14] [INFO] [RESPONSE] Status: 200 Message: User is enrolled in this course
[2025-04-20 08:42:14] [INFO] [REQUEST] GET /courses/68006e0ece7af0883779c29a/reviews?skip=0&limit=10
[2025-04-20 08:42:14] [INFO] [RESPONSE] Status: 200 Message: Reviews fetched successfully.
[2025-04-20 15:38:28] [INFO] [REQUEST] GET /courses/68006e0ece7af0883779c29a
[2025-04-20 15:38:28] [INFO] [REQUEST] GET /student/check-enrollment/68006e0ece7af0883779c29a
[2025-04-20 15:38:29] [INFO] [RESPONSE] Status: 200 Message: User is enrolled in this course
[2025-04-20 15:38:29] [INFO] [RESPONSE] Status: 200 Message: Course fetched successfully.
[2025-04-20 15:38:29] [INFO] [REQUEST] GET /courses/68006e0ece7af0883779c29a/reviews?skip=0&limit=10
[2025-04-20 15:38:30] [INFO] [RESPONSE] Status: 200 Message: Reviews fetched successfully.
[2025-04-20 15:40:34] [INFO] [REQUEST] GET /student/check-enrollment/68006e0ece7af0883779c29a
[2025-04-20 15:40:34] [INFO] [REQUEST] GET /courses/68006e0ece7af0883779c29a
[2025-04-20 15:40:34] [INFO] [RESPONSE] Status: 200 Message: Course fetched successfully.
[2025-04-20 15:40:34] [INFO] [RESPONSE] Status: 200 Message: User is enrolled in this course
[2025-04-20 15:40:45] [INFO] [REQUEST] GET /courses/68006e0ece7af0883779c29a
[2025-04-20 15:40:45] [INFO] [REQUEST] GET /student/check-enrollment/68006e0ece7af0883779c29a
[2025-04-20 15:40:45] [INFO] [RESPONSE] Status: 200 Message: Course fetched successfully.
[2025-04-20 15:40:45] [INFO] [RESPONSE] Status: 200 Message: User is enrolled in this course
[2025-04-20 16:55:24] [INFO] [REQUEST] GET /courses/68006e0ece7af0883779c29a
[2025-04-20 16:55:24] [INFO] [REQUEST] GET /student/check-enrollment/68006e0ece7af0883779c29a
[2025-04-20 16:55:25] [INFO] [RESPONSE] Status: 200 Message: User is enrolled in this course
[2025-04-20 16:55:25] [INFO] [RESPONSE] Status: 200 Message: Course fetched successfully.
[2025-04-20 16:55:25] [INFO] [REQUEST] GET /courses/68006e0ece7af0883779c29a/reviews?skip=0&limit=10
[2025-04-20 16:55:25] [INFO] [RESPONSE] Status: 200 Message: Reviews fetched successfully.
[2025-04-20 16:55:37] [INFO] [REQUEST] GET /getUserdata
[2025-04-20 16:55:38] [INFO] [RESPONSE] Status: 200 Message: User details fetched successfully
[2025-04-20 16:55:41] [INFO] [REQUEST] OPTIONS /logout
[2025-04-20 16:55:41] [INFO] [REQUEST] POST /logout
[2025-04-20 16:55:41] [INFO] [RESPONSE] Status: 200 Message: User logged out successfully
[2025-04-20 16:55:48] [INFO] [REQUEST] OPTIONS /google-auth
[2025-04-20 16:55:48] [INFO] [REQUEST] POST /google-auth
[2025-04-20 16:55:49] [INFO] [RESPONSE] Status: 200 Message: Google authentication successful
[2025-04-20 16:56:08] [INFO] [REQUEST] GET /getUserdata
[2025-04-20 16:56:09] [INFO] [RESPONSE] Status: 200 Message: User details fetched successfully
[2025-04-20 16:56:12] [INFO] [REQUEST] GET /getUserdata
[2025-04-20 16:56:12] [INFO] [REQUEST] GET /instructor/courses?page=1&limit=6&search=
[2025-04-20 16:56:12] [INFO] [RESPONSE] Status: 200 Message: User details fetched successfully
[2025-04-20 16:56:12] [INFO] [RESPONSE] Status: 200 Message: Courses fetched successfully.
[2025-04-20 16:56:14] [INFO] [REQUEST] GET /courses/680094d0c1a02343f4ba441b/stream?videoKey=courses%2F67b6d4b441900af7ed9b5af6%2Fneww%20coursee%2Fmodule-1%2Flesson-1.mp4
[2025-04-20 16:56:20] [INFO] [REQUEST] GET /courses/680094d0c1a02343f4ba441b/stream?videoKey=courses%2F67b6d4b441900af7ed9b5af6%2Fneww%20coursee%2Fmodule-1%2Flesson-1.mp4
[2025-04-20 16:56:24] [INFO] [REQUEST] GET /courses/680094d0c1a02343f4ba441b/stream?videoKey=courses%2F67b6d4b441900af7ed9b5af6%2Fneww%20coursee%2Fmodule-1%2Flesson-1.mp4
[2025-04-20 22:12:55] [INFO] [REQUEST] GET /courses/680094d0c1a02343f4ba441b
[2025-04-20 22:14:17] [INFO] [RESPONSE] Status: 404 Message: An error occurred while fetching the course.
