[2025-04-04 10:26:43] [INFO] [REQUEST] GET /student/enrollments
[2025-04-04 10:26:44] [INFO] [RESPONSE] Status: 200 Message: Enrollments fetched successfully
[2025-04-04 10:31:19] [INFO] [REQUEST] GET /active-courses?page=1&limit=10
[2025-04-04 10:31:20] [INFO] [RESPONSE] Status: 200 Message: Active courses fetched successfully.
[2025-04-04 10:31:22] [INFO] [REQUEST] OPTIONS /logout
[2025-04-04 10:31:22] [INFO] [REQUEST] POST /logout
[2025-04-04 10:31:22] [INFO] [RESPONSE] Status: 200 Message: User logged out successfully
[2025-04-04 10:31:43] [INFO] [REQUEST] OPTIONS /login
[2025-04-04 10:31:43] [INFO] [REQUEST] POST /login
[2025-04-04 10:31:43] [INFO] [RESPONSE] Status: 200 Message: Login successful.
[2025-04-04 10:31:45] [INFO] [REQUEST] GET /active-courses?page=1&limit=10
[2025-04-04 10:31:46] [INFO] [RESPONSE] Status: 200 Message: Active courses fetched successfully.
[2025-04-04 10:31:47] [INFO] [REQUEST] GET /courses/67e4f42ca57ab52b884d68b4
[2025-04-04 10:31:47] [INFO] [REQUEST] GET /student/check-enrollment/67e4f42ca57ab52b884d68b4
[2025-04-04 10:31:47] [INFO] [RESPONSE] Status: 200 Message: User is enrolled in this course
[2025-04-04 10:31:48] [INFO] [RESPONSE] Status: 200 Message: Course fetched successfully.
[2025-04-04 10:35:22] [INFO] [REQUEST] GET /active-courses?page=1&limit=10
[2025-04-04 10:35:22] [INFO] [RESPONSE] Status: 200 Message: Active courses fetched successfully.
[2025-04-04 10:35:24] [INFO] [REQUEST] GET /courses/67e0f6e93fe05b4ab999e883
[2025-04-04 10:35:24] [INFO] [REQUEST] GET /student/check-enrollment/67e0f6e93fe05b4ab999e883
[2025-04-04 10:35:24] [INFO] [RESPONSE] Status: 200 Message: Course fetched successfully.
[2025-04-04 10:35:24] [INFO] [RESPONSE] Status: 200 Message: User is not enrolled in this course
[2025-04-04 10:35:26] [INFO] [REQUEST] GET /active-courses?page=1&limit=10
[2025-04-04 10:35:26] [INFO] [RESPONSE] Status: 200 Message: Active courses fetched successfully.
[2025-04-04 10:35:30] [INFO] [REQUEST] GET /courses/67e2d708cd47f8d8e5e10517
[2025-04-04 10:35:30] [INFO] [REQUEST] GET /student/check-enrollment/67e2d708cd47f8d8e5e10517
[2025-04-04 10:35:30] [INFO] [RESPONSE] Status: 200 Message: Course fetched successfully.
[2025-04-04 10:35:30] [INFO] [RESPONSE] Status: 200 Message: User is not enrolled in this course
[2025-04-04 10:35:49] [INFO] [REQUEST] OPTIONS /student/create-payment-intent
[2025-04-04 10:35:49] [INFO] [REQUEST] POST /student/create-payment-intent
[2025-04-04 10:35:50] [INFO] [RESPONSE] Status: 200 Message: Payment intent created successfully
[2025-04-04 10:35:51] [INFO] [REQUEST] OPTIONS /student/confirm-payment
[2025-04-04 10:35:51] [INFO] [REQUEST] POST /student/confirm-payment
[2025-04-04 10:35:51] [INFO] [RESPONSE] Status: 200 Message: Payment confirmed successfully
[2025-04-04 10:39:04] [INFO] [REQUEST] GET /active-courses?page=1&limit=10
[2025-04-04 10:39:04] [INFO] [RESPONSE] Status: 200 Message: Active courses fetched successfully.
[2025-04-04 10:39:05] [INFO] [REQUEST] GET /courses/67e29311bbd36b7517b60d7e
[2025-04-04 10:39:05] [INFO] [REQUEST] GET /student/check-enrollment/67e29311bbd36b7517b60d7e
[2025-04-04 10:39:06] [INFO] [RESPONSE] Status: 200 Message: Course fetched successfully.
[2025-04-04 10:39:06] [INFO] [RESPONSE] Status: 200 Message: User is not enrolled in this course
[2025-04-04 10:39:08] [INFO] [REQUEST] OPTIONS /student/enroll-course
[2025-04-04 10:39:08] [INFO] [REQUEST] POST /student/enroll-course
[2025-04-04 10:39:09] [INFO] [RESPONSE] Status: 200 Message: Successfully enrolled in the free course
[2025-04-04 10:42:55] [INFO] [REQUEST] GET /student/enrollments
[2025-04-04 10:42:55] [INFO] [RESPONSE] Status: 200 Message: Enrollments fetched successfully
[2025-04-04 10:51:58] [INFO] [REQUEST] OPTIONS /logout
[2025-04-04 10:51:58] [INFO] [REQUEST] POST /logout
[2025-04-04 10:51:58] [INFO] [RESPONSE] Status: 200 Message: User logged out successfully
[2025-04-04 10:52:09] [INFO] [REQUEST] OPTIONS /google-auth
[2025-04-04 10:52:09] [INFO] [REQUEST] POST /google-auth
[2025-04-04 10:52:10] [INFO] [RESPONSE] Status: 200 Message: Google authentication successful
[2025-04-04 10:52:16] [INFO] [REQUEST] GET /active-courses?page=1&limit=10
[2025-04-04 10:52:16] [INFO] [RESPONSE] Status: 200 Message: Active courses fetched successfully.
[2025-04-04 10:52:19] [INFO] [REQUEST] GET /getUserdata
[2025-04-04 10:52:20] [INFO] [RESPONSE] Status: 200 Message: User details fetched successfully
[2025-04-04 10:52:22] [INFO] [REQUEST] GET /getUserdata
[2025-04-04 10:52:22] [INFO] [REQUEST] GET /instructor/courses?page=1&limit=6&search=
[2025-04-04 10:52:22] [INFO] [RESPONSE] Status: 200 Message: User details fetched successfully
[2025-04-04 10:52:22] [INFO] [RESPONSE] Status: 200 Message: Courses fetched successfully.
[2025-04-04 10:52:23] [INFO] [REQUEST] GET /admin/fetch-all-categories?page=1&limit=100
[2025-04-04 10:52:23] [INFO] [REQUEST] GET /getUserdata
[2025-04-04 10:52:24] [INFO] [RESPONSE] Status: 200 Message: User details fetched successfully
[2025-04-04 10:52:24] [INFO] [RESPONSE] Status: 200 Message: Categories fetched successfully
[2025-04-04 10:52:35] [INFO] [REQUEST] GET /admin/fetch-all-categories?page=1&limit=100
[2025-04-04 10:52:35] [INFO] [REQUEST] GET /getUserdata
[2025-04-04 10:52:35] [INFO] [RESPONSE] Status: 200 Message: User details fetched successfully
[2025-04-04 10:52:35] [INFO] [RESPONSE] Status: 200 Message: Categories fetched successfully
[2025-04-04 10:52:35] [INFO] [REQUEST] GET /admin/fetch-all-categories?page=1&limit=100
[2025-04-04 10:52:35] [INFO] [REQUEST] GET /getUserdata
[2025-04-04 10:52:35] [INFO] [RESPONSE] Status: 200 Message: User details fetched successfully
[2025-04-04 10:52:35] [INFO] [REQUEST] GET /getUserdata
[2025-04-04 10:52:35] [INFO] [RESPONSE] Status: 200 Message: Categories fetched successfully
[2025-04-04 10:52:35] [INFO] [REQUEST] GET /admin/fetch-all-categories?page=1&limit=100
[2025-04-04 10:52:35] [INFO] [RESPONSE] Status: 200 Message: User details fetched successfully
[2025-04-04 10:52:35] [INFO] [RESPONSE] Status: 200 Message: Categories fetched successfully
[2025-04-04 10:52:35] [INFO] [REQUEST] GET /getUserdata
[2025-04-04 10:52:35] [INFO] [REQUEST] GET /admin/fetch-all-categories?page=1&limit=100
[2025-04-04 10:52:35] [INFO] [RESPONSE] Status: 200 Message: User details fetched successfully
[2025-04-04 10:52:35] [INFO] [RESPONSE] Status: 200 Message: Categories fetched successfully
[2025-04-04 10:52:35] [INFO] [REQUEST] GET /admin/fetch-all-categories?page=1&limit=100
[2025-04-04 10:52:35] [INFO] [REQUEST] GET /getUserdata
[2025-04-04 10:52:35] [INFO] [RESPONSE] Status: 200 Message: User details fetched successfully
[2025-04-04 10:52:35] [INFO] [REQUEST] GET /getUserdata
[2025-04-04 10:52:35] [INFO] [RESPONSE] Status: 200 Message: Categories fetched successfully
[2025-04-04 10:52:35] [INFO] [REQUEST] GET /admin/fetch-all-categories?page=1&limit=100
[2025-04-04 10:52:35] [INFO] [RESPONSE] Status: 200 Message: User details fetched successfully
[2025-04-04 10:52:35] [INFO] [RESPONSE] Status: 200 Message: Categories fetched successfully
[2025-04-04 10:52:36] [INFO] [REQUEST] GET /admin/fetch-all-categories?page=1&limit=100
[2025-04-04 10:52:36] [INFO] [REQUEST] GET /getUserdata
[2025-04-04 10:52:36] [INFO] [RESPONSE] Status: 200 Message: User details fetched successfully
[2025-04-04 10:52:36] [INFO] [RESPONSE] Status: 200 Message: Categories fetched successfully
[2025-04-04 10:52:36] [INFO] [REQUEST] GET /admin/fetch-all-categories?page=1&limit=100
[2025-04-04 10:52:36] [INFO] [REQUEST] GET /getUserdata
[2025-04-04 10:52:36] [INFO] [RESPONSE] Status: 200 Message: User details fetched successfully
[2025-04-04 10:52:36] [INFO] [RESPONSE] Status: 200 Message: Categories fetched successfully
[2025-04-04 10:52:36] [INFO] [REQUEST] GET /getUserdata
[2025-04-04 10:52:36] [INFO] [REQUEST] GET /admin/fetch-all-categories?page=1&limit=100
[2025-04-04 10:52:36] [INFO] [RESPONSE] Status: 200 Message: User details fetched successfully
[2025-04-04 10:52:36] [INFO] [REQUEST] GET /getUserdata
[2025-04-04 10:52:36] [INFO] [RESPONSE] Status: 200 Message: User details fetched successfully
[2025-04-04 10:52:36] [INFO] [RESPONSE] Status: 200 Message: Categories fetched successfully
[2025-04-04 10:52:36] [INFO] [REQUEST] GET /getUserdata
[2025-04-04 10:52:36] [INFO] [REQUEST] GET /admin/fetch-all-categories?page=1&limit=100
[2025-04-04 10:52:36] [INFO] [RESPONSE] Status: 200 Message: User details fetched successfully
[2025-04-04 10:52:37] [INFO] [REQUEST] GET /getUserdata
[2025-04-04 10:52:37] [INFO] [RESPONSE] Status: 200 Message: Categories fetched successfully
[2025-04-04 10:52:37] [INFO] [REQUEST] GET /admin/fetch-all-categories?page=1&limit=100
[2025-04-04 10:52:37] [INFO] [RESPONSE] Status: 200 Message: User details fetched successfully
[2025-04-04 10:52:37] [INFO] [RESPONSE] Status: 200 Message: Categories fetched successfully
[2025-04-04 10:52:37] [INFO] [REQUEST] GET /admin/fetch-all-categories?page=1&limit=100
[2025-04-04 10:52:37] [INFO] [RESPONSE] Status: 200 Message: Categories fetched successfully
[2025-04-04 10:52:37] [INFO] [REQUEST] GET /admin/fetch-all-categories?page=1&limit=100
[2025-04-04 10:52:37] [INFO] [REQUEST] GET /getUserdata
[2025-04-04 10:52:37] [INFO] [RESPONSE] Status: 200 Message: User details fetched successfully
[2025-04-04 10:52:37] [INFO] [RESPONSE] Status: 200 Message: Categories fetched successfully
[2025-04-04 10:52:37] [INFO] [REQUEST] GET /admin/fetch-all-categories?page=1&limit=100
[2025-04-04 10:52:37] [INFO] [REQUEST] GET /getUserdata
[2025-04-04 10:52:37] [INFO] [RESPONSE] Status: 200 Message: User details fetched successfully
[2025-04-04 10:52:37] [INFO] [RESPONSE] Status: 200 Message: Categories fetched successfully
[2025-04-04 10:52:38] [INFO] [REQUEST] GET /admin/fetch-all-categories?page=1&limit=100
[2025-04-04 10:52:38] [INFO] [REQUEST] GET /getUserdata
[2025-04-04 10:52:38] [INFO] [RESPONSE] Status: 200 Message: User details fetched successfully
[2025-04-04 10:52:38] [INFO] [RESPONSE] Status: 200 Message: Categories fetched successfully
[2025-04-04 10:52:38] [INFO] [REQUEST] GET /admin/fetch-all-categories?page=1&limit=100
[2025-04-04 10:52:38] [INFO] [REQUEST] GET /getUserdata
[2025-04-04 10:52:38] [INFO] [RESPONSE] Status: 200 Message: User details fetched successfully
[2025-04-04 10:52:38] [INFO] [RESPONSE] Status: 200 Message: Categories fetched successfully
[2025-04-04 10:52:43] [INFO] [REQUEST] GET /admin/fetch-all-categories?page=1&limit=100
[2025-04-04 10:52:43] [INFO] [REQUEST] GET /getUserdata
[2025-04-04 10:52:43] [INFO] [RESPONSE] Status: 200 Message: User details fetched successfully
[2025-04-04 10:52:43] [INFO] [RESPONSE] Status: 200 Message: Categories fetched successfully
[2025-04-04 10:52:43] [INFO] [REQUEST] GET /admin/fetch-all-categories?page=1&limit=100
[2025-04-04 10:52:43] [INFO] [REQUEST] GET /getUserdata
[2025-04-04 10:52:44] [INFO] [RESPONSE] Status: 200 Message: User details fetched successfully
[2025-04-04 10:52:44] [INFO] [RESPONSE] Status: 200 Message: Categories fetched successfully
[2025-04-04 10:52:48] [INFO] [REQUEST] GET /admin/fetch-all-categories?page=1&limit=100
[2025-04-04 10:52:48] [INFO] [REQUEST] GET /getUserdata
[2025-04-04 10:52:48] [INFO] [RESPONSE] Status: 200 Message: User details fetched successfully
[2025-04-04 10:52:48] [INFO] [RESPONSE] Status: 200 Message: Categories fetched successfully
[2025-04-04 10:52:50] [INFO] [REQUEST] GET /admin/fetch-all-categories?page=1&limit=100
[2025-04-04 10:52:50] [INFO] [REQUEST] GET /getUserdata
[2025-04-04 10:52:50] [INFO] [RESPONSE] Status: 200 Message: User details fetched successfully
[2025-04-04 10:52:50] [INFO] [RESPONSE] Status: 200 Message: Categories fetched successfully
[2025-04-04 10:52:50] [INFO] [REQUEST] GET /admin/fetch-all-categories?page=1&limit=100
[2025-04-04 10:52:50] [INFO] [REQUEST] GET /getUserdata
[2025-04-04 10:52:51] [INFO] [RESPONSE] Status: 200 Message: User details fetched successfully
[2025-04-04 10:52:51] [INFO] [RESPONSE] Status: 200 Message: Categories fetched successfully
[2025-04-04 10:52:51] [INFO] [REQUEST] GET /admin/fetch-all-categories?page=1&limit=100
[2025-04-04 10:52:51] [INFO] [REQUEST] GET /getUserdata
[2025-04-04 10:52:51] [INFO] [RESPONSE] Status: 200 Message: User details fetched successfully
[2025-04-04 10:52:51] [INFO] [RESPONSE] Status: 200 Message: Categories fetched successfully
[2025-04-04 10:52:51] [INFO] [REQUEST] GET /admin/fetch-all-categories?page=1&limit=100
[2025-04-04 10:52:51] [INFO] [REQUEST] GET /getUserdata
[2025-04-04 10:52:51] [INFO] [RESPONSE] Status: 200 Message: User details fetched successfully
[2025-04-04 10:52:51] [INFO] [RESPONSE] Status: 200 Message: Categories fetched successfully
[2025-04-04 10:52:51] [INFO] [REQUEST] GET /getUserdata
[2025-04-04 10:52:51] [INFO] [REQUEST] GET /admin/fetch-all-categories?page=1&limit=100
[2025-04-04 10:52:51] [INFO] [RESPONSE] Status: 200 Message: User details fetched successfully
[2025-04-04 10:52:51] [INFO] [REQUEST] GET /getUserdata
[2025-04-04 10:52:51] [INFO] [RESPONSE] Status: 200 Message: Categories fetched successfully
[2025-04-04 10:52:51] [INFO] [REQUEST] GET /admin/fetch-all-categories?page=1&limit=100
[2025-04-04 10:52:51] [INFO] [RESPONSE] Status: 200 Message: User details fetched successfully
[2025-04-04 10:52:51] [INFO] [REQUEST] GET /getUserdata
[2025-04-04 10:52:51] [INFO] [RESPONSE] Status: 200 Message: User details fetched successfully
[2025-04-04 10:52:51] [INFO] [RESPONSE] Status: 200 Message: Categories fetched successfully
[2025-04-04 10:52:51] [INFO] [REQUEST] GET /admin/fetch-all-categories?page=1&limit=100
[2025-04-04 10:52:51] [INFO] [REQUEST] GET /getUserdata
[2025-04-04 10:52:51] [INFO] [RESPONSE] Status: 200 Message: User details fetched successfully
[2025-04-04 10:52:51] [INFO] [RESPONSE] Status: 200 Message: Categories fetched successfully
[2025-04-04 10:52:51] [INFO] [REQUEST] GET /admin/fetch-all-categories?page=1&limit=100
[2025-04-04 10:52:51] [INFO] [REQUEST] GET /getUserdata
[2025-04-04 10:52:51] [INFO] [RESPONSE] Status: 200 Message: Categories fetched successfully
[2025-04-04 10:52:51] [INFO] [REQUEST] GET /admin/fetch-all-categories?page=1&limit=100
[2025-04-04 10:52:51] [INFO] [RESPONSE] Status: 200 Message: User details fetched successfully
[2025-04-04 10:52:51] [INFO] [RESPONSE] Status: 200 Message: Categories fetched successfully
[2025-04-04 10:52:52] [INFO] [REQUEST] GET /admin/fetch-all-categories?page=1&limit=100
[2025-04-04 10:52:52] [INFO] [REQUEST] GET /getUserdata
[2025-04-04 10:52:52] [INFO] [RESPONSE] Status: 200 Message: User details fetched successfully
[2025-04-04 10:52:52] [INFO] [REQUEST] GET /getUserdata
[2025-04-04 10:52:52] [INFO] [RESPONSE] Status: 200 Message: Categories fetched successfully
[2025-04-04 10:52:52] [INFO] [REQUEST] GET /admin/fetch-all-categories?page=1&limit=100
[2025-04-04 10:52:52] [INFO] [RESPONSE] Status: 200 Message: User details fetched successfully
[2025-04-04 10:52:52] [INFO] [REQUEST] GET /getUserdata
[2025-04-04 10:52:52] [INFO] [RESPONSE] Status: 200 Message: Categories fetched successfully
[2025-04-04 10:52:52] [INFO] [REQUEST] GET /admin/fetch-all-categories?page=1&limit=100
[2025-04-04 10:52:52] [INFO] [RESPONSE] Status: 200 Message: User details fetched successfully
[2025-04-04 10:52:52] [INFO] [REQUEST] GET /getUserdata
[2025-04-04 10:52:52] [INFO] [RESPONSE] Status: 200 Message: User details fetched successfully
[2025-04-04 10:52:52] [INFO] [RESPONSE] Status: 200 Message: Categories fetched successfully
[2025-04-04 10:52:52] [INFO] [REQUEST] GET /getUserdata
[2025-04-04 10:52:52] [INFO] [REQUEST] GET /admin/fetch-all-categories?page=1&limit=100
[2025-04-04 10:52:52] [INFO] [RESPONSE] Status: 200 Message: User details fetched successfully
[2025-04-04 10:52:52] [INFO] [REQUEST] GET /getUserdata
[2025-04-04 10:52:52] [INFO] [RESPONSE] Status: 200 Message: Categories fetched successfully
[2025-04-04 10:52:52] [INFO] [REQUEST] GET /admin/fetch-all-categories?page=1&limit=100
[2025-04-04 10:52:52] [INFO] [RESPONSE] Status: 200 Message: User details fetched successfully
[2025-04-04 10:52:52] [INFO] [REQUEST] GET /getUserdata
[2025-04-04 10:52:52] [INFO] [RESPONSE] Status: 200 Message: User details fetched successfully
[2025-04-04 10:52:52] [INFO] [REQUEST] GET /getUserdata
[2025-04-04 10:52:52] [INFO] [RESPONSE] Status: 200 Message: Categories fetched successfully
[2025-04-04 10:52:52] [INFO] [REQUEST] GET /admin/fetch-all-categories?page=1&limit=100
[2025-04-04 10:52:52] [INFO] [RESPONSE] Status: 200 Message: User details fetched successfully
[2025-04-04 10:52:52] [INFO] [REQUEST] GET /getUserdata
[2025-04-04 10:52:52] [INFO] [RESPONSE] Status: 200 Message: User details fetched successfully
[2025-04-04 10:52:52] [INFO] [REQUEST] GET /getUserdata
[2025-04-04 10:52:53] [INFO] [RESPONSE] Status: 200 Message: Categories fetched successfully
[2025-04-04 10:52:53] [INFO] [REQUEST] GET /admin/fetch-all-categories?page=1&limit=100
[2025-04-04 10:52:53] [INFO] [RESPONSE] Status: 200 Message: User details fetched successfully
[2025-04-04 10:52:53] [INFO] [REQUEST] GET /getUserdata
[2025-04-04 10:52:53] [INFO] [RESPONSE] Status: 200 Message: User details fetched successfully
[2025-04-04 10:52:53] [INFO] [RESPONSE] Status: 200 Message: Categories fetched successfully
[2025-04-04 10:52:53] [INFO] [REQUEST] GET /getUserdata
[2025-04-04 10:52:53] [INFO] [REQUEST] GET /admin/fetch-all-categories?page=1&limit=100
[2025-04-04 10:52:53] [INFO] [RESPONSE] Status: 200 Message: User details fetched successfully
[2025-04-04 10:52:53] [INFO] [REQUEST] GET /getUserdata
[2025-04-04 10:52:53] [INFO] [RESPONSE] Status: 200 Message: User details fetched successfully
[2025-04-04 10:52:53] [INFO] [REQUEST] GET /getUserdata
[2025-04-04 10:52:53] [INFO] [RESPONSE] Status: 200 Message: Categories fetched successfully
[2025-04-04 10:52:53] [INFO] [RESPONSE] Status: 200 Message: User details fetched successfully
[2025-04-04 10:52:53] [INFO] [REQUEST] GET /admin/fetch-all-categories?page=1&limit=100
[2025-04-04 10:52:53] [INFO] [REQUEST] GET /getUserdata
[2025-04-04 10:52:53] [INFO] [RESPONSE] Status: 200 Message: User details fetched successfully
[2025-04-04 10:52:53] [INFO] [REQUEST] GET /getUserdata
[2025-04-04 10:52:53] [INFO] [RESPONSE] Status: 200 Message: Categories fetched successfully
[2025-04-04 10:52:53] [INFO] [REQUEST] GET /admin/fetch-all-categories?page=1&limit=100
[2025-04-04 10:52:53] [INFO] [RESPONSE] Status: 200 Message: User details fetched successfully
[2025-04-04 10:52:53] [INFO] [REQUEST] GET /getUserdata
[2025-04-04 10:52:53] [INFO] [RESPONSE] Status: 200 Message: Categories fetched successfully
[2025-04-04 10:52:53] [INFO] [RESPONSE] Status: 200 Message: User details fetched successfully
[2025-04-04 10:52:53] [INFO] [REQUEST] GET /admin/fetch-all-categories?page=1&limit=100
[2025-04-04 10:52:53] [INFO] [REQUEST] GET /getUserdata
[2025-04-04 10:52:53] [INFO] [RESPONSE] Status: 200 Message: User details fetched successfully
[2025-04-04 10:52:53] [INFO] [REQUEST] GET /getUserdata
[2025-04-04 10:52:53] [INFO] [RESPONSE] Status: 200 Message: Categories fetched successfully
[2025-04-04 10:52:53] [INFO] [REQUEST] GET /admin/fetch-all-categories?page=1&limit=100
[2025-04-04 10:52:53] [INFO] [RESPONSE] Status: 200 Message: User details fetched successfully
[2025-04-04 10:52:53] [INFO] [REQUEST] GET /getUserdata
[2025-04-04 10:52:53] [INFO] [RESPONSE] Status: 200 Message: User details fetched successfully
[2025-04-04 10:52:53] [INFO] [REQUEST] GET /getUserdata
[2025-04-04 10:52:53] [INFO] [RESPONSE] Status: 200 Message: Categories fetched successfully
[2025-04-04 10:52:53] [INFO] [REQUEST] GET /admin/fetch-all-categories?page=1&limit=100
[2025-04-04 10:52:53] [INFO] [RESPONSE] Status: 200 Message: User details fetched successfully
[2025-04-04 10:52:53] [INFO] [REQUEST] GET /getUserdata
[2025-04-04 10:52:53] [INFO] [RESPONSE] Status: 200 Message: User details fetched successfully
[2025-04-04 10:52:53] [INFO] [REQUEST] GET /getUserdata
[2025-04-04 10:52:53] [INFO] [RESPONSE] Status: 200 Message: Categories fetched successfully
[2025-04-04 10:52:53] [INFO] [REQUEST] GET /admin/fetch-all-categories?page=1&limit=100
[2025-04-04 10:52:53] [INFO] [RESPONSE] Status: 200 Message: User details fetched successfully
[2025-04-04 10:52:53] [INFO] [REQUEST] GET /getUserdata
[2025-04-04 10:52:53] [INFO] [RESPONSE] Status: 200 Message: User details fetched successfully
[2025-04-04 10:52:53] [INFO] [REQUEST] GET /getUserdata
[2025-04-04 10:52:53] [INFO] [RESPONSE] Status: 200 Message: Categories fetched successfully
[2025-04-04 10:52:53] [INFO] [REQUEST] GET /admin/fetch-all-categories?page=1&limit=100
[2025-04-04 10:52:53] [INFO] [RESPONSE] Status: 200 Message: User details fetched successfully
[2025-04-04 10:52:53] [INFO] [REQUEST] GET /getUserdata
[2025-04-04 10:52:53] [INFO] [RESPONSE] Status: 200 Message: User details fetched successfully
[2025-04-04 10:52:53] [INFO] [REQUEST] GET /getUserdata
[2025-04-04 10:52:53] [INFO] [RESPONSE] Status: 200 Message: Categories fetched successfully
[2025-04-04 10:52:53] [INFO] [REQUEST] GET /admin/fetch-all-categories?page=1&limit=100
[2025-04-04 10:52:53] [INFO] [RESPONSE] Status: 200 Message: User details fetched successfully
[2025-04-04 10:52:53] [INFO] [REQUEST] GET /getUserdata
[2025-04-04 10:52:53] [INFO] [RESPONSE] Status: 200 Message: User details fetched successfully
[2025-04-04 10:52:54] [INFO] [RESPONSE] Status: 200 Message: Categories fetched successfully
[2025-04-04 10:52:54] [INFO] [REQUEST] GET /admin/fetch-all-categories?page=1&limit=100
[2025-04-04 10:52:54] [INFO] [RESPONSE] Status: 200 Message: Categories fetched successfully
[2025-04-04 10:52:54] [INFO] [REQUEST] GET /admin/fetch-all-categories?page=1&limit=100
[2025-04-04 10:52:54] [INFO] [RESPONSE] Status: 200 Message: Categories fetched successfully
[2025-04-04 10:52:54] [INFO] [REQUEST] GET /admin/fetch-all-categories?page=1&limit=100
[2025-04-04 10:52:54] [INFO] [RESPONSE] Status: 200 Message: Categories fetched successfully
[2025-04-04 10:52:54] [INFO] [REQUEST] GET /admin/fetch-all-categories?page=1&limit=100
[2025-04-04 10:52:54] [INFO] [RESPONSE] Status: 200 Message: Categories fetched successfully
[2025-04-04 10:52:54] [INFO] [REQUEST] GET /admin/fetch-all-categories?page=1&limit=100
[2025-04-04 10:52:54] [INFO] [RESPONSE] Status: 200 Message: Categories fetched successfully
[2025-04-04 10:52:54] [INFO] [REQUEST] GET /admin/fetch-all-categories?page=1&limit=100
[2025-04-04 10:52:54] [INFO] [RESPONSE] Status: 200 Message: Categories fetched successfully
[2025-04-04 10:52:54] [INFO] [REQUEST] GET /admin/fetch-all-categories?page=1&limit=100
[2025-04-04 10:52:54] [INFO] [RESPONSE] Status: 200 Message: Categories fetched successfully
[2025-04-04 10:52:54] [INFO] [REQUEST] GET /admin/fetch-all-categories?page=1&limit=100
[2025-04-04 10:52:54] [INFO] [RESPONSE] Status: 200 Message: Categories fetched successfully
[2025-04-04 10:52:54] [INFO] [REQUEST] GET /admin/fetch-all-categories?page=1&limit=100
[2025-04-04 10:52:54] [INFO] [RESPONSE] Status: 200 Message: Categories fetched successfully
[2025-04-04 10:52:54] [INFO] [REQUEST] GET /admin/fetch-all-categories?page=1&limit=100
[2025-04-04 10:52:54] [INFO] [RESPONSE] Status: 200 Message: Categories fetched successfully
[2025-04-04 10:52:54] [INFO] [REQUEST] GET /admin/fetch-all-categories?page=1&limit=100
[2025-04-04 10:52:55] [INFO] [RESPONSE] Status: 200 Message: Categories fetched successfully
[2025-04-04 10:52:55] [INFO] [REQUEST] GET /admin/fetch-all-categories?page=1&limit=100
[2025-04-04 10:52:55] [INFO] [RESPONSE] Status: 200 Message: Categories fetched successfully
[2025-04-04 10:52:56] [INFO] [REQUEST] GET /admin/fetch-all-categories?page=1&limit=100
[2025-04-04 10:52:56] [INFO] [REQUEST] GET /getUserdata
[2025-04-04 10:52:56] [INFO] [RESPONSE] Status: 200 Message: User details fetched successfully
[2025-04-04 10:52:56] [INFO] [RESPONSE] Status: 200 Message: Categories fetched successfully
[2025-04-04 10:52:58] [INFO] [REQUEST] GET /admin/fetch-all-categories?page=1&limit=100
[2025-04-04 10:52:58] [INFO] [REQUEST] GET /getUserdata
[2025-04-04 10:52:58] [INFO] [RESPONSE] Status: 200 Message: User details fetched successfully
[2025-04-04 10:52:58] [INFO] [RESPONSE] Status: 200 Message: Categories fetched successfully
[2025-04-04 10:53:01] [INFO] [REQUEST] GET /admin/fetch-all-categories?page=1&limit=100
[2025-04-04 10:53:01] [INFO] [REQUEST] GET /getUserdata
[2025-04-04 10:53:01] [INFO] [RESPONSE] Status: 200 Message: User details fetched successfully
[2025-04-04 10:53:01] [INFO] [RESPONSE] Status: 200 Message: Categories fetched successfully
[2025-04-04 10:53:47] [INFO] [REQUEST] GET /admin/fetch-all-categories?page=1&limit=100
[2025-04-04 10:53:47] [INFO] [REQUEST] GET /getUserdata
[2025-04-04 10:53:47] [INFO] [RESPONSE] Status: 200 Message: User details fetched successfully
[2025-04-04 10:53:47] [INFO] [RESPONSE] Status: 200 Message: Categories fetched successfully
[2025-04-04 10:53:49] [INFO] [REQUEST] GET /admin/fetch-all-categories?page=1&limit=100
[2025-04-04 10:53:49] [INFO] [REQUEST] GET /getUserdata
[2025-04-04 10:53:49] [INFO] [RESPONSE] Status: 200 Message: User details fetched successfully
[2025-04-04 10:53:49] [INFO] [RESPONSE] Status: 200 Message: Categories fetched successfully
[2025-04-04 10:53:54] [INFO] [REQUEST] GET /admin/fetch-all-categories?page=1&limit=100
[2025-04-04 10:53:54] [INFO] [REQUEST] GET /getUserdata
[2025-04-04 10:53:54] [INFO] [RESPONSE] Status: 200 Message: User details fetched successfully
[2025-04-04 10:53:54] [INFO] [RESPONSE] Status: 200 Message: Categories fetched successfully
[2025-04-04 10:53:54] [INFO] [REQUEST] GET /admin/fetch-all-categories?page=1&limit=100
[2025-04-04 10:53:54] [INFO] [REQUEST] GET /getUserdata
[2025-04-04 10:53:54] [INFO] [RESPONSE] Status: 200 Message: User details fetched successfully
[2025-04-04 10:53:54] [INFO] [RESPONSE] Status: 200 Message: Categories fetched successfully
[2025-04-04 10:53:55] [INFO] [REQUEST] GET /admin/fetch-all-categories?page=1&limit=100
[2025-04-04 10:53:55] [INFO] [REQUEST] GET /getUserdata
[2025-04-04 10:53:55] [INFO] [RESPONSE] Status: 200 Message: User details fetched successfully
[2025-04-04 10:53:55] [INFO] [RESPONSE] Status: 200 Message: Categories fetched successfully
[2025-04-04 10:54:06] [INFO] [REQUEST] GET /admin/fetch-all-categories?page=1&limit=100
[2025-04-04 10:54:06] [INFO] [REQUEST] GET /getUserdata
[2025-04-04 10:54:06] [INFO] [RESPONSE] Status: 200 Message: User details fetched successfully
[2025-04-04 10:54:06] [INFO] [REQUEST] GET /getUserdata
[2025-04-04 10:54:06] [INFO] [RESPONSE] Status: 200 Message: Categories fetched successfully
[2025-04-04 10:54:06] [INFO] [REQUEST] GET /admin/fetch-all-categories?page=1&limit=100
[2025-04-04 10:54:06] [INFO] [RESPONSE] Status: 200 Message: User details fetched successfully
[2025-04-04 10:54:06] [INFO] [RESPONSE] Status: 200 Message: Categories fetched successfully
[2025-04-04 10:54:08] [INFO] [REQUEST] GET /admin/fetch-all-categories?page=1&limit=100
[2025-04-04 10:54:08] [INFO] [REQUEST] GET /getUserdata
[2025-04-04 10:54:08] [INFO] [RESPONSE] Status: 200 Message: User details fetched successfully
[2025-04-04 10:54:08] [INFO] [REQUEST] GET /getUserdata
[2025-04-04 10:54:08] [INFO] [RESPONSE] Status: 200 Message: Categories fetched successfully
[2025-04-04 10:54:08] [INFO] [RESPONSE] Status: 200 Message: User details fetched successfully
[2025-04-04 10:55:26] [INFO] [REQUEST] POST /instructor/create-course
[2025-04-04 10:55:29] [INFO] [RESPONSE] Status: 201 Message: Course created successfully.
[2025-04-04 10:55:29] [INFO] [REQUEST] GET /getUserdata
[2025-04-04 10:55:29] [INFO] [REQUEST] GET /instructor/courses?page=1&limit=6&search=
[2025-04-04 10:55:29] [INFO] [RESPONSE] Status: 200 Message: User details fetched successfully
[2025-04-04 10:55:29] [INFO] [RESPONSE] Status: 200 Message: Courses fetched successfully.
[2025-04-04 10:56:32] [INFO] [REQUEST] OPTIONS /logout
[2025-04-04 10:56:32] [INFO] [REQUEST] POST /logout
[2025-04-04 10:56:32] [INFO] [RESPONSE] Status: 200 Message: User logged out successfully
[2025-04-04 10:56:46] [INFO] [REQUEST] OPTIONS /login
[2025-04-04 10:56:46] [INFO] [REQUEST] POST /login
[2025-04-04 10:56:46] [INFO] [RESPONSE] Status: 200 Message: Login successful.
[2025-04-04 10:56:55] [INFO] [REQUEST] GET /student/enrollments
[2025-04-04 10:56:55] [INFO] [RESPONSE] Status: 200 Message: Enrollments fetched successfully
[2025-04-04 10:57:01] [INFO] [REQUEST] GET /active-courses?page=1&limit=10
[2025-04-04 10:57:01] [INFO] [RESPONSE] Status: 200 Message: Active courses fetched successfully.
[2025-04-04 10:57:03] [INFO] [REQUEST] GET /courses/67ef6d49587929d08ab9d97d
[2025-04-04 10:57:03] [INFO] [REQUEST] GET /student/check-enrollment/67ef6d49587929d08ab9d97d
[2025-04-04 10:57:03] [INFO] [RESPONSE] Status: 200 Message: Course fetched successfully.
[2025-04-04 10:57:03] [INFO] [RESPONSE] Status: 200 Message: User is not enrolled in this course
[2025-04-04 10:57:18] [INFO] [REQUEST] OPTIONS /student/create-payment-intent
[2025-04-04 10:57:18] [INFO] [REQUEST] POST /student/create-payment-intent
[2025-04-04 10:57:18] [INFO] [RESPONSE] Status: 200 Message: Payment intent created successfully
[2025-04-04 10:57:19] [INFO] [REQUEST] OPTIONS /student/confirm-payment
[2025-04-04 10:57:19] [INFO] [REQUEST] POST /student/confirm-payment
[2025-04-04 10:57:20] [INFO] [RESPONSE] Status: 200 Message: Payment confirmed successfully
[2025-04-04 10:57:23] [INFO] [REQUEST] GET /courses/67ef6d49587929d08ab9d97d
[2025-04-04 10:57:23] [INFO] [REQUEST] GET /student/check-enrollment/67ef6d49587929d08ab9d97d
[2025-04-04 10:57:24] [INFO] [RESPONSE] Status: 200 Message: Course fetched successfully.
[2025-04-04 10:57:24] [INFO] [RESPONSE] Status: 200 Message: User is enrolled in this course
[2025-04-04 10:57:25] [INFO] [REQUEST] GET /active-courses?page=1&limit=10
[2025-04-04 10:57:25] [INFO] [RESPONSE] Status: 200 Message: Active courses fetched successfully.
[2025-04-04 10:57:28] [INFO] [REQUEST] GET /courses/67ef6d49587929d08ab9d97d
[2025-04-04 10:57:28] [INFO] [REQUEST] GET /student/check-enrollment/67ef6d49587929d08ab9d97d
[2025-04-04 10:57:28] [INFO] [RESPONSE] Status: 200 Message: Course fetched successfully.
[2025-04-04 10:57:28] [INFO] [RESPONSE] Status: 200 Message: User is enrolled in this course
[2025-04-04 10:57:37] [INFO] [REQUEST] GET /active-courses?page=1&limit=10
[2025-04-04 10:57:37] [INFO] [RESPONSE] Status: 200 Message: Active courses fetched successfully.
[2025-04-04 10:57:38] [INFO] [REQUEST] GET /courses/67ef6d49587929d08ab9d97d
[2025-04-04 10:57:38] [INFO] [REQUEST] GET /student/check-enrollment/67ef6d49587929d08ab9d97d
[2025-04-04 10:57:39] [INFO] [RESPONSE] Status: 200 Message: Course fetched successfully.
[2025-04-04 10:57:39] [INFO] [RESPONSE] Status: 200 Message: User is enrolled in this course
[2025-04-04 10:57:54] [INFO] [REQUEST] GET /student/enrollments
[2025-04-04 10:57:55] [INFO] [RESPONSE] Status: 200 Message: Enrollments fetched successfully
[2025-04-04 11:01:29] [INFO] [REQUEST] GET /student/enrollments
[2025-04-04 11:01:30] [INFO] [RESPONSE] Status: 200 Message: Enrollments fetched successfully
[2025-04-04 11:01:32] [INFO] [REQUEST] GET /student/enrollments
[2025-04-04 11:01:32] [INFO] [RESPONSE] Status: 200 Message: Enrollments fetched successfully
[2025-04-04 11:01:39] [INFO] [REQUEST] GET /student/enrollments
[2025-04-04 11:01:39] [INFO] [RESPONSE] Status: 200 Message: Enrollments fetched successfully
[2025-04-04 11:01:49] [INFO] [REQUEST] GET /student/enrollments
[2025-04-04 11:01:49] [INFO] [RESPONSE] Status: 200 Message: Enrollments fetched successfully
[2025-04-04 11:04:56] [INFO] [REQUEST] GET /student/enrollments
[2025-04-04 11:04:56] [INFO] [RESPONSE] Status: 200 Message: Enrollments fetched successfully
[2025-04-04 11:04:57] [INFO] [REQUEST] GET /student/enrollments
[2025-04-04 11:04:57] [INFO] [RESPONSE] Status: 200 Message: Enrollments fetched successfully
[2025-04-04 11:05:05] [INFO] [REQUEST] GET /student/enrollments
[2025-04-04 11:05:05] [INFO] [RESPONSE] Status: 200 Message: Enrollments fetched successfully
[2025-04-04 11:05:06] [INFO] [REQUEST] GET /student/enrollments
[2025-04-04 11:05:06] [INFO] [RESPONSE] Status: 200 Message: Enrollments fetched successfully
[2025-04-04 11:05:09] [INFO] [REQUEST] GET /student/enrollments
[2025-04-04 11:05:09] [INFO] [RESPONSE] Status: 200 Message: Enrollments fetched successfully
[2025-04-04 11:05:27] [INFO] [REQUEST] GET /student/enrollments
[2025-04-04 11:05:28] [INFO] [RESPONSE] Status: 200 Message: Enrollments fetched successfully
[2025-04-04 11:05:30] [INFO] [REQUEST] GET /student/enrollments
[2025-04-04 11:05:30] [INFO] [RESPONSE] Status: 200 Message: Enrollments fetched successfully
[2025-04-04 11:05:36] [INFO] [REQUEST] GET /student/enrollments
[2025-04-04 11:05:36] [INFO] [RESPONSE] Status: 200 Message: Enrollments fetched successfully
[2025-04-04 11:09:08] [INFO] [REQUEST] GET /student/enrollments
[2025-04-04 11:09:08] [INFO] [RESPONSE] Status: 200 Message: Enrollments fetched successfully
[2025-04-04 11:14:09] [INFO] [REQUEST] GET /active-courses?page=1&limit=10
[2025-04-04 11:14:09] [INFO] [RESPONSE] Status: 200 Message: Active courses fetched successfully.
[2025-04-04 12:08:40] [INFO] [REQUEST] GET /active-courses?page=1&limit=10
[2025-04-04 12:08:41] [INFO] [RESPONSE] Status: 200 Message: Active courses fetched successfully.
[2025-04-04 12:09:11] [INFO] [REQUEST] GET /active-courses?page=1&limit=10&search=a
[2025-04-04 12:09:11] [INFO] [RESPONSE] Status: 200 Message: Active courses fetched successfully.
[2025-04-04 12:09:12] [INFO] [REQUEST] GET /active-courses?page=1&limit=10&search=ac
[2025-04-04 12:09:12] [INFO] [RESPONSE] Status: 200 Message: Active courses fetched successfully.
[2025-04-04 12:09:13] [INFO] [REQUEST] GET /active-courses?page=1&limit=10&search=a
[2025-04-04 12:09:14] [INFO] [RESPONSE] Status: 200 Message: Active courses fetched successfully.
[2025-04-04 12:09:15] [INFO] [REQUEST] GET /active-courses?page=1&limit=10&search=ad
[2025-04-04 12:09:15] [INFO] [RESPONSE] Status: 200 Message: Active courses fetched successfully.
[2025-04-04 12:09:16] [INFO] [REQUEST] GET /active-courses?page=1&limit=10&search=adc
[2025-04-04 12:09:17] [INFO] [RESPONSE] Status: 200 Message: Active courses fetched successfully.
[2025-04-04 12:09:18] [INFO] [REQUEST] GET /active-courses?page=1&limit=10&search=ad
[2025-04-04 12:09:18] [INFO] [RESPONSE] Status: 200 Message: Active courses fetched successfully.
[2025-04-04 12:09:18] [INFO] [REQUEST] GET /active-courses?page=1&limit=10&search=a
[2025-04-04 12:09:18] [INFO] [RESPONSE] Status: 200 Message: Active courses fetched successfully.
[2025-04-04 12:09:18] [INFO] [REQUEST] GET /active-courses?page=1&limit=10
[2025-04-04 12:09:19] [INFO] [RESPONSE] Status: 200 Message: Active courses fetched successfully.
[2025-04-04 12:09:39] [INFO] [REQUEST] GET /courses/67ef6d49587929d08ab9d97d
[2025-04-04 12:09:39] [INFO] [REQUEST] GET /student/check-enrollment/67ef6d49587929d08ab9d97d
[2025-04-04 12:09:40] [INFO] [RESPONSE] Status: 200 Message: Course fetched successfully.
[2025-04-04 12:09:40] [INFO] [RESPONSE] Status: 200 Message: User is enrolled in this course
[2025-04-04 12:09:42] [INFO] [REQUEST] GET /active-courses?page=1&limit=10
[2025-04-04 12:09:43] [INFO] [RESPONSE] Status: 200 Message: Active courses fetched successfully.
[2025-04-04 12:10:05] [INFO] [REQUEST] GET /courses/67ef6d49587929d08ab9d97d
[2025-04-04 12:10:05] [INFO] [REQUEST] GET /student/check-enrollment/67ef6d49587929d08ab9d97d
[2025-04-04 12:10:05] [INFO] [RESPONSE] Status: 200 Message: Course fetched successfully.
[2025-04-04 12:10:06] [INFO] [RESPONSE] Status: 200 Message: User is enrolled in this course
[2025-04-04 12:10:11] [INFO] [REQUEST] GET /active-courses?page=1&limit=10
[2025-04-04 12:10:11] [INFO] [RESPONSE] Status: 200 Message: Active courses fetched successfully.
[2025-04-04 12:10:17] [INFO] [REQUEST] GET /active-courses?page=1&limit=10
[2025-04-04 12:10:17] [INFO] [RESPONSE] Status: 200 Message: Active courses fetched successfully.
[2025-04-04 12:10:29] [INFO] [REQUEST] GET /active-courses?page=1&limit=10
[2025-04-04 12:10:29] [INFO] [RESPONSE] Status: 200 Message: Active courses fetched successfully.
[2025-04-04 12:10:30] [INFO] [REQUEST] GET /active-courses?page=1&limit=10
[2025-04-04 12:10:30] [INFO] [RESPONSE] Status: 200 Message: Active courses fetched successfully.
[2025-04-04 12:10:31] [INFO] [REQUEST] GET /active-courses?page=1&limit=10
[2025-04-04 12:10:31] [INFO] [RESPONSE] Status: 200 Message: Active courses fetched successfully.
[2025-04-04 12:16:00] [INFO] [REQUEST] GET /active-courses?page=1&limit=10
[2025-04-04 12:16:01] [INFO] [RESPONSE] Status: 200 Message: Active courses fetched successfully.
[2025-04-04 12:16:16] [INFO] [REQUEST] GET /active-courses?page=1&limit=10&sortField=updatedAt&sortOrder=desc
[2025-04-04 12:16:16] [INFO] [RESPONSE] Status: 200 Message: Active courses fetched successfully.
[2025-04-04 12:36:19] [INFO] [REQUEST] GET /active-courses?page=1&limit=10&sortField=updatedAt&sortOrder=desc
[2025-04-04 12:36:19] [INFO] [RESPONSE] Status: 200 Message: Active courses fetched successfully.
[2025-04-04 12:36:23] [INFO] [REQUEST] GET /active-courses?page=1&limit=10&level=beginner&sortField=updatedAt&sortOrder=desc
[2025-04-04 12:36:23] [INFO] [RESPONSE] Status: 200 Message: Active courses fetched successfully.
[2025-04-04 12:36:30] [INFO] [REQUEST] GET /active-courses?page=1&limit=10&sortField=updatedAt&sortOrder=desc
[2025-04-04 12:36:30] [INFO] [RESPONSE] Status: 200 Message: Active courses fetched successfully.
[2025-04-04 12:36:34] [INFO] [REQUEST] GET /active-courses?page=1&limit=10&pricingType=free&sortField=updatedAt&sortOrder=desc
[2025-04-04 12:36:34] [INFO] [RESPONSE] Status: 200 Message: Active courses fetched successfully.
[2025-04-04 12:36:38] [INFO] [REQUEST] GET /active-courses?page=1&limit=10&pricingType=paid&sortField=updatedAt&sortOrder=desc
[2025-04-04 12:36:38] [INFO] [RESPONSE] Status: 200 Message: Active courses fetched successfully.
[2025-04-04 12:36:49] [INFO] [REQUEST] GET /active-courses?page=1&limit=10&pricingType=paid&sortField=price&sortOrder=asc
[2025-04-04 12:36:49] [INFO] [RESPONSE] Status: 200 Message: Active courses fetched successfully.
[2025-04-04 12:36:59] [INFO] [REQUEST] GET /active-courses?page=1&limit=10&pricingType=paid&sortField=studentsEnrolled&sortOrder=desc
[2025-04-04 12:36:59] [INFO] [RESPONSE] Status: 200 Message: Active courses fetched successfully.
[2025-04-04 12:37:03] [INFO] [REQUEST] GET /active-courses?page=1&limit=10&sortField=studentsEnrolled&sortOrder=desc
[2025-04-04 12:37:04] [INFO] [RESPONSE] Status: 200 Message: Active courses fetched successfully.
[2025-04-04 12:37:06] [INFO] [REQUEST] GET /active-courses?page=1&limit=10&sortField=price&sortOrder=asc
[2025-04-04 12:37:06] [INFO] [RESPONSE] Status: 200 Message: Active courses fetched successfully.
[2025-04-04 12:37:10] [INFO] [REQUEST] GET /active-courses?page=1&limit=10&search=w&sortField=price&sortOrder=asc
[2025-04-04 12:37:10] [INFO] [RESPONSE] Status: 200 Message: Active courses fetched successfully.
[2025-04-04 12:37:12] [INFO] [REQUEST] GET /active-courses?page=1&limit=10&sortField=price&sortOrder=asc
[2025-04-04 12:37:12] [INFO] [RESPONSE] Status: 200 Message: Active courses fetched successfully.
