[2025-03-08 09:21:11] [INFO] [REQUEST] GET /admin/fetchAllRequestedUsers?page=1&limit=9
[2025-03-08 09:21:12] [INFO] [RESPONSE] Status: 200 Message: Requested users fetched successfully
[2025-03-08 09:21:16] [INFO] [REQUEST] GET /admin/fetchAllRequestedUsers?page=2&limit=9
[2025-03-08 09:21:16] [INFO] [RESPONSE] Status: 200 Message: Requested users fetched successfully
[2025-03-08 09:22:43] [INFO] [REQUEST] GET /admin/fetchAllStudents?page=1&limit=10
[2025-03-08 09:22:43] [INFO] [RESPONSE] Status: 200 Message: Students fetched successfully
[2025-03-08 09:22:50] [INFO] [REQUEST] GET /admin/fetchAllStudents?page=2&limit=10
[2025-03-08 09:22:50] [INFO] [RESPONSE] Status: 200 Message: Students fetched successfully
[2025-03-08 09:22:55] [INFO] [REQUEST] GET /admin/fetchAllStudents?page=1&limit=10
[2025-03-08 09:22:55] [INFO] [RESPONSE] Status: 200 Message: Students fetched successfully
[2025-03-08 09:22:56] [INFO] [REQUEST] GET /admin/fetchAllInstructors?page=1&limit=10
[2025-03-08 09:22:56] [INFO] [RESPONSE] Status: 200 Message: Instructors fetched successfully
[2025-03-08 09:23:34] [INFO] [REQUEST] GET /admin/fetchAllStudents?page=1&limit=10
[2025-03-08 09:23:34] [INFO] [RESPONSE] Status: 200 Message: Students fetched successfully
[2025-03-08 09:29:31] [INFO] [REQUEST] GET /admin/fetchAllStudents?page=1&limit=10
[2025-03-08 09:29:31] [INFO] [RESPONSE] Status: 200 Message: Students fetched successfully
[2025-03-08 09:29:36] [INFO] [REQUEST] GET /admin/fetchAllStudents?page=2&limit=10
[2025-03-08 09:29:36] [INFO] [RESPONSE] Status: 200 Message: Students fetched successfully
[2025-03-08 09:29:47] [INFO] [REQUEST] GET /admin/fetchAllRequestedUsers?page=1&limit=9
[2025-03-08 09:29:48] [INFO] [RESPONSE] Status: 200 Message: Requested users fetched successfully
[2025-03-08 09:29:50] [INFO] [REQUEST] GET /admin/fetchAllRequestedUsers?page=2&limit=9
[2025-03-08 09:29:50] [INFO] [RESPONSE] Status: 200 Message: Requested users fetched successfully
[2025-03-08 09:30:11] [INFO] [REQUEST] OPTIONS /admin/approve-instructor/67cb2929831bcc446277a9ed
[2025-03-08 09:30:11] [INFO] [REQUEST] PATCH /admin/approve-instructor/67cb2929831bcc446277a9ed
[2025-03-08 09:30:11] [INFO] [RESPONSE] Status: 200 Message: User has been approved as an Instructor successfully.
[2025-03-08 09:30:11] [INFO] [REQUEST] GET /admin/fetchAllRequestedUsers?page=2&limit=9
[2025-03-08 09:30:11] [INFO] [RESPONSE] Status: 200 Message: Requested users fetched successfully
[2025-03-08 09:30:14] [INFO] [REQUEST] GET /admin/fetchAllStudents?page=1&limit=10
[2025-03-08 09:30:14] [INFO] [RESPONSE] Status: 200 Message: Students fetched successfully
[2025-03-08 09:30:17] [INFO] [REQUEST] GET /admin/fetchAllStudents?page=2&limit=10
[2025-03-08 09:30:17] [INFO] [RESPONSE] Status: 200 Message: Students fetched successfully
[2025-03-08 09:30:22] [INFO] [REQUEST] GET /admin/fetchAllInstructors?page=1&limit=10
[2025-03-08 09:30:22] [INFO] [RESPONSE] Status: 200 Message: Instructors fetched successfully
[2025-03-08 11:05:36] [INFO] [REQUEST] OPTIONS /logout
[2025-03-08 11:05:36] [INFO] [REQUEST] POST /logout
[2025-03-08 11:05:36] [INFO] [RESPONSE] Status: 200 Message: User logged out successfully
[2025-03-08 11:07:35] [INFO] [REQUEST] OPTIONS /login
[2025-03-08 11:07:35] [INFO] [REQUEST] POST /login
[2025-03-08 11:07:35] [INFO] [RESPONSE] Status: 400 Message: User not found.
[2025-03-08 11:07:40] [INFO] [REQUEST] OPTIONS /login
[2025-03-08 11:07:40] [INFO] [REQUEST] POST /login
[2025-03-08 11:07:40] [INFO] [RESPONSE] Status: 400 Message: User not found.
[2025-03-08 11:07:53] [INFO] [REQUEST] OPTIONS /login
[2025-03-08 11:07:53] [INFO] [REQUEST] POST /login
[2025-03-08 11:07:53] [INFO] [RESPONSE] Status: 400 Message: User not found.
[2025-03-08 11:08:02] [INFO] [REQUEST] OPTIONS /login
[2025-03-08 11:08:02] [INFO] [REQUEST] POST /login
[2025-03-08 11:08:02] [INFO] [RESPONSE] Status: 400 Message: Invalid password.
[2025-03-08 11:08:10] [INFO] [REQUEST] OPTIONS /login
[2025-03-08 11:08:10] [INFO] [REQUEST] POST /login
[2025-03-08 11:08:10] [INFO] [RESPONSE] Status: 200 Message: Login successful.
[2025-03-08 11:10:15] [INFO] [REQUEST] GET /admin/fetchAllInstructors?page=1&limit=10
[2025-03-08 11:10:15] [INFO] [RESPONSE] Status: 200 Message: Instructors fetched successfully
[2025-03-08 11:10:37] [INFO] [REQUEST] OPTIONS /student-profile
[2025-03-08 11:10:37] [INFO] [REQUEST] PUT /student-profile
[2025-03-08 11:10:38] [INFO] [RESPONSE] Status: 200 Message: Profile updated successfully.
[2025-03-08 11:10:45] [INFO] [REQUEST] OPTIONS /logout
[2025-03-08 11:10:45] [INFO] [REQUEST] POST /logout
[2025-03-08 11:10:45] [INFO] [RESPONSE] Status: 200 Message: User logged out successfully
[2025-03-08 11:11:02] [INFO] [REQUEST] OPTIONS /login
[2025-03-08 11:11:02] [INFO] [REQUEST] POST /login
[2025-03-08 11:11:02] [INFO] [RESPONSE] Status: 200 Message: Login successful.
[2025-03-08 11:12:06] [INFO] [REQUEST] OPTIONS /logout
[2025-03-08 11:12:06] [INFO] [REQUEST] POST /logout
[2025-03-08 11:12:06] [INFO] [RESPONSE] Status: 200 Message: User logged out successfully
[2025-03-08 11:12:22] [INFO] [REQUEST] OPTIONS /login
[2025-03-08 11:12:22] [INFO] [REQUEST] POST /login
[2025-03-08 11:12:22] [INFO] [RESPONSE] Status: 200 Message: Login successful.
[2025-03-08 11:12:35] [INFO] [REQUEST] OPTIONS /student-profile
[2025-03-08 11:12:35] [INFO] [REQUEST] PUT /student-profile
[2025-03-08 11:12:36] [INFO] [RESPONSE] Status: 200 Message: Profile updated successfully.
[2025-03-08 11:30:32] [INFO] [REQUEST] GET /admin/fetchAllInstructors?page=1&limit=10
[2025-03-08 11:30:33] [INFO] [RESPONSE] Status: 200 Message: Instructors fetched successfully
[2025-03-08 11:39:15] [INFO] [REQUEST] OPTIONS /student-profile
[2025-03-08 11:39:15] [INFO] [REQUEST] PUT /student-profile
[2025-03-08 11:39:16] [INFO] [RESPONSE] Status: 200 Message: Profile updated successfully.
[2025-03-08 11:39:23] [INFO] [REQUEST] GET /admin/fetchAllInstructors?page=1&limit=10
[2025-03-08 11:39:23] [INFO] [RESPONSE] Status: 200 Message: Instructors fetched successfully
[2025-03-08 11:39:25] [INFO] [REQUEST] GET /admin/fetchAllInstructors?page=1&limit=10
[2025-03-08 11:39:25] [INFO] [RESPONSE] Status: 200 Message: Instructors fetched successfully
[2025-03-08 11:54:35] [INFO] [REQUEST] OPTIONS /student-profile
[2025-03-08 11:54:35] [INFO] [REQUEST] PUT /student-profile
[2025-03-08 11:54:35] [INFO] [RESPONSE] Status: 200 Message: Profile updated successfully.
[2025-03-08 11:54:50] [INFO] [REQUEST] OPTIONS /student-profile
[2025-03-08 11:54:50] [INFO] [REQUEST] PUT /student-profile
[2025-03-08 11:54:50] [INFO] [RESPONSE] Status: 200 Message: Profile updated successfully.
[2025-03-08 12:01:31] [INFO] [REQUEST] OPTIONS /student-profile
[2025-03-08 12:01:31] [INFO] [REQUEST] PUT /student-profile
[2025-03-08 12:01:31] [INFO] [RESPONSE] Status: 400 Message: Name cannot be empty
[2025-03-08 16:16:38] [INFO] [REQUEST] OPTIONS /student-profile
[2025-03-08 16:16:38] [INFO] [REQUEST] PUT /student-profile
[2025-03-08 16:16:38] [INFO] [RESPONSE] Status: 400 Message: An error occurred while updating the profile.
[2025-03-08 16:17:37] [INFO] [REQUEST] GET /admin/fetchAllInstructors?page=1&limit=10
[2025-03-08 16:17:37] [INFO] [RESPONSE] Status: 200 Message: Instructors fetched successfully
[2025-03-08 16:23:28] [INFO] [REQUEST] OPTIONS /student-profile
[2025-03-08 16:23:28] [INFO] [REQUEST] PUT /student-profile
[2025-03-08 16:23:28] [INFO] [RESPONSE] Status: 200 Message: Profile updated successfully.
[2025-03-08 16:31:47] [INFO] [REQUEST] OPTIONS /student-profile
[2025-03-08 16:31:47] [INFO] [REQUEST] PUT /student-profile
[2025-03-08 16:31:47] [INFO] [RESPONSE] Status: 200 Message: Profile updated successfully.
[2025-03-08 16:36:10] [INFO] [REQUEST] OPTIONS /student-profile
[2025-03-08 16:36:10] [INFO] [REQUEST] PUT /student-profile
[2025-03-08 16:36:11] [INFO] [RESPONSE] Status: 200 Message: Profile updated successfully.
[2025-03-08 16:39:15] [INFO] [REQUEST] OPTIONS /student-profile
[2025-03-08 16:39:15] [INFO] [REQUEST] PUT /student-profile
[2025-03-08 16:39:15] [INFO] [RESPONSE] Status: 200 Message: Profile updated successfully.
[2025-03-08 16:39:43] [INFO] [REQUEST] OPTIONS /student-profile
[2025-03-08 16:39:43] [INFO] [REQUEST] PUT /student-profile
[2025-03-08 16:39:43] [INFO] [RESPONSE] Status: 200 Message: Profile updated successfully.
[2025-03-08 16:39:54] [INFO] [REQUEST] OPTIONS /student-profile
[2025-03-08 16:39:54] [INFO] [REQUEST] PUT /student-profile
[2025-03-08 16:39:54] [INFO] [RESPONSE] Status: 200 Message: Profile updated successfully.
[2025-03-08 16:40:03] [INFO] [REQUEST] OPTIONS /student-profile
[2025-03-08 16:40:03] [INFO] [REQUEST] PUT /student-profile
[2025-03-08 16:40:03] [INFO] [RESPONSE] Status: 200 Message: Profile updated successfully.
[2025-03-08 16:47:27] [INFO] [REQUEST] OPTIONS /student-profile
[2025-03-08 16:47:27] [INFO] [REQUEST] PUT /student-profile
[2025-03-08 16:47:28] [INFO] [RESPONSE] Status: 200 Message: Profile updated successfully.
[2025-03-08 16:47:49] [INFO] [REQUEST] OPTIONS /student-profile
[2025-03-08 16:47:49] [INFO] [REQUEST] PUT /student-profile
[2025-03-08 16:47:49] [INFO] [RESPONSE] Status: 200 Message: Profile updated successfully.
[2025-03-08 16:47:56] [INFO] [REQUEST] OPTIONS /student-profile
[2025-03-08 16:47:56] [INFO] [REQUEST] PUT /student-profile
[2025-03-08 16:47:57] [INFO] [RESPONSE] Status: 200 Message: Profile updated successfully.
[2025-03-08 16:49:57] [INFO] [REQUEST] OPTIONS /student-profile
[2025-03-08 16:49:57] [INFO] [REQUEST] PUT /student-profile
[2025-03-08 16:49:57] [INFO] [RESPONSE] Status: 200 Message: Profile updated successfully.
[2025-03-08 16:50:04] [INFO] [REQUEST] OPTIONS /student-profile
[2025-03-08 16:50:04] [INFO] [REQUEST] PUT /student-profile
[2025-03-08 16:50:04] [INFO] [RESPONSE] Status: 200 Message: Profile updated successfully.
[2025-03-08 16:50:36] [INFO] [REQUEST] GET /admin/fetchAllInstructors?page=1&limit=10
[2025-03-08 16:50:37] [INFO] [RESPONSE] Status: 200 Message: Instructors fetched successfully
[2025-03-08 17:31:29] [INFO] [REQUEST] GET /admin/fetchAllInstructors?page=1&limit=10
[2025-03-08 17:31:30] [INFO] [RESPONSE] Status: 200 Message: Instructors fetched successfully
[2025-03-08 18:53:55] [INFO] [REQUEST] OPTIONS /logout
[2025-03-08 18:53:56] [INFO] [REQUEST] POST /logout
[2025-03-08 18:53:56] [INFO] [RESPONSE] Status: 200 Message: User logged out successfully
[2025-03-08 18:54:20] [INFO] [REQUEST] OPTIONS /forgot-pass
[2025-03-08 18:54:20] [INFO] [REQUEST] POST /forgot-pass
[2025-03-08 18:54:25] [INFO] [RESPONSE] Status: 200 Message: OTP sent to your email. Please verify.
[2025-03-08 18:54:41] [INFO] [REQUEST] OPTIONS /forgot-pass
[2025-03-08 18:54:41] [INFO] [REQUEST] POST /forgot-pass
[2025-03-08 18:54:41] [INFO] [RESPONSE] Status: 400 Message: Invalid email. Please try with your registered email.
[2025-03-08 18:54:54] [INFO] [REQUEST] OPTIONS /forgot-pass
[2025-03-08 18:54:54] [INFO] [REQUEST] POST /forgot-pass
[2025-03-08 18:54:58] [INFO] [RESPONSE] Status: 200 Message: OTP sent to your email. Please verify.
[2025-03-08 18:55:08] [INFO] [REQUEST] OPTIONS /otp-verification
[2025-03-08 18:55:08] [INFO] [REQUEST] POST /otp-verification
[2025-03-08 18:55:08] [INFO] [RESPONSE] Status: 200 Message: OTP verified. Reset your password
[2025-03-08 18:55:32] [INFO] [REQUEST] OPTIONS /reset-password
[2025-03-08 18:55:32] [INFO] [REQUEST] POST /reset-password
[2025-03-08 18:55:32] [INFO] [RESPONSE] Status: 200 Message: Password reset successful
[2025-03-08 18:55:42] [INFO] [REQUEST] OPTIONS /google-auth
[2025-03-08 18:55:42] [INFO] [REQUEST] POST /google-auth
[2025-03-08 18:55:42] [INFO] [RESPONSE] Status: 200 Message: Google authentication successful
[2025-03-08 18:56:09] [INFO] [REQUEST] OPTIONS /logout
[2025-03-08 18:56:09] [INFO] [REQUEST] POST /logout
[2025-03-08 18:56:09] [INFO] [RESPONSE] Status: 200 Message: User logged out successfully
[2025-03-08 18:56:35] [INFO] [REQUEST] OPTIONS /login
[2025-03-08 18:56:35] [INFO] [REQUEST] POST /login
[2025-03-08 18:56:35] [INFO] [RESPONSE] Status: 200 Message: Login successful.
[2025-03-08 18:57:12] [INFO] [REQUEST] OPTIONS /student-profile
[2025-03-08 18:57:12] [INFO] [REQUEST] PUT /student-profile
[2025-03-08 18:57:13] [INFO] [RESPONSE] Status: 200 Message: Profile updated successfully.
[2025-03-08 18:57:21] [INFO] [REQUEST] OPTIONS /student-profile
[2025-03-08 18:57:21] [INFO] [REQUEST] PUT /student-profile
[2025-03-08 18:57:22] [INFO] [RESPONSE] Status: 200 Message: Profile updated successfully.
[2025-03-08 18:58:37] [INFO] [REQUEST] GET /admin/fetchAllInstructors?page=1&limit=10
[2025-03-08 18:58:37] [INFO] [RESPONSE] Status: 200 Message: Instructors fetched successfully
[2025-03-08 19:06:25] [INFO] [REQUEST] OPTIONS /student-profile
[2025-03-08 19:06:25] [INFO] [REQUEST] PUT /student-profile
[2025-03-08 19:06:25] [INFO] [RESPONSE] Status: 400 Message: Username is required
[2025-03-08 19:11:42] [INFO] [REQUEST] OPTIONS /student-profile
[2025-03-08 19:11:42] [INFO] [REQUEST] PUT /student-profile
[2025-03-08 19:11:42] [INFO] [RESPONSE] Status: 200 Message: Profile updated successfully.
[2025-03-08 19:12:13] [INFO] [REQUEST] OPTIONS /student-profile
[2025-03-08 19:12:13] [INFO] [REQUEST] PUT /student-profile
[2025-03-08 19:12:14] [INFO] [RESPONSE] Status: 200 Message: Profile updated successfully.
[2025-03-08 19:12:26] [INFO] [REQUEST] OPTIONS /student-profile
[2025-03-08 19:12:26] [INFO] [REQUEST] PUT /student-profile
[2025-03-08 19:12:26] [INFO] [RESPONSE] Status: 200 Message: Profile updated successfully.
[2025-03-08 19:47:38] [INFO] [REQUEST] GET /admin/fetchAllInstructors?page=1&limit=10
[2025-03-08 19:47:38] [INFO] [RESPONSE] Status: 200 Message: Instructors fetched successfully
[2025-03-08 19:47:41] [INFO] [REQUEST] GET /admin/fetchAllStudents?page=1&limit=10
[2025-03-08 19:47:42] [INFO] [RESPONSE] Status: 200 Message: Students fetched successfully
[2025-03-08 19:47:45] [INFO] [REQUEST] GET /admin/fetchAllStudents?page=2&limit=10
[2025-03-08 19:47:46] [INFO] [RESPONSE] Status: 200 Message: Students fetched successfully
[2025-03-08 19:47:51] [INFO] [REQUEST] GET /admin/fetchAllStudents?page=1&limit=10
[2025-03-08 19:47:51] [INFO] [RESPONSE] Status: 200 Message: Students fetched successfully
