[2025-04-05 09:01:18] [INFO] [REQUEST] GET /courses/67ef6d49587929d08ab9d97d
[2025-04-05 09:01:19] [INFO] [RESPONSE] Status: 200 Message: Course fetched successfully.
[2025-04-05 09:10:03] [INFO] [REQUEST] GET /courses/67ef6d49587929d08ab9d97d
[2025-04-05 09:10:03] [INFO] [RESPONSE] Status: 200 Message: Course fetched successfully.
[2025-04-05 09:22:49] [INFO] [REQUEST] GET /courses/67ef6d49587929d08ab9d97d
[2025-04-05 09:22:50] [INFO] [RESPONSE] Status: 200 Message: Course fetched successfully.
[2025-04-05 09:30:14] [INFO] [REQUEST] GET /courses/67ef6d49587929d08ab9d97d
[2025-04-05 09:30:14] [INFO] [RESPONSE] Status: 200 Message: Course fetched successfully.
[2025-04-05 09:30:20] [INFO] [REQUEST] GET /courses/67ef6d49587929d08ab9d97d
[2025-04-05 09:30:21] [INFO] [RESPONSE] Status: 200 Message: Course fetched successfully.
[2025-04-05 09:34:49] [INFO] [REQUEST] GET /courses/67ef6d49587929d08ab9d97d
[2025-04-05 09:34:49] [INFO] [RESPONSE] Status: 200 Message: Course fetched successfully.
[2025-04-05 09:35:06] [INFO] [REQUEST] GET /courses/67ef6d49587929d08ab9d97d
[2025-04-05 09:35:06] [INFO] [RESPONSE] Status: 200 Message: Course fetched successfully.
[2025-04-05 09:35:26] [INFO] [REQUEST] GET /courses/67ef6d49587929d08ab9d97d
[2025-04-05 09:35:26] [INFO] [RESPONSE] Status: 200 Message: Course fetched successfully.
[2025-04-05 09:53:48] [INFO] [REQUEST] GET /courses/67ef6d49587929d08ab9d97d
[2025-04-05 09:53:48] [INFO] [RESPONSE] Status: 200 Message: Course fetched successfully.
[2025-04-05 09:54:01] [INFO] [REQUEST] GET /courses/67ef6d49587929d08ab9d97d
[2025-04-05 09:54:01] [INFO] [RESPONSE] Status: 200 Message: Course fetched successfully.
[2025-04-05 09:54:45] [INFO] [REQUEST] GET /courses/67ef6d49587929d08ab9d97d
[2025-04-05 09:54:46] [INFO] [RESPONSE] Status: 200 Message: Course fetched successfully.
[2025-04-05 09:56:00] [INFO] [REQUEST] GET /courses/67ef6d49587929d08ab9d97d
[2025-04-05 09:56:00] [INFO] [RESPONSE] Status: 200 Message: Course fetched successfully.
[2025-04-05 10:01:10] [INFO] [REQUEST] GET /courses/67ef6d49587929d08ab9d97d
[2025-04-05 10:01:10] [INFO] [RESPONSE] Status: 200 Message: Course fetched successfully.
[2025-04-05 10:01:21] [INFO] [REQUEST] GET /courses/67ef6d49587929d08ab9d97d
[2025-04-05 10:01:21] [INFO] [RESPONSE] Status: 200 Message: Course fetched successfully.
[2025-04-05 10:01:26] [INFO] [REQUEST] GET /courses/67ef6d49587929d08ab9d97d
[2025-04-05 10:01:26] [INFO] [RESPONSE] Status: 200 Message: Course fetched successfully.
[2025-04-05 11:04:14] [INFO] [REQUEST] GET /courses/67ef6d49587929d08ab9d97d
[2025-04-05 11:04:15] [INFO] [RESPONSE] Status: 200 Message: Course fetched successfully.
[2025-04-05 11:04:21] [INFO] [REQUEST] GET /courses/67ef6d49587929d08ab9d97d
[2025-04-05 11:04:21] [INFO] [RESPONSE] Status: 200 Message: Course fetched successfully.
[2025-04-05 11:06:22] [INFO] [REQUEST] GET /courses/67ef6d49587929d08ab9d97d
[2025-04-05 11:06:22] [INFO] [RESPONSE] Status: 200 Message: Course fetched successfully.
[2025-04-05 11:06:26] [INFO] [REQUEST] GET /courses/67ef6d49587929d08ab9d97d
[2025-04-05 11:06:26] [INFO] [RESPONSE] Status: 200 Message: Course fetched successfully.
[2025-04-05 11:07:52] [INFO] [REQUEST] GET /courses/67ef6d49587929d08ab9d97d
[2025-04-05 11:07:52] [INFO] [RESPONSE] Status: 200 Message: Course fetched successfully.
[2025-04-05 11:07:56] [INFO] [REQUEST] GET /courses/67ef6d49587929d08ab9d97d
[2025-04-05 11:07:56] [INFO] [RESPONSE] Status: 200 Message: Course fetched successfully.
[2025-04-05 11:11:10] [INFO] [REQUEST] GET /courses/67ef6d49587929d08ab9d97d
[2025-04-05 11:11:10] [INFO] [RESPONSE] Status: 200 Message: Course fetched successfully.
[2025-04-05 11:11:15] [INFO] [REQUEST] GET /courses/67ef6d49587929d08ab9d97d
[2025-04-05 11:11:15] [INFO] [RESPONSE] Status: 200 Message: Course fetched successfully.
[2025-04-05 11:31:31] [INFO] [REQUEST] GET /courses/67ef6d49587929d08ab9d97d
[2025-04-05 11:31:32] [INFO] [RESPONSE] Status: 200 Message: Course fetched successfully.
[2025-04-05 11:32:18] [INFO] [REQUEST] GET /courses/67ef6d49587929d08ab9d97d
[2025-04-05 11:32:19] [INFO] [RESPONSE] Status: 200 Message: Course fetched successfully.
[2025-04-05 11:32:20] [INFO] [REQUEST] GET /courses/67ef6d49587929d08ab9d97d
[2025-04-05 11:32:20] [INFO] [RESPONSE] Status: 200 Message: Course fetched successfully.
[2025-04-05 11:32:45] [INFO] [REQUEST] GET /courses/67ef6d49587929d08ab9d97d
[2025-04-05 11:32:45] [INFO] [RESPONSE] Status: 200 Message: Course fetched successfully.
[2025-04-05 11:41:19] [INFO] [REQUEST] GET /courses/67ef6d49587929d08ab9d97d
[2025-04-05 11:41:19] [INFO] [RESPONSE] Status: 200 Message: Course fetched successfully.
[2025-04-05 11:41:22] [INFO] [REQUEST] GET /courses/67ef6d49587929d08ab9d97d
[2025-04-05 11:41:22] [INFO] [RESPONSE] Status: 200 Message: Course fetched successfully.
[2025-04-05 11:41:55] [INFO] [REQUEST] GET /courses/67ef6d49587929d08ab9d97d
[2025-04-05 11:41:55] [INFO] [RESPONSE] Status: 200 Message: Course fetched successfully.
[2025-04-05 11:43:44] [INFO] [REQUEST] GET /courses/67ef6d49587929d08ab9d97d
[2025-04-05 11:43:44] [INFO] [RESPONSE] Status: 200 Message: Course fetched successfully.
[2025-04-05 11:43:47] [INFO] [REQUEST] GET /courses/67ef6d49587929d08ab9d97d
[2025-04-05 11:43:47] [INFO] [RESPONSE] Status: 200 Message: Course fetched successfully.
[2025-04-05 11:44:42] [INFO] [REQUEST] GET /student/enrollments
[2025-04-05 11:44:42] [INFO] [RESPONSE] Status: 401 Message: Unauthorized: No token provided
[2025-04-05 11:44:42] [INFO] [RESPONSE] Status: 401 Message: Unauthorized: Invalid token
[2025-04-05 11:44:42] [INFO] [REQUEST] POST /users/refresh-token
[2025-04-05 11:44:42] [INFO] [RESPONSE] Status: 404 Message: The requested URL not found on this server
[2025-04-05 11:44:53] [INFO] [REQUEST] GET /active-courses?page=1&limit=10&sortField=updatedAt&sortOrder=desc
[2025-04-05 11:44:53] [INFO] [RESPONSE] Status: 200 Message: Active courses fetched successfully.
[2025-04-05 11:44:57] [INFO] [REQUEST] GET /getUserdata
[2025-04-05 11:44:57] [INFO] [RESPONSE] Status: 401 Message: Unauthorized: No token provided
[2025-04-05 11:44:57] [INFO] [RESPONSE] Status: 401 Message: Unauthorized: Invalid token
[2025-04-05 11:44:57] [INFO] [REQUEST] POST /users/refresh-token
[2025-04-05 11:44:57] [INFO] [RESPONSE] Status: 404 Message: The requested URL not found on this server
[2025-04-05 11:45:43] [INFO] [REQUEST] GET /active-courses?page=1&limit=10&sortField=updatedAt&sortOrder=desc
[2025-04-05 11:45:43] [INFO] [RESPONSE] Status: 200 Message: Active courses fetched successfully.
[2025-04-05 11:46:07] [INFO] [REQUEST] OPTIONS /login
[2025-04-05 11:46:07] [INFO] [REQUEST] POST /login
[2025-04-05 11:46:08] [INFO] [RESPONSE] Status: 200 Message: Login successful.
[2025-04-05 11:46:12] [INFO] [REQUEST] GET /active-courses?page=1&limit=10&sortField=updatedAt&sortOrder=desc
[2025-04-05 11:46:12] [INFO] [RESPONSE] Status: 200 Message: Active courses fetched successfully.
[2025-04-05 11:46:23] [INFO] [REQUEST] GET /getUserdata
[2025-04-05 11:46:23] [INFO] [RESPONSE] Status: 200 Message: User details fetched successfully
[2025-04-05 11:46:28] [INFO] [REQUEST] GET /student/enrollments
[2025-04-05 11:46:28] [INFO] [RESPONSE] Status: 200 Message: Enrollments fetched successfully
[2025-04-05 11:46:32] [INFO] [REQUEST] GET /courses/67ef6d49587929d08ab9d97d
[2025-04-05 11:46:33] [INFO] [RESPONSE] Status: 200 Message: Course fetched successfully.
[2025-04-05 11:47:29] [INFO] [REQUEST] GET /courses/67ef6d49587929d08ab9d97d
[2025-04-05 11:47:29] [INFO] [RESPONSE] Status: 200 Message: Course fetched successfully.
[2025-04-05 11:47:37] [INFO] [REQUEST] GET /courses/67ef6d49587929d08ab9d97d
[2025-04-05 11:47:37] [INFO] [RESPONSE] Status: 200 Message: Course fetched successfully.
[2025-04-05 11:49:17] [INFO] [REQUEST] GET /courses/67ef6d49587929d08ab9d97d
[2025-04-05 11:49:17] [INFO] [RESPONSE] Status: 200 Message: Course fetched successfully.
[2025-04-05 11:49:34] [INFO] [REQUEST] GET /courses/67ef6d49587929d08ab9d97d
[2025-04-05 11:49:35] [INFO] [RESPONSE] Status: 200 Message: Course fetched successfully.
[2025-04-05 11:49:50] [INFO] [REQUEST] GET /courses/67ef6d49587929d08ab9d97d
[2025-04-05 11:49:50] [INFO] [RESPONSE] Status: 200 Message: Course fetched successfully.
[2025-04-05 11:49:56] [INFO] [REQUEST] GET /courses/67ef6d49587929d08ab9d97d
[2025-04-05 11:49:56] [INFO] [RESPONSE] Status: 200 Message: Course fetched successfully.
[2025-04-05 11:50:36] [INFO] [REQUEST] GET /courses/67ef6d49587929d08ab9d97d
[2025-04-05 11:50:36] [INFO] [RESPONSE] Status: 200 Message: Course fetched successfully.
[2025-04-05 11:51:16] [INFO] [REQUEST] GET /active-courses?page=1&limit=10&sortField=updatedAt&sortOrder=desc
[2025-04-05 11:51:17] [INFO] [RESPONSE] Status: 200 Message: Active courses fetched successfully.
[2025-04-05 11:51:18] [INFO] [REQUEST] GET /courses/67ef6d49587929d08ab9d97d
[2025-04-05 11:51:18] [INFO] [REQUEST] GET /student/check-enrollment/67ef6d49587929d08ab9d97d
[2025-04-05 11:51:18] [INFO] [RESPONSE] Status: 200 Message: User is enrolled in this course
[2025-04-05 11:51:19] [INFO] [RESPONSE] Status: 200 Message: Course fetched successfully.
[2025-04-05 11:51:22] [INFO] [REQUEST] GET /active-courses?page=1&limit=10&sortField=updatedAt&sortOrder=desc
[2025-04-05 11:51:22] [INFO] [RESPONSE] Status: 200 Message: Active courses fetched successfully.
[2025-04-05 11:51:26] [INFO] [REQUEST] GET /student/enrollments
[2025-04-05 11:51:27] [INFO] [RESPONSE] Status: 200 Message: Enrollments fetched successfully
[2025-04-05 11:51:29] [INFO] [REQUEST] GET /courses/67ef6d49587929d08ab9d97d
[2025-04-05 11:51:29] [INFO] [RESPONSE] Status: 200 Message: Course fetched successfully.
[2025-04-05 11:54:52] [INFO] [REQUEST] GET /courses/67ef6d49587929d08ab9d97d
[2025-04-05 11:54:52] [INFO] [RESPONSE] Status: 200 Message: Course fetched successfully.
[2025-04-05 11:56:19] [INFO] [REQUEST] GET /courses/67ef6d49587929d08ab9d97d
[2025-04-05 11:56:19] [INFO] [RESPONSE] Status: 200 Message: Course fetched successfully.
[2025-04-05 11:56:22] [INFO] [REQUEST] GET /courses/67ef6d49587929d08ab9d97d
[2025-04-05 11:56:22] [INFO] [RESPONSE] Status: 200 Message: Course fetched successfully.
[2025-04-05 11:56:34] [INFO] [REQUEST] GET /courses/67ef6d49587929d08ab9d97d
[2025-04-05 11:56:34] [INFO] [RESPONSE] Status: 200 Message: Course fetched successfully.
[2025-04-05 11:57:55] [INFO] [REQUEST] GET /courses/67ef6d49587929d08ab9d97d
[2025-04-05 11:57:55] [INFO] [RESPONSE] Status: 200 Message: Course fetched successfully.
[2025-04-05 11:58:01] [INFO] [REQUEST] GET /courses/67ef6d49587929d08ab9d97d
[2025-04-05 11:58:01] [INFO] [RESPONSE] Status: 200 Message: Course fetched successfully.
[2025-04-05 11:58:44] [INFO] [REQUEST] GET /courses/67ef6d49587929d08ab9d97d
[2025-04-05 11:58:44] [INFO] [RESPONSE] Status: 200 Message: Course fetched successfully.
[2025-04-05 11:59:04] [INFO] [REQUEST] GET /courses/67ef6d49587929d08ab9d97d
[2025-04-05 11:59:04] [INFO] [RESPONSE] Status: 200 Message: Course fetched successfully.
[2025-04-05 11:59:30] [INFO] [REQUEST] GET /courses/67ef6d49587929d08ab9d97d
[2025-04-05 11:59:30] [INFO] [RESPONSE] Status: 200 Message: Course fetched successfully.
[2025-04-05 11:59:36] [INFO] [REQUEST] GET /courses/67ef6d49587929d08ab9d97d
[2025-04-05 11:59:36] [INFO] [RESPONSE] Status: 200 Message: Course fetched successfully.
[2025-04-05 11:59:59] [INFO] [REQUEST] GET /student/enrollments
[2025-04-05 11:59:59] [INFO] [RESPONSE] Status: 200 Message: Enrollments fetched successfully
[2025-04-05 12:00:00] [INFO] [REQUEST] GET /courses/67ef6d49587929d08ab9d97d
[2025-04-05 12:00:00] [INFO] [RESPONSE] Status: 200 Message: Course fetched successfully.
[2025-04-05 12:00:26] [INFO] [REQUEST] GET /courses/67ef6d49587929d08ab9d97d
[2025-04-05 12:00:26] [INFO] [RESPONSE] Status: 200 Message: Course fetched successfully.
[2025-04-05 12:00:28] [INFO] [REQUEST] GET /courses/67ef6d49587929d08ab9d97d
[2025-04-05 12:00:28] [INFO] [RESPONSE] Status: 200 Message: Course fetched successfully.
[2025-04-05 12:00:34] [INFO] [REQUEST] GET /courses/67ef6d49587929d08ab9d97d
[2025-04-05 12:00:34] [INFO] [RESPONSE] Status: 200 Message: Course fetched successfully.
[2025-04-05 12:00:46] [INFO] [REQUEST] GET /courses/67ef6d49587929d08ab9d97d
[2025-04-05 12:00:47] [INFO] [RESPONSE] Status: 200 Message: Course fetched successfully.
[2025-04-05 12:00:50] [INFO] [REQUEST] GET /courses/67ef6d49587929d08ab9d97d
[2025-04-05 12:00:50] [INFO] [RESPONSE] Status: 200 Message: Course fetched successfully.
[2025-04-05 12:00:58] [INFO] [REQUEST] GET /courses/67ef6d49587929d08ab9d97d
[2025-04-05 12:00:58] [INFO] [RESPONSE] Status: 200 Message: Course fetched successfully.
[2025-04-05 12:01:41] [INFO] [REQUEST] GET /courses/67ef6d49587929d08ab9d97d
[2025-04-05 12:01:41] [INFO] [RESPONSE] Status: 200 Message: Course fetched successfully.
[2025-04-05 12:01:50] [INFO] [REQUEST] OPTIONS /logout
[2025-04-05 12:01:50] [INFO] [REQUEST] POST /logout
[2025-04-05 12:01:50] [INFO] [RESPONSE] Status: 200 Message: User logged out successfully
[2025-04-05 12:01:56] [INFO] [REQUEST] OPTIONS /google-auth
[2025-04-05 12:01:56] [INFO] [REQUEST] POST /google-auth
[2025-04-05 12:01:57] [INFO] [RESPONSE] Status: 200 Message: Google authentication successful
[2025-04-05 12:02:04] [INFO] [REQUEST] GET /getUserdata
[2025-04-05 12:02:04] [INFO] [RESPONSE] Status: 200 Message: User details fetched successfully
[2025-04-05 12:02:06] [INFO] [REQUEST] GET /getUserdata
[2025-04-05 12:02:06] [INFO] [REQUEST] GET /instructor/courses?page=1&limit=6&search=
[2025-04-05 12:02:06] [INFO] [RESPONSE] Status: 200 Message: User details fetched successfully
[2025-04-05 12:02:06] [INFO] [RESPONSE] Status: 200 Message: Courses fetched successfully.
[2025-04-05 12:02:54] [INFO] [REQUEST] OPTIONS /instructor/courses/67ef6d49587929d08ab9d97d
[2025-04-05 12:02:54] [INFO] [REQUEST] PUT /instructor/courses/67ef6d49587929d08ab9d97d
[2025-04-05 12:02:56] [INFO] [RESPONSE] Status: 200 Message: Course updated successfully.
[2025-04-05 12:03:23] [INFO] [REQUEST] OPTIONS /logout
[2025-04-05 12:03:23] [INFO] [REQUEST] POST /logout
[2025-04-05 12:03:23] [INFO] [RESPONSE] Status: 200 Message: User logged out successfully
[2025-04-05 12:03:38] [INFO] [REQUEST] OPTIONS /login
[2025-04-05 12:03:38] [INFO] [REQUEST] POST /login
[2025-04-05 12:03:38] [INFO] [RESPONSE] Status: 200 Message: Login successful.
[2025-04-05 12:03:47] [INFO] [REQUEST] GET /active-courses?page=1&limit=10&sortField=updatedAt&sortOrder=desc
[2025-04-05 12:03:47] [INFO] [RESPONSE] Status: 200 Message: Active courses fetched successfully.
[2025-04-05 12:03:49] [INFO] [REQUEST] GET /courses/67ef6d49587929d08ab9d97d
[2025-04-05 12:03:49] [INFO] [REQUEST] GET /student/check-enrollment/67ef6d49587929d08ab9d97d
[2025-04-05 12:03:49] [INFO] [RESPONSE] Status: 200 Message: Course fetched successfully.
[2025-04-05 12:03:49] [INFO] [RESPONSE] Status: 200 Message: User is enrolled in this course
[2025-04-05 12:03:52] [INFO] [REQUEST] GET /courses/67ef6d49587929d08ab9d97d
[2025-04-05 12:03:52] [INFO] [REQUEST] GET /student/check-enrollment/67ef6d49587929d08ab9d97d
[2025-04-05 12:03:53] [INFO] [RESPONSE] Status: 200 Message: Course fetched successfully.
[2025-04-05 12:03:53] [INFO] [RESPONSE] Status: 200 Message: User is enrolled in this course
[2025-04-05 12:03:56] [INFO] [REQUEST] GET /student/enrollments
[2025-04-05 12:03:56] [INFO] [RESPONSE] Status: 200 Message: Enrollments fetched successfully
[2025-04-05 12:03:58] [INFO] [REQUEST] GET /courses/67ef6d49587929d08ab9d97d
[2025-04-05 12:03:58] [INFO] [RESPONSE] Status: 200 Message: Course fetched successfully.
[2025-04-05 12:09:42] [INFO] [REQUEST] GET /courses/67ef6d49587929d08ab9d97d
[2025-04-05 12:09:42] [INFO] [RESPONSE] Status: 200 Message: Course fetched successfully.
[2025-04-05 12:09:51] [INFO] [REQUEST] GET /courses/67ef6d49587929d08ab9d97d
[2025-04-05 12:09:51] [INFO] [RESPONSE] Status: 200 Message: Course fetched successfully.
[2025-04-05 12:31:46] [INFO] [REQUEST] GET /courses/67ef6d49587929d08ab9d97d
[2025-04-05 12:31:47] [INFO] [RESPONSE] Status: 200 Message: Course fetched successfully.
[2025-04-05 12:32:23] [INFO] [REQUEST] GET /courses/67ef6d49587929d08ab9d97d
[2025-04-05 12:32:23] [INFO] [RESPONSE] Status: 200 Message: Course fetched successfully.
[2025-04-05 12:32:26] [INFO] [REQUEST] GET /courses/67ef6d49587929d08ab9d97d
[2025-04-05 12:32:26] [INFO] [RESPONSE] Status: 200 Message: Course fetched successfully.
[2025-04-05 12:33:57] [INFO] [REQUEST] GET /courses/67ef6d49587929d08ab9d97d
[2025-04-05 12:33:57] [INFO] [RESPONSE] Status: 200 Message: Course fetched successfully.
[2025-04-05 12:34:04] [INFO] [REQUEST] GET /courses/67ef6d49587929d08ab9d97d
[2025-04-05 12:34:04] [INFO] [RESPONSE] Status: 200 Message: Course fetched successfully.
[2025-04-05 12:34:21] [INFO] [REQUEST] GET /courses/67ef6d49587929d08ab9d97d
[2025-04-05 12:34:21] [INFO] [RESPONSE] Status: 200 Message: Course fetched successfully.
[2025-04-05 12:34:27] [INFO] [REQUEST] GET /courses/67ef6d49587929d08ab9d97d
[2025-04-05 12:34:27] [INFO] [RESPONSE] Status: 200 Message: Course fetched successfully.
[2025-04-05 12:35:56] [INFO] [REQUEST] GET /student/enrollments
[2025-04-05 12:35:56] [INFO] [RESPONSE] Status: 200 Message: Enrollments fetched successfully
[2025-04-05 12:36:06] [INFO] [REQUEST] GET /courses/67ef6d49587929d08ab9d97d
[2025-04-05 12:36:06] [INFO] [RESPONSE] Status: 200 Message: Course fetched successfully.
[2025-04-05 12:46:29] [INFO] [REQUEST] GET /courses/67ef6d49587929d08ab9d97d
[2025-04-05 12:46:30] [INFO] [RESPONSE] Status: 200 Message: Course fetched successfully.
[2025-04-05 12:47:03] [INFO] [REQUEST] GET /courses/67ef6d49587929d08ab9d97d
[2025-04-05 12:47:03] [INFO] [RESPONSE] Status: 200 Message: Course fetched successfully.
[2025-04-05 12:47:10] [INFO] [REQUEST] GET /courses/67ef6d49587929d08ab9d97d
[2025-04-05 12:47:10] [INFO] [RESPONSE] Status: 200 Message: Course fetched successfully.
[2025-04-05 12:49:22] [INFO] [REQUEST] GET /courses/67ef6d49587929d08ab9d97d
[2025-04-05 12:49:22] [INFO] [RESPONSE] Status: 200 Message: Course fetched successfully.
[2025-04-05 12:51:29] [INFO] [REQUEST] GET /student/enrollments
[2025-04-05 12:51:29] [INFO] [RESPONSE] Status: 200 Message: Enrollments fetched successfully
[2025-04-05 12:51:37] [INFO] [REQUEST] GET /student/enrollments
[2025-04-05 12:51:37] [INFO] [RESPONSE] Status: 200 Message: Enrollments fetched successfully
[2025-04-05 12:51:44] [INFO] [REQUEST] GET /student/enrollments
[2025-04-05 12:51:44] [INFO] [RESPONSE] Status: 200 Message: Enrollments fetched successfully
[2025-04-05 12:53:34] [INFO] [REQUEST] GET /student/enrollments
[2025-04-05 12:53:34] [INFO] [RESPONSE] Status: 200 Message: Enrollments fetched successfully
[2025-04-05 12:57:19] [INFO] [REQUEST] GET /student/enrollments
[2025-04-05 12:57:20] [INFO] [RESPONSE] Status: 200 Message: Enrollments fetched successfully
[2025-04-05 12:57:27] [INFO] [REQUEST] GET /active-courses?page=1&limit=10&sortField=updatedAt&sortOrder=desc
[2025-04-05 12:57:27] [INFO] [RESPONSE] Status: 200 Message: Active courses fetched successfully.
[2025-04-05 12:57:30] [INFO] [REQUEST] GET /courses/67ef6d49587929d08ab9d97d
[2025-04-05 12:57:30] [INFO] [RESPONSE] Status: 200 Message: Course fetched successfully.
[2025-04-05 12:57:32] [INFO] [REQUEST] GET /student/enrollments
[2025-04-05 12:57:32] [INFO] [RESPONSE] Status: 200 Message: Enrollments fetched successfully
[2025-04-05 12:57:36] [INFO] [REQUEST] GET /courses/67ef6d49587929d08ab9d97d
[2025-04-05 12:57:36] [INFO] [RESPONSE] Status: 200 Message: Course fetched successfully.
[2025-04-05 12:57:56] [INFO] [REQUEST] GET /student/enrollments
[2025-04-05 12:57:56] [INFO] [RESPONSE] Status: 200 Message: Enrollments fetched successfully
[2025-04-05 13:00:02] [INFO] [REQUEST] GET /student/enrollments
[2025-04-05 13:00:03] [INFO] [RESPONSE] Status: 200 Message: Enrollments fetched successfully
[2025-04-05 13:00:06] [INFO] [REQUEST] GET /courses/67ef6d49587929d08ab9d97d
[2025-04-05 13:00:06] [INFO] [RESPONSE] Status: 200 Message: Course fetched successfully.
[2025-04-05 13:00:08] [INFO] [REQUEST] GET /student/enrollments
[2025-04-05 13:00:09] [INFO] [RESPONSE] Status: 200 Message: Enrollments fetched successfully
[2025-04-05 13:00:16] [INFO] [REQUEST] GET /student/enrollments
[2025-04-05 13:00:17] [INFO] [RESPONSE] Status: 200 Message: Enrollments fetched successfully
[2025-04-05 13:11:35] [INFO] [REQUEST] GET /student/enrollments
[2025-04-05 13:11:35] [INFO] [RESPONSE] Status: 200 Message: Enrollments fetched successfully
[2025-04-05 13:16:08] [INFO] [REQUEST] GET /student/enrollments
[2025-04-05 13:16:08] [INFO] [RESPONSE] Status: 200 Message: Enrollments fetched successfully
[2025-04-05 14:32:10] [INFO] [REQUEST] GET /student/enrollments
[2025-04-05 14:32:11] [INFO] [RESPONSE] Status: 200 Message: Enrollments fetched successfully
[2025-04-05 14:32:39] [INFO] [REQUEST] GET /student/enrollments
[2025-04-05 14:32:39] [INFO] [RESPONSE] Status: 200 Message: Enrollments fetched successfully
[2025-04-05 14:32:44] [INFO] [REQUEST] GET /student/enrollments
[2025-04-05 14:32:44] [INFO] [RESPONSE] Status: 200 Message: Enrollments fetched successfully
[2025-04-05 14:42:56] [INFO] [REQUEST] GET /student/enrollments
[2025-04-05 14:42:56] [INFO] [RESPONSE] Status: 200 Message: Enrollments fetched successfully
[2025-04-05 14:57:42] [INFO] [REQUEST] GET /student/enrollments
[2025-04-05 14:57:42] [INFO] [RESPONSE] Status: 200 Message: Enrollments fetched successfully
[2025-04-05 14:57:45] [INFO] [REQUEST] GET /student/enrollments
[2025-04-05 14:57:45] [INFO] [RESPONSE] Status: 200 Message: Enrollments fetched successfully
[2025-04-05 17:20:16] [INFO] [REQUEST] GET /payment-history?userId=some-user-id&page=1&limit=5&search=&sortField=createdAt&sortOrder=desc
[2025-04-05 17:20:16] [INFO] [RESPONSE] Status: 404 Message: The requested URL not found on this server
[2025-04-05 17:26:18] [INFO] [REQUEST] GET /student/payment-history?userId=some-user-id&page=1&limit=5&search=&sortField=createdAt&sortOrder=desc
[2025-04-05 17:26:19] [INFO] [RESPONSE] Status: 200 Message: Payments retrieved successfully
[2025-04-05 17:26:22] [INFO] [REQUEST] GET /student/payment-history?userId=some-user-id&page=1&limit=5&search=&sortField=createdAt&sortOrder=desc
[2025-04-05 17:26:22] [INFO] [RESPONSE] Status: 200 Message: Payments retrieved successfully
[2025-04-05 17:41:59] [INFO] [REQUEST] GET /student/payment-history?userId=some-user-id&page=1&limit=5&search=&sortField=createdAt&sortOrder=desc
[2025-04-05 17:42:00] [INFO] [RESPONSE] Status: 200 Message: Payments retrieved successfully
[2025-04-05 17:42:14] [INFO] [REQUEST] GET /student/payment-history?userId=some-user-id&page=1&limit=5&search=&sortField=createdAt&sortOrder=desc
[2025-04-05 17:42:14] [INFO] [RESPONSE] Status: 200 Message: Payments retrieved successfully
[2025-04-05 17:42:20] [INFO] [REQUEST] GET /student/payment-history?userId=some-user-id&page=1&limit=5&search=&sortField=createdAt&sortOrder=desc
[2025-04-05 17:42:21] [INFO] [RESPONSE] Status: 200 Message: Payments retrieved successfully
[2025-04-05 17:47:43] [INFO] [REQUEST] GET /student/payment-history?userId=some-user-id&page=1&limit=5&search=&sortField=createdAt&sortOrder=desc
[2025-04-05 17:47:43] [INFO] [RESPONSE] Status: 200 Message: Payments retrieved successfully
[2025-04-05 17:47:53] [INFO] [REQUEST] GET /student/payment-history?userId=some-user-id&page=1&limit=5&search=&sortField=createdAt&sortOrder=desc
[2025-04-05 17:47:53] [INFO] [RESPONSE] Status: 200 Message: Payments retrieved successfully
[2025-04-05 18:00:33] [INFO] [REQUEST] GET /student/payment-history?userId=some-user-id&page=1&limit=5&search=&sortField=createdAt&sortOrder=desc
[2025-04-05 18:00:33] [INFO] [RESPONSE] Status: 200 Message: Payments retrieved successfully
[2025-04-05 18:00:43] [INFO] [REQUEST] GET /student/payment-history?userId=some-user-id&page=1&limit=5&search=&sortField=createdAt&sortOrder=desc
[2025-04-05 18:00:43] [INFO] [RESPONSE] Status: 200 Message: Payments retrieved successfully
[2025-04-05 18:06:16] [INFO] [REQUEST] GET /active-courses?page=1&limit=10&sortField=updatedAt&sortOrder=desc
[2025-04-05 18:06:16] [INFO] [RESPONSE] Status: 200 Message: Active courses fetched successfully.
[2025-04-05 18:06:24] [INFO] [REQUEST] GET /courses/67ef6d49587929d08ab9d97d
[2025-04-05 18:06:24] [INFO] [REQUEST] GET /student/check-enrollment/67ef6d49587929d08ab9d97d
[2025-04-05 18:06:24] [INFO] [RESPONSE] Status: 200 Message: Course fetched successfully.
[2025-04-05 18:06:24] [INFO] [RESPONSE] Status: 200 Message: User is enrolled in this course
[2025-04-05 18:06:42] [INFO] [REQUEST] GET /courses/67ef6d49587929d08ab9d97d
[2025-04-05 18:06:42] [INFO] [REQUEST] GET /student/check-enrollment/67ef6d49587929d08ab9d97d
[2025-04-05 18:06:42] [INFO] [RESPONSE] Status: 200 Message: Course fetched successfully.
[2025-04-05 18:06:42] [INFO] [RESPONSE] Status: 200 Message: User is enrolled in this course
[2025-04-05 18:06:50] [INFO] [REQUEST] GET /courses/67ef6d49587929d08ab9d97d
[2025-04-05 18:06:50] [INFO] [REQUEST] GET /student/check-enrollment/67ef6d49587929d08ab9d97d
[2025-04-05 18:06:50] [INFO] [RESPONSE] Status: 200 Message: Course fetched successfully.
[2025-04-05 18:06:50] [INFO] [RESPONSE] Status: 200 Message: User is enrolled in this course
[2025-04-05 18:07:02] [INFO] [REQUEST] GET /student/enrollments
[2025-04-05 18:07:02] [INFO] [RESPONSE] Status: 200 Message: Enrollments fetched successfully
[2025-04-05 18:07:06] [INFO] [REQUEST] GET /courses/67ef6d49587929d08ab9d97d
[2025-04-05 18:07:06] [INFO] [RESPONSE] Status: 200 Message: Course fetched successfully.
[2025-04-05 18:07:23] [INFO] [REQUEST] GET /student/payment-history?userId=some-user-id&page=1&limit=5&search=&sortField=createdAt&sortOrder=desc
[2025-04-05 18:07:23] [INFO] [RESPONSE] Status: 200 Message: Payments retrieved successfully
[2025-04-05 18:07:34] [INFO] [REQUEST] GET /student/payment-history?userId=some-user-id&page=1&limit=5&search=&sortField=createdAt&sortOrder=desc
[2025-04-05 18:07:34] [INFO] [RESPONSE] Status: 200 Message: Payments retrieved successfully
[2025-04-05 18:09:44] [INFO] [REQUEST] GET /getUserdata
[2025-04-05 18:09:44] [INFO] [RESPONSE] Status: 200 Message: User details fetched successfully
[2025-04-05 18:10:07] [INFO] [REQUEST] GET /getUserdata
[2025-04-05 18:10:07] [INFO] [RESPONSE] Status: 200 Message: User details fetched successfully
[2025-04-05 18:11:31] [INFO] [REQUEST] POST /instructor-apply
[2025-04-05 18:11:32] [INFO] [RESPONSE] Status: 201 Message: Application submitted successfully. Awaiting approval.
[2025-04-05 18:11:32] [INFO] [REQUEST] GET /getUserdata
[2025-04-05 18:11:32] [INFO] [RESPONSE] Status: 200 Message: User details fetched successfully
[2025-04-05 18:11:54] [INFO] [REQUEST] GET /active-courses?page=1&limit=10&sortField=updatedAt&sortOrder=desc
[2025-04-05 18:11:54] [INFO] [RESPONSE] Status: 200 Message: Active courses fetched successfully.
[2025-04-05 18:12:33] [INFO] [REQUEST] GET /getUserdata
[2025-04-05 18:12:33] [INFO] [RESPONSE] Status: 200 Message: User details fetched successfully
[2025-04-05 18:12:35] [INFO] [REQUEST] GET /active-courses?page=1&limit=10&sortField=updatedAt&sortOrder=desc
[2025-04-05 18:12:36] [INFO] [RESPONSE] Status: 200 Message: Active courses fetched successfully.
[2025-04-05 18:15:20] [INFO] [REQUEST] GET /student/payment-history?userId=some-user-id&page=1&limit=5&search=&sortField=createdAt&sortOrder=desc
[2025-04-05 18:15:20] [INFO] [RESPONSE] Status: 200 Message: Payments retrieved successfully
[2025-04-05 18:15:31] [INFO] [REQUEST] GET /student/enrollments
[2025-04-05 18:15:31] [INFO] [RESPONSE] Status: 200 Message: Enrollments fetched successfully
[2025-04-05 18:15:32] [INFO] [REQUEST] GET /student/payment-history?userId=some-user-id&page=1&limit=5&search=&sortField=createdAt&sortOrder=desc
[2025-04-05 18:15:32] [INFO] [RESPONSE] Status: 200 Message: Payments retrieved successfully
[2025-04-05 18:15:34] [INFO] [REQUEST] GET /student/enrollments
[2025-04-05 18:15:34] [INFO] [RESPONSE] Status: 200 Message: Enrollments fetched successfully
[2025-04-05 18:15:36] [INFO] [REQUEST] GET /student/payment-history?userId=some-user-id&page=1&limit=5&search=&sortField=createdAt&sortOrder=desc
[2025-04-05 18:15:36] [INFO] [RESPONSE] Status: 200 Message: Payments retrieved successfully
[2025-04-05 18:15:37] [INFO] [REQUEST] GET /student/enrollments
[2025-04-05 18:15:37] [INFO] [RESPONSE] Status: 200 Message: Enrollments fetched successfully
[2025-04-05 18:15:38] [INFO] [REQUEST] GET /student/payment-history?userId=some-user-id&page=1&limit=5&search=&sortField=createdAt&sortOrder=desc
[2025-04-05 18:15:38] [INFO] [RESPONSE] Status: 200 Message: Payments retrieved successfully
[2025-04-05 18:15:43] [INFO] [REQUEST] GET /student/enrollments
[2025-04-05 18:15:43] [INFO] [RESPONSE] Status: 200 Message: Enrollments fetched successfully
[2025-04-05 18:15:44] [INFO] [REQUEST] GET /student/payment-history?userId=some-user-id&page=1&limit=5&search=&sortField=createdAt&sortOrder=desc
[2025-04-05 18:15:44] [INFO] [RESPONSE] Status: 200 Message: Payments retrieved successfully
[2025-04-05 18:18:02] [INFO] [REQUEST] GET /student/payment-history?userId=some-user-id&page=1&limit=5&search=&sortField=createdAt&sortOrder=desc
[2025-04-05 18:18:02] [INFO] [RESPONSE] Status: 200 Message: Payments retrieved successfully
[2025-04-05 18:18:47] [INFO] [REQUEST] GET /student/payment-history?userId=some-user-id&page=1&limit=5&search=&sortField=createdAt&sortOrder=desc
[2025-04-05 18:18:47] [INFO] [RESPONSE] Status: 200 Message: Payments retrieved successfully
[2025-04-05 18:18:54] [INFO] [REQUEST] GET /student/payment-history?userId=some-user-id&page=1&limit=5&search=&sortField=createdAt&sortOrder=desc
[2025-04-05 18:18:54] [INFO] [RESPONSE] Status: 200 Message: Payments retrieved successfully
[2025-04-05 18:19:41] [INFO] [REQUEST] GET /student/payment-history?userId=some-user-id&page=1&limit=5&search=&sortField=createdAt&sortOrder=desc
[2025-04-05 18:19:41] [INFO] [RESPONSE] Status: 200 Message: Payments retrieved successfully
[2025-04-05 18:19:49] [INFO] [REQUEST] GET /student/payment-history?userId=some-user-id&page=1&limit=5&search=&sortField=createdAt&sortOrder=desc
[2025-04-05 18:19:49] [INFO] [RESPONSE] Status: 200 Message: Payments retrieved successfully
[2025-04-05 18:20:37] [INFO] [REQUEST] GET /student/payment-history?userId=some-user-id&page=1&limit=5&search=&sortField=createdAt&sortOrder=desc
[2025-04-05 18:20:37] [INFO] [RESPONSE] Status: 200 Message: Payments retrieved successfully
