[2025-03-23 12:15:19] [INFO] [REQUEST] OPTIONS /logout
[2025-03-23 12:15:19] [INFO] [REQUEST] POST /logout
[2025-03-23 12:15:19] [INFO] [RESPONSE] Status: 200 Message: User logged out successfully
[2025-03-23 12:15:48] [INFO] [REQUEST] OPTIONS /signup
[2025-03-23 12:15:48] [INFO] [REQUEST] POST /signup
[2025-03-23 12:15:55] [INFO] [RESPONSE] Status: 201 Message: Please verify your email for OTP verification.
[2025-03-23 12:16:06] [INFO] [REQUEST] OPTIONS /otp-verification
[2025-03-23 12:16:06] [INFO] [REQUEST] POST /otp-verification
[2025-03-23 12:16:07] [INFO] [RESPONSE] Status: 200 Message: OTP verified successfully. Your account is now activated.
[2025-03-23 12:16:21] [INFO] [REQUEST] OPTIONS /login
[2025-03-23 12:16:21] [INFO] [REQUEST] POST /login
[2025-03-23 12:16:21] [INFO] [RESPONSE] Status: 200 Message: Login successful.
[2025-03-23 12:16:30] [INFO] [REQUEST] GET /getUserdata
[2025-03-23 12:16:30] [INFO] [RESPONSE] Status: 200 Message: User details fetched successfully
[2025-03-23 12:16:43] [INFO] [REQUEST] OPTIONS /student-profile
[2025-03-23 12:16:43] [INFO] [REQUEST] PUT /student-profile
[2025-03-23 12:16:45] [INFO] [RESPONSE] Status: 200 Message: Profile updated successfully.
[2025-03-23 12:46:59] [INFO] [REQUEST] GET /admin/fetchAllInstructors?page=1&limit=10
[2025-03-23 12:47:00] [INFO] [RESPONSE] Status: 200 Message: Instructors fetched successfully
[2025-03-23 12:48:01] [INFO] [REQUEST] OPTIONS /logout
[2025-03-23 12:48:01] [INFO] [REQUEST] POST /logout
[2025-03-23 12:48:01] [INFO] [RESPONSE] Status: 200 Message: User logged out successfully
[2025-03-23 12:48:15] [INFO] [REQUEST] OPTIONS /login
[2025-03-23 12:48:15] [INFO] [REQUEST] POST /login
[2025-03-23 12:48:15] [INFO] [RESPONSE] Status: 200 Message: Login successful.
[2025-03-23 15:29:14] [INFO] [REQUEST] OPTIONS /logout
[2025-03-23 15:29:14] [INFO] [REQUEST] POST /logout
[2025-03-23 15:29:14] [INFO] [RESPONSE] Status: 200 Message: User logged out successfully
[2025-03-23 15:29:44] [INFO] [REQUEST] OPTIONS /signup
[2025-03-23 15:29:44] [INFO] [REQUEST] POST /signup
[2025-03-23 15:29:50] [INFO] [RESPONSE] Status: 201 Message: Please verify your email for OTP verification.
[2025-03-23 15:30:00] [INFO] [REQUEST] OPTIONS /otp-verification
[2025-03-23 15:30:00] [INFO] [REQUEST] POST /otp-verification
[2025-03-23 15:30:02] [INFO] [RESPONSE] Status: 200 Message: OTP verified successfully. Your account is now activated.
[2025-03-23 15:30:17] [INFO] [REQUEST] OPTIONS /login
[2025-03-23 15:30:17] [INFO] [REQUEST] POST /login
[2025-03-23 15:30:19] [INFO] [RESPONSE] Status: 200 Message: Login successful.
[2025-03-23 15:30:37] [INFO] [REQUEST] OPTIONS /student-profile
[2025-03-23 15:30:37] [INFO] [REQUEST] PUT /student-profile
[2025-03-23 15:30:38] [INFO] [RESPONSE] Status: 200 Message: Profile updated successfully.
[2025-03-23 15:44:51] [INFO] [REQUEST] OPTIONS /student-profile
[2025-03-23 15:44:51] [INFO] [REQUEST] PUT /student-profile
[2025-03-23 15:44:52] [INFO] [RESPONSE] Status: 200 Message: Profile updated successfully.
[2025-03-23 15:49:04] [INFO] [REQUEST] OPTIONS /student-profile
[2025-03-23 15:49:04] [INFO] [REQUEST] PUT /student-profile
[2025-03-23 15:49:06] [INFO] [RESPONSE] Status: 200 Message: Profile updated successfully.
[2025-03-23 15:53:04] [INFO] [REQUEST] OPTIONS /logout
[2025-03-23 15:53:04] [INFO] [REQUEST] POST /logout
[2025-03-23 15:53:04] [INFO] [RESPONSE] Status: 200 Message: User logged out successfully
[2025-03-23 15:53:17] [INFO] [REQUEST] OPTIONS /login
[2025-03-23 15:53:17] [INFO] [REQUEST] POST /login
[2025-03-23 15:53:18] [INFO] [RESPONSE] Status: 200 Message: Login successful.
[2025-03-23 15:54:35] [INFO] [REQUEST] GET /admin/fetchAllInstructors?page=1&limit=10
[2025-03-23 15:54:37] [INFO] [RESPONSE] Status: 200 Message: Instructors fetched successfully
[2025-03-23 15:56:08] [INFO] [REQUEST] OPTIONS /logout
[2025-03-23 15:56:08] [INFO] [REQUEST] POST /logout
[2025-03-23 15:56:08] [INFO] [RESPONSE] Status: 200 Message: User logged out successfully
[2025-03-23 15:56:23] [INFO] [REQUEST] OPTIONS /login
[2025-03-23 15:56:23] [INFO] [REQUEST] POST /login
[2025-03-23 15:56:24] [INFO] [RESPONSE] Status: 200 Message: Login successful.
[2025-03-23 15:57:25] [INFO] [REQUEST] GET /getUserdata
[2025-03-23 15:57:25] [INFO] [RESPONSE] Status: 200 Message: User details fetched successfully
[2025-03-23 15:58:25] [INFO] [REQUEST] POST /instructor-apply
[2025-03-23 15:58:38] [INFO] [RESPONSE] Status: 201 Message: Application submitted successfully. Awaiting approval.
[2025-03-23 15:58:38] [INFO] [REQUEST] GET /getUserdata
[2025-03-23 15:58:41] [INFO] [RESPONSE] Status: 200 Message: User details fetched successfully
[2025-03-23 15:59:01] [INFO] [REQUEST] GET /admin/fetchAllRequestedUsers?page=1&limit=9
[2025-03-23 15:59:03] [INFO] [RESPONSE] Status: 200 Message: Requested users fetched successfully
[2025-03-23 15:59:25] [INFO] [REQUEST] GET /admin/fetchAllRequestedUsers?page=1&limit=9
[2025-03-23 15:59:26] [INFO] [RESPONSE] Status: 200 Message: Requested users fetched successfully
[2025-03-23 16:00:57] [INFO] [REQUEST] GET /admin/fetchAllRequestedUsers?page=1&limit=9
[2025-03-23 16:00:58] [INFO] [RESPONSE] Status: 200 Message: Requested users fetched successfully
[2025-03-23 16:01:43] [INFO] [REQUEST] GET /admin/fetchAllRequestedUsers?page=1&limit=9
[2025-03-23 16:01:43] [INFO] [RESPONSE] Status: 200 Message: Requested users fetched successfully
[2025-03-23 16:01:55] [INFO] [REQUEST] OPTIONS /logout
[2025-03-23 16:01:55] [INFO] [REQUEST] POST /logout
[2025-03-23 16:01:55] [INFO] [RESPONSE] Status: 200 Message: User logged out successfully
[2025-03-23 16:02:08] [INFO] [REQUEST] OPTIONS /login
[2025-03-23 16:02:08] [INFO] [REQUEST] POST /login
[2025-03-23 16:02:10] [INFO] [RESPONSE] Status: 200 Message: Login successful.
[2025-03-23 16:02:18] [INFO] [REQUEST] GET /getUserdata
[2025-03-23 16:02:18] [INFO] [RESPONSE] Status: 200 Message: User details fetched successfully
[2025-03-23 16:02:29] [INFO] [REQUEST] GET /admin/fetchAllRequestedUsers?page=1&limit=9
[2025-03-23 16:02:30] [INFO] [RESPONSE] Status: 200 Message: Requested users fetched successfully
[2025-03-23 16:03:39] [INFO] [REQUEST] GET /admin/fetchAllRequestedUsers?page=1&limit=9
[2025-03-23 16:03:40] [INFO] [RESPONSE] Status: 200 Message: Requested users fetched successfully
[2025-03-23 16:27:35] [INFO] [REQUEST] GET /admin/fetchAllRequestedUsers?page=1&limit=9
[2025-03-23 16:27:38] [INFO] [RESPONSE] Status: 200 Message: Requested users fetched successfully
[2025-03-23 16:41:16] [INFO] [REQUEST] OPTIONS /logout
[2025-03-23 16:41:17] [INFO] [REQUEST] POST /logout
[2025-03-23 16:41:17] [INFO] [RESPONSE] Status: 200 Message: User logged out successfully
[2025-03-23 16:41:26] [INFO] [REQUEST] OPTIONS /google-auth
[2025-03-23 16:41:27] [INFO] [REQUEST] POST /google-auth
[2025-03-23 16:41:27] [INFO] [RESPONSE] Status: 200 Message: Google authentication successful
[2025-03-23 16:41:34] [INFO] [REQUEST] GET /getUserdata
[2025-03-23 16:41:34] [INFO] [RESPONSE] Status: 200 Message: User details fetched successfully
[2025-03-23 16:41:38] [INFO] [REQUEST] GET /admin/fetch-all-categories?page=1&limit=100
[2025-03-23 16:41:39] [INFO] [RESPONSE] Status: 200 Message: Categories fetched successfully
[2025-03-23 16:41:41] [INFO] [REQUEST] GET /admin/fetch-all-categories?page=1&limit=100
[2025-03-23 16:41:41] [INFO] [RESPONSE] Status: 200 Message: Categories fetched successfully
[2025-03-23 16:41:41] [INFO] [REQUEST] GET /admin/fetch-all-categories?page=1&limit=100
[2025-03-23 16:41:41] [INFO] [RESPONSE] Status: 200 Message: Categories fetched successfully
[2025-03-23 16:41:41] [INFO] [REQUEST] GET /admin/fetch-all-categories?page=1&limit=100
[2025-03-23 16:41:42] [INFO] [RESPONSE] Status: 200 Message: Categories fetched successfully
[2025-03-23 16:41:42] [INFO] [REQUEST] GET /admin/fetch-all-categories?page=1&limit=100
[2025-03-23 16:41:42] [INFO] [RESPONSE] Status: 200 Message: Categories fetched successfully
[2025-03-23 16:41:42] [INFO] [REQUEST] GET /admin/fetch-all-categories?page=1&limit=100
[2025-03-23 16:41:42] [INFO] [RESPONSE] Status: 200 Message: Categories fetched successfully
[2025-03-23 16:41:42] [INFO] [REQUEST] GET /admin/fetch-all-categories?page=1&limit=100
[2025-03-23 16:41:43] [INFO] [RESPONSE] Status: 200 Message: Categories fetched successfully
[2025-03-23 16:41:43] [INFO] [REQUEST] GET /admin/fetch-all-categories?page=1&limit=100
[2025-03-23 16:41:43] [INFO] [RESPONSE] Status: 200 Message: Categories fetched successfully
[2025-03-23 16:41:43] [INFO] [REQUEST] GET /admin/fetch-all-categories?page=1&limit=100
[2025-03-23 16:41:43] [INFO] [RESPONSE] Status: 200 Message: Categories fetched successfully
[2025-03-23 16:41:43] [INFO] [REQUEST] GET /admin/fetch-all-categories?page=1&limit=100
[2025-03-23 16:41:43] [INFO] [RESPONSE] Status: 200 Message: Categories fetched successfully
[2025-03-23 16:41:43] [INFO] [REQUEST] GET /admin/fetch-all-categories?page=1&limit=100
[2025-03-23 16:41:44] [INFO] [RESPONSE] Status: 200 Message: Categories fetched successfully
[2025-03-23 16:41:44] [INFO] [REQUEST] GET /admin/fetch-all-categories?page=1&limit=100
[2025-03-23 16:41:44] [INFO] [RESPONSE] Status: 200 Message: Categories fetched successfully
[2025-03-23 16:41:44] [INFO] [REQUEST] GET /admin/fetch-all-categories?page=1&limit=100
[2025-03-23 16:41:45] [INFO] [RESPONSE] Status: 200 Message: Categories fetched successfully
[2025-03-23 16:41:45] [INFO] [REQUEST] GET /admin/fetch-all-categories?page=1&limit=100
[2025-03-23 16:41:45] [INFO] [RESPONSE] Status: 200 Message: Categories fetched successfully
[2025-03-23 16:41:45] [INFO] [REQUEST] GET /admin/fetch-all-categories?page=1&limit=100
[2025-03-23 16:41:45] [INFO] [RESPONSE] Status: 200 Message: Categories fetched successfully
[2025-03-23 16:41:45] [INFO] [REQUEST] GET /admin/fetch-all-categories?page=1&limit=100
[2025-03-23 16:41:45] [INFO] [RESPONSE] Status: 200 Message: Categories fetched successfully
[2025-03-23 16:41:45] [INFO] [REQUEST] GET /admin/fetch-all-categories?page=1&limit=100
[2025-03-23 16:41:46] [INFO] [RESPONSE] Status: 200 Message: Categories fetched successfully
[2025-03-23 16:41:46] [INFO] [REQUEST] GET /admin/fetch-all-categories?page=1&limit=100
[2025-03-23 16:41:46] [INFO] [RESPONSE] Status: 200 Message: Categories fetched successfully
[2025-03-23 16:41:46] [INFO] [REQUEST] GET /admin/fetch-all-categories?page=1&limit=100
[2025-03-23 16:41:46] [INFO] [RESPONSE] Status: 200 Message: Categories fetched successfully
[2025-03-23 16:41:46] [INFO] [REQUEST] GET /admin/fetch-all-categories?page=1&limit=100
[2025-03-23 16:41:47] [INFO] [RESPONSE] Status: 200 Message: Categories fetched successfully
[2025-03-23 16:41:47] [INFO] [REQUEST] GET /admin/fetch-all-categories?page=1&limit=100
[2025-03-23 16:41:47] [INFO] [RESPONSE] Status: 200 Message: Categories fetched successfully
[2025-03-23 16:41:47] [INFO] [REQUEST] GET /admin/fetch-all-categories?page=1&limit=100
[2025-03-23 16:41:47] [INFO] [RESPONSE] Status: 200 Message: Categories fetched successfully
[2025-03-23 16:41:47] [INFO] [REQUEST] GET /admin/fetch-all-categories?page=1&limit=100
[2025-03-23 16:41:47] [INFO] [RESPONSE] Status: 200 Message: Categories fetched successfully
[2025-03-23 16:41:47] [INFO] [REQUEST] GET /admin/fetch-all-categories?page=1&limit=100
[2025-03-23 16:41:48] [INFO] [RESPONSE] Status: 200 Message: Categories fetched successfully
[2025-03-23 16:41:48] [INFO] [REQUEST] GET /admin/fetch-all-categories?page=1&limit=100
[2025-03-23 16:41:48] [INFO] [RESPONSE] Status: 200 Message: Categories fetched successfully
[2025-03-23 16:41:48] [INFO] [REQUEST] GET /admin/fetch-all-categories?page=1&limit=100
[2025-03-23 16:41:48] [INFO] [RESPONSE] Status: 200 Message: Categories fetched successfully
[2025-03-23 16:41:48] [INFO] [REQUEST] GET /admin/fetch-all-categories?page=1&limit=100
[2025-03-23 16:41:49] [INFO] [RESPONSE] Status: 200 Message: Categories fetched successfully
[2025-03-23 16:41:49] [INFO] [REQUEST] GET /admin/fetch-all-categories?page=1&limit=100
[2025-03-23 16:41:49] [INFO] [RESPONSE] Status: 200 Message: Categories fetched successfully
[2025-03-23 16:41:49] [INFO] [REQUEST] GET /admin/fetch-all-categories?page=1&limit=100
[2025-03-23 16:41:49] [INFO] [RESPONSE] Status: 200 Message: Categories fetched successfully
[2025-03-23 16:41:49] [INFO] [REQUEST] GET /admin/fetch-all-categories?page=1&limit=100
[2025-03-23 16:41:49] [INFO] [RESPONSE] Status: 200 Message: Categories fetched successfully
[2025-03-23 16:41:49] [INFO] [REQUEST] GET /admin/fetch-all-categories?page=1&limit=100
[2025-03-23 16:41:49] [INFO] [RESPONSE] Status: 200 Message: Categories fetched successfully
[2025-03-23 16:41:50] [INFO] [REQUEST] GET /admin/fetch-all-categories?page=1&limit=100
[2025-03-23 16:41:50] [INFO] [RESPONSE] Status: 200 Message: Categories fetched successfully
[2025-03-23 16:41:50] [INFO] [REQUEST] GET /admin/fetch-all-categories?page=1&limit=100
[2025-03-23 16:41:50] [INFO] [RESPONSE] Status: 200 Message: Categories fetched successfully
[2025-03-23 16:41:50] [INFO] [REQUEST] GET /admin/fetch-all-categories?page=1&limit=100
[2025-03-23 16:41:50] [INFO] [RESPONSE] Status: 200 Message: Categories fetched successfully
[2025-03-23 16:41:50] [INFO] [REQUEST] GET /admin/fetch-all-categories?page=1&limit=100
[2025-03-23 16:41:51] [INFO] [RESPONSE] Status: 200 Message: Categories fetched successfully
[2025-03-23 16:41:51] [INFO] [REQUEST] GET /admin/fetch-all-categories?page=1&limit=100
[2025-03-23 16:41:51] [INFO] [RESPONSE] Status: 200 Message: Categories fetched successfully
[2025-03-23 16:41:51] [INFO] [REQUEST] GET /admin/fetch-all-categories?page=1&limit=100
[2025-03-23 16:41:51] [INFO] [RESPONSE] Status: 200 Message: Categories fetched successfully
[2025-03-23 16:41:51] [INFO] [REQUEST] GET /admin/fetch-all-categories?page=1&limit=100
[2025-03-23 16:41:51] [INFO] [RESPONSE] Status: 200 Message: Categories fetched successfully
[2025-03-23 16:41:51] [INFO] [REQUEST] GET /admin/fetch-all-categories?page=1&limit=100
[2025-03-23 16:41:52] [INFO] [RESPONSE] Status: 200 Message: Categories fetched successfully
[2025-03-23 16:41:52] [INFO] [REQUEST] GET /admin/fetch-all-categories?page=1&limit=100
[2025-03-23 16:41:52] [INFO] [RESPONSE] Status: 200 Message: Categories fetched successfully
[2025-03-23 16:41:52] [INFO] [REQUEST] GET /admin/fetch-all-categories?page=1&limit=100
[2025-03-23 16:41:52] [INFO] [RESPONSE] Status: 200 Message: Categories fetched successfully
[2025-03-23 16:41:52] [INFO] [REQUEST] GET /admin/fetch-all-categories?page=1&limit=100
[2025-03-23 16:41:52] [INFO] [RESPONSE] Status: 200 Message: Categories fetched successfully
[2025-03-23 16:41:52] [INFO] [REQUEST] GET /admin/fetch-all-categories?page=1&limit=100
[2025-03-23 16:41:53] [INFO] [RESPONSE] Status: 200 Message: Categories fetched successfully
[2025-03-23 16:41:53] [INFO] [REQUEST] GET /admin/fetch-all-categories?page=1&limit=100
[2025-03-23 16:41:53] [INFO] [RESPONSE] Status: 200 Message: Categories fetched successfully
[2025-03-23 16:41:53] [INFO] [REQUEST] GET /admin/fetch-all-categories?page=1&limit=100
[2025-03-23 16:41:54] [INFO] [RESPONSE] Status: 200 Message: Categories fetched successfully
[2025-03-23 16:42:01] [INFO] [REQUEST] GET /admin/fetch-all-categories?page=1&limit=100
[2025-03-23 16:42:02] [INFO] [RESPONSE] Status: 200 Message: Categories fetched successfully
[2025-03-23 16:42:02] [INFO] [REQUEST] GET /admin/fetch-all-categories?page=1&limit=100
[2025-03-23 16:42:02] [INFO] [RESPONSE] Status: 200 Message: Categories fetched successfully
[2025-03-23 16:42:03] [INFO] [REQUEST] GET /admin/fetch-all-categories?page=1&limit=100
[2025-03-23 16:42:03] [INFO] [RESPONSE] Status: 200 Message: Categories fetched successfully
[2025-03-23 16:42:06] [INFO] [REQUEST] GET /admin/fetch-all-categories?page=1&limit=100
[2025-03-23 16:42:06] [INFO] [RESPONSE] Status: 200 Message: Categories fetched successfully
[2025-03-23 16:55:21] [INFO] [REQUEST] GET /admin/fetch-all-categories?page=1&limit=100
[2025-03-23 16:55:21] [INFO] [RESPONSE] Status: 200 Message: Categories fetched successfully
[2025-03-23 16:55:37] [INFO] [REQUEST] GET /admin/fetch-all-categories?page=1&limit=100
[2025-03-23 16:55:37] [INFO] [RESPONSE] Status: 200 Message: Categories fetched successfully
[2025-03-23 16:55:38] [INFO] [REQUEST] GET /admin/fetch-all-categories?page=1&limit=100
[2025-03-23 16:55:38] [INFO] [RESPONSE] Status: 200 Message: Categories fetched successfully
[2025-03-23 16:55:38] [INFO] [REQUEST] GET /admin/fetch-all-categories?page=1&limit=100
[2025-03-23 16:55:38] [INFO] [RESPONSE] Status: 200 Message: Categories fetched successfully
[2025-03-23 16:56:01] [INFO] [REQUEST] POST /instructor/create-course
[2025-03-23 16:56:06] [INFO] [RESPONSE] Status: 201 Message: Course created successfully.
[2025-03-23 22:41:10] [INFO] [REQUEST] GET /admin/fetch-all-categories?page=1&limit=100
[2025-03-23 22:41:10] [INFO] [RESPONSE] Status: 200 Message: Categories fetched successfully
[2025-03-23 22:41:25] [INFO] [REQUEST] GET /admin/fetch-all-categories?page=1&limit=100
[2025-03-23 22:41:25] [INFO] [RESPONSE] Status: 200 Message: Categories fetched successfully
[2025-03-23 22:41:25] [INFO] [REQUEST] GET /admin/fetch-all-categories?page=1&limit=100
[2025-03-23 22:41:26] [INFO] [RESPONSE] Status: 200 Message: Categories fetched successfully
[2025-03-23 22:41:26] [INFO] [REQUEST] GET /admin/fetch-all-categories?page=1&limit=100
[2025-03-23 22:41:26] [INFO] [RESPONSE] Status: 200 Message: Categories fetched successfully
[2025-03-23 22:41:26] [INFO] [REQUEST] GET /admin/fetch-all-categories?page=1&limit=100
[2025-03-23 22:41:27] [INFO] [RESPONSE] Status: 200 Message: Categories fetched successfully
[2025-03-23 22:41:27] [INFO] [REQUEST] GET /admin/fetch-all-categories?page=1&limit=100
[2025-03-23 22:41:27] [INFO] [RESPONSE] Status: 200 Message: Categories fetched successfully
[2025-03-23 22:41:27] [INFO] [REQUEST] GET /admin/fetch-all-categories?page=1&limit=100
[2025-03-23 22:41:28] [INFO] [RESPONSE] Status: 200 Message: Categories fetched successfully
[2025-03-23 22:41:28] [INFO] [REQUEST] GET /admin/fetch-all-categories?page=1&limit=100
[2025-03-23 22:41:28] [INFO] [RESPONSE] Status: 200 Message: Categories fetched successfully
[2025-03-23 22:41:28] [INFO] [REQUEST] GET /admin/fetch-all-categories?page=1&limit=100
[2025-03-23 22:41:29] [INFO] [RESPONSE] Status: 200 Message: Categories fetched successfully
[2025-03-23 22:41:29] [INFO] [REQUEST] GET /admin/fetch-all-categories?page=1&limit=100
[2025-03-23 22:41:29] [INFO] [RESPONSE] Status: 200 Message: Categories fetched successfully
[2025-03-23 22:41:29] [INFO] [REQUEST] GET /admin/fetch-all-categories?page=1&limit=100
[2025-03-23 22:41:30] [INFO] [RESPONSE] Status: 200 Message: Categories fetched successfully
[2025-03-23 22:41:30] [INFO] [REQUEST] GET /admin/fetch-all-categories?page=1&limit=100
[2025-03-23 22:41:30] [INFO] [RESPONSE] Status: 200 Message: Categories fetched successfully
[2025-03-23 22:41:30] [INFO] [REQUEST] GET /admin/fetch-all-categories?page=1&limit=100
[2025-03-23 22:41:30] [INFO] [RESPONSE] Status: 200 Message: Categories fetched successfully
[2025-03-23 22:41:30] [INFO] [REQUEST] GET /admin/fetch-all-categories?page=1&limit=100
[2025-03-23 22:41:31] [INFO] [RESPONSE] Status: 200 Message: Categories fetched successfully
[2025-03-23 22:41:31] [INFO] [REQUEST] GET /admin/fetch-all-categories?page=1&limit=100
[2025-03-23 22:41:31] [INFO] [RESPONSE] Status: 200 Message: Categories fetched successfully
[2025-03-23 22:41:31] [INFO] [REQUEST] GET /admin/fetch-all-categories?page=1&limit=100
[2025-03-23 22:41:31] [INFO] [RESPONSE] Status: 200 Message: Categories fetched successfully
[2025-03-23 22:41:32] [INFO] [REQUEST] GET /admin/fetch-all-categories?page=1&limit=100
[2025-03-23 22:41:32] [INFO] [RESPONSE] Status: 200 Message: Categories fetched successfully
[2025-03-23 22:41:32] [INFO] [REQUEST] GET /admin/fetch-all-categories?page=1&limit=100
[2025-03-23 22:41:32] [INFO] [RESPONSE] Status: 200 Message: Categories fetched successfully
[2025-03-23 22:41:32] [INFO] [REQUEST] GET /admin/fetch-all-categories?page=1&limit=100
[2025-03-23 22:41:32] [INFO] [RESPONSE] Status: 200 Message: Categories fetched successfully
[2025-03-23 22:41:32] [INFO] [REQUEST] GET /admin/fetch-all-categories?page=1&limit=100
[2025-03-23 22:41:33] [INFO] [RESPONSE] Status: 200 Message: Categories fetched successfully
[2025-03-23 22:41:33] [INFO] [REQUEST] GET /admin/fetch-all-categories?page=1&limit=100
[2025-03-23 22:41:33] [INFO] [RESPONSE] Status: 200 Message: Categories fetched successfully
[2025-03-23 22:41:33] [INFO] [REQUEST] GET /admin/fetch-all-categories?page=1&limit=100
[2025-03-23 22:41:33] [INFO] [RESPONSE] Status: 200 Message: Categories fetched successfully
[2025-03-23 22:41:33] [INFO] [REQUEST] GET /admin/fetch-all-categories?page=1&limit=100
[2025-03-23 22:41:34] [INFO] [RESPONSE] Status: 200 Message: Categories fetched successfully
[2025-03-23 22:41:34] [INFO] [REQUEST] GET /admin/fetch-all-categories?page=1&limit=100
[2025-03-23 22:41:34] [INFO] [RESPONSE] Status: 200 Message: Categories fetched successfully
[2025-03-23 22:41:34] [INFO] [REQUEST] GET /admin/fetch-all-categories?page=1&limit=100
[2025-03-23 22:41:34] [INFO] [RESPONSE] Status: 200 Message: Categories fetched successfully
[2025-03-23 22:41:34] [INFO] [REQUEST] GET /admin/fetch-all-categories?page=1&limit=100
[2025-03-23 22:41:34] [INFO] [RESPONSE] Status: 200 Message: Categories fetched successfully
[2025-03-23 22:41:34] [INFO] [REQUEST] GET /admin/fetch-all-categories?page=1&limit=100
[2025-03-23 22:41:35] [INFO] [RESPONSE] Status: 200 Message: Categories fetched successfully
[2025-03-23 22:41:35] [INFO] [REQUEST] GET /admin/fetch-all-categories?page=1&limit=100
[2025-03-23 22:41:35] [INFO] [RESPONSE] Status: 200 Message: Categories fetched successfully
[2025-03-23 22:41:35] [INFO] [REQUEST] GET /admin/fetch-all-categories?page=1&limit=100
[2025-03-23 22:41:35] [INFO] [RESPONSE] Status: 200 Message: Categories fetched successfully
[2025-03-23 22:41:35] [INFO] [REQUEST] GET /admin/fetch-all-categories?page=1&limit=100
[2025-03-23 22:41:36] [INFO] [RESPONSE] Status: 200 Message: Categories fetched successfully
[2025-03-23 22:41:36] [INFO] [REQUEST] GET /admin/fetch-all-categories?page=1&limit=100
[2025-03-23 22:41:36] [INFO] [RESPONSE] Status: 200 Message: Categories fetched successfully
[2025-03-23 22:41:36] [INFO] [REQUEST] GET /admin/fetch-all-categories?page=1&limit=100
[2025-03-23 22:41:36] [INFO] [RESPONSE] Status: 200 Message: Categories fetched successfully
[2025-03-23 22:41:36] [INFO] [REQUEST] GET /admin/fetch-all-categories?page=1&limit=100
[2025-03-23 22:41:37] [INFO] [RESPONSE] Status: 200 Message: Categories fetched successfully
[2025-03-23 22:41:37] [INFO] [REQUEST] GET /admin/fetch-all-categories?page=1&limit=100
[2025-03-23 22:41:37] [INFO] [RESPONSE] Status: 200 Message: Categories fetched successfully
[2025-03-23 22:41:37] [INFO] [REQUEST] GET /admin/fetch-all-categories?page=1&limit=100
[2025-03-23 22:41:37] [INFO] [RESPONSE] Status: 200 Message: Categories fetched successfully
[2025-03-23 22:41:37] [INFO] [REQUEST] GET /admin/fetch-all-categories?page=1&limit=100
[2025-03-23 22:41:38] [INFO] [RESPONSE] Status: 200 Message: Categories fetched successfully
[2025-03-23 22:41:38] [INFO] [REQUEST] GET /admin/fetch-all-categories?page=1&limit=100
[2025-03-23 22:41:38] [INFO] [RESPONSE] Status: 200 Message: Categories fetched successfully
[2025-03-23 22:41:38] [INFO] [REQUEST] GET /admin/fetch-all-categories?page=1&limit=100
[2025-03-23 22:41:38] [INFO] [RESPONSE] Status: 200 Message: Categories fetched successfully
[2025-03-23 22:41:38] [INFO] [REQUEST] GET /admin/fetch-all-categories?page=1&limit=100
[2025-03-23 22:41:39] [INFO] [RESPONSE] Status: 200 Message: Categories fetched successfully
[2025-03-23 22:41:39] [INFO] [REQUEST] GET /admin/fetch-all-categories?page=1&limit=100
[2025-03-23 22:41:40] [INFO] [RESPONSE] Status: 200 Message: Categories fetched successfully
[2025-03-23 22:41:40] [INFO] [REQUEST] GET /admin/fetch-all-categories?page=1&limit=100
[2025-03-23 22:41:40] [INFO] [RESPONSE] Status: 200 Message: Categories fetched successfully
[2025-03-23 22:41:40] [INFO] [REQUEST] GET /admin/fetch-all-categories?page=1&limit=100
[2025-03-23 22:41:40] [INFO] [RESPONSE] Status: 200 Message: Categories fetched successfully
[2025-03-23 22:41:40] [INFO] [REQUEST] GET /admin/fetch-all-categories?page=1&limit=100
[2025-03-23 22:41:40] [INFO] [RESPONSE] Status: 200 Message: Categories fetched successfully
[2025-03-23 22:41:40] [INFO] [REQUEST] GET /admin/fetch-all-categories?page=1&limit=100
[2025-03-23 22:41:41] [INFO] [RESPONSE] Status: 200 Message: Categories fetched successfully
[2025-03-23 22:41:41] [INFO] [REQUEST] GET /admin/fetch-all-categories?page=1&limit=100
[2025-03-23 22:41:41] [INFO] [RESPONSE] Status: 200 Message: Categories fetched successfully
[2025-03-23 22:41:41] [INFO] [REQUEST] GET /admin/fetch-all-categories?page=1&limit=100
[2025-03-23 22:41:41] [INFO] [RESPONSE] Status: 200 Message: Categories fetched successfully
[2025-03-23 22:41:41] [INFO] [REQUEST] GET /admin/fetch-all-categories?page=1&limit=100
[2025-03-23 22:41:42] [INFO] [RESPONSE] Status: 200 Message: Categories fetched successfully
[2025-03-23 22:41:42] [INFO] [REQUEST] GET /admin/fetch-all-categories?page=1&limit=100
[2025-03-23 22:41:42] [INFO] [RESPONSE] Status: 200 Message: Categories fetched successfully
[2025-03-23 22:41:42] [INFO] [REQUEST] GET /admin/fetch-all-categories?page=1&limit=100
[2025-03-23 22:41:43] [INFO] [RESPONSE] Status: 200 Message: Categories fetched successfully
[2025-03-23 22:41:43] [INFO] [REQUEST] GET /admin/fetch-all-categories?page=1&limit=100
[2025-03-23 22:41:43] [INFO] [RESPONSE] Status: 200 Message: Categories fetched successfully
[2025-03-23 22:41:43] [INFO] [REQUEST] GET /admin/fetch-all-categories?page=1&limit=100
[2025-03-23 22:41:43] [INFO] [RESPONSE] Status: 200 Message: Categories fetched successfully
[2025-03-23 22:41:43] [INFO] [REQUEST] GET /admin/fetch-all-categories?page=1&limit=100
[2025-03-23 22:41:44] [INFO] [RESPONSE] Status: 200 Message: Categories fetched successfully
[2025-03-23 22:41:44] [INFO] [REQUEST] GET /admin/fetch-all-categories?page=1&limit=100
[2025-03-23 22:41:44] [INFO] [RESPONSE] Status: 200 Message: Categories fetched successfully
[2025-03-23 22:41:44] [INFO] [REQUEST] GET /admin/fetch-all-categories?page=1&limit=100
[2025-03-23 22:41:44] [INFO] [RESPONSE] Status: 200 Message: Categories fetched successfully
[2025-03-23 22:41:44] [INFO] [REQUEST] GET /admin/fetch-all-categories?page=1&limit=100
[2025-03-23 22:41:44] [INFO] [RESPONSE] Status: 200 Message: Categories fetched successfully
[2025-03-23 22:41:44] [INFO] [REQUEST] GET /admin/fetch-all-categories?page=1&limit=100
[2025-03-23 22:41:45] [INFO] [RESPONSE] Status: 200 Message: Categories fetched successfully
[2025-03-23 22:41:45] [INFO] [REQUEST] GET /admin/fetch-all-categories?page=1&limit=100
[2025-03-23 22:41:45] [INFO] [RESPONSE] Status: 200 Message: Categories fetched successfully
[2025-03-23 22:41:45] [INFO] [REQUEST] GET /admin/fetch-all-categories?page=1&limit=100
[2025-03-23 22:41:45] [INFO] [RESPONSE] Status: 200 Message: Categories fetched successfully
[2025-03-23 22:41:45] [INFO] [REQUEST] GET /admin/fetch-all-categories?page=1&limit=100
[2025-03-23 22:41:46] [INFO] [RESPONSE] Status: 200 Message: Categories fetched successfully
[2025-03-23 22:41:46] [INFO] [REQUEST] GET /admin/fetch-all-categories?page=1&limit=100
[2025-03-23 22:41:46] [INFO] [RESPONSE] Status: 200 Message: Categories fetched successfully
[2025-03-23 22:41:46] [INFO] [REQUEST] GET /admin/fetch-all-categories?page=1&limit=100
[2025-03-23 22:41:46] [INFO] [RESPONSE] Status: 200 Message: Categories fetched successfully
[2025-03-23 22:41:46] [INFO] [REQUEST] GET /admin/fetch-all-categories?page=1&limit=100
[2025-03-23 22:41:46] [INFO] [RESPONSE] Status: 200 Message: Categories fetched successfully
[2025-03-23 22:41:46] [INFO] [REQUEST] GET /admin/fetch-all-categories?page=1&limit=100
[2025-03-23 22:41:47] [INFO] [RESPONSE] Status: 200 Message: Categories fetched successfully
[2025-03-23 22:41:47] [INFO] [REQUEST] GET /admin/fetch-all-categories?page=1&limit=100
[2025-03-23 22:41:47] [INFO] [RESPONSE] Status: 200 Message: Categories fetched successfully
[2025-03-23 22:41:47] [INFO] [REQUEST] GET /admin/fetch-all-categories?page=1&limit=100
[2025-03-23 22:41:48] [INFO] [RESPONSE] Status: 200 Message: Categories fetched successfully
[2025-03-23 22:41:48] [INFO] [REQUEST] GET /admin/fetch-all-categories?page=1&limit=100
[2025-03-23 22:41:48] [INFO] [RESPONSE] Status: 200 Message: Categories fetched successfully
[2025-03-23 22:41:48] [INFO] [REQUEST] GET /admin/fetch-all-categories?page=1&limit=100
[2025-03-23 22:41:49] [INFO] [RESPONSE] Status: 200 Message: Categories fetched successfully
[2025-03-23 22:41:49] [INFO] [REQUEST] GET /admin/fetch-all-categories?page=1&limit=100
[2025-03-23 22:41:49] [INFO] [RESPONSE] Status: 200 Message: Categories fetched successfully
[2025-03-23 22:41:49] [INFO] [REQUEST] GET /admin/fetch-all-categories?page=1&limit=100
[2025-03-23 22:41:50] [INFO] [RESPONSE] Status: 200 Message: Categories fetched successfully
[2025-03-23 22:41:51] [INFO] [REQUEST] GET /admin/fetch-all-categories?page=1&limit=100
[2025-03-23 22:41:51] [INFO] [RESPONSE] Status: 200 Message: Categories fetched successfully
[2025-03-23 22:41:51] [INFO] [REQUEST] GET /admin/fetch-all-categories?page=1&limit=100
[2025-03-23 22:41:52] [INFO] [RESPONSE] Status: 200 Message: Categories fetched successfully
[2025-03-23 22:41:52] [INFO] [REQUEST] GET /admin/fetch-all-categories?page=1&limit=100
[2025-03-23 22:41:53] [INFO] [RESPONSE] Status: 200 Message: Categories fetched successfully
[2025-03-23 22:42:15] [INFO] [REQUEST] POST /instructor/create-course
[2025-03-23 22:42:31] [INFO] [RESPONSE] Status: 201 Message: Course created successfully.
