[2025-03-10 00:00:37] [INFO] [REQUEST] OPTIONS /signup
[2025-03-10 00:00:37] [INFO] [REQUEST] POST /signup
[2025-03-10 00:00:42] [INFO] [RESPONSE] Status: 201 Message: Please verify your email for OTP verification.
[2025-03-10 00:01:13] [INFO] [REQUEST] OPTIONS /otp-verification
[2025-03-10 00:01:13] [INFO] [REQUEST] POST /otp-verification
[2025-03-10 00:01:13] [INFO] [RESPONSE] Status: 200 Message: OTP verified successfully. Your account is now activated.
[2025-03-10 00:03:17] [INFO] [REQUEST] OPTIONS /logout
[2025-03-10 00:03:17] [INFO] [REQUEST] POST /logout
[2025-03-10 00:03:17] [INFO] [RESPONSE] Status: 200 Message: User logged out successfully
[2025-03-10 00:03:39] [INFO] [REQUEST] OPTIONS /login
[2025-03-10 00:03:39] [INFO] [REQUEST] POST /login
[2025-03-10 00:03:39] [INFO] [RESPONSE] Status: 400 Message: User not found.
[2025-03-10 00:04:11] [INFO] [REQUEST] OPTIONS /signup
[2025-03-10 00:04:11] [INFO] [REQUEST] POST /signup
[2025-03-10 00:04:16] [INFO] [RESPONSE] Status: 201 Message: Please verify your email for OTP verification.
[2025-03-10 00:04:37] [INFO] [REQUEST] OPTIONS /otp-verification
[2025-03-10 00:04:37] [INFO] [REQUEST] POST /otp-verification
[2025-03-10 00:04:37] [INFO] [RESPONSE] Status: 200 Message: OTP verified successfully. Your account is now activated.
[2025-03-10 00:05:44] [INFO] [REQUEST] POST /instructor-apply
[2025-03-10 00:05:47] [INFO] [RESPONSE] Status: 201 Message: Application submitted successfully. Awaiting approval.
[2025-03-10 00:05:47] [INFO] [REQUEST] GET /getUserdata
[2025-03-10 00:05:47] [INFO] [RESPONSE] Status: 200 Message: User details fetched successfully
[2025-03-10 00:05:52] [INFO] [REQUEST] GET /admin/fetchAllInstructors?page=1&limit=10
[2025-03-10 00:05:52] [INFO] [RESPONSE] Status: 200 Message: Instructors fetched successfully
[2025-03-10 00:05:55] [INFO] [REQUEST] GET /admin/fetchAllStudents?page=1&limit=10
[2025-03-10 00:05:55] [INFO] [RESPONSE] Status: 200 Message: Students fetched successfully
[2025-03-10 00:06:03] [INFO] [REQUEST] GET /admin/fetchAllRequestedUsers?page=1&limit=9
[2025-03-10 00:06:03] [INFO] [RESPONSE] Status: 200 Message: Requested users fetched successfully
[2025-03-10 00:06:20] [INFO] [REQUEST] OPTIONS /admin/approve-instructor/67b6d4b441900af7ed9b5af6
[2025-03-10 00:06:20] [INFO] [REQUEST] PATCH /admin/approve-instructor/67b6d4b441900af7ed9b5af6
[2025-03-10 00:06:20] [INFO] [RESPONSE] Status: 200 Message: User has been approved as an Instructor successfully.
[2025-03-10 00:06:20] [INFO] [REQUEST] GET /admin/fetchAllRequestedUsers?page=1&limit=9
[2025-03-10 00:06:20] [INFO] [RESPONSE] Status: 200 Message: Requested users fetched successfully
[2025-03-10 00:06:50] [INFO] [REQUEST] OPTIONS /admin/approve-instructor/67cddb90ee2e3629b23ec724
[2025-03-10 00:06:50] [INFO] [REQUEST] PATCH /admin/approve-instructor/67cddb90ee2e3629b23ec724
[2025-03-10 00:06:51] [INFO] [RESPONSE] Status: 200 Message: User has been approved as an Instructor successfully.
[2025-03-10 00:06:51] [INFO] [REQUEST] GET /admin/fetchAllRequestedUsers?page=1&limit=9
[2025-03-10 00:06:51] [INFO] [RESPONSE] Status: 200 Message: Requested users fetched successfully
[2025-03-10 00:06:59] [INFO] [REQUEST] GET /admin/fetchAllStudents?page=1&limit=10
[2025-03-10 00:06:59] [INFO] [RESPONSE] Status: 200 Message: Students fetched successfully
[2025-03-10 00:07:03] [INFO] [REQUEST] GET /admin/fetchAllInstructors?page=1&limit=10
[2025-03-10 00:07:03] [INFO] [RESPONSE] Status: 200 Message: Instructors fetched successfully
[2025-03-10 00:07:28] [INFO] [REQUEST] GET /admin/fetchAllStudents?page=1&limit=10
[2025-03-10 00:07:28] [INFO] [RESPONSE] Status: 200 Message: Students fetched successfully
[2025-03-10 00:07:31] [INFO] [REQUEST] GET /admin/fetchAllInstructors?page=1&limit=10
[2025-03-10 00:07:31] [INFO] [RESPONSE] Status: 200 Message: Instructors fetched successfully
[2025-03-10 00:11:36] [INFO] [REQUEST] GET /admin/fetchAllStudents?page=1&limit=10
[2025-03-10 00:11:36] [INFO] [RESPONSE] Status: 200 Message: Students fetched successfully
[2025-03-10 00:11:46] [INFO] [REQUEST] GET /admin/fetchAllInstructors?page=1&limit=10
[2025-03-10 00:11:46] [INFO] [RESPONSE] Status: 200 Message: Instructors fetched successfully
[2025-03-10 00:13:01] [INFO] [REQUEST] GET /admin/fetchAllStudents?page=1&limit=10
[2025-03-10 00:13:01] [INFO] [RESPONSE] Status: 200 Message: Students fetched successfully
[2025-03-10 00:13:10] [INFO] [REQUEST] GET /admin/fetchAllInstructors?page=1&limit=10
[2025-03-10 00:13:10] [INFO] [RESPONSE] Status: 200 Message: Instructors fetched successfully
[2025-03-10 00:15:02] [INFO] [REQUEST] GET /admin/fetchAllRequestedUsers?page=1&limit=9
[2025-03-10 00:15:02] [INFO] [RESPONSE] Status: 200 Message: Requested users fetched successfully
[2025-03-10 00:15:45] [INFO] [REQUEST] GET /admin/fetch-all-categories
[2025-03-10 00:15:46] [INFO] [RESPONSE] Status: 200 Message: Categories fetched successfully
[2025-03-10 00:38:42] [INFO] [REQUEST] OPTIONS /student-profile
[2025-03-10 00:38:43] [INFO] [REQUEST] PUT /student-profile
[2025-03-10 00:38:43] [INFO] [RESPONSE] Status: 200 Message: Profile updated successfully.
[2025-03-10 00:39:00] [INFO] [REQUEST] GET /student-profile
[2025-03-10 00:39:00] [INFO] [RESPONSE] Status: 404 Message: The requested URL not found on this server
[2025-03-10 00:39:00] [INFO] [REQUEST] GET /favicon.ico
[2025-03-10 00:39:00] [INFO] [RESPONSE] Status: 404 Message: The requested URL not found on this server
[2025-03-10 00:47:44] [INFO] [REQUEST] GET /student-profile
[2025-03-10 00:47:44] [INFO] [RESPONSE] Status: 404 Message: The requested URL not found on this server
[2025-03-10 00:48:01] [INFO] [REQUEST] GET /student-profile
[2025-03-10 00:48:01] [INFO] [RESPONSE] Status: 404 Message: The requested URL not found on this server
[2025-03-10 00:49:35] [INFO] [REQUEST] GET /admin/fetch-all-categories
[2025-03-10 00:49:37] [INFO] [RESPONSE] Status: 200 Message: Categories fetched successfully
[2025-03-10 00:49:45] [INFO] [REQUEST] GET /admin/fetchAllRequestedUsers?page=1&limit=9
[2025-03-10 00:49:45] [INFO] [RESPONSE] Status: 200 Message: Requested users fetched successfully
[2025-03-10 00:50:35] [INFO] [REQUEST] GET /admin/fetchAllRequestedUsers?page=1&limit=9
[2025-03-10 00:50:35] [INFO] [RESPONSE] Status: 200 Message: Requested users fetched successfully
[2025-03-10 00:50:52] [INFO] [REQUEST] GET /admin/fetchAllStudents?page=1&limit=10
[2025-03-10 00:50:52] [INFO] [RESPONSE] Status: 200 Message: Students fetched successfully
[2025-03-10 00:51:06] [INFO] [REQUEST] GET /admin/fetchAllStudents?page=1&limit=10
[2025-03-10 00:51:06] [INFO] [RESPONSE] Status: 200 Message: Students fetched successfully
[2025-03-10 00:51:16] [INFO] [REQUEST] GET /admin/fetchAllStudents?page=1&limit=10
[2025-03-10 00:51:16] [INFO] [RESPONSE] Status: 401 Message: Unauthorized: No token provided
[2025-03-10 01:01:20] [INFO] [REQUEST] GET /admin/fetchAllStudents?page=1&limit=10
[2025-03-10 01:01:20] [INFO] [RESPONSE] Status: 401 Message: Unauthorized: No token provided
[2025-03-10 01:02:19] [INFO] [REQUEST] GET /admin/fetchAllStudents?page=1&limit=10
[2025-03-10 01:02:19] [INFO] [RESPONSE] Status: 401 Message: Unauthorized: No token provided
[2025-03-10 01:02:25] [INFO] [REQUEST] GET /admin/fetchAllInstructors?page=1&limit=10
[2025-03-10 01:02:25] [INFO] [RESPONSE] Status: 401 Message: Unauthorized: No token provided
[2025-03-10 01:02:29] [INFO] [REQUEST] POST /admin/logout
[2025-03-10 01:02:29] [INFO] [RESPONSE] Status: 200 Message: User logged out successfully
[2025-03-10 01:11:58] [INFO] [REQUEST] GET /admin/fetchAllStudents?page=1&limit=10
[2025-03-10 01:11:58] [INFO] [RESPONSE] Status: 401 Message: Unauthorized: No token provided
[2025-03-10 01:12:03] [INFO] [REQUEST] GET /admin/fetchAllStudents?page=1&limit=10
[2025-03-10 01:12:03] [INFO] [RESPONSE] Status: 401 Message: Unauthorized: No token provided
[2025-03-10 01:12:18] [INFO] [REQUEST] OPTIONS /admin/login
[2025-03-10 01:12:18] [INFO] [REQUEST] POST /admin/login
[2025-03-10 01:12:18] [INFO] [RESPONSE] Status: 200 Message: Admin logged in successfully.
[2025-03-10 01:12:32] [INFO] [REQUEST] GET /admin/fetchAllStudents?page=1&limit=10
[2025-03-10 01:12:32] [INFO] [RESPONSE] Status: 200 Message: Students fetched successfully
[2025-03-10 01:13:08] [INFO] [REQUEST] GET /admin/fetchAllStudents?page=1&limit=10
[2025-03-10 01:13:08] [INFO] [RESPONSE] Status: 401 Message: Unauthorized: No token provided
[2025-03-10 01:31:07] [INFO] [REQUEST] GET /admin/fetchAllRequestedUsers?page=1&limit=9
[2025-03-10 01:31:07] [INFO] [RESPONSE] Status: 200 Message: Requested users fetched successfully
[2025-03-10 01:31:19] [INFO] [REQUEST] OPTIONS /admin/approve-instructor/67cddd8c30cdba190892402d
[2025-03-10 01:31:19] [INFO] [REQUEST] PATCH /admin/approve-instructor/67cddd8c30cdba190892402d
[2025-03-10 01:31:20] [INFO] [RESPONSE] Status: 200 Message: User has been approved as an Instructor successfully.
