[2025-05-02 09:47:24] [INFO] [REQUEST] OPTIONS /logout
[2025-05-02 09:47:24] [INFO] [REQUEST] POST /logout
[2025-05-02 09:47:24] [INFO] [RESPONSE] Status: 200 Message: User logged out successfully
[2025-05-02 09:47:43] [INFO] [REQUEST] OPTIONS /login
[2025-05-02 09:47:43] [INFO] [REQUEST] POST /login
[2025-05-02 09:47:44] [INFO] [RESPONSE] Status: 200 Message: Login successful.
[2025-05-02 09:47:55] [INFO] [REQUEST] GET /student/enrollments
[2025-05-02 09:47:55] [INFO] [RESPONSE] Status: 200 Message: Enrollments fetched successfully
[2025-05-02 09:47:55] [INFO] [REQUEST] GET /student/courses/681220b0921883c9718ddca1/progress
[2025-05-02 09:47:56] [INFO] [RESPONSE] Status: 200 Message: Course progress retrieved successfully.
[2025-05-02 09:47:56] [INFO] [REQUEST] GET /student/courses/68121b693a6713632d872b74/progress
[2025-05-02 09:47:56] [INFO] [RESPONSE] Status: 200 Message: Course progress retrieved successfully.
[2025-05-02 09:47:56] [INFO] [REQUEST] GET /student/courses/6811bc8f0acf5d323e58bde6/progress
[2025-05-02 09:47:56] [INFO] [RESPONSE] Status: 200 Message: Course progress retrieved successfully.
[2025-05-02 09:47:56] [INFO] [REQUEST] GET /student/courses/68006c86ce7af0883779c0fd/progress
[2025-05-02 09:47:56] [INFO] [RESPONSE] Status: 200 Message: Course progress retrieved successfully.
[2025-05-02 09:47:56] [INFO] [REQUEST] GET /student/courses/68087f901418b19cebc3bbd2/progress
[2025-05-02 09:47:57] [INFO] [RESPONSE] Status: 200 Message: Course progress retrieved successfully.
[2025-05-02 09:47:58] [INFO] [REQUEST] GET /courses/68006c86ce7af0883779c0fd
[2025-05-02 09:47:58] [INFO] [RESPONSE] Status: 200 Message: Course fetched successfully.
[2025-05-02 09:47:58] [INFO] [REQUEST] GET /student/check-enrollment/68006c86ce7af0883779c0fd
[2025-05-02 09:47:58] [INFO] [REQUEST] GET /student/review/68006c86ce7af0883779c0fd
[2025-05-02 09:47:59] [INFO] [RESPONSE] Status: 200 Message: User is enrolled in this course
[2025-05-02 09:47:59] [INFO] [RESPONSE] Status: 200 Message: Reviews fetched successfully.
[2025-05-02 09:47:59] [INFO] [REQUEST] GET /student/lesson-progress/68006c86ce7af0883779c0fd
[2025-05-02 09:47:59] [INFO] [RESPONSE] Status: 200 Message: Lesson progress fetched successfully
[2025-05-02 09:47:59] [INFO] [REQUEST] GET /student/courses/68006c86ce7af0883779c0fd/modules/Basics%20of%20python/assessments?page=1&limit=10
[2025-05-02 09:47:59] [INFO] [REQUEST] GET /courses/68006c86ce7af0883779c0fd/stream?videoKey=courses%2F67b6d4b441900af7ed9b5af6%2Fpython%20course%2Fmodule-1%2Flesson-1-1746114228930.mp4
[2025-05-02 09:47:59] [INFO] [RESPONSE] Status: 200 Message: Assessments retrieved successfully.
[2025-05-02 09:48:06] [INFO] [REQUEST] GET /courses/68006c86ce7af0883779c0fd/stream?videoKey=courses%2F67b6d4b441900af7ed9b5af6%2Fpython%20course%2Fmodule-1%2Flesson-1-1746114228930.mp4
[2025-05-02 09:48:07] [INFO] [REQUEST] OPTIONS /student/update-lesson-progress
[2025-05-02 09:48:07] [INFO] [REQUEST] POST /student/update-lesson-progress
[2025-05-02 09:48:07] [INFO] [RESPONSE] Status: 200 Message: Lesson progress updated successfully
[2025-05-02 09:48:14] [INFO] [REQUEST] GET /courses/68006c86ce7af0883779c0fd/stream?videoKey=courses%2F67b6d4b441900af7ed9b5af6%2Fpython%20course%2Fmodule-1%2Flesson-4-1746114474377.mp4
[2025-05-02 09:48:16] [INFO] [REQUEST] OPTIONS /student/update-lesson-progress
[2025-05-02 09:48:16] [INFO] [REQUEST] POST /student/update-lesson-progress
[2025-05-02 09:48:17] [INFO] [RESPONSE] Status: 200 Message: Lesson progress updated successfully
[2025-05-02 09:48:18] [INFO] [REQUEST] GET /courses/68006c86ce7af0883779c0fd/stream?videoKey=courses%2F67b6d4b441900af7ed9b5af6%2Fpython%20course%2Fmodule-1%2Flesson-4-1746114474377.mp4
[2025-05-02 09:48:21] [INFO] [REQUEST] OPTIONS /student/update-lesson-progress
[2025-05-02 09:48:21] [INFO] [REQUEST] POST /student/update-lesson-progress
[2025-05-02 09:48:22] [INFO] [RESPONSE] Status: 200 Message: Lesson progress updated successfully
[2025-05-02 09:48:26] [INFO] [REQUEST] OPTIONS /student/update-lesson-progress
[2025-05-02 09:48:26] [INFO] [REQUEST] POST /student/update-lesson-progress
[2025-05-02 09:48:27] [INFO] [RESPONSE] Status: 200 Message: Lesson progress updated successfully
[2025-05-02 09:48:31] [INFO] [REQUEST] POST /student/update-lesson-progress
[2025-05-02 09:48:32] [INFO] [RESPONSE] Status: 200 Message: Lesson progress updated successfully
[2025-05-02 09:48:37] [INFO] [REQUEST] OPTIONS /student/update-lesson-progress
[2025-05-02 09:48:37] [INFO] [REQUEST] POST /student/update-lesson-progress
[2025-05-02 09:48:37] [INFO] [RESPONSE] Status: 200 Message: Lesson progress updated successfully
[2025-05-02 09:48:42] [INFO] [REQUEST] OPTIONS /student/update-lesson-progress
[2025-05-02 09:48:42] [INFO] [REQUEST] POST /student/update-lesson-progress
[2025-05-02 09:48:42] [INFO] [RESPONSE] Status: 200 Message: Lesson progress updated successfully
[2025-05-02 09:48:45] [INFO] [REQUEST] GET /courses/68006c86ce7af0883779c0fd/stream?videoKey=courses%2F67b6d4b441900af7ed9b5af6%2Fpython%20course%2Fmodule-1%2Flesson-4-1746114474377.mp4
[2025-05-02 09:48:46] [INFO] [REQUEST] GET /active-courses?page=1&limit=8&sortField=updatedAt&sortOrder=desc
[2025-05-02 09:48:46] [INFO] [RESPONSE] Status: 200 Message: Active courses fetched successfully.
[2025-05-02 09:48:57] [INFO] [REQUEST] GET /student/enrollments
[2025-05-02 09:48:57] [INFO] [RESPONSE] Status: 200 Message: Enrollments fetched successfully
[2025-05-02 09:48:57] [INFO] [REQUEST] GET /student/courses/681220b0921883c9718ddca1/progress
[2025-05-02 09:48:57] [INFO] [RESPONSE] Status: 200 Message: Course progress retrieved successfully.
[2025-05-02 09:48:57] [INFO] [REQUEST] GET /student/courses/68121b693a6713632d872b74/progress
[2025-05-02 09:48:58] [INFO] [RESPONSE] Status: 200 Message: Course progress retrieved successfully.
[2025-05-02 09:48:58] [INFO] [REQUEST] GET /student/courses/6811bc8f0acf5d323e58bde6/progress
[2025-05-02 09:48:58] [INFO] [RESPONSE] Status: 200 Message: Course progress retrieved successfully.
[2025-05-02 09:48:58] [INFO] [REQUEST] GET /student/courses/68006c86ce7af0883779c0fd/progress
[2025-05-02 09:48:58] [INFO] [RESPONSE] Status: 200 Message: Course progress retrieved successfully.
[2025-05-02 09:48:58] [INFO] [REQUEST] GET /student/courses/68087f901418b19cebc3bbd2/progress
[2025-05-02 09:48:58] [INFO] [RESPONSE] Status: 200 Message: Course progress retrieved successfully.
[2025-05-02 09:49:00] [INFO] [REQUEST] GET /courses/68006c86ce7af0883779c0fd
[2025-05-02 09:49:00] [INFO] [RESPONSE] Status: 200 Message: Course fetched successfully.
[2025-05-02 09:49:00] [INFO] [REQUEST] GET /student/check-enrollment/68006c86ce7af0883779c0fd
[2025-05-02 09:49:00] [INFO] [REQUEST] GET /student/review/68006c86ce7af0883779c0fd
[2025-05-02 09:49:00] [INFO] [RESPONSE] Status: 200 Message: User is enrolled in this course
[2025-05-02 09:49:00] [INFO] [RESPONSE] Status: 200 Message: Reviews fetched successfully.
[2025-05-02 09:49:00] [INFO] [REQUEST] GET /student/lesson-progress/68006c86ce7af0883779c0fd
[2025-05-02 09:49:00] [INFO] [RESPONSE] Status: 200 Message: Lesson progress fetched successfully
[2025-05-02 09:49:01] [INFO] [REQUEST] GET /student/courses/68006c86ce7af0883779c0fd/modules/Basics%20of%20python/assessments?page=1&limit=10
[2025-05-02 09:49:01] [INFO] [REQUEST] GET /courses/68006c86ce7af0883779c0fd/stream?videoKey=courses%2F67b6d4b441900af7ed9b5af6%2Fpython%20course%2Fmodule-1%2Flesson-1-1746114228930.mp4
[2025-05-02 09:49:01] [INFO] [RESPONSE] Status: 200 Message: Assessments retrieved successfully.
[2025-05-02 09:49:58] [INFO] [REQUEST] OPTIONS /logout
[2025-05-02 09:49:58] [INFO] [REQUEST] POST /logout
[2025-05-02 09:49:58] [INFO] [RESPONSE] Status: 200 Message: User logged out successfully
[2025-05-02 09:50:03] [INFO] [REQUEST] OPTIONS /google-auth
[2025-05-02 09:50:03] [INFO] [REQUEST] POST /google-auth
[2025-05-02 09:50:04] [INFO] [RESPONSE] Status: 200 Message: Google authentication successful
[2025-05-02 09:50:06] [INFO] [REQUEST] GET /getUserdata
[2025-05-02 09:50:07] [INFO] [RESPONSE] Status: 200 Message: User details fetched successfully
[2025-05-02 09:50:07] [INFO] [REQUEST] GET /instructor/course-stats
[2025-05-02 09:50:08] [INFO] [RESPONSE] Status: 200 Message: undefined
[2025-05-02 09:50:08] [INFO] [REQUEST] GET /getUserdata
[2025-05-02 09:50:08] [INFO] [REQUEST] GET /instructor/courses?page=1&limit=6&search=
[2025-05-02 09:50:08] [INFO] [RESPONSE] Status: 200 Message: User details fetched successfully
[2025-05-02 09:50:08] [INFO] [RESPONSE] Status: 200 Message: Courses fetched successfully.
[2025-05-02 09:50:12] [INFO] [REQUEST] GET /instructor/courses/68006c86ce7af0883779c0fd/modules/Basics%20of%20python/assessments?page=1&limit=5
[2025-05-02 09:50:12] [INFO] [RESPONSE] Status: 200 Message: Assessments retrieved successfully.
[2025-05-02 09:51:45] [INFO] [REQUEST] GET /instructor/courses/68006c86ce7af0883779c0fd/modules/Basics%20of%20python/assessments?page=1&limit=5
[2025-05-02 09:51:46] [INFO] [RESPONSE] Status: 200 Message: Assessments retrieved successfully.
[2025-05-02 09:51:50] [INFO] [REQUEST] GET /instructor/courses/68006c86ce7af0883779c0fd/modules/Basics%20of%20python/assessments?page=1&limit=5
[2025-05-02 09:51:50] [INFO] [RESPONSE] Status: 200 Message: Assessments retrieved successfully.
[2025-05-02 09:51:54] [INFO] [REQUEST] GET /instructor/courses?page=1&limit=6&search=
[2025-05-02 09:51:54] [INFO] [REQUEST] GET /getUserdata
[2025-05-02 09:51:55] [INFO] [RESPONSE] Status: 200 Message: User details fetched successfully
[2025-05-02 09:51:55] [INFO] [RESPONSE] Status: 200 Message: Courses fetched successfully.
[2025-05-02 09:52:01] [INFO] [REQUEST] GET /instructor/courses/68006c86ce7af0883779c0fd/modules/Basics%20of%20python/assessments?page=1&limit=5
[2025-05-02 09:52:01] [INFO] [RESPONSE] Status: 200 Message: Assessments retrieved successfully.
[2025-05-02 09:52:25] [INFO] [REQUEST] GET /instructor/courses/68006c86ce7af0883779c0fd/modules/Basics%20of%20python/assessments?page=1&limit=5
[2025-05-02 09:52:25] [INFO] [RESPONSE] Status: 200 Message: Assessments retrieved successfully.
[2025-05-02 09:52:34] [INFO] [REQUEST] OPTIONS /instructor/courses/68006c86ce7af0883779c0fd
[2025-05-02 09:52:34] [INFO] [REQUEST] PUT /instructor/courses/68006c86ce7af0883779c0fd
[2025-05-02 09:52:34] [INFO] [RESPONSE] Status: 200 Message: Course updated successfully.
[2025-05-02 09:52:36] [INFO] [REQUEST] GET /instructor/courses/68006c86ce7af0883779c0fd/modules/basics%20of%20python/assessments?page=1&limit=5
[2025-05-02 09:52:36] [INFO] [RESPONSE] Status: 200 Message: Assessments retrieved successfully.
[2025-05-02 10:04:54] [INFO] [REQUEST] GET /instructor/courses/68006c86ce7af0883779c0fd/modules/basics%20of%20python/assessments?page=1&limit=5
[2025-05-02 10:04:54] [INFO] [RESPONSE] Status: 200 Message: Assessments retrieved successfully.
[2025-05-02 10:14:36] [INFO] [REQUEST] GET /instructor/courses/68006c86ce7af0883779c0fd/modules/basics%20of%20python/assessments?page=1&limit=5
[2025-05-02 10:14:36] [INFO] [RESPONSE] Status: 200 Message: Assessments retrieved successfully.
[2025-05-02 10:28:47] [INFO] [REQUEST] GET /instructor/courses/68006c86ce7af0883779c0fd/modules/basics%20of%20python/assessments?page=1&limit=5
[2025-05-02 10:28:47] [INFO] [RESPONSE] Status: 200 Message: Assessments retrieved successfully.
[2025-05-02 10:28:51] [INFO] [REQUEST] OPTIONS /logout
[2025-05-02 10:28:51] [INFO] [REQUEST] POST /logout
[2025-05-02 10:28:51] [INFO] [RESPONSE] Status: 200 Message: User logged out successfully
[2025-05-02 10:29:11] [INFO] [REQUEST] OPTIONS /login
[2025-05-02 10:29:11] [INFO] [REQUEST] POST /login
[2025-05-02 10:29:11] [INFO] [RESPONSE] Status: 200 Message: Login successful.
[2025-05-02 10:29:17] [INFO] [REQUEST] GET /student/enrollments
[2025-05-02 10:29:18] [INFO] [RESPONSE] Status: 200 Message: Enrollments fetched successfully
[2025-05-02 10:29:18] [INFO] [REQUEST] GET /student/courses/681220b0921883c9718ddca1/progress
[2025-05-02 10:29:18] [INFO] [RESPONSE] Status: 200 Message: Course progress retrieved successfully.
[2025-05-02 10:29:18] [INFO] [REQUEST] GET /student/courses/68121b693a6713632d872b74/progress
[2025-05-02 10:29:18] [INFO] [RESPONSE] Status: 200 Message: Course progress retrieved successfully.
[2025-05-02 10:29:18] [INFO] [REQUEST] GET /student/courses/6811bc8f0acf5d323e58bde6/progress
[2025-05-02 10:29:18] [INFO] [RESPONSE] Status: 200 Message: Course progress retrieved successfully.
[2025-05-02 10:29:18] [INFO] [REQUEST] GET /student/courses/68006c86ce7af0883779c0fd/progress
[2025-05-02 10:29:18] [INFO] [RESPONSE] Status: 200 Message: Course progress retrieved successfully.
[2025-05-02 10:29:18] [INFO] [REQUEST] GET /student/courses/68087f901418b19cebc3bbd2/progress
[2025-05-02 10:29:19] [INFO] [RESPONSE] Status: 200 Message: Course progress retrieved successfully.
[2025-05-02 10:29:20] [INFO] [REQUEST] GET /courses/68006c86ce7af0883779c0fd
[2025-05-02 10:29:21] [INFO] [RESPONSE] Status: 200 Message: Course fetched successfully.
[2025-05-02 10:29:21] [INFO] [REQUEST] GET /student/check-enrollment/68006c86ce7af0883779c0fd
[2025-05-02 10:29:21] [INFO] [REQUEST] GET /student/review/68006c86ce7af0883779c0fd
[2025-05-02 10:29:21] [INFO] [RESPONSE] Status: 200 Message: Reviews fetched successfully.
[2025-05-02 10:29:21] [INFO] [RESPONSE] Status: 200 Message: User is enrolled in this course
[2025-05-02 10:29:21] [INFO] [REQUEST] GET /student/lesson-progress/68006c86ce7af0883779c0fd
[2025-05-02 10:29:21] [INFO] [RESPONSE] Status: 200 Message: Lesson progress fetched successfully
[2025-05-02 10:29:21] [INFO] [REQUEST] GET /student/courses/68006c86ce7af0883779c0fd/modules/basics%20of%20python/assessments?page=1&limit=10
[2025-05-02 10:29:21] [INFO] [REQUEST] GET /courses/68006c86ce7af0883779c0fd/stream?videoKey=courses%2F67b6d4b441900af7ed9b5af6%2Fpython%20course%2Fmodule-1%2Flesson-1-1746114228930.mp4
[2025-05-02 10:29:21] [INFO] [RESPONSE] Status: 200 Message: Assessments retrieved successfully.
[2025-05-02 10:29:25] [INFO] [REQUEST] GET /student/assessments/6809b944381e4a4b4087e6c5
[2025-05-02 10:29:25] [INFO] [RESPONSE] Status: 200 Message: Assessment retrieved successfully.
[2025-05-02 10:29:25] [INFO] [REQUEST] GET /student/assessments/6809b944381e4a4b4087e6c5/result
[2025-05-02 10:29:25] [INFO] [RESPONSE] Status: 200 Message: Assessment result retrieved successfully.
[2025-05-02 10:30:01] [INFO] [REQUEST] GET /student/enrollments
[2025-05-02 10:30:01] [INFO] [RESPONSE] Status: 200 Message: Enrollments fetched successfully
[2025-05-02 10:30:01] [INFO] [REQUEST] GET /student/courses/681220b0921883c9718ddca1/progress
[2025-05-02 10:30:01] [INFO] [RESPONSE] Status: 200 Message: Course progress retrieved successfully.
[2025-05-02 10:30:01] [INFO] [REQUEST] GET /student/courses/68121b693a6713632d872b74/progress
[2025-05-02 10:30:01] [INFO] [RESPONSE] Status: 200 Message: Course progress retrieved successfully.
[2025-05-02 10:30:01] [INFO] [REQUEST] GET /student/courses/6811bc8f0acf5d323e58bde6/progress
[2025-05-02 10:30:02] [INFO] [RESPONSE] Status: 200 Message: Course progress retrieved successfully.
[2025-05-02 10:30:02] [INFO] [REQUEST] GET /student/courses/68006c86ce7af0883779c0fd/progress
[2025-05-02 10:30:02] [INFO] [RESPONSE] Status: 200 Message: Course progress retrieved successfully.
[2025-05-02 10:30:02] [INFO] [REQUEST] GET /student/courses/68087f901418b19cebc3bbd2/progress
[2025-05-02 10:30:02] [INFO] [RESPONSE] Status: 200 Message: Course progress retrieved successfully.
[2025-05-02 10:30:06] [INFO] [REQUEST] GET /courses/68087f901418b19cebc3bbd2
[2025-05-02 10:30:06] [INFO] [RESPONSE] Status: 200 Message: Course fetched successfully.
[2025-05-02 10:30:06] [INFO] [REQUEST] GET /student/check-enrollment/68087f901418b19cebc3bbd2
[2025-05-02 10:30:06] [INFO] [REQUEST] GET /student/review/68087f901418b19cebc3bbd2
[2025-05-02 10:30:06] [INFO] [RESPONSE] Status: 200 Message: User is enrolled in this course
[2025-05-02 10:30:06] [INFO] [REQUEST] GET /student/lesson-progress/68087f901418b19cebc3bbd2
[2025-05-02 10:30:06] [INFO] [RESPONSE] Status: 200 Message: Reviews fetched successfully.
[2025-05-02 10:30:06] [INFO] [RESPONSE] Status: 200 Message: Lesson progress fetched successfully
[2025-05-02 10:30:06] [INFO] [REQUEST] GET /student/courses/68087f901418b19cebc3bbd2/modules/ffgggggg/assessments?page=1&limit=10
[2025-05-02 10:30:06] [INFO] [REQUEST] GET /courses/68087f901418b19cebc3bbd2/stream?videoKey=courses%2F67b6d4b441900af7ed9b5af6%2Fyouuuuuuuuuuuuuuuu%2Fmodule-1%2Flesson-1.mp4
[2025-05-02 10:30:06] [INFO] [RESPONSE] Status: 200 Message: Assessments retrieved successfully.
[2025-05-02 10:30:15] [INFO] [REQUEST] GET /student/enrollments
[2025-05-02 10:30:15] [INFO] [RESPONSE] Status: 200 Message: Enrollments fetched successfully
[2025-05-02 10:30:15] [INFO] [REQUEST] GET /student/courses/681220b0921883c9718ddca1/progress
[2025-05-02 10:30:15] [INFO] [RESPONSE] Status: 200 Message: Course progress retrieved successfully.
[2025-05-02 10:30:15] [INFO] [REQUEST] GET /student/courses/68121b693a6713632d872b74/progress
[2025-05-02 10:30:15] [INFO] [RESPONSE] Status: 200 Message: Course progress retrieved successfully.
[2025-05-02 10:30:15] [INFO] [REQUEST] GET /student/courses/6811bc8f0acf5d323e58bde6/progress
[2025-05-02 10:30:15] [INFO] [RESPONSE] Status: 200 Message: Course progress retrieved successfully.
[2025-05-02 10:30:15] [INFO] [REQUEST] GET /student/courses/68006c86ce7af0883779c0fd/progress
[2025-05-02 10:30:16] [INFO] [RESPONSE] Status: 200 Message: Course progress retrieved successfully.
[2025-05-02 10:30:16] [INFO] [REQUEST] GET /student/courses/68087f901418b19cebc3bbd2/progress
[2025-05-02 10:30:16] [INFO] [RESPONSE] Status: 200 Message: Course progress retrieved successfully.
[2025-05-02 10:30:18] [INFO] [REQUEST] GET /courses/6811bc8f0acf5d323e58bde6
[2025-05-02 10:30:18] [INFO] [RESPONSE] Status: 200 Message: Course fetched successfully.
[2025-05-02 10:30:18] [INFO] [REQUEST] GET /student/check-enrollment/6811bc8f0acf5d323e58bde6
[2025-05-02 10:30:18] [INFO] [REQUEST] GET /student/review/6811bc8f0acf5d323e58bde6
[2025-05-02 10:30:18] [INFO] [RESPONSE] Status: 200 Message: Reviews fetched successfully.
[2025-05-02 10:30:18] [INFO] [RESPONSE] Status: 200 Message: User is enrolled in this course
[2025-05-02 10:30:18] [INFO] [REQUEST] GET /student/lesson-progress/6811bc8f0acf5d323e58bde6
[2025-05-02 10:30:18] [INFO] [RESPONSE] Status: 200 Message: Lesson progress fetched successfully
[2025-05-02 10:30:18] [INFO] [REQUEST] GET /student/courses/6811bc8f0acf5d323e58bde6/modules/werytyuy/assessments?page=1&limit=10
[2025-05-02 10:30:18] [INFO] [REQUEST] GET /courses/6811bc8f0acf5d323e58bde6/stream?videoKey=courses%2F67b6d4b441900af7ed9b5af6%2Frfrtbyyv8%2Fmodule-1%2Flesson-1.mp4
[2025-05-02 10:30:18] [INFO] [RESPONSE] Status: 200 Message: Assessments retrieved successfully.
[2025-05-02 10:30:25] [INFO] [REQUEST] OPTIONS /logout
[2025-05-02 10:30:25] [INFO] [REQUEST] POST /logout
[2025-05-02 10:30:25] [INFO] [RESPONSE] Status: 200 Message: User logged out successfully
[2025-05-02 10:30:30] [INFO] [REQUEST] OPTIONS /google-auth
[2025-05-02 10:30:30] [INFO] [REQUEST] POST /google-auth
[2025-05-02 10:30:30] [INFO] [RESPONSE] Status: 200 Message: Google authentication successful
[2025-05-02 10:30:46] [INFO] [REQUEST] OPTIONS /instructor-profile
[2025-05-02 10:30:46] [INFO] [REQUEST] PUT /instructor-profile
[2025-05-02 10:30:47] [INFO] [RESPONSE] Status: 200 Message: Instructor profile updated successfully.
[2025-05-02 10:30:52] [INFO] [REQUEST] GET /active-courses?page=1&limit=8&sortField=updatedAt&sortOrder=desc
[2025-05-02 10:30:52] [INFO] [RESPONSE] Status: 200 Message: Active courses fetched successfully.
[2025-05-02 10:31:03] [INFO] [REQUEST] GET /getUserdata
[2025-05-02 10:31:03] [INFO] [RESPONSE] Status: 200 Message: User details fetched successfully
[2025-05-02 10:31:03] [INFO] [REQUEST] GET /instructor/course-stats
[2025-05-02 10:31:04] [INFO] [RESPONSE] Status: 200 Message: undefined
[2025-05-02 10:31:06] [INFO] [REQUEST] GET /getUserdata
[2025-05-02 10:31:06] [INFO] [REQUEST] GET /instructor/courses?page=1&limit=6&search=
[2025-05-02 10:31:06] [INFO] [RESPONSE] Status: 200 Message: User details fetched successfully
[2025-05-02 10:31:06] [INFO] [RESPONSE] Status: 200 Message: Courses fetched successfully.
[2025-05-02 10:31:16] [INFO] [REQUEST] GET /getUserdata
[2025-05-02 10:31:16] [INFO] [REQUEST] GET /instructor/courses?page=1&limit=6&search=
[2025-05-02 10:31:16] [INFO] [RESPONSE] Status: 200 Message: User details fetched successfully
[2025-05-02 10:31:16] [INFO] [RESPONSE] Status: 200 Message: Courses fetched successfully.
[2025-05-02 10:31:29] [INFO] [REQUEST] GET /instructor/courses/681220b0921883c9718ddca1/modules/fguy87tgu9h/assessments?page=1&limit=5
[2025-05-02 10:31:29] [INFO] [RESPONSE] Status: 200 Message: Assessments retrieved successfully.
[2025-05-02 10:32:07] [INFO] [REQUEST] OPTIONS /instructor/courses/681220b0921883c9718ddca1/modules/fguy87tgu9h/assessments
[2025-05-02 10:32:07] [INFO] [REQUEST] POST /instructor/courses/681220b0921883c9718ddca1/modules/fguy87tgu9h/assessments
[2025-05-02 10:32:07] [INFO] [RESPONSE] Status: 201 Message: Assessment created successfully.
[2025-05-02 10:32:41] [INFO] [REQUEST] OPTIONS /logout
[2025-05-02 10:32:41] [INFO] [REQUEST] POST /logout
[2025-05-02 10:32:41] [INFO] [RESPONSE] Status: 200 Message: User logged out successfully
[2025-05-02 10:32:55] [INFO] [REQUEST] OPTIONS /login
[2025-05-02 10:32:55] [INFO] [REQUEST] POST /login
[2025-05-02 10:32:56] [INFO] [RESPONSE] Status: 200 Message: Login successful.
[2025-05-02 10:33:03] [INFO] [REQUEST] GET /student/enrollments
[2025-05-02 10:33:03] [INFO] [RESPONSE] Status: 200 Message: Enrollments fetched successfully
[2025-05-02 10:33:03] [INFO] [REQUEST] GET /student/courses/681220b0921883c9718ddca1/progress
[2025-05-02 10:33:03] [INFO] [RESPONSE] Status: 200 Message: Course progress retrieved successfully.
[2025-05-02 10:33:03] [INFO] [REQUEST] GET /student/courses/68121b693a6713632d872b74/progress
[2025-05-02 10:33:03] [INFO] [RESPONSE] Status: 200 Message: Course progress retrieved successfully.
[2025-05-02 10:33:03] [INFO] [REQUEST] GET /student/courses/6811bc8f0acf5d323e58bde6/progress
[2025-05-02 10:33:03] [INFO] [RESPONSE] Status: 200 Message: Course progress retrieved successfully.
[2025-05-02 10:33:03] [INFO] [REQUEST] GET /student/courses/68006c86ce7af0883779c0fd/progress
[2025-05-02 10:33:04] [INFO] [RESPONSE] Status: 200 Message: Course progress retrieved successfully.
[2025-05-02 10:33:04] [INFO] [REQUEST] GET /student/courses/68087f901418b19cebc3bbd2/progress
[2025-05-02 10:33:04] [INFO] [RESPONSE] Status: 200 Message: Course progress retrieved successfully.
[2025-05-02 10:33:11] [INFO] [REQUEST] GET /active-courses?page=1&limit=8&sortField=updatedAt&sortOrder=desc
[2025-05-02 10:33:12] [INFO] [RESPONSE] Status: 200 Message: Active courses fetched successfully.
[2025-05-02 10:33:25] [INFO] [REQUEST] GET /courses/6811bc8f0acf5d323e58bde6
[2025-05-02 10:33:25] [INFO] [REQUEST] GET /student/check-enrollment/6811bc8f0acf5d323e58bde6
[2025-05-02 10:33:25] [INFO] [RESPONSE] Status: 200 Message: Course fetched successfully.
[2025-05-02 10:33:25] [INFO] [REQUEST] GET /courses/6811bc8f0acf5d323e58bde6/reviews?skip=0&limit=10
[2025-05-02 10:33:25] [INFO] [RESPONSE] Status: 200 Message: User is enrolled in this course
[2025-05-02 10:33:25] [INFO] [RESPONSE] Status: 200 Message: Reviews fetched successfully.
[2025-05-02 10:33:29] [INFO] [REQUEST] GET /courses/6811bc8f0acf5d323e58bde6
[2025-05-02 10:33:29] [INFO] [RESPONSE] Status: 200 Message: Course fetched successfully.
[2025-05-02 10:33:29] [INFO] [REQUEST] GET /student/check-enrollment/6811bc8f0acf5d323e58bde6
[2025-05-02 10:33:29] [INFO] [REQUEST] GET /student/review/6811bc8f0acf5d323e58bde6
[2025-05-02 10:33:29] [INFO] [RESPONSE] Status: 200 Message: Reviews fetched successfully.
[2025-05-02 10:33:29] [INFO] [RESPONSE] Status: 200 Message: User is enrolled in this course
[2025-05-02 10:33:29] [INFO] [REQUEST] GET /student/lesson-progress/6811bc8f0acf5d323e58bde6
[2025-05-02 10:33:29] [INFO] [RESPONSE] Status: 200 Message: Lesson progress fetched successfully
[2025-05-02 10:33:29] [INFO] [REQUEST] GET /student/courses/6811bc8f0acf5d323e58bde6/modules/werytyuy/assessments?page=1&limit=10
[2025-05-02 10:33:29] [INFO] [REQUEST] GET /courses/6811bc8f0acf5d323e58bde6/stream?videoKey=courses%2F67b6d4b441900af7ed9b5af6%2Frfrtbyyv8%2Fmodule-1%2Flesson-1.mp4
[2025-05-02 10:33:29] [INFO] [RESPONSE] Status: 200 Message: Assessments retrieved successfully.
[2025-05-02 10:33:34] [INFO] [REQUEST] GET /courses/6811bc8f0acf5d323e58bde6/stream?videoKey=courses%2F67b6d4b441900af7ed9b5af6%2Frfrtbyyv8%2Fmodule-1%2Flesson-1.mp4
[2025-05-02 10:33:34] [INFO] [REQUEST] OPTIONS /student/update-lesson-progress
[2025-05-02 10:33:34] [INFO] [REQUEST] POST /student/update-lesson-progress
[2025-05-02 10:33:34] [INFO] [RESPONSE] Status: 200 Message: Lesson progress updated successfully
[2025-05-02 10:33:34] [INFO] [REQUEST] GET /courses/6811bc8f0acf5d323e58bde6/stream?videoKey=courses%2F67b6d4b441900af7ed9b5af6%2Frfrtbyyv8%2Fmodule-1%2Flesson-1.mp4
[2025-05-02 10:33:36] [INFO] [REQUEST] GET /courses/6811bc8f0acf5d323e58bde6/stream?videoKey=courses%2F67b6d4b441900af7ed9b5af6%2Frfrtbyyv8%2Fmodule-1%2Flesson-1.mp4
[2025-05-02 10:33:38] [INFO] [REQUEST] GET /courses/6811bc8f0acf5d323e58bde6/stream?videoKey=courses%2F67b6d4b441900af7ed9b5af6%2Frfrtbyyv8%2Fmodule-1%2Flesson-1.mp4
[2025-05-02 10:33:39] [INFO] [REQUEST] POST /student/update-lesson-progress
[2025-05-02 10:33:39] [INFO] [RESPONSE] Status: 200 Message: Lesson progress updated successfully
[2025-05-02 10:33:44] [INFO] [REQUEST] OPTIONS /student/update-lesson-progress
[2025-05-02 10:33:44] [INFO] [REQUEST] POST /student/update-lesson-progress
[2025-05-02 10:33:44] [INFO] [RESPONSE] Status: 200 Message: Lesson progress updated successfully
[2025-05-02 10:33:50] [INFO] [REQUEST] OPTIONS /student/update-lesson-progress
[2025-05-02 10:33:50] [INFO] [REQUEST] POST /student/update-lesson-progress
[2025-05-02 10:33:50] [INFO] [RESPONSE] Status: 200 Message: Lesson progress updated successfully
[2025-05-02 10:33:56] [INFO] [REQUEST] OPTIONS /student/update-lesson-progress
[2025-05-02 10:33:56] [INFO] [REQUEST] POST /student/update-lesson-progress
[2025-05-02 10:33:57] [INFO] [RESPONSE] Status: 200 Message: Lesson progress updated successfully
[2025-05-02 10:34:02] [INFO] [REQUEST] OPTIONS /student/update-lesson-progress
[2025-05-02 10:34:02] [INFO] [REQUEST] POST /student/update-lesson-progress
[2025-05-02 10:34:02] [INFO] [RESPONSE] Status: 200 Message: Lesson progress updated successfully
[2025-05-02 10:34:06] [INFO] [REQUEST] GET /courses/6811bc8f0acf5d323e58bde6
[2025-05-02 10:34:06] [INFO] [REQUEST] GET /student/check-enrollment/6811bc8f0acf5d323e58bde6
[2025-05-02 10:34:06] [INFO] [RESPONSE] Status: 200 Message: Course fetched successfully.
[2025-05-02 10:34:06] [INFO] [RESPONSE] Status: 200 Message: User is enrolled in this course
[2025-05-02 10:34:06] [INFO] [REQUEST] GET /courses/6811bc8f0acf5d323e58bde6/reviews?skip=0&limit=10
[2025-05-02 10:34:06] [INFO] [RESPONSE] Status: 200 Message: Reviews fetched successfully.
[2025-05-02 10:34:12] [INFO] [REQUEST] GET /student/enrollments
[2025-05-02 10:34:12] [INFO] [RESPONSE] Status: 200 Message: Enrollments fetched successfully
[2025-05-02 10:34:13] [INFO] [REQUEST] GET /student/courses/681220b0921883c9718ddca1/progress
[2025-05-02 10:34:13] [INFO] [RESPONSE] Status: 200 Message: Course progress retrieved successfully.
[2025-05-02 10:34:13] [INFO] [REQUEST] GET /student/courses/68121b693a6713632d872b74/progress
[2025-05-02 10:34:13] [INFO] [RESPONSE] Status: 200 Message: Course progress retrieved successfully.
[2025-05-02 10:34:13] [INFO] [REQUEST] GET /student/courses/6811bc8f0acf5d323e58bde6/progress
[2025-05-02 10:34:13] [INFO] [RESPONSE] Status: 200 Message: Course progress retrieved successfully.
[2025-05-02 10:34:13] [INFO] [REQUEST] GET /student/courses/68006c86ce7af0883779c0fd/progress
[2025-05-02 10:34:13] [INFO] [RESPONSE] Status: 200 Message: Course progress retrieved successfully.
[2025-05-02 10:34:13] [INFO] [REQUEST] GET /student/courses/68087f901418b19cebc3bbd2/progress
[2025-05-02 10:34:13] [INFO] [RESPONSE] Status: 200 Message: Course progress retrieved successfully.
[2025-05-02 10:34:22] [INFO] [REQUEST] GET /active-courses?page=1&limit=8&sortField=updatedAt&sortOrder=desc
[2025-05-02 10:34:22] [INFO] [RESPONSE] Status: 200 Message: Active courses fetched successfully.
[2025-05-02 10:34:28] [INFO] [REQUEST] GET /courses/68121c6e3a6713632d872dbb
[2025-05-02 10:34:28] [INFO] [REQUEST] GET /student/check-enrollment/68121c6e3a6713632d872dbb
[2025-05-02 10:34:28] [INFO] [RESPONSE] Status: 200 Message: Course fetched successfully.
[2025-05-02 10:34:28] [INFO] [REQUEST] GET /courses/68121c6e3a6713632d872dbb/reviews?skip=0&limit=10
[2025-05-02 10:34:28] [INFO] [RESPONSE] Status: 200 Message: User is not enrolled in this course
[2025-05-02 10:34:28] [INFO] [RESPONSE] Status: 200 Message: Reviews fetched successfully.
[2025-05-02 10:34:35] [INFO] [REQUEST] OPTIONS /student/enroll-course
[2025-05-02 10:34:35] [INFO] [REQUEST] POST /student/enroll-course
[2025-05-02 10:34:35] [INFO] [RESPONSE] Status: 200 Message: Successfully enrolled in the free course
[2025-05-02 10:34:36] [INFO] [REQUEST] GET /student/enrollments
[2025-05-02 10:34:36] [INFO] [RESPONSE] Status: 200 Message: Enrollments fetched successfully
[2025-05-02 10:34:37] [INFO] [REQUEST] GET /student/courses/68121c6e3a6713632d872dbb/progress
[2025-05-02 10:34:37] [INFO] [RESPONSE] Status: 200 Message: Course progress retrieved successfully.
[2025-05-02 10:34:37] [INFO] [REQUEST] GET /student/courses/681220b0921883c9718ddca1/progress
[2025-05-02 10:34:37] [INFO] [RESPONSE] Status: 200 Message: Course progress retrieved successfully.
[2025-05-02 10:34:37] [INFO] [REQUEST] GET /student/courses/68121b693a6713632d872b74/progress
[2025-05-02 10:34:37] [INFO] [RESPONSE] Status: 200 Message: Course progress retrieved successfully.
[2025-05-02 10:34:37] [INFO] [REQUEST] GET /student/courses/6811bc8f0acf5d323e58bde6/progress
[2025-05-02 10:34:37] [INFO] [RESPONSE] Status: 200 Message: Course progress retrieved successfully.
[2025-05-02 10:34:37] [INFO] [REQUEST] GET /student/courses/68006c86ce7af0883779c0fd/progress
[2025-05-02 10:34:37] [INFO] [RESPONSE] Status: 200 Message: Course progress retrieved successfully.
[2025-05-02 10:34:39] [INFO] [REQUEST] GET /courses/68121c6e3a6713632d872dbb
[2025-05-02 10:34:39] [INFO] [RESPONSE] Status: 200 Message: Course fetched successfully.
[2025-05-02 10:34:39] [INFO] [REQUEST] GET /student/check-enrollment/68121c6e3a6713632d872dbb
[2025-05-02 10:34:39] [INFO] [REQUEST] GET /student/review/68121c6e3a6713632d872dbb
[2025-05-02 10:34:39] [INFO] [RESPONSE] Status: 200 Message: Reviews fetched successfully.
[2025-05-02 10:34:39] [INFO] [RESPONSE] Status: 200 Message: User is enrolled in this course
[2025-05-02 10:34:39] [INFO] [REQUEST] GET /student/lesson-progress/68121c6e3a6713632d872dbb
[2025-05-02 10:34:39] [INFO] [RESPONSE] Status: 200 Message: Lesson progress fetched successfully
[2025-05-02 10:34:39] [INFO] [REQUEST] GET /student/courses/68121c6e3a6713632d872dbb/modules/vvvvvvvvvvvvvvvvvv/assessments?page=1&limit=10
[2025-05-02 10:34:39] [INFO] [REQUEST] GET /courses/68121c6e3a6713632d872dbb/stream?videoKey=courses%2F67b6d4b441900af7ed9b5af6%2Fvfjvnfvyf%2Fmodule-1%2Flesson-1.mp4
[2025-05-02 10:34:39] [INFO] [RESPONSE] Status: 200 Message: Assessments retrieved successfully.
[2025-05-02 10:34:42] [INFO] [REQUEST] GET /courses/68121c6e3a6713632d872dbb/stream?videoKey=courses%2F67b6d4b441900af7ed9b5af6%2Fvfjvnfvyf%2Fmodule-1%2Flesson-1.mp4
[2025-05-02 10:34:43] [INFO] [REQUEST] OPTIONS /student/update-lesson-progress
[2025-05-02 10:34:43] [INFO] [REQUEST] POST /student/update-lesson-progress
[2025-05-02 10:34:43] [INFO] [RESPONSE] Status: 200 Message: Lesson progress updated successfully
[2025-05-02 10:34:48] [INFO] [REQUEST] OPTIONS /student/update-lesson-progress
[2025-05-02 10:34:48] [INFO] [REQUEST] POST /student/update-lesson-progress
[2025-05-02 10:34:48] [INFO] [RESPONSE] Status: 200 Message: Lesson progress updated successfully
[2025-05-02 10:35:05] [INFO] [REQUEST] GET /active-courses?page=1&limit=8&sortField=updatedAt&sortOrder=desc
[2025-05-02 10:35:06] [INFO] [RESPONSE] Status: 200 Message: Active courses fetched successfully.
[2025-05-02 10:35:08] [INFO] [REQUEST] GET /active-courses?page=2&limit=8&sortField=updatedAt&sortOrder=desc
[2025-05-02 10:35:08] [INFO] [RESPONSE] Status: 200 Message: Active courses fetched successfully.
[2025-05-02 10:35:11] [INFO] [REQUEST] GET /active-courses?page=1&limit=8&sortField=updatedAt&sortOrder=desc
[2025-05-02 10:35:11] [INFO] [RESPONSE] Status: 200 Message: Active courses fetched successfully.
[2025-05-02 10:35:19] [INFO] [REQUEST] GET /courses/6809ba32381e4a4b4087e7b1
[2025-05-02 10:35:19] [INFO] [REQUEST] GET /student/check-enrollment/6809ba32381e4a4b4087e7b1
[2025-05-02 10:35:19] [INFO] [RESPONSE] Status: 200 Message: Course fetched successfully.
[2025-05-02 10:35:19] [INFO] [REQUEST] GET /courses/6809ba32381e4a4b4087e7b1/reviews?skip=0&limit=10
[2025-05-02 10:35:19] [INFO] [RESPONSE] Status: 200 Message: User is not enrolled in this course
[2025-05-02 10:35:19] [INFO] [RESPONSE] Status: 200 Message: Reviews fetched successfully.
[2025-05-02 10:35:22] [INFO] [REQUEST] GET /active-courses?page=1&limit=8&sortField=updatedAt&sortOrder=desc
[2025-05-02 10:35:22] [INFO] [RESPONSE] Status: 200 Message: Active courses fetched successfully.
[2025-05-02 10:35:24] [INFO] [REQUEST] GET /courses/68121c6e3a6713632d872dbb
[2025-05-02 10:35:24] [INFO] [REQUEST] GET /student/check-enrollment/68121c6e3a6713632d872dbb
[2025-05-02 10:35:24] [INFO] [RESPONSE] Status: 200 Message: Course fetched successfully.
[2025-05-02 10:35:24] [INFO] [REQUEST] GET /courses/68121c6e3a6713632d872dbb/reviews?skip=0&limit=10
[2025-05-02 10:35:24] [INFO] [RESPONSE] Status: 200 Message: User is enrolled in this course
[2025-05-02 10:35:24] [INFO] [RESPONSE] Status: 200 Message: Reviews fetched successfully.
[2025-05-02 10:35:27] [INFO] [REQUEST] GET /active-courses?page=1&limit=8&sortField=updatedAt&sortOrder=desc
[2025-05-02 10:35:27] [INFO] [RESPONSE] Status: 200 Message: Active courses fetched successfully.
[2025-05-02 10:35:30] [INFO] [REQUEST] GET /courses/68087f901418b19cebc3bbd2
[2025-05-02 10:35:30] [INFO] [REQUEST] GET /student/check-enrollment/68087f901418b19cebc3bbd2
[2025-05-02 10:35:30] [INFO] [RESPONSE] Status: 200 Message: Course fetched successfully.
[2025-05-02 10:35:31] [INFO] [REQUEST] GET /courses/68087f901418b19cebc3bbd2/reviews?skip=0&limit=10
[2025-05-02 10:35:31] [INFO] [RESPONSE] Status: 200 Message: User is enrolled in this course
[2025-05-02 10:35:31] [INFO] [RESPONSE] Status: 200 Message: Reviews fetched successfully.
[2025-05-02 10:35:37] [INFO] [REQUEST] OPTIONS /logout
[2025-05-02 10:35:37] [INFO] [REQUEST] POST /logout
[2025-05-02 10:35:37] [INFO] [RESPONSE] Status: 200 Message: User logged out successfully
[2025-05-02 10:35:37] [INFO] [REQUEST] GET /courses/68087f901418b19cebc3bbd2
[2025-05-02 10:35:37] [INFO] [RESPONSE] Status: 200 Message: Course fetched successfully.
[2025-05-02 10:35:44] [INFO] [REQUEST] OPTIONS /google-auth
[2025-05-02 10:35:44] [INFO] [REQUEST] POST /google-auth
[2025-05-02 10:35:45] [INFO] [RESPONSE] Status: 200 Message: Google authentication successful
[2025-05-02 10:35:53] [INFO] [REQUEST] GET /getUserdata
[2025-05-02 10:35:53] [INFO] [RESPONSE] Status: 200 Message: User details fetched successfully
[2025-05-02 10:35:53] [INFO] [REQUEST] GET /instructor/course-stats
[2025-05-02 10:35:54] [INFO] [RESPONSE] Status: 200 Message: undefined
[2025-05-02 10:36:02] [INFO] [REQUEST] GET /getUserdata
[2025-05-02 10:36:02] [INFO] [REQUEST] GET /instructor/courses?page=1&limit=6&search=
[2025-05-02 10:36:02] [INFO] [RESPONSE] Status: 200 Message: User details fetched successfully
[2025-05-02 10:36:02] [INFO] [RESPONSE] Status: 200 Message: Courses fetched successfully.
[2025-05-02 10:36:09] [INFO] [REQUEST] GET /instructor/courses/68121c6e3a6713632d872dbb/modules/vvvvvvvvvvvvvvvvvv/assessments?page=1&limit=5
[2025-05-02 10:36:09] [INFO] [RESPONSE] Status: 200 Message: Assessments retrieved successfully.
[2025-05-02 10:36:12] [INFO] [REQUEST] GET /instructor/courses/68121c6e3a6713632d872dbb/modules/vvvvvvvvvvvvvvvvvv/assessments?page=1&limit=5
[2025-05-02 10:36:13] [INFO] [RESPONSE] Status: 200 Message: Assessments retrieved successfully.
[2025-05-02 10:36:17] [INFO] [REQUEST] GET /getUserdata
[2025-05-02 10:36:17] [INFO] [REQUEST] GET /instructor/courses?page=1&limit=6&search=
[2025-05-02 10:36:17] [INFO] [RESPONSE] Status: 200 Message: User details fetched successfully
[2025-05-02 10:36:18] [INFO] [RESPONSE] Status: 200 Message: Courses fetched successfully.
[2025-05-02 10:36:28] [INFO] [REQUEST] GET /getUserdata
[2025-05-02 10:36:28] [INFO] [REQUEST] GET /instructor/courses?page=1&limit=6&search=
[2025-05-02 10:36:28] [INFO] [RESPONSE] Status: 200 Message: User details fetched successfully
[2025-05-02 10:36:28] [INFO] [RESPONSE] Status: 200 Message: Courses fetched successfully.
[2025-05-02 10:36:38] [INFO] [REQUEST] OPTIONS /logout
[2025-05-02 10:36:38] [INFO] [REQUEST] POST /logout
[2025-05-02 10:36:38] [INFO] [RESPONSE] Status: 200 Message: User logged out successfully
[2025-05-02 10:36:53] [INFO] [REQUEST] OPTIONS /login
[2025-05-02 10:36:53] [INFO] [REQUEST] POST /login
[2025-05-02 10:36:54] [INFO] [RESPONSE] Status: 200 Message: Login successful.
[2025-05-02 10:42:12] [INFO] [REQUEST] GET /active-courses?page=1&limit=8&sortField=updatedAt&sortOrder=desc
[2025-05-02 10:42:13] [INFO] [RESPONSE] Status: 200 Message: Active courses fetched successfully.
[2025-05-02 10:42:16] [INFO] [REQUEST] GET /active-courses?page=2&limit=8&sortField=updatedAt&sortOrder=desc
[2025-05-02 10:42:16] [INFO] [RESPONSE] Status: 200 Message: Active courses fetched successfully.
[2025-05-02 10:42:18] [INFO] [REQUEST] GET /active-courses?page=1&limit=8&sortField=updatedAt&sortOrder=desc
[2025-05-02 10:42:18] [INFO] [RESPONSE] Status: 200 Message: Active courses fetched successfully.
[2025-05-02 10:42:21] [INFO] [REQUEST] GET /student/check-enrollment/681220b0921883c9718ddca1
[2025-05-02 10:42:21] [INFO] [REQUEST] GET /courses/681220b0921883c9718ddca1
[2025-05-02 10:42:21] [INFO] [RESPONSE] Status: 200 Message: Course fetched successfully.
[2025-05-02 10:42:21] [INFO] [REQUEST] GET /courses/681220b0921883c9718ddca1/reviews?skip=0&limit=10
[2025-05-02 10:42:21] [INFO] [RESPONSE] Status: 200 Message: User is enrolled in this course
[2025-05-02 10:42:22] [INFO] [RESPONSE] Status: 200 Message: Reviews fetched successfully.
[2025-05-02 10:42:23] [INFO] [REQUEST] GET /courses/681220b0921883c9718ddca1
[2025-05-02 10:42:23] [INFO] [RESPONSE] Status: 200 Message: Course fetched successfully.
[2025-05-02 10:42:23] [INFO] [REQUEST] GET /student/check-enrollment/681220b0921883c9718ddca1
[2025-05-02 10:42:23] [INFO] [REQUEST] GET /student/review/681220b0921883c9718ddca1
[2025-05-02 10:42:23] [INFO] [RESPONSE] Status: 200 Message: User is enrolled in this course
[2025-05-02 10:42:23] [INFO] [REQUEST] GET /student/lesson-progress/681220b0921883c9718ddca1
[2025-05-02 10:42:23] [INFO] [RESPONSE] Status: 200 Message: Reviews fetched successfully.
[2025-05-02 10:42:23] [INFO] [RESPONSE] Status: 200 Message: Lesson progress fetched successfully
[2025-05-02 10:42:23] [INFO] [REQUEST] GET /student/courses/681220b0921883c9718ddca1/modules/fguy87tgu9h/assessments?page=1&limit=10
[2025-05-02 10:42:23] [INFO] [REQUEST] GET /courses/681220b0921883c9718ddca1/stream?videoKey=courses%2F67b6d4b441900af7ed9b5af6%2Fjhgvh%2Fmodule-1%2Flesson-1.mp4
[2025-05-02 10:42:23] [INFO] [RESPONSE] Status: 200 Message: Assessments retrieved successfully.
[2025-05-02 10:42:27] [INFO] [REQUEST] GET /courses/681220b0921883c9718ddca1/stream?videoKey=courses%2F67b6d4b441900af7ed9b5af6%2Fjhgvh%2Fmodule-1%2Flesson-1.mp4
[2025-05-02 10:42:27] [INFO] [REQUEST] OPTIONS /student/update-lesson-progress
[2025-05-02 10:42:27] [INFO] [REQUEST] POST /student/update-lesson-progress
[2025-05-02 10:42:27] [INFO] [RESPONSE] Status: 200 Message: Lesson progress updated successfully
[2025-05-02 10:42:32] [INFO] [REQUEST] POST /student/update-lesson-progress
[2025-05-02 10:42:32] [INFO] [RESPONSE] Status: 200 Message: Lesson progress updated successfully
[2025-05-02 10:42:37] [INFO] [REQUEST] OPTIONS /student/update-lesson-progress
[2025-05-02 10:42:37] [INFO] [REQUEST] POST /student/update-lesson-progress
[2025-05-02 10:42:37] [INFO] [RESPONSE] Status: 200 Message: Lesson progress updated successfully
[2025-05-02 10:42:42] [INFO] [REQUEST] OPTIONS /student/update-lesson-progress
[2025-05-02 10:42:42] [INFO] [REQUEST] POST /student/update-lesson-progress
[2025-05-02 10:42:42] [INFO] [RESPONSE] Status: 200 Message: Lesson progress updated successfully
[2025-05-02 10:42:45] [INFO] [REQUEST] GET /student/assessments/681451cf4db79cd051e0115b
[2025-05-02 10:42:45] [INFO] [RESPONSE] Status: 200 Message: Assessment retrieved successfully.
[2025-05-02 10:42:45] [INFO] [REQUEST] GET /student/assessments/681451cf4db79cd051e0115b/result
[2025-05-02 10:42:45] [INFO] [RESPONSE] Status: 404 Message: No submission found for this assessment.
[2025-05-02 10:42:51] [INFO] [REQUEST] OPTIONS /student/assessments/681451cf4db79cd051e0115b/submit
[2025-05-02 10:42:51] [INFO] [REQUEST] POST /student/assessments/681451cf4db79cd051e0115b/submit
[2025-05-02 10:42:51] [INFO] [RESPONSE] Status: 200 Message: Assessment submitted successfully.
[2025-05-02 10:43:04] [INFO] [REQUEST] OPTIONS /student/assessments/681451cf4db79cd051e0115b/submit
[2025-05-02 10:43:04] [INFO] [REQUEST] POST /student/assessments/681451cf4db79cd051e0115b/submit
[2025-05-02 10:43:04] [INFO] [RESPONSE] Status: 200 Message: Assessment submitted successfully.
[2025-05-02 10:52:07] [INFO] [REQUEST] OPTIONS /student/assessments/681451cf4db79cd051e0115b/submit
[2025-05-02 10:52:07] [INFO] [REQUEST] POST /student/assessments/681451cf4db79cd051e0115b/submit
[2025-05-02 10:52:07] [INFO] [RESPONSE] Status: 200 Message: Assessment submitted successfully.
[2025-05-02 10:53:30] [INFO] [REQUEST] OPTIONS /student/assessments/681451cf4db79cd051e0115b/submit
[2025-05-02 10:53:30] [INFO] [REQUEST] POST /student/assessments/681451cf4db79cd051e0115b/submit
[2025-05-02 10:53:30] [INFO] [RESPONSE] Status: 200 Message: Assessment submitted successfully.
[2025-05-02 11:04:44] [INFO] [REQUEST] GET /student/assessments/681451cf4db79cd051e0115b
[2025-05-02 11:04:45] [INFO] [RESPONSE] Status: 200 Message: Assessment retrieved successfully.
[2025-05-02 11:04:45] [INFO] [REQUEST] GET /student/assessments/681451cf4db79cd051e0115b/result
[2025-05-02 11:04:45] [INFO] [RESPONSE] Status: 200 Message: Assessment result retrieved successfully.
[2025-05-02 11:04:50] [INFO] [REQUEST] GET /student/assessments/681451cf4db79cd051e0115b
[2025-05-02 11:04:50] [INFO] [RESPONSE] Status: 200 Message: Assessment retrieved successfully.
[2025-05-02 11:04:50] [INFO] [REQUEST] GET /student/assessments/681451cf4db79cd051e0115b/result
[2025-05-02 11:04:50] [INFO] [RESPONSE] Status: 200 Message: Assessment result retrieved successfully.
[2025-05-02 11:05:14] [INFO] [REQUEST] GET /student/assessments/681451cf4db79cd051e0115b
[2025-05-02 11:05:14] [INFO] [RESPONSE] Status: 200 Message: Assessment retrieved successfully.
[2025-05-02 11:05:15] [INFO] [REQUEST] GET /student/assessments/681451cf4db79cd051e0115b/result
[2025-05-02 11:05:15] [INFO] [RESPONSE] Status: 200 Message: Assessment result retrieved successfully.
[2025-05-02 11:05:16] [INFO] [REQUEST] GET /student/assessments/681451cf4db79cd051e0115b
[2025-05-02 11:05:16] [INFO] [RESPONSE] Status: 200 Message: Assessment retrieved successfully.
[2025-05-02 11:05:16] [INFO] [REQUEST] GET /student/assessments/681451cf4db79cd051e0115b/result
[2025-05-02 11:05:16] [INFO] [RESPONSE] Status: 200 Message: Assessment result retrieved successfully.
[2025-05-02 11:06:31] [INFO] [REQUEST] GET /student/assessments/681451cf4db79cd051e0115b
[2025-05-02 11:06:31] [INFO] [RESPONSE] Status: 200 Message: Assessment retrieved successfully.
[2025-05-02 11:06:31] [INFO] [REQUEST] GET /student/assessments/681451cf4db79cd051e0115b/result
[2025-05-02 11:06:31] [INFO] [RESPONSE] Status: 200 Message: Assessment result retrieved successfully.
[2025-05-02 11:06:38] [INFO] [REQUEST] GET /student/assessments/681451cf4db79cd051e0115b
[2025-05-02 11:06:38] [INFO] [RESPONSE] Status: 200 Message: Assessment retrieved successfully.
[2025-05-02 11:06:38] [INFO] [REQUEST] GET /student/assessments/681451cf4db79cd051e0115b/result
[2025-05-02 11:06:38] [INFO] [RESPONSE] Status: 200 Message: Assessment result retrieved successfully.
[2025-05-02 11:07:03] [INFO] [REQUEST] GET /student/assessments/681451cf4db79cd051e0115b
[2025-05-02 11:07:03] [INFO] [RESPONSE] Status: 200 Message: Assessment retrieved successfully.
[2025-05-02 11:07:03] [INFO] [REQUEST] GET /student/assessments/681451cf4db79cd051e0115b/result
[2025-05-02 11:07:03] [INFO] [RESPONSE] Status: 200 Message: Assessment result retrieved successfully.
[2025-05-02 11:07:06] [INFO] [REQUEST] GET /student/assessments/681451cf4db79cd051e0115b
[2025-05-02 11:07:06] [INFO] [RESPONSE] Status: 200 Message: Assessment retrieved successfully.
[2025-05-02 11:07:06] [INFO] [REQUEST] GET /student/assessments/681451cf4db79cd051e0115b/result
[2025-05-02 11:07:06] [INFO] [RESPONSE] Status: 200 Message: Assessment result retrieved successfully.
[2025-05-02 11:07:11] [INFO] [REQUEST] GET /student/assessments/681451cf4db79cd051e0115b
[2025-05-02 11:07:11] [INFO] [RESPONSE] Status: 200 Message: Assessment retrieved successfully.
[2025-05-02 11:07:12] [INFO] [REQUEST] GET /student/assessments/681451cf4db79cd051e0115b/result
[2025-05-02 11:07:12] [INFO] [RESPONSE] Status: 200 Message: Assessment result retrieved successfully.
[2025-05-02 11:08:06] [INFO] [REQUEST] OPTIONS /student/assessments/681451cf4db79cd051e0115b/submit
[2025-05-02 11:08:06] [INFO] [REQUEST] POST /student/assessments/681451cf4db79cd051e0115b/submit
[2025-05-02 11:08:07] [INFO] [RESPONSE] Status: 200 Message: Assessment submitted successfully.
[2025-05-02 11:08:10] [INFO] [REQUEST] GET /student/assessments/681451cf4db79cd051e0115b
[2025-05-02 11:08:10] [INFO] [RESPONSE] Status: 200 Message: Assessment retrieved successfully.
[2025-05-02 11:08:10] [INFO] [REQUEST] GET /student/assessments/681451cf4db79cd051e0115b/result
[2025-05-02 11:08:11] [INFO] [RESPONSE] Status: 200 Message: Assessment result retrieved successfully.
[2025-05-02 11:08:25] [INFO] [REQUEST] OPTIONS /student/assessments/681451cf4db79cd051e0115b/submit
[2025-05-02 11:08:25] [INFO] [REQUEST] POST /student/assessments/681451cf4db79cd051e0115b/submit
[2025-05-02 11:08:26] [INFO] [RESPONSE] Status: 200 Message: Assessment submitted successfully.
[2025-05-02 11:12:43] [INFO] [REQUEST] GET /student/assessments/681451cf4db79cd051e0115b
[2025-05-02 11:12:43] [INFO] [RESPONSE] Status: 200 Message: Assessment retrieved successfully.
[2025-05-02 11:12:43] [INFO] [REQUEST] GET /student/assessments/681451cf4db79cd051e0115b/result
[2025-05-02 11:12:43] [INFO] [RESPONSE] Status: 200 Message: Assessment result retrieved successfully.
[2025-05-02 11:15:10] [INFO] [REQUEST] GET /student/assessments/681451cf4db79cd051e0115b
[2025-05-02 11:15:11] [INFO] [RESPONSE] Status: 200 Message: Assessment retrieved successfully.
[2025-05-02 11:15:11] [INFO] [REQUEST] GET /student/assessments/681451cf4db79cd051e0115b
[2025-05-02 11:15:11] [INFO] [REQUEST] GET /student/assessments/681451cf4db79cd051e0115b/result
[2025-05-02 11:15:11] [INFO] [RESPONSE] Status: 200 Message: Assessment result retrieved successfully.
[2025-05-02 11:15:11] [INFO] [RESPONSE] Status: 200 Message: Assessment retrieved successfully.
[2025-05-02 11:15:11] [INFO] [REQUEST] GET /student/assessments/681451cf4db79cd051e0115b/result
[2025-05-02 11:15:11] [INFO] [RESPONSE] Status: 200 Message: Assessment result retrieved successfully.
[2025-05-02 11:15:21] [INFO] [REQUEST] OPTIONS /student/assessments/681451cf4db79cd051e0115b/submit
[2025-05-02 11:15:21] [INFO] [REQUEST] POST /student/assessments/681451cf4db79cd051e0115b/submit
[2025-05-02 11:15:21] [INFO] [RESPONSE] Status: 200 Message: Assessment submitted successfully.
[2025-05-02 11:15:41] [INFO] [REQUEST] GET /student/assessments/681451cf4db79cd051e0115b
[2025-05-02 11:15:41] [INFO] [RESPONSE] Status: 200 Message: Assessment retrieved successfully.
[2025-05-02 11:15:41] [INFO] [REQUEST] GET /student/assessments/681451cf4db79cd051e0115b/result
[2025-05-02 11:15:42] [INFO] [RESPONSE] Status: 200 Message: Assessment result retrieved successfully.
[2025-05-02 11:16:49] [INFO] [REQUEST] GET /courses/681220b0921883c9718ddca1
[2025-05-02 11:16:50] [INFO] [RESPONSE] Status: 200 Message: Course fetched successfully.
[2025-05-02 11:16:50] [INFO] [REQUEST] GET /student/check-enrollment/681220b0921883c9718ddca1
[2025-05-02 11:16:50] [INFO] [REQUEST] GET /student/review/681220b0921883c9718ddca1
[2025-05-02 11:16:50] [INFO] [RESPONSE] Status: 200 Message: Reviews fetched successfully.
[2025-05-02 11:16:50] [INFO] [RESPONSE] Status: 200 Message: User is enrolled in this course
[2025-05-02 11:16:50] [INFO] [REQUEST] GET /student/lesson-progress/681220b0921883c9718ddca1
[2025-05-02 11:16:50] [INFO] [RESPONSE] Status: 200 Message: Lesson progress fetched successfully
[2025-05-02 11:16:50] [INFO] [REQUEST] GET /student/courses/681220b0921883c9718ddca1/modules/fguy87tgu9h/assessments?page=1&limit=10
[2025-05-02 11:16:51] [INFO] [REQUEST] GET /courses/681220b0921883c9718ddca1/stream?videoKey=courses%2F67b6d4b441900af7ed9b5af6%2Fjhgvh%2Fmodule-1%2Flesson-1.mp4
[2025-05-02 11:16:51] [INFO] [RESPONSE] Status: 200 Message: Assessments retrieved successfully.
[2025-05-02 11:16:57] [INFO] [REQUEST] GET /student/assessments/681451cf4db79cd051e0115b
[2025-05-02 11:16:57] [INFO] [RESPONSE] Status: 200 Message: Assessment retrieved successfully.
[2025-05-02 11:16:57] [INFO] [REQUEST] GET /student/assessments/681451cf4db79cd051e0115b/result
[2025-05-02 11:16:57] [INFO] [RESPONSE] Status: 200 Message: Assessment result retrieved successfully.
[2025-05-02 11:18:06] [INFO] [REQUEST] GET /student/enrollments
[2025-05-02 11:18:07] [INFO] [RESPONSE] Status: 200 Message: Enrollments fetched successfully
[2025-05-02 11:18:07] [INFO] [REQUEST] GET /student/courses/68121c6e3a6713632d872dbb/progress
[2025-05-02 11:18:08] [INFO] [RESPONSE] Status: 200 Message: Course progress retrieved successfully.
[2025-05-02 11:18:08] [INFO] [REQUEST] GET /student/courses/681220b0921883c9718ddca1/progress
[2025-05-02 11:18:08] [INFO] [RESPONSE] Status: 200 Message: Course progress retrieved successfully.
[2025-05-02 11:18:08] [INFO] [REQUEST] GET /student/courses/68121b693a6713632d872b74/progress
[2025-05-02 11:18:09] [INFO] [RESPONSE] Status: 200 Message: Course progress retrieved successfully.
[2025-05-02 11:18:09] [INFO] [REQUEST] GET /student/courses/6811bc8f0acf5d323e58bde6/progress
[2025-05-02 11:18:09] [INFO] [RESPONSE] Status: 200 Message: Course progress retrieved successfully.
[2025-05-02 11:18:09] [INFO] [REQUEST] GET /student/courses/68006c86ce7af0883779c0fd/progress
[2025-05-02 11:18:10] [INFO] [RESPONSE] Status: 200 Message: Course progress retrieved successfully.
[2025-05-02 11:18:22] [INFO] [REQUEST] GET /active-courses?page=1&limit=8&sortField=updatedAt&sortOrder=desc
[2025-05-02 11:18:22] [INFO] [RESPONSE] Status: 200 Message: Active courses fetched successfully.
[2025-05-02 11:34:39] [INFO] [REQUEST] GET /student/enrollments
[2025-05-02 11:34:40] [INFO] [RESPONSE] Status: 200 Message: Enrollments fetched successfully
[2025-05-02 11:34:40] [INFO] [REQUEST] GET /student/courses/68121c6e3a6713632d872dbb/progress
[2025-05-02 11:34:41] [INFO] [RESPONSE] Status: 200 Message: Course progress retrieved successfully.
[2025-05-02 11:34:41] [INFO] [REQUEST] GET /student/courses/681220b0921883c9718ddca1/progress
[2025-05-02 11:34:41] [INFO] [RESPONSE] Status: 200 Message: Course progress retrieved successfully.
[2025-05-02 11:34:41] [INFO] [REQUEST] GET /student/courses/68121b693a6713632d872b74/progress
[2025-05-02 11:34:42] [INFO] [RESPONSE] Status: 200 Message: Course progress retrieved successfully.
[2025-05-02 11:34:42] [INFO] [REQUEST] GET /student/courses/6811bc8f0acf5d323e58bde6/progress
[2025-05-02 11:34:42] [INFO] [RESPONSE] Status: 200 Message: Course progress retrieved successfully.
[2025-05-02 11:34:43] [INFO] [REQUEST] GET /student/courses/68006c86ce7af0883779c0fd/progress
[2025-05-02 11:34:43] [INFO] [RESPONSE] Status: 200 Message: Course progress retrieved successfully.
[2025-05-02 11:34:44] [INFO] [REQUEST] GET /student/enrollments
[2025-05-02 11:34:44] [INFO] [RESPONSE] Status: 200 Message: Enrollments fetched successfully
[2025-05-02 11:34:44] [INFO] [REQUEST] GET /student/courses/68121c6e3a6713632d872dbb/progress
[2025-05-02 11:34:45] [INFO] [RESPONSE] Status: 200 Message: Course progress retrieved successfully.
[2025-05-02 11:34:45] [INFO] [REQUEST] GET /student/courses/681220b0921883c9718ddca1/progress
[2025-05-02 11:34:46] [INFO] [RESPONSE] Status: 200 Message: Course progress retrieved successfully.
[2025-05-02 11:34:46] [INFO] [REQUEST] GET /student/courses/68121b693a6713632d872b74/progress
[2025-05-02 11:34:46] [INFO] [RESPONSE] Status: 200 Message: Course progress retrieved successfully.
[2025-05-02 11:34:46] [INFO] [REQUEST] GET /student/courses/6811bc8f0acf5d323e58bde6/progress
[2025-05-02 11:34:47] [INFO] [RESPONSE] Status: 200 Message: Course progress retrieved successfully.
[2025-05-02 11:34:47] [INFO] [REQUEST] GET /student/courses/68006c86ce7af0883779c0fd/progress
[2025-05-02 11:34:47] [INFO] [RESPONSE] Status: 200 Message: Course progress retrieved successfully.
[2025-05-02 11:35:10] [INFO] [REQUEST] GET /student/enrollments
[2025-05-02 11:35:11] [INFO] [RESPONSE] Status: 200 Message: Enrollments fetched successfully
[2025-05-02 11:35:11] [INFO] [REQUEST] GET /student/courses/68121c6e3a6713632d872dbb/progress
[2025-05-02 11:35:12] [INFO] [RESPONSE] Status: 200 Message: Course progress retrieved successfully.
[2025-05-02 11:35:12] [INFO] [REQUEST] GET /student/courses/681220b0921883c9718ddca1/progress
[2025-05-02 11:35:12] [INFO] [RESPONSE] Status: 200 Message: Course progress retrieved successfully.
[2025-05-02 11:35:12] [INFO] [REQUEST] GET /student/courses/68121b693a6713632d872b74/progress
[2025-05-02 11:35:13] [INFO] [RESPONSE] Status: 200 Message: Course progress retrieved successfully.
[2025-05-02 11:35:13] [INFO] [REQUEST] GET /student/courses/6811bc8f0acf5d323e58bde6/progress
[2025-05-02 11:35:14] [INFO] [RESPONSE] Status: 200 Message: Course progress retrieved successfully.
[2025-05-02 11:35:14] [INFO] [REQUEST] GET /student/courses/68006c86ce7af0883779c0fd/progress
[2025-05-02 11:35:15] [INFO] [RESPONSE] Status: 200 Message: Course progress retrieved successfully.
[2025-05-02 11:36:46] [INFO] [REQUEST] GET /active-courses?page=1&limit=8&sortField=updatedAt&sortOrder=desc
[2025-05-02 11:36:47] [INFO] [RESPONSE] Status: 200 Message: Active courses fetched successfully.
[2025-05-02 11:38:20] [INFO] [REQUEST] GET /active-courses?page=2&limit=8&sortField=updatedAt&sortOrder=desc
[2025-05-02 11:38:20] [INFO] [RESPONSE] Status: 200 Message: Active courses fetched successfully.
[2025-05-02 11:38:22] [INFO] [REQUEST] GET /active-courses?page=1&limit=8&sortField=updatedAt&sortOrder=desc
[2025-05-02 11:38:22] [INFO] [RESPONSE] Status: 200 Message: Active courses fetched successfully.
[2025-05-02 12:32:47] [INFO] [REQUEST] GET /active-courses?page=1&limit=8&sortField=updatedAt&sortOrder=desc
[2025-05-02 12:32:48] [INFO] [RESPONSE] Status: 200 Message: Active courses fetched successfully.
[2025-05-02 12:53:21] [INFO] [REQUEST] GET /active-courses?page=1&limit=8&sortField=updatedAt&sortOrder=desc
[2025-05-02 12:53:22] [INFO] [RESPONSE] Status: 200 Message: Active courses fetched successfully.
[2025-05-02 13:10:03] [INFO] [REQUEST] GET /student/check-enrollment/68006c86ce7af0883779c0fd
[2025-05-02 13:10:04] [INFO] [REQUEST] GET /courses/68006c86ce7af0883779c0fd
[2025-05-02 13:10:04] [INFO] [RESPONSE] Status: 200 Message: User is enrolled in this course
[2025-05-02 13:10:04] [INFO] [RESPONSE] Status: 200 Message: Course fetched successfully.
[2025-05-02 13:10:04] [INFO] [REQUEST] GET /courses/68006c86ce7af0883779c0fd/reviews?skip=0&limit=10
[2025-05-02 13:10:04] [INFO] [RESPONSE] Status: 200 Message: Reviews fetched successfully.
[2025-05-02 13:10:12] [INFO] [REQUEST] GET /student/enrollments
[2025-05-02 13:10:13] [INFO] [RESPONSE] Status: 200 Message: Enrollments fetched successfully
[2025-05-02 13:10:13] [INFO] [REQUEST] GET /student/courses/68121c6e3a6713632d872dbb/progress
[2025-05-02 13:10:13] [INFO] [RESPONSE] Status: 200 Message: Course progress retrieved successfully.
[2025-05-02 13:10:13] [INFO] [REQUEST] GET /student/courses/681220b0921883c9718ddca1/progress
[2025-05-02 13:10:13] [INFO] [RESPONSE] Status: 200 Message: Course progress retrieved successfully.
[2025-05-02 13:10:13] [INFO] [REQUEST] GET /student/courses/68121b693a6713632d872b74/progress
[2025-05-02 13:10:13] [INFO] [RESPONSE] Status: 200 Message: Course progress retrieved successfully.
[2025-05-02 13:10:13] [INFO] [REQUEST] GET /student/courses/6811bc8f0acf5d323e58bde6/progress
[2025-05-02 13:10:13] [INFO] [RESPONSE] Status: 200 Message: Course progress retrieved successfully.
[2025-05-02 13:10:14] [INFO] [REQUEST] GET /student/courses/68006c86ce7af0883779c0fd/progress
[2025-05-02 13:10:14] [INFO] [RESPONSE] Status: 200 Message: Course progress retrieved successfully.
[2025-05-02 13:10:15] [INFO] [REQUEST] GET /courses/68121c6e3a6713632d872dbb
[2025-05-02 13:10:15] [INFO] [RESPONSE] Status: 200 Message: Course fetched successfully.
[2025-05-02 13:10:15] [INFO] [REQUEST] GET /student/check-enrollment/68121c6e3a6713632d872dbb
[2025-05-02 13:10:15] [INFO] [REQUEST] GET /student/review/68121c6e3a6713632d872dbb
[2025-05-02 13:10:15] [INFO] [RESPONSE] Status: 200 Message: User is enrolled in this course
[2025-05-02 13:10:15] [INFO] [REQUEST] GET /student/lesson-progress/68121c6e3a6713632d872dbb
[2025-05-02 13:10:15] [INFO] [RESPONSE] Status: 200 Message: Reviews fetched successfully.
[2025-05-02 13:10:38] [INFO] [RESPONSE] Status: 200 Message: Lesson progress fetched successfully
[2025-05-02 13:10:38] [INFO] [REQUEST] GET /student/courses/68121c6e3a6713632d872dbb/modules/vvvvvvvvvvvvvvvvvv/assessments?page=1&limit=10
[2025-05-02 13:10:38] [INFO] [REQUEST] GET /courses/68121c6e3a6713632d872dbb/stream?videoKey=courses%2F67b6d4b441900af7ed9b5af6%2Fvfjvnfvyf%2Fmodule-1%2Flesson-1.mp4
[2025-05-02 13:10:38] [INFO] [RESPONSE] Status: 200 Message: Assessments retrieved successfully.
[2025-05-02 13:11:17] [INFO] [REQUEST] GET /courses/68121c6e3a6713632d872dbb
[2025-05-02 13:11:18] [INFO] [RESPONSE] Status: 200 Message: Course fetched successfully.
[2025-05-02 13:11:19] [INFO] [REQUEST] GET /student/check-enrollment/68121c6e3a6713632d872dbb
[2025-05-02 13:11:19] [INFO] [REQUEST] GET /student/review/68121c6e3a6713632d872dbb
[2025-05-02 13:11:19] [INFO] [RESPONSE] Status: 200 Message: Reviews fetched successfully.
[2025-05-02 13:11:19] [INFO] [RESPONSE] Status: 200 Message: User is enrolled in this course
[2025-05-02 13:11:19] [INFO] [REQUEST] GET /student/lesson-progress/68121c6e3a6713632d872dbb
[2025-05-02 13:11:19] [INFO] [RESPONSE] Status: 200 Message: Lesson progress fetched successfully
[2025-05-02 13:11:19] [INFO] [REQUEST] GET /student/courses/68121c6e3a6713632d872dbb/modules/vvvvvvvvvvvvvvvvvv/assessments?page=1&limit=10
[2025-05-02 13:11:19] [INFO] [REQUEST] GET /courses/68121c6e3a6713632d872dbb/stream?videoKey=courses%2F67b6d4b441900af7ed9b5af6%2Fvfjvnfvyf%2Fmodule-1%2Flesson-1.mp4
[2025-05-02 13:11:20] [INFO] [RESPONSE] Status: 200 Message: Assessments retrieved successfully.
[2025-05-02 13:19:17] [INFO] [REQUEST] GET /courses/68121c6e3a6713632d872dbb
[2025-05-02 13:19:18] [INFO] [RESPONSE] Status: 200 Message: Course fetched successfully.
[2025-05-02 13:19:18] [INFO] [REQUEST] GET /student/check-enrollment/68121c6e3a6713632d872dbb
[2025-05-02 13:19:18] [INFO] [REQUEST] GET /student/review/68121c6e3a6713632d872dbb
[2025-05-02 13:19:19] [INFO] [RESPONSE] Status: 200 Message: Reviews fetched successfully.
[2025-05-02 13:19:19] [INFO] [RESPONSE] Status: 200 Message: User is enrolled in this course
[2025-05-02 13:19:19] [INFO] [REQUEST] GET /student/lesson-progress/68121c6e3a6713632d872dbb
[2025-05-02 13:19:19] [INFO] [RESPONSE] Status: 200 Message: Lesson progress fetched successfully
[2025-05-02 13:19:19] [INFO] [REQUEST] GET /student/courses/68121c6e3a6713632d872dbb/modules/vvvvvvvvvvvvvvvvvv/assessments?page=1&limit=10
[2025-05-02 13:19:19] [INFO] [REQUEST] GET /courses/68121c6e3a6713632d872dbb/stream?videoKey=courses%2F67b6d4b441900af7ed9b5af6%2Fvfjvnfvyf%2Fmodule-1%2Flesson-1.mp4
[2025-05-02 13:19:19] [INFO] [RESPONSE] Status: 200 Message: Assessments retrieved successfully.
[2025-05-02 14:48:10] [INFO] [REQUEST] GET /courses/68121c6e3a6713632d872dbb
[2025-05-02 14:48:11] [INFO] [RESPONSE] Status: 200 Message: Course fetched successfully.
[2025-05-02 14:48:11] [INFO] [REQUEST] GET /student/check-enrollment/68121c6e3a6713632d872dbb
[2025-05-02 14:48:11] [INFO] [REQUEST] GET /student/review/68121c6e3a6713632d872dbb
[2025-05-02 14:48:11] [INFO] [RESPONSE] Status: 200 Message: Reviews fetched successfully.
[2025-05-02 14:48:11] [INFO] [RESPONSE] Status: 200 Message: User is enrolled in this course
[2025-05-02 14:48:11] [INFO] [REQUEST] GET /student/lesson-progress/68121c6e3a6713632d872dbb
[2025-05-02 14:48:24] [INFO] [REQUEST] GET /student/courses/68121c6e3a6713632d872dbb/modules/vvvvvvvvvvvvvvvvvv/assessments?page=1&limit=10
[2025-05-02 14:48:24] [INFO] [RESPONSE] Status: 200 Message: Assessments retrieved successfully.
[2025-05-02 14:48:30] [INFO] [RESPONSE] Status: 200 Message: Lesson progress fetched successfully
[2025-05-02 14:48:30] [INFO] [REQUEST] GET /courses/68121c6e3a6713632d872dbb/stream?videoKey=courses%2F67b6d4b441900af7ed9b5af6%2Fvfjvnfvyf%2Fmodule-1%2Flesson-1.mp4
