[2025-03-19 10:57:52] [INFO] [REQUEST] GET /getUserdata
[2025-03-19 10:57:52] [INFO] [RESPONSE] Status: 200 Message: User details fetched successfully
[2025-03-19 10:58:02] [INFO] [REQUEST] GET /admin/fetchAllStudents?page=1&limit=10
[2025-03-19 10:58:02] [INFO] [RESPONSE] Status: 401 Message: Unauthorized: No token provided
[2025-03-19 10:58:02] [INFO] [REQUEST] POST /refresh-token
[2025-03-19 10:58:02] [INFO] [RESPONSE] Status: 200 Message: Token refreshed successfully.
[2025-03-19 10:58:02] [INFO] [REQUEST] GET /admin/fetchAllStudents?page=1&limit=10
[2025-03-19 10:58:02] [INFO] [RESPONSE] Status: 401 Message: Unauthorized: No token provided
[2025-03-19 10:58:10] [INFO] [REQUEST] POST /admin/logout
[2025-03-19 10:58:10] [INFO] [RESPONSE] Status: 200 Message: User logged out successfully
[2025-03-19 10:58:19] [INFO] [REQUEST] OPTIONS /admin/login
[2025-03-19 10:58:19] [INFO] [REQUEST] POST /admin/login
[2025-03-19 10:58:20] [INFO] [RESPONSE] Status: 200 Message: Admin logged in successfully.
[2025-03-19 10:58:23] [INFO] [REQUEST] GET /admin/fetchAllStudents?page=1&limit=10
[2025-03-19 10:58:23] [INFO] [RESPONSE] Status: 200 Message: Students fetched successfully
[2025-03-19 11:02:01] [INFO] [REQUEST] GET /admin/fetchAllStudents?page=1&limit=10
[2025-03-19 11:02:01] [INFO] [RESPONSE] Status: 200 Message: Students fetched successfully
[2025-03-19 11:02:13] [INFO] [REQUEST] GET /admin/fetchAllStudents?page=1&limit=10
[2025-03-19 11:02:13] [INFO] [RESPONSE] Status: 200 Message: Students fetched successfully
[2025-03-19 11:02:24] [INFO] [REQUEST] OPTIONS /admin/block-unblock/67ce5f82092053baad91eb68
[2025-03-19 11:02:24] [INFO] [REQUEST] PUT /admin/block-unblock/67ce5f82092053baad91eb68
[2025-03-19 11:02:24] [INFO] [RESPONSE] Status: 200 Message: User has been unblocked successfully.
[2025-03-19 11:02:29] [INFO] [REQUEST] GET /admin/fetchAllInstructors?page=1&limit=10
[2025-03-19 11:02:29] [INFO] [RESPONSE] Status: 200 Message: Instructors fetched successfully
[2025-03-19 11:03:41] [INFO] [REQUEST] GET /admin/fetchAllInstructors?page=1&limit=10
[2025-03-19 11:03:42] [INFO] [RESPONSE] Status: 200 Message: Instructors fetched successfully
[2025-03-19 11:03:53] [INFO] [REQUEST] GET /admin/fetchAllInstructors?page=1&limit=10
[2025-03-19 11:03:53] [INFO] [RESPONSE] Status: 200 Message: Instructors fetched successfully
[2025-03-19 11:04:04] [INFO] [REQUEST] OPTIONS /admin/block-unblock/67cddf2430cdba1908924047
[2025-03-19 11:04:04] [INFO] [REQUEST] PUT /admin/block-unblock/67cddf2430cdba1908924047
[2025-03-19 11:04:04] [INFO] [RESPONSE] Status: 200 Message: User has been unblocked successfully.
[2025-03-19 11:04:06] [INFO] [REQUEST] GET /admin/fetchAllStudents?page=1&limit=10
[2025-03-19 11:04:06] [INFO] [RESPONSE] Status: 200 Message: Students fetched successfully
[2025-03-19 11:04:09] [INFO] [REQUEST] OPTIONS /admin/block-unblock/67d00fcb492a7b483d33f991
[2025-03-19 11:04:09] [INFO] [REQUEST] PUT /admin/block-unblock/67d00fcb492a7b483d33f991
[2025-03-19 11:04:10] [INFO] [RESPONSE] Status: 200 Message: User has been unblocked successfully.
[2025-03-19 11:12:05] [INFO] [REQUEST] GET /admin/fetchAllStudents?page=1&limit=10
[2025-03-19 11:12:05] [INFO] [RESPONSE] Status: 200 Message: Students fetched successfully
[2025-03-19 11:27:25] [INFO] [REQUEST] GET /admin/fetchAllStudents?page=1&limit=10
[2025-03-19 11:27:26] [INFO] [RESPONSE] Status: 200 Message: Students fetched successfully
[2025-03-19 13:00:30] [INFO] [REQUEST] GET /getUserdata
[2025-03-19 13:00:30] [INFO] [RESPONSE] Status: 200 Message: User details fetched successfully
[2025-03-19 13:00:33] [INFO] [REQUEST] GET /admin/fetchAllStudents?page=1&limit=10
[2025-03-19 13:00:33] [INFO] [RESPONSE] Status: 200 Message: Students fetched successfully
[2025-03-19 13:00:35] [INFO] [REQUEST] GET /admin/fetchAllRequestedUsers?page=1&limit=9
[2025-03-19 13:00:35] [INFO] [RESPONSE] Status: 200 Message: Requested users fetched successfully
[2025-03-19 13:00:38] [INFO] [REQUEST] OPTIONS /admin/approve-instructor/67d912c62e23490eaa50bd7b
[2025-03-19 13:00:38] [INFO] [REQUEST] PATCH /admin/approve-instructor/67d912c62e23490eaa50bd7b
[2025-03-19 13:00:38] [INFO] [RESPONSE] Status: 200 Message: User has been approved as an Instructor successfully.
[2025-03-19 13:00:38] [INFO] [REQUEST] GET /admin/fetchAllRequestedUsers?page=1&limit=9
[2025-03-19 13:00:38] [INFO] [RESPONSE] Status: 200 Message: Requested users fetched successfully
[2025-03-19 13:00:42] [INFO] [REQUEST] GET /getUserdata
[2025-03-19 13:00:42] [INFO] [RESPONSE] Status: 200 Message: User details fetched successfully
