[2025-03-14 09:52:11] [INFO] [REQUEST] GET /admin/fetchAllRequestedUsers?page=1&limit=9
[2025-03-14 09:52:11] [INFO] [RESPONSE] Status: 401 Message: Unauthorized: No token provided
[2025-03-14 09:52:25] [INFO] [REQUEST] GET /admin/fetchAllRequestedUsers?page=1&limit=9
[2025-03-14 09:52:25] [INFO] [RESPONSE] Status: 401 Message: Unauthorized: No token provided
[2025-03-14 09:52:28] [INFO] [REQUEST] GET /admin/fetchAllInstructors?page=1&limit=10
[2025-03-14 09:52:28] [INFO] [RESPONSE] Status: 401 Message: Unauthorized: No token provided
[2025-03-14 09:52:30] [INFO] [REQUEST] GET /admin/fetchAllStudents?page=1&limit=10
[2025-03-14 09:52:30] [INFO] [RESPONSE] Status: 401 Message: Unauthorized: No token provided
[2025-03-14 09:52:32] [INFO] [REQUEST] GET /admin/fetchAllInstructors?page=1&limit=10
[2025-03-14 09:52:32] [INFO] [RESPONSE] Status: 401 Message: Unauthorized: No token provided
[2025-03-14 09:52:39] [INFO] [REQUEST] POST /admin/logout
[2025-03-14 09:52:39] [INFO] [RESPONSE] Status: 200 Message: User logged out successfully
[2025-03-14 09:52:53] [INFO] [REQUEST] OPTIONS /admin/login
[2025-03-14 09:52:54] [INFO] [REQUEST] POST /admin/login
[2025-03-14 09:52:54] [INFO] [RESPONSE] Status: 200 Message: Admin logged in successfully.
[2025-03-14 10:01:04] [INFO] [REQUEST] GET /admin/fetchAllRequestedUsers?page=1&limit=9
[2025-03-14 10:01:05] [INFO] [RESPONSE] Status: 200 Message: Requested users fetched successfully
[2025-03-14 11:42:04] [INFO] [REQUEST] GET /admin/fetchAllRequestedUsers?page=1&limit=9
[2025-03-14 11:42:05] [INFO] [RESPONSE] Status: 200 Message: Requested users fetched successfully
[2025-03-14 12:39:46] [INFO] [REQUEST] GET /admin/fetchAllRequestedUsers?page=1&limit=9
[2025-03-14 12:39:49] [INFO] [RESPONSE] Status: 200 Message: Requested users fetched successfully
[2025-03-14 12:39:54] [INFO] [REQUEST] GET /admin/fetchAllRequestedUsers?page=1&limit=9
[2025-03-14 12:39:57] [INFO] [RESPONSE] Status: 200 Message: Requested users fetched successfully
[2025-03-14 12:40:01] [INFO] [REQUEST] GET /admin/fetchAllRequestedUsers?page=1&limit=9
[2025-03-14 12:40:03] [INFO] [RESPONSE] Status: 200 Message: Requested users fetched successfully
[2025-03-14 12:40:05] [INFO] [REQUEST] GET /admin/fetchAllStudents?page=1&limit=10
[2025-03-14 12:40:07] [INFO] [RESPONSE] Status: 200 Message: Students fetched successfully
[2025-03-14 12:40:09] [INFO] [REQUEST] GET /admin/fetchAllRequestedUsers?page=1&limit=9
[2025-03-14 12:40:11] [INFO] [RESPONSE] Status: 200 Message: Requested users fetched successfully
[2025-03-14 12:40:20] [INFO] [REQUEST] GET /admin/fetchAllInstructors?page=1&limit=10
[2025-03-14 12:40:22] [INFO] [RESPONSE] Status: 200 Message: Instructors fetched successfully
[2025-03-14 12:40:24] [INFO] [REQUEST] GET /admin/fetchAllRequestedUsers?page=1&limit=9
[2025-03-14 12:40:26] [INFO] [RESPONSE] Status: 200 Message: Requested users fetched successfully
[2025-03-14 12:51:51] [INFO] [REQUEST] GET /admin/fetchAllRequestedUsers?page=1&limit=9
[2025-03-14 12:51:54] [INFO] [RESPONSE] Status: 200 Message: Requested users fetched successfully
[2025-03-14 12:53:28] [INFO] [REQUEST] GET /admin/fetchAllRequestedUsers?page=1&limit=9
[2025-03-14 12:53:33] [INFO] [RESPONSE] Status: 200 Message: Requested users fetched successfully
[2025-03-14 12:53:42] [INFO] [REQUEST] GET /admin/fetchAllRequestedUsers?page=1&limit=9
[2025-03-14 12:54:11] [INFO] [RESPONSE] Status: 200 Message: Requested users fetched successfully
[2025-03-14 12:54:45] [INFO] [REQUEST] GET /admin/fetchAllRequestedUsers?page=1&limit=9
[2025-03-14 12:54:53] [INFO] [RESPONSE] Status: 200 Message: Requested users fetched successfully
[2025-03-14 13:03:54] [INFO] [REQUEST] GET /admin/fetchAllRequestedUsers?page=1&limit=9
[2025-03-14 13:04:02] [INFO] [RESPONSE] Status: 200 Message: Requested users fetched successfully
[2025-03-14 13:04:33] [INFO] [REQUEST] OPTIONS /admin/approve-instructor/67ce5fbb092053baad91eb73
[2025-03-14 13:04:33] [INFO] [REQUEST] PATCH /admin/approve-instructor/67ce5fbb092053baad91eb73
[2025-03-14 13:04:38] [INFO] [RESPONSE] Status: 200 Message: User has been approved as an Instructor successfully.
[2025-03-14 13:04:45] [INFO] [REQUEST] OPTIONS /admin/approve-instructor/67cddf2430cdba1908924047
[2025-03-14 13:04:45] [INFO] [REQUEST] PATCH /admin/approve-instructor/67cddf2430cdba1908924047
[2025-03-14 13:04:53] [INFO] [RESPONSE] Status: 200 Message: User has been approved as an Instructor successfully.
[2025-03-14 13:07:46] [INFO] [REQUEST] POST /instructor-apply
[2025-03-14 13:07:54] [INFO] [RESPONSE] Status: 201 Message: Application submitted successfully. Awaiting approval.
[2025-03-14 13:07:54] [INFO] [REQUEST] GET /getUserdata
[2025-03-14 13:07:58] [INFO] [RESPONSE] Status: 200 Message: User details fetched successfully
[2025-03-14 13:08:57] [INFO] [REQUEST] GET /admin/fetchAllRequestedUsers?page=1&limit=9
[2025-03-14 13:08:59] [INFO] [RESPONSE] Status: 200 Message: Requested users fetched successfully
[2025-03-14 13:09:16] [INFO] [REQUEST] GET /admin/fetchAllRequestedUsers?page=1&limit=9
[2025-03-14 13:09:18] [INFO] [RESPONSE] Status: 200 Message: Requested users fetched successfully
[2025-03-14 13:09:22] [INFO] [REQUEST] OPTIONS /admin/approve-instructor/67d16817af7dfc038fb091ee
[2025-03-14 13:09:22] [INFO] [REQUEST] PATCH /admin/approve-instructor/67d16817af7dfc038fb091ee
[2025-03-14 13:09:26] [INFO] [RESPONSE] Status: 200 Message: User has been approved as an Instructor successfully.
[2025-03-14 13:09:44] [INFO] [REQUEST] GET /admin/fetchAllRequestedUsers?page=1&limit=9
[2025-03-14 13:09:47] [INFO] [RESPONSE] Status: 200 Message: Requested users fetched successfully
[2025-03-14 13:59:08] [INFO] [REQUEST] GET /admin/fetchAllRequestedUsers?page=1&limit=9
[2025-03-14 13:59:17] [INFO] [REQUEST] GET /admin/fetchAllRequestedUsers?page=1&limit=9
[2025-03-14 13:59:19] [INFO] [RESPONSE] Status: 200 Message: Requested users fetched successfully
[2025-03-14 13:59:19] [INFO] [RESPONSE] Status: 200 Message: Requested users fetched successfully
[2025-03-14 13:59:31] [INFO] [REQUEST] OPTIONS /logout
[2025-03-14 13:59:31] [INFO] [REQUEST] POST /logout
[2025-03-14 13:59:31] [INFO] [RESPONSE] Status: 200 Message: User logged out successfully
[2025-03-14 13:59:46] [INFO] [REQUEST] OPTIONS /login
[2025-03-14 13:59:47] [INFO] [REQUEST] POST /login
[2025-03-14 13:59:48] [INFO] [RESPONSE] Status: 200 Message: Login successful.
[2025-03-14 14:01:07] [INFO] [REQUEST] GET /admin/fetchAllRequestedUsers?page=1&limit=9
[2025-03-14 14:01:07] [INFO] [RESPONSE] Status: 200 Message: Requested users fetched successfully
[2025-03-14 14:01:13] [INFO] [REQUEST] GET /admin/fetchAllRequestedUsers?page=1&limit=9
[2025-03-14 14:01:13] [INFO] [RESPONSE] Status: 200 Message: Requested users fetched successfully
[2025-03-14 14:01:46] [INFO] [REQUEST] GET /admin/fetchAllRequestedUsers?page=1&limit=9
[2025-03-14 14:01:46] [INFO] [RESPONSE] Status: 200 Message: Requested users fetched successfully
[2025-03-14 14:02:09] [INFO] [REQUEST] GET /admin/fetchAllInstructors?page=1&limit=10
[2025-03-14 14:02:10] [INFO] [RESPONSE] Status: 200 Message: Instructors fetched successfully
[2025-03-14 14:02:45] [INFO] [REQUEST] GET /admin/fetchAllRequestedUsers?page=1&limit=9
[2025-03-14 14:02:46] [INFO] [RESPONSE] Status: 200 Message: Requested users fetched successfully
[2025-03-14 14:03:11] [INFO] [REQUEST] GET /admin/fetchAllInstructors?page=1&limit=10
[2025-03-14 14:03:11] [INFO] [RESPONSE] Status: 200 Message: Instructors fetched successfully
[2025-03-14 14:03:46] [INFO] [REQUEST] OPTIONS /logout
[2025-03-14 14:03:46] [INFO] [REQUEST] POST /logout
[2025-03-14 14:03:46] [INFO] [RESPONSE] Status: 200 Message: User logged out successfully
[2025-03-14 14:04:12] [INFO] [REQUEST] OPTIONS /signup
[2025-03-14 14:04:12] [INFO] [REQUEST] POST /signup
[2025-03-14 14:04:17] [INFO] [RESPONSE] Status: 201 Message: Please verify your email for OTP verification.
[2025-03-14 14:04:27] [INFO] [REQUEST] OPTIONS /otp-verification
[2025-03-14 14:04:27] [INFO] [REQUEST] POST /otp-verification
[2025-03-14 14:04:28] [INFO] [RESPONSE] Status: 200 Message: OTP verified successfully. Your account is now activated.
[2025-03-14 14:06:00] [INFO] [REQUEST] POST /instructor-apply
[2025-03-14 14:06:03] [INFO] [RESPONSE] Status: 201 Message: Application submitted successfully. Awaiting approval.
[2025-03-14 14:06:03] [INFO] [REQUEST] GET /getUserdata
[2025-03-14 14:06:04] [INFO] [RESPONSE] Status: 200 Message: User details fetched successfully
[2025-03-14 14:06:09] [INFO] [REQUEST] GET /admin/fetchAllRequestedUsers?page=1&limit=9
[2025-03-14 14:06:09] [INFO] [RESPONSE] Status: 200 Message: Requested users fetched successfully
[2025-03-14 14:14:00] [INFO] [REQUEST] GET /admin/fetchAllStudents?page=1&limit=10
[2025-03-14 14:14:00] [INFO] [RESPONSE] Status: 200 Message: Students fetched successfully
[2025-03-14 14:14:56] [INFO] [REQUEST] GET /admin/fetchAllRequestedUsers?page=1&limit=9
[2025-03-14 14:14:56] [INFO] [RESPONSE] Status: 200 Message: Requested users fetched successfully
[2025-03-14 14:14:58] [INFO] [REQUEST] OPTIONS /admin/reject-instructor/67d3ea0473b8989d23a782af
[2025-03-14 14:14:58] [INFO] [REQUEST] PATCH /admin/reject-instructor/67d3ea0473b8989d23a782af
[2025-03-14 14:14:58] [INFO] [RESPONSE] Status: 200 Message: User's instructor request has been rejected.
[2025-03-14 14:15:07] [INFO] [REQUEST] OPTIONS /admin/reject-instructor/67d3ea0473b8989d23a782af
[2025-03-14 14:15:07] [INFO] [REQUEST] PATCH /admin/reject-instructor/67d3ea0473b8989d23a782af
[2025-03-14 14:15:07] [INFO] [RESPONSE] Status: 404 Message: This user has not requested instructor approval.
[2025-03-14 14:15:07] [INFO] [REQUEST] GET /admin/fetchAllRequestedUsers?page=1&limit=9
[2025-03-14 14:15:07] [INFO] [RESPONSE] Status: 200 Message: Requested users fetched successfully
[2025-03-14 14:15:58] [INFO] [REQUEST] OPTIONS /logout
[2025-03-14 14:15:58] [INFO] [REQUEST] POST /logout
[2025-03-14 14:15:58] [INFO] [RESPONSE] Status: 200 Message: User logged out successfully
[2025-03-14 14:16:13] [INFO] [REQUEST] OPTIONS /login
[2025-03-14 14:16:13] [INFO] [REQUEST] POST /login
[2025-03-14 14:16:13] [INFO] [RESPONSE] Status: 200 Message: Login successful.
[2025-03-14 14:16:49] [INFO] [REQUEST] POST /instructor-apply
[2025-03-14 14:16:51] [INFO] [RESPONSE] Status: 201 Message: Application submitted successfully. Awaiting approval.
[2025-03-14 14:16:51] [INFO] [REQUEST] GET /getUserdata
[2025-03-14 14:16:51] [INFO] [RESPONSE] Status: 200 Message: User details fetched successfully
[2025-03-14 14:53:08] [INFO] [REQUEST] GET /admin/fetchAllRequestedUsers?page=1&limit=9
[2025-03-14 14:53:08] [INFO] [RESPONSE] Status: 200 Message: Requested users fetched successfully
[2025-03-14 15:02:21] [INFO] [REQUEST] OPTIONS /logout
[2025-03-14 15:02:21] [INFO] [REQUEST] POST /logout
[2025-03-14 15:02:21] [INFO] [RESPONSE] Status: 200 Message: User logged out successfully
[2025-03-14 15:02:37] [INFO] [REQUEST] OPTIONS /login
[2025-03-14 15:02:37] [INFO] [REQUEST] POST /login
[2025-03-14 15:02:37] [INFO] [RESPONSE] Status: 200 Message: Login successful.
[2025-03-14 15:02:49] [INFO] [REQUEST] OPTIONS /admin/reject-instructor/67d3ea0473b8989d23a782af
[2025-03-14 15:02:49] [INFO] [REQUEST] PATCH /admin/reject-instructor/67d3ea0473b8989d23a782af
[2025-03-14 15:02:49] [INFO] [RESPONSE] Status: 200 Message: User's instructor request has been rejected.
[2025-03-14 15:02:58] [INFO] [REQUEST] GET /admin/fetchAllRequestedUsers?page=1&limit=9
[2025-03-14 15:02:58] [INFO] [RESPONSE] Status: 200 Message: Requested users fetched successfully
[2025-03-14 15:03:01] [INFO] [REQUEST] OPTIONS /logout
[2025-03-14 15:03:01] [INFO] [REQUEST] POST /logout
[2025-03-14 15:03:01] [INFO] [RESPONSE] Status: 200 Message: User logged out successfully
[2025-03-14 15:03:14] [INFO] [REQUEST] OPTIONS /login
[2025-03-14 15:03:14] [INFO] [REQUEST] POST /login
[2025-03-14 15:03:15] [INFO] [RESPONSE] Status: 200 Message: Login successful.
[2025-03-14 15:03:49] [INFO] [REQUEST] POST /instructor-apply
[2025-03-14 15:03:51] [INFO] [RESPONSE] Status: 201 Message: Application submitted successfully. Awaiting approval.
[2025-03-14 15:03:51] [INFO] [REQUEST] GET /getUserdata
[2025-03-14 15:03:51] [INFO] [RESPONSE] Status: 200 Message: User details fetched successfully
[2025-03-14 15:03:56] [INFO] [REQUEST] GET /admin/fetchAllRequestedUsers?page=1&limit=9
[2025-03-14 15:03:56] [INFO] [RESPONSE] Status: 200 Message: Requested users fetched successfully
[2025-03-14 15:20:33] [INFO] [REQUEST] GET /admin/fetchAllRequestedUsers?page=1&limit=9
[2025-03-14 15:20:34] [INFO] [RESPONSE] Status: 200 Message: Requested users fetched successfully
[2025-03-14 15:20:39] [INFO] [REQUEST] GET /admin/fetch-all-categories
[2025-03-14 15:20:39] [INFO] [RESPONSE] Status: 200 Message: Categories fetched successfully
[2025-03-14 15:20:40] [INFO] [REQUEST] GET /admin/fetchAllRequestedUsers?page=1&limit=9
[2025-03-14 15:20:40] [INFO] [RESPONSE] Status: 200 Message: Requested users fetched successfully
[2025-03-14 15:20:59] [INFO] [REQUEST] GET /admin/fetchAllRequestedUsers?page=1&limit=9
[2025-03-14 15:20:59] [INFO] [RESPONSE] Status: 200 Message: Requested users fetched successfully
[2025-03-14 15:29:21] [INFO] [REQUEST] GET /admin/fetchAllRequestedUsers?page=1&limit=9
[2025-03-14 15:29:22] [INFO] [RESPONSE] Status: 200 Message: Requested users fetched successfully
[2025-03-14 15:31:22] [INFO] [REQUEST] GET /admin/fetchAllRequestedUsers?page=1&limit=9
[2025-03-14 15:31:22] [INFO] [RESPONSE] Status: 200 Message: Requested users fetched successfully
[2025-03-14 15:31:32] [INFO] [REQUEST] GET /admin/fetch-all-categories
[2025-03-14 15:31:32] [INFO] [RESPONSE] Status: 200 Message: Categories fetched successfully
