[2025-03-24 10:04:57] [INFO] [REQUEST] GET /admin/fetchAllRequestedUsers?page=1&limit=9
[2025-03-24 10:04:57] [INFO] [RESPONSE] Status: 401 Message: Unauthorized: No token provided
[2025-03-24 10:04:57] [INFO] [REQUEST] POST /refresh-token
[2025-03-24 10:04:57] [INFO] [RESPONSE] Status: 401 Message: No refresh token provided.
[2025-03-24 10:05:25] [INFO] [REQUEST] OPTIONS /admin/login
[2025-03-24 10:05:25] [INFO] [REQUEST] POST /admin/login
[2025-03-24 10:05:25] [INFO] [RESPONSE] Status: 200 Message: Admin logged in successfully.
[2025-03-24 10:05:30] [INFO] [REQUEST] GET /admin/fetchAllInstructors?page=1&limit=10
[2025-03-24 10:05:30] [INFO] [RESPONSE] Status: 200 Message: Instructors fetched successfully
[2025-03-24 10:05:41] [INFO] [REQUEST] GET /admin/fetchAllRequestedUsers?page=1&limit=9
[2025-03-24 10:05:41] [INFO] [RESPONSE] Status: 200 Message: Requested users fetched successfully
[2025-03-24 10:34:26] [INFO] [REQUEST] GET /getUserdata
[2025-03-24 10:34:26] [INFO] [RESPONSE] Status: 200 Message: User details fetched successfully
[2025-03-24 10:34:30] [INFO] [REQUEST] GET /admin/fetch-all-categories?page=1&limit=100
[2025-03-24 10:34:30] [INFO] [RESPONSE] Status: 200 Message: Categories fetched successfully
[2025-03-24 11:00:24] [INFO] [REQUEST] GET /admin/fetch-all-categories?page=1&limit=100
[2025-03-24 11:00:24] [INFO] [RESPONSE] Status: 200 Message: Categories fetched successfully
[2025-03-24 11:00:37] [INFO] [REQUEST] GET /admin/fetch-all-categories?page=1&limit=100
[2025-03-24 11:00:37] [INFO] [RESPONSE] Status: 200 Message: Categories fetched successfully
[2025-03-24 11:00:48] [INFO] [REQUEST] GET /getUserdata
[2025-03-24 11:00:48] [INFO] [RESPONSE] Status: 200 Message: User details fetched successfully
[2025-03-24 11:15:07] [INFO] [REQUEST] GET /getUserdata
[2025-03-24 11:15:07] [INFO] [RESPONSE] Status: 200 Message: User details fetched successfully
[2025-03-24 11:15:19] [INFO] [REQUEST] GET /getUserdata
[2025-03-24 11:15:19] [INFO] [RESPONSE] Status: 200 Message: User details fetched successfully
[2025-03-24 11:15:22] [INFO] [REQUEST] GET /getUserdata
[2025-03-24 11:15:23] [INFO] [RESPONSE] Status: 200 Message: User details fetched successfully
[2025-03-24 11:15:26] [INFO] [REQUEST] GET /getUserdata
[2025-03-24 11:15:26] [INFO] [RESPONSE] Status: 200 Message: User details fetched successfully
[2025-03-24 11:15:29] [INFO] [REQUEST] GET /getUserdata
[2025-03-24 11:15:29] [INFO] [RESPONSE] Status: 200 Message: User details fetched successfully
[2025-03-24 11:20:26] [INFO] [REQUEST] GET /admin/fetch-all-categories?page=1&limit=100
[2025-03-24 11:20:26] [INFO] [RESPONSE] Status: 200 Message: Categories fetched successfully
[2025-03-24 11:20:29] [INFO] [REQUEST] GET /admin/fetch-all-categories?page=1&limit=100
[2025-03-24 11:20:29] [INFO] [RESPONSE] Status: 200 Message: Categories fetched successfully
[2025-03-24 11:20:33] [INFO] [REQUEST] GET /admin/fetch-all-categories?page=1&limit=100
[2025-03-24 11:20:34] [INFO] [RESPONSE] Status: 200 Message: Categories fetched successfully
[2025-03-24 11:20:34] [INFO] [REQUEST] GET /admin/fetch-all-categories?page=1&limit=100
[2025-03-24 11:20:34] [INFO] [RESPONSE] Status: 200 Message: Categories fetched successfully
[2025-03-24 11:20:34] [INFO] [REQUEST] GET /admin/fetch-all-categories?page=1&limit=100
[2025-03-24 11:20:35] [INFO] [RESPONSE] Status: 200 Message: Categories fetched successfully
[2025-03-24 11:20:35] [INFO] [REQUEST] GET /admin/fetch-all-categories?page=1&limit=100
[2025-03-24 11:20:35] [INFO] [RESPONSE] Status: 200 Message: Categories fetched successfully
[2025-03-24 11:20:35] [INFO] [REQUEST] GET /admin/fetch-all-categories?page=1&limit=100
[2025-03-24 11:20:35] [INFO] [RESPONSE] Status: 200 Message: Categories fetched successfully
[2025-03-24 11:20:36] [INFO] [REQUEST] GET /admin/fetch-all-categories?page=1&limit=100
[2025-03-24 11:20:36] [INFO] [RESPONSE] Status: 200 Message: Categories fetched successfully
[2025-03-24 11:20:36] [INFO] [REQUEST] GET /admin/fetch-all-categories?page=1&limit=100
[2025-03-24 11:20:36] [INFO] [RESPONSE] Status: 200 Message: Categories fetched successfully
[2025-03-24 11:20:36] [INFO] [REQUEST] GET /admin/fetch-all-categories?page=1&limit=100
[2025-03-24 11:20:36] [INFO] [RESPONSE] Status: 200 Message: Categories fetched successfully
[2025-03-24 11:20:36] [INFO] [REQUEST] GET /admin/fetch-all-categories?page=1&limit=100
[2025-03-24 11:20:36] [INFO] [RESPONSE] Status: 200 Message: Categories fetched successfully
[2025-03-24 11:20:36] [INFO] [REQUEST] GET /admin/fetch-all-categories?page=1&limit=100
[2025-03-24 11:20:36] [INFO] [RESPONSE] Status: 200 Message: Categories fetched successfully
[2025-03-24 11:20:36] [INFO] [REQUEST] GET /admin/fetch-all-categories?page=1&limit=100
[2025-03-24 11:20:36] [INFO] [RESPONSE] Status: 200 Message: Categories fetched successfully
[2025-03-24 11:20:36] [INFO] [REQUEST] GET /admin/fetch-all-categories?page=1&limit=100
[2025-03-24 11:20:36] [INFO] [RESPONSE] Status: 200 Message: Categories fetched successfully
[2025-03-24 11:20:36] [INFO] [REQUEST] GET /admin/fetch-all-categories?page=1&limit=100
[2025-03-24 11:20:36] [INFO] [RESPONSE] Status: 200 Message: Categories fetched successfully
[2025-03-24 11:20:36] [INFO] [REQUEST] GET /admin/fetch-all-categories?page=1&limit=100
[2025-03-24 11:20:37] [INFO] [RESPONSE] Status: 200 Message: Categories fetched successfully
[2025-03-24 11:20:37] [INFO] [REQUEST] GET /admin/fetch-all-categories?page=1&limit=100
[2025-03-24 11:20:37] [INFO] [RESPONSE] Status: 200 Message: Categories fetched successfully
[2025-03-24 11:20:38] [INFO] [REQUEST] GET /admin/fetch-all-categories?page=1&limit=100
[2025-03-24 11:20:38] [INFO] [RESPONSE] Status: 200 Message: Categories fetched successfully
[2025-03-24 11:26:37] [INFO] [REQUEST] GET /admin/fetch-all-categories?page=1&limit=100
[2025-03-24 11:26:37] [INFO] [REQUEST] GET /getUserdata
[2025-03-24 11:26:37] [INFO] [RESPONSE] Status: 200 Message: Categories fetched successfully
[2025-03-24 11:26:37] [INFO] [RESPONSE] Status: 200 Message: User details fetched successfully
[2025-03-24 11:26:47] [INFO] [REQUEST] GET /admin/fetch-all-categories?page=1&limit=100
[2025-03-24 11:26:47] [INFO] [REQUEST] GET /getUserdata
[2025-03-24 11:26:47] [INFO] [RESPONSE] Status: 200 Message: User details fetched successfully
[2025-03-24 11:26:47] [INFO] [RESPONSE] Status: 200 Message: Categories fetched successfully
[2025-03-24 11:26:51] [INFO] [REQUEST] GET /admin/fetch-all-categories?page=1&limit=100
[2025-03-24 11:26:51] [INFO] [REQUEST] GET /getUserdata
[2025-03-24 11:26:51] [INFO] [RESPONSE] Status: 200 Message: User details fetched successfully
[2025-03-24 11:26:51] [INFO] [RESPONSE] Status: 200 Message: Categories fetched successfully
[2025-03-24 11:26:55] [INFO] [REQUEST] GET /admin/fetch-all-categories?page=1&limit=100
[2025-03-24 11:26:56] [INFO] [REQUEST] GET /getUserdata
[2025-03-24 11:26:56] [INFO] [RESPONSE] Status: 200 Message: User details fetched successfully
[2025-03-24 11:26:56] [INFO] [RESPONSE] Status: 200 Message: Categories fetched successfully
[2025-03-24 11:27:06] [INFO] [REQUEST] GET /admin/fetch-all-categories?page=1&limit=100
[2025-03-24 11:27:06] [INFO] [REQUEST] GET /getUserdata
[2025-03-24 11:27:06] [INFO] [RESPONSE] Status: 200 Message: User details fetched successfully
[2025-03-24 11:27:06] [INFO] [RESPONSE] Status: 200 Message: Categories fetched successfully
[2025-03-24 11:27:07] [INFO] [REQUEST] GET /admin/fetch-all-categories?page=1&limit=100
[2025-03-24 11:27:07] [INFO] [REQUEST] GET /getUserdata
[2025-03-24 11:27:08] [INFO] [RESPONSE] Status: 200 Message: User details fetched successfully
[2025-03-24 11:27:08] [INFO] [RESPONSE] Status: 200 Message: Categories fetched successfully
[2025-03-24 11:27:14] [INFO] [REQUEST] GET /admin/fetch-all-categories?page=1&limit=100
[2025-03-24 11:27:14] [INFO] [REQUEST] GET /getUserdata
[2025-03-24 11:27:14] [INFO] [RESPONSE] Status: 200 Message: User details fetched successfully
[2025-03-24 11:27:14] [INFO] [RESPONSE] Status: 200 Message: Categories fetched successfully
[2025-03-24 11:27:16] [INFO] [REQUEST] GET /admin/fetch-all-categories?page=1&limit=100
[2025-03-24 11:27:16] [INFO] [REQUEST] GET /getUserdata
[2025-03-24 11:27:16] [INFO] [RESPONSE] Status: 200 Message: User details fetched successfully
[2025-03-24 11:27:16] [INFO] [RESPONSE] Status: 200 Message: Categories fetched successfully
[2025-03-24 11:27:17] [INFO] [REQUEST] GET /admin/fetch-all-categories?page=1&limit=100
[2025-03-24 11:27:17] [INFO] [REQUEST] GET /getUserdata
[2025-03-24 11:27:17] [INFO] [RESPONSE] Status: 200 Message: User details fetched successfully
[2025-03-24 11:27:17] [INFO] [RESPONSE] Status: 200 Message: Categories fetched successfully
[2025-03-24 11:34:59] [INFO] [REQUEST] GET /admin/fetch-all-categories?page=1&limit=100
[2025-03-24 11:34:59] [INFO] [REQUEST] GET /getUserdata
[2025-03-24 11:34:59] [INFO] [RESPONSE] Status: 200 Message: User details fetched successfully
[2025-03-24 11:34:59] [INFO] [RESPONSE] Status: 200 Message: Categories fetched successfully
[2025-03-24 11:35:08] [INFO] [REQUEST] GET /getUserdata
[2025-03-24 11:35:08] [INFO] [RESPONSE] Status: 200 Message: User details fetched successfully
[2025-03-24 11:35:08] [INFO] [REQUEST] GET /admin/fetch-all-categories?page=1&limit=100
[2025-03-24 11:35:08] [INFO] [REQUEST] GET /getUserdata
[2025-03-24 11:35:08] [INFO] [RESPONSE] Status: 200 Message: User details fetched successfully
[2025-03-24 11:35:08] [INFO] [RESPONSE] Status: 200 Message: Categories fetched successfully
[2025-03-24 11:35:12] [INFO] [REQUEST] GET /admin/fetch-all-categories?page=1&limit=100
[2025-03-24 11:35:12] [INFO] [REQUEST] GET /getUserdata
[2025-03-24 11:35:12] [INFO] [RESPONSE] Status: 200 Message: User details fetched successfully
[2025-03-24 11:35:12] [INFO] [RESPONSE] Status: 200 Message: Categories fetched successfully
[2025-03-24 11:35:18] [INFO] [REQUEST] GET /admin/fetch-all-categories?page=1&limit=100
[2025-03-24 11:35:18] [INFO] [REQUEST] GET /getUserdata
[2025-03-24 11:35:18] [INFO] [RESPONSE] Status: 200 Message: User details fetched successfully
[2025-03-24 11:35:18] [INFO] [RESPONSE] Status: 200 Message: Categories fetched successfully
[2025-03-24 11:35:18] [INFO] [REQUEST] GET /admin/fetch-all-categories?page=1&limit=100
[2025-03-24 11:35:18] [INFO] [REQUEST] GET /getUserdata
[2025-03-24 11:35:18] [INFO] [RESPONSE] Status: 200 Message: User details fetched successfully
[2025-03-24 11:35:18] [INFO] [RESPONSE] Status: 200 Message: Categories fetched successfully
[2025-03-24 11:35:19] [INFO] [REQUEST] GET /admin/fetch-all-categories?page=1&limit=100
[2025-03-24 11:35:19] [INFO] [REQUEST] GET /getUserdata
[2025-03-24 11:35:19] [INFO] [RESPONSE] Status: 200 Message: User details fetched successfully
[2025-03-24 11:35:19] [INFO] [RESPONSE] Status: 200 Message: Categories fetched successfully
[2025-03-24 11:35:19] [INFO] [REQUEST] GET /admin/fetch-all-categories?page=1&limit=100
[2025-03-24 11:35:19] [INFO] [REQUEST] GET /getUserdata
[2025-03-24 11:35:19] [INFO] [RESPONSE] Status: 200 Message: User details fetched successfully
[2025-03-24 11:35:19] [INFO] [RESPONSE] Status: 200 Message: Categories fetched successfully
[2025-03-24 11:35:19] [INFO] [REQUEST] GET /admin/fetch-all-categories?page=1&limit=100
[2025-03-24 11:35:19] [INFO] [REQUEST] GET /getUserdata
[2025-03-24 11:35:19] [INFO] [RESPONSE] Status: 200 Message: User details fetched successfully
[2025-03-24 11:35:19] [INFO] [RESPONSE] Status: 200 Message: Categories fetched successfully
[2025-03-24 11:35:19] [INFO] [REQUEST] GET /admin/fetch-all-categories?page=1&limit=100
[2025-03-24 11:35:19] [INFO] [REQUEST] GET /getUserdata
[2025-03-24 11:35:19] [INFO] [RESPONSE] Status: 200 Message: User details fetched successfully
[2025-03-24 11:35:19] [INFO] [RESPONSE] Status: 200 Message: Categories fetched successfully
[2025-03-24 11:35:19] [INFO] [REQUEST] GET /getUserdata
[2025-03-24 11:35:19] [INFO] [REQUEST] GET /admin/fetch-all-categories?page=1&limit=100
[2025-03-24 11:35:19] [INFO] [RESPONSE] Status: 200 Message: User details fetched successfully
[2025-03-24 11:35:19] [INFO] [RESPONSE] Status: 200 Message: Categories fetched successfully
[2025-03-24 11:35:20] [INFO] [REQUEST] GET /admin/fetch-all-categories?page=1&limit=100
[2025-03-24 11:35:20] [INFO] [REQUEST] GET /getUserdata
[2025-03-24 11:35:20] [INFO] [RESPONSE] Status: 200 Message: User details fetched successfully
[2025-03-24 11:35:20] [INFO] [RESPONSE] Status: 200 Message: Categories fetched successfully
[2025-03-24 11:35:20] [INFO] [REQUEST] GET /admin/fetch-all-categories?page=1&limit=100
[2025-03-24 11:35:20] [INFO] [REQUEST] GET /getUserdata
[2025-03-24 11:35:20] [INFO] [RESPONSE] Status: 200 Message: User details fetched successfully
[2025-03-24 11:35:20] [INFO] [RESPONSE] Status: 200 Message: Categories fetched successfully
[2025-03-24 11:35:20] [INFO] [REQUEST] GET /admin/fetch-all-categories?page=1&limit=100
[2025-03-24 11:35:20] [INFO] [REQUEST] GET /getUserdata
[2025-03-24 11:35:20] [INFO] [RESPONSE] Status: 200 Message: User details fetched successfully
[2025-03-24 11:35:20] [INFO] [RESPONSE] Status: 200 Message: Categories fetched successfully
[2025-03-24 11:35:20] [INFO] [REQUEST] GET /admin/fetch-all-categories?page=1&limit=100
[2025-03-24 11:35:20] [INFO] [REQUEST] GET /getUserdata
[2025-03-24 11:35:20] [INFO] [RESPONSE] Status: 200 Message: User details fetched successfully
[2025-03-24 11:35:20] [INFO] [RESPONSE] Status: 200 Message: Categories fetched successfully
[2025-03-24 11:35:21] [INFO] [REQUEST] GET /admin/fetch-all-categories?page=1&limit=100
[2025-03-24 11:35:21] [INFO] [REQUEST] GET /getUserdata
[2025-03-24 11:35:21] [INFO] [RESPONSE] Status: 200 Message: User details fetched successfully
[2025-03-24 11:35:21] [INFO] [RESPONSE] Status: 200 Message: Categories fetched successfully
[2025-03-24 11:35:21] [INFO] [REQUEST] GET /admin/fetch-all-categories?page=1&limit=100
[2025-03-24 11:35:21] [INFO] [REQUEST] GET /getUserdata
[2025-03-24 11:35:21] [INFO] [RESPONSE] Status: 200 Message: User details fetched successfully
[2025-03-24 11:35:21] [INFO] [RESPONSE] Status: 200 Message: Categories fetched successfully
[2025-03-24 11:35:21] [INFO] [REQUEST] GET /admin/fetch-all-categories?page=1&limit=100
[2025-03-24 11:35:21] [INFO] [REQUEST] GET /getUserdata
[2025-03-24 11:35:21] [INFO] [RESPONSE] Status: 200 Message: User details fetched successfully
[2025-03-24 11:35:21] [INFO] [RESPONSE] Status: 200 Message: Categories fetched successfully
[2025-03-24 11:35:22] [INFO] [REQUEST] GET /admin/fetch-all-categories?page=1&limit=100
[2025-03-24 11:35:22] [INFO] [REQUEST] GET /getUserdata
[2025-03-24 11:35:22] [INFO] [RESPONSE] Status: 200 Message: User details fetched successfully
[2025-03-24 11:35:22] [INFO] [RESPONSE] Status: 200 Message: Categories fetched successfully
[2025-03-24 11:35:22] [INFO] [REQUEST] GET /admin/fetch-all-categories?page=1&limit=100
[2025-03-24 11:35:22] [INFO] [REQUEST] GET /getUserdata
[2025-03-24 11:35:22] [INFO] [RESPONSE] Status: 200 Message: User details fetched successfully
[2025-03-24 11:35:22] [INFO] [RESPONSE] Status: 200 Message: Categories fetched successfully
[2025-03-24 11:35:22] [INFO] [REQUEST] GET /admin/fetch-all-categories?page=1&limit=100
[2025-03-24 11:35:22] [INFO] [REQUEST] GET /getUserdata
[2025-03-24 11:35:22] [INFO] [RESPONSE] Status: 200 Message: User details fetched successfully
[2025-03-24 11:35:22] [INFO] [RESPONSE] Status: 200 Message: Categories fetched successfully
[2025-03-24 11:35:22] [INFO] [REQUEST] GET /admin/fetch-all-categories?page=1&limit=100
[2025-03-24 11:35:22] [INFO] [REQUEST] GET /getUserdata
[2025-03-24 11:35:22] [INFO] [RESPONSE] Status: 200 Message: User details fetched successfully
[2025-03-24 11:35:22] [INFO] [RESPONSE] Status: 200 Message: Categories fetched successfully
[2025-03-24 11:35:23] [INFO] [REQUEST] GET /admin/fetch-all-categories?page=1&limit=100
[2025-03-24 11:35:23] [INFO] [REQUEST] GET /getUserdata
[2025-03-24 11:35:23] [INFO] [RESPONSE] Status: 200 Message: User details fetched successfully
[2025-03-24 11:35:23] [INFO] [RESPONSE] Status: 200 Message: Categories fetched successfully
[2025-03-24 11:35:23] [INFO] [REQUEST] GET /admin/fetch-all-categories?page=1&limit=100
[2025-03-24 11:35:23] [INFO] [REQUEST] GET /getUserdata
[2025-03-24 11:35:23] [INFO] [RESPONSE] Status: 200 Message: User details fetched successfully
[2025-03-24 11:35:23] [INFO] [RESPONSE] Status: 200 Message: Categories fetched successfully
[2025-03-24 11:35:23] [INFO] [REQUEST] GET /admin/fetch-all-categories?page=1&limit=100
[2025-03-24 11:35:23] [INFO] [REQUEST] GET /getUserdata
[2025-03-24 11:35:23] [INFO] [RESPONSE] Status: 200 Message: User details fetched successfully
[2025-03-24 11:35:23] [INFO] [RESPONSE] Status: 200 Message: Categories fetched successfully
[2025-03-24 11:35:23] [INFO] [REQUEST] GET /admin/fetch-all-categories?page=1&limit=100
[2025-03-24 11:35:23] [INFO] [REQUEST] GET /getUserdata
[2025-03-24 11:35:23] [INFO] [RESPONSE] Status: 200 Message: User details fetched successfully
[2025-03-24 11:35:23] [INFO] [RESPONSE] Status: 200 Message: Categories fetched successfully
[2025-03-24 11:35:24] [INFO] [REQUEST] GET /admin/fetch-all-categories?page=1&limit=100
[2025-03-24 11:35:24] [INFO] [REQUEST] GET /getUserdata
[2025-03-24 11:35:24] [INFO] [RESPONSE] Status: 200 Message: User details fetched successfully
[2025-03-24 11:35:24] [INFO] [RESPONSE] Status: 200 Message: Categories fetched successfully
[2025-03-24 11:35:24] [INFO] [REQUEST] GET /admin/fetch-all-categories?page=1&limit=100
[2025-03-24 11:35:24] [INFO] [REQUEST] GET /getUserdata
[2025-03-24 11:35:24] [INFO] [RESPONSE] Status: 200 Message: User details fetched successfully
[2025-03-24 11:35:24] [INFO] [RESPONSE] Status: 200 Message: Categories fetched successfully
[2025-03-24 11:35:24] [INFO] [REQUEST] GET /admin/fetch-all-categories?page=1&limit=100
[2025-03-24 11:35:24] [INFO] [REQUEST] GET /getUserdata
[2025-03-24 11:35:24] [INFO] [RESPONSE] Status: 200 Message: User details fetched successfully
[2025-03-24 11:35:24] [INFO] [RESPONSE] Status: 200 Message: Categories fetched successfully
[2025-03-24 11:35:25] [INFO] [REQUEST] GET /admin/fetch-all-categories?page=1&limit=100
[2025-03-24 11:35:25] [INFO] [REQUEST] GET /getUserdata
[2025-03-24 11:35:25] [INFO] [RESPONSE] Status: 200 Message: User details fetched successfully
[2025-03-24 11:35:25] [INFO] [RESPONSE] Status: 200 Message: Categories fetched successfully
[2025-03-24 11:35:29] [INFO] [REQUEST] GET /admin/fetch-all-categories?page=1&limit=100
[2025-03-24 11:35:29] [INFO] [REQUEST] GET /getUserdata
[2025-03-24 11:35:29] [INFO] [RESPONSE] Status: 200 Message: User details fetched successfully
[2025-03-24 11:35:29] [INFO] [RESPONSE] Status: 200 Message: Categories fetched successfully
[2025-03-24 11:35:29] [INFO] [REQUEST] GET /getUserdata
[2025-03-24 11:35:29] [INFO] [REQUEST] GET /admin/fetch-all-categories?page=1&limit=100
[2025-03-24 11:35:30] [INFO] [RESPONSE] Status: 200 Message: User details fetched successfully
[2025-03-24 11:35:30] [INFO] [RESPONSE] Status: 200 Message: Categories fetched successfully
[2025-03-24 11:35:30] [INFO] [REQUEST] GET /admin/fetch-all-categories?page=1&limit=100
[2025-03-24 11:35:30] [INFO] [REQUEST] GET /getUserdata
[2025-03-24 11:35:30] [INFO] [RESPONSE] Status: 200 Message: User details fetched successfully
[2025-03-24 11:35:30] [INFO] [RESPONSE] Status: 200 Message: Categories fetched successfully
[2025-03-24 11:35:30] [INFO] [REQUEST] GET /admin/fetch-all-categories?page=1&limit=100
[2025-03-24 11:35:30] [INFO] [REQUEST] GET /getUserdata
[2025-03-24 11:35:30] [INFO] [RESPONSE] Status: 200 Message: User details fetched successfully
[2025-03-24 11:35:30] [INFO] [RESPONSE] Status: 200 Message: Categories fetched successfully
[2025-03-24 11:35:31] [INFO] [REQUEST] GET /admin/fetch-all-categories?page=1&limit=100
[2025-03-24 11:35:31] [INFO] [REQUEST] GET /getUserdata
[2025-03-24 11:35:31] [INFO] [RESPONSE] Status: 200 Message: User details fetched successfully
[2025-03-24 11:35:31] [INFO] [RESPONSE] Status: 200 Message: Categories fetched successfully
[2025-03-24 11:35:31] [INFO] [REQUEST] GET /admin/fetch-all-categories?page=1&limit=100
[2025-03-24 11:35:31] [INFO] [REQUEST] GET /getUserdata
[2025-03-24 11:35:31] [INFO] [RESPONSE] Status: 200 Message: User details fetched successfully
[2025-03-24 11:35:31] [INFO] [RESPONSE] Status: 200 Message: Categories fetched successfully
[2025-03-24 11:35:31] [INFO] [REQUEST] GET /admin/fetch-all-categories?page=1&limit=100
[2025-03-24 11:35:31] [INFO] [REQUEST] GET /getUserdata
[2025-03-24 11:35:31] [INFO] [RESPONSE] Status: 200 Message: User details fetched successfully
[2025-03-24 11:35:31] [INFO] [RESPONSE] Status: 200 Message: Categories fetched successfully
[2025-03-24 11:35:31] [INFO] [REQUEST] GET /admin/fetch-all-categories?page=1&limit=100
[2025-03-24 11:35:31] [INFO] [REQUEST] GET /getUserdata
[2025-03-24 11:35:31] [INFO] [RESPONSE] Status: 200 Message: User details fetched successfully
[2025-03-24 11:35:31] [INFO] [RESPONSE] Status: 200 Message: Categories fetched successfully
[2025-03-24 11:35:32] [INFO] [REQUEST] GET /admin/fetch-all-categories?page=1&limit=100
[2025-03-24 11:35:32] [INFO] [REQUEST] GET /getUserdata
[2025-03-24 11:35:32] [INFO] [RESPONSE] Status: 200 Message: User details fetched successfully
[2025-03-24 11:35:32] [INFO] [RESPONSE] Status: 200 Message: Categories fetched successfully
[2025-03-24 11:35:32] [INFO] [REQUEST] GET /admin/fetch-all-categories?page=1&limit=100
[2025-03-24 11:35:32] [INFO] [REQUEST] GET /getUserdata
[2025-03-24 11:35:32] [INFO] [RESPONSE] Status: 200 Message: User details fetched successfully
[2025-03-24 11:35:32] [INFO] [RESPONSE] Status: 200 Message: Categories fetched successfully
[2025-03-24 11:35:32] [INFO] [REQUEST] GET /admin/fetch-all-categories?page=1&limit=100
[2025-03-24 11:35:32] [INFO] [REQUEST] GET /getUserdata
[2025-03-24 11:35:32] [INFO] [RESPONSE] Status: 200 Message: User details fetched successfully
[2025-03-24 11:35:32] [INFO] [RESPONSE] Status: 200 Message: Categories fetched successfully
[2025-03-24 11:35:33] [INFO] [REQUEST] GET /admin/fetch-all-categories?page=1&limit=100
[2025-03-24 11:35:33] [INFO] [REQUEST] GET /getUserdata
[2025-03-24 11:35:33] [INFO] [RESPONSE] Status: 200 Message: User details fetched successfully
[2025-03-24 11:35:33] [INFO] [RESPONSE] Status: 200 Message: Categories fetched successfully
[2025-03-24 11:35:33] [INFO] [REQUEST] GET /admin/fetch-all-categories?page=1&limit=100
[2025-03-24 11:35:33] [INFO] [REQUEST] GET /getUserdata
[2025-03-24 11:35:33] [INFO] [RESPONSE] Status: 200 Message: User details fetched successfully
[2025-03-24 11:35:33] [INFO] [RESPONSE] Status: 200 Message: Categories fetched successfully
[2025-03-24 11:35:33] [INFO] [REQUEST] GET /getUserdata
[2025-03-24 11:35:33] [INFO] [REQUEST] GET /admin/fetch-all-categories?page=1&limit=100
[2025-03-24 11:35:33] [INFO] [RESPONSE] Status: 200 Message: User details fetched successfully
[2025-03-24 11:35:33] [INFO] [REQUEST] GET /getUserdata
[2025-03-24 11:35:34] [INFO] [RESPONSE] Status: 200 Message: User details fetched successfully
[2025-03-24 11:35:34] [INFO] [RESPONSE] Status: 200 Message: Categories fetched successfully
[2025-03-24 11:35:34] [INFO] [REQUEST] GET /admin/fetch-all-categories?page=1&limit=100
[2025-03-24 11:35:34] [INFO] [RESPONSE] Status: 200 Message: Categories fetched successfully
[2025-03-24 11:35:34] [INFO] [REQUEST] GET /admin/fetch-all-categories?page=1&limit=100
[2025-03-24 11:35:34] [INFO] [REQUEST] GET /getUserdata
[2025-03-24 11:35:34] [INFO] [RESPONSE] Status: 200 Message: User details fetched successfully
[2025-03-24 11:35:34] [INFO] [RESPONSE] Status: 200 Message: Categories fetched successfully
[2025-03-24 11:35:34] [INFO] [REQUEST] GET /admin/fetch-all-categories?page=1&limit=100
[2025-03-24 11:35:34] [INFO] [REQUEST] GET /getUserdata
[2025-03-24 11:35:34] [INFO] [RESPONSE] Status: 200 Message: User details fetched successfully
[2025-03-24 11:35:34] [INFO] [RESPONSE] Status: 200 Message: Categories fetched successfully
[2025-03-24 11:35:37] [INFO] [REQUEST] GET /admin/fetch-all-categories?page=1&limit=100
[2025-03-24 11:35:37] [INFO] [REQUEST] GET /getUserdata
[2025-03-24 11:35:37] [INFO] [RESPONSE] Status: 200 Message: User details fetched successfully
[2025-03-24 11:35:37] [INFO] [RESPONSE] Status: 200 Message: Categories fetched successfully
[2025-03-24 11:35:37] [INFO] [REQUEST] GET /admin/fetch-all-categories?page=1&limit=100
[2025-03-24 11:35:37] [INFO] [REQUEST] GET /getUserdata
[2025-03-24 11:35:37] [INFO] [RESPONSE] Status: 200 Message: User details fetched successfully
[2025-03-24 11:35:37] [INFO] [RESPONSE] Status: 200 Message: Categories fetched successfully
[2025-03-24 11:35:37] [INFO] [REQUEST] GET /admin/fetch-all-categories?page=1&limit=100
[2025-03-24 11:35:37] [INFO] [REQUEST] GET /getUserdata
[2025-03-24 11:35:37] [INFO] [RESPONSE] Status: 200 Message: User details fetched successfully
[2025-03-24 11:35:37] [INFO] [RESPONSE] Status: 200 Message: Categories fetched successfully
[2025-03-24 11:35:37] [INFO] [REQUEST] GET /admin/fetch-all-categories?page=1&limit=100
[2025-03-24 11:35:37] [INFO] [REQUEST] GET /getUserdata
[2025-03-24 11:35:37] [INFO] [RESPONSE] Status: 200 Message: User details fetched successfully
[2025-03-24 11:35:37] [INFO] [RESPONSE] Status: 200 Message: Categories fetched successfully
[2025-03-24 11:35:37] [INFO] [REQUEST] GET /admin/fetch-all-categories?page=1&limit=100
[2025-03-24 11:35:37] [INFO] [REQUEST] GET /getUserdata
[2025-03-24 11:35:38] [INFO] [RESPONSE] Status: 200 Message: User details fetched successfully
[2025-03-24 11:35:38] [INFO] [RESPONSE] Status: 200 Message: Categories fetched successfully
[2025-03-24 11:35:38] [INFO] [REQUEST] GET /admin/fetch-all-categories?page=1&limit=100
[2025-03-24 11:35:38] [INFO] [REQUEST] GET /getUserdata
[2025-03-24 11:35:38] [INFO] [RESPONSE] Status: 200 Message: User details fetched successfully
[2025-03-24 11:35:38] [INFO] [RESPONSE] Status: 200 Message: Categories fetched successfully
[2025-03-24 11:35:38] [INFO] [REQUEST] GET /admin/fetch-all-categories?page=1&limit=100
[2025-03-24 11:35:38] [INFO] [REQUEST] GET /getUserdata
[2025-03-24 11:35:38] [INFO] [RESPONSE] Status: 200 Message: User details fetched successfully
[2025-03-24 11:35:38] [INFO] [RESPONSE] Status: 200 Message: Categories fetched successfully
[2025-03-24 11:35:38] [INFO] [REQUEST] GET /admin/fetch-all-categories?page=1&limit=100
[2025-03-24 11:35:38] [INFO] [REQUEST] GET /getUserdata
[2025-03-24 11:35:38] [INFO] [RESPONSE] Status: 200 Message: User details fetched successfully
[2025-03-24 11:35:38] [INFO] [RESPONSE] Status: 200 Message: Categories fetched successfully
[2025-03-24 11:35:39] [INFO] [REQUEST] GET /admin/fetch-all-categories?page=1&limit=100
[2025-03-24 11:35:39] [INFO] [REQUEST] GET /getUserdata
[2025-03-24 11:35:39] [INFO] [RESPONSE] Status: 200 Message: User details fetched successfully
[2025-03-24 11:35:39] [INFO] [RESPONSE] Status: 200 Message: Categories fetched successfully
[2025-03-24 11:35:39] [INFO] [REQUEST] GET /admin/fetch-all-categories?page=1&limit=100
[2025-03-24 11:35:39] [INFO] [REQUEST] GET /getUserdata
[2025-03-24 11:35:39] [INFO] [RESPONSE] Status: 200 Message: User details fetched successfully
[2025-03-24 11:35:39] [INFO] [RESPONSE] Status: 200 Message: Categories fetched successfully
[2025-03-24 11:35:39] [INFO] [REQUEST] GET /admin/fetch-all-categories?page=1&limit=100
[2025-03-24 11:35:39] [INFO] [REQUEST] GET /getUserdata
[2025-03-24 11:35:39] [INFO] [RESPONSE] Status: 200 Message: User details fetched successfully
[2025-03-24 11:35:39] [INFO] [RESPONSE] Status: 200 Message: Categories fetched successfully
[2025-03-24 11:35:39] [INFO] [REQUEST] GET /admin/fetch-all-categories?page=1&limit=100
[2025-03-24 11:35:39] [INFO] [REQUEST] GET /getUserdata
[2025-03-24 11:35:39] [INFO] [RESPONSE] Status: 200 Message: User details fetched successfully
[2025-03-24 11:35:39] [INFO] [RESPONSE] Status: 200 Message: Categories fetched successfully
[2025-03-24 11:35:40] [INFO] [REQUEST] GET /admin/fetch-all-categories?page=1&limit=100
[2025-03-24 11:35:40] [INFO] [REQUEST] GET /getUserdata
[2025-03-24 11:35:40] [INFO] [RESPONSE] Status: 200 Message: User details fetched successfully
[2025-03-24 11:35:40] [INFO] [RESPONSE] Status: 200 Message: Categories fetched successfully
[2025-03-24 11:35:40] [INFO] [REQUEST] GET /admin/fetch-all-categories?page=1&limit=100
[2025-03-24 11:35:40] [INFO] [REQUEST] GET /getUserdata
[2025-03-24 11:35:40] [INFO] [RESPONSE] Status: 200 Message: User details fetched successfully
[2025-03-24 11:35:40] [INFO] [RESPONSE] Status: 200 Message: Categories fetched successfully
[2025-03-24 11:35:41] [INFO] [REQUEST] GET /admin/fetch-all-categories?page=1&limit=100
[2025-03-24 11:35:41] [INFO] [REQUEST] GET /getUserdata
[2025-03-24 11:35:41] [INFO] [RESPONSE] Status: 200 Message: User details fetched successfully
[2025-03-24 11:35:41] [INFO] [RESPONSE] Status: 200 Message: Categories fetched successfully
[2025-03-24 11:35:41] [INFO] [REQUEST] GET /admin/fetch-all-categories?page=1&limit=100
[2025-03-24 11:35:41] [INFO] [REQUEST] GET /getUserdata
[2025-03-24 11:35:41] [INFO] [RESPONSE] Status: 200 Message: User details fetched successfully
[2025-03-24 11:35:41] [INFO] [RESPONSE] Status: 200 Message: Categories fetched successfully
[2025-03-24 11:35:41] [INFO] [REQUEST] GET /admin/fetch-all-categories?page=1&limit=100
[2025-03-24 11:35:41] [INFO] [REQUEST] GET /getUserdata
[2025-03-24 11:35:41] [INFO] [RESPONSE] Status: 200 Message: User details fetched successfully
[2025-03-24 11:35:41] [INFO] [RESPONSE] Status: 200 Message: Categories fetched successfully
[2025-03-24 11:35:42] [INFO] [REQUEST] GET /admin/fetch-all-categories?page=1&limit=100
[2025-03-24 11:35:42] [INFO] [REQUEST] GET /getUserdata
[2025-03-24 11:35:42] [INFO] [RESPONSE] Status: 200 Message: User details fetched successfully
[2025-03-24 11:35:42] [INFO] [RESPONSE] Status: 200 Message: Categories fetched successfully
[2025-03-24 11:35:42] [INFO] [REQUEST] GET /admin/fetch-all-categories?page=1&limit=100
[2025-03-24 11:35:42] [INFO] [REQUEST] GET /getUserdata
[2025-03-24 11:35:42] [INFO] [RESPONSE] Status: 200 Message: User details fetched successfully
[2025-03-24 11:35:42] [INFO] [RESPONSE] Status: 200 Message: Categories fetched successfully
[2025-03-24 11:35:44] [INFO] [REQUEST] GET /admin/fetch-all-categories?page=1&limit=100
[2025-03-24 11:35:44] [INFO] [REQUEST] GET /getUserdata
[2025-03-24 11:35:44] [INFO] [RESPONSE] Status: 200 Message: User details fetched successfully
[2025-03-24 11:35:44] [INFO] [RESPONSE] Status: 200 Message: Categories fetched successfully
[2025-03-24 11:35:45] [INFO] [REQUEST] GET /admin/fetch-all-categories?page=1&limit=100
[2025-03-24 11:35:45] [INFO] [REQUEST] GET /getUserdata
[2025-03-24 11:35:45] [INFO] [RESPONSE] Status: 200 Message: User details fetched successfully
[2025-03-24 11:35:45] [INFO] [RESPONSE] Status: 200 Message: Categories fetched successfully
[2025-03-24 11:35:45] [INFO] [REQUEST] GET /admin/fetch-all-categories?page=1&limit=100
[2025-03-24 11:35:45] [INFO] [REQUEST] GET /getUserdata
[2025-03-24 11:35:45] [INFO] [RESPONSE] Status: 200 Message: User details fetched successfully
[2025-03-24 11:35:45] [INFO] [RESPONSE] Status: 200 Message: Categories fetched successfully
[2025-03-24 11:35:46] [INFO] [REQUEST] GET /admin/fetch-all-categories?page=1&limit=100
[2025-03-24 11:35:46] [INFO] [REQUEST] GET /getUserdata
[2025-03-24 11:35:46] [INFO] [RESPONSE] Status: 200 Message: User details fetched successfully
[2025-03-24 11:35:46] [INFO] [RESPONSE] Status: 200 Message: Categories fetched successfully
[2025-03-24 11:35:46] [INFO] [REQUEST] GET /admin/fetch-all-categories?page=1&limit=100
[2025-03-24 11:35:46] [INFO] [REQUEST] GET /getUserdata
[2025-03-24 11:35:46] [INFO] [RESPONSE] Status: 200 Message: User details fetched successfully
[2025-03-24 11:35:46] [INFO] [RESPONSE] Status: 200 Message: Categories fetched successfully
[2025-03-24 11:35:49] [INFO] [REQUEST] GET /admin/fetch-all-categories?page=1&limit=100
[2025-03-24 11:35:49] [INFO] [REQUEST] GET /getUserdata
[2025-03-24 11:35:49] [INFO] [RESPONSE] Status: 200 Message: User details fetched successfully
[2025-03-24 11:35:49] [INFO] [RESPONSE] Status: 200 Message: Categories fetched successfully
[2025-03-24 11:35:52] [INFO] [REQUEST] GET /admin/fetch-all-categories?page=1&limit=100
[2025-03-24 11:35:52] [INFO] [REQUEST] GET /getUserdata
[2025-03-24 11:35:52] [INFO] [RESPONSE] Status: 200 Message: User details fetched successfully
[2025-03-24 11:35:52] [INFO] [RESPONSE] Status: 200 Message: Categories fetched successfully
[2025-03-24 11:35:54] [INFO] [REQUEST] GET /admin/fetch-all-categories?page=1&limit=100
[2025-03-24 11:35:54] [INFO] [REQUEST] GET /getUserdata
[2025-03-24 11:35:54] [INFO] [RESPONSE] Status: 200 Message: User details fetched successfully
[2025-03-24 11:35:54] [INFO] [RESPONSE] Status: 200 Message: Categories fetched successfully
[2025-03-24 11:35:56] [INFO] [REQUEST] GET /admin/fetch-all-categories?page=1&limit=100
[2025-03-24 11:35:56] [INFO] [REQUEST] GET /getUserdata
[2025-03-24 11:35:56] [INFO] [RESPONSE] Status: 200 Message: User details fetched successfully
[2025-03-24 11:35:56] [INFO] [RESPONSE] Status: 200 Message: Categories fetched successfully
[2025-03-24 11:36:01] [INFO] [REQUEST] GET /admin/fetch-all-categories?page=1&limit=100
[2025-03-24 11:36:01] [INFO] [REQUEST] GET /getUserdata
[2025-03-24 11:36:01] [INFO] [RESPONSE] Status: 200 Message: User details fetched successfully
[2025-03-24 11:36:01] [INFO] [RESPONSE] Status: 200 Message: Categories fetched successfully
[2025-03-24 11:36:02] [INFO] [REQUEST] GET /admin/fetch-all-categories?page=1&limit=100
[2025-03-24 11:36:02] [INFO] [REQUEST] GET /getUserdata
[2025-03-24 11:36:02] [INFO] [RESPONSE] Status: 200 Message: User details fetched successfully
[2025-03-24 11:36:02] [INFO] [RESPONSE] Status: 200 Message: Categories fetched successfully
[2025-03-24 11:36:12] [INFO] [REQUEST] GET /admin/fetch-all-categories?page=1&limit=100
[2025-03-24 11:36:12] [INFO] [REQUEST] GET /getUserdata
[2025-03-24 11:36:12] [INFO] [RESPONSE] Status: 200 Message: User details fetched successfully
[2025-03-24 11:36:12] [INFO] [REQUEST] GET /getUserdata
[2025-03-24 11:36:12] [INFO] [RESPONSE] Status: 200 Message: Categories fetched successfully
[2025-03-24 11:36:12] [INFO] [REQUEST] GET /admin/fetch-all-categories?page=1&limit=100
[2025-03-24 11:36:12] [INFO] [RESPONSE] Status: 200 Message: User details fetched successfully
[2025-03-24 11:36:12] [INFO] [RESPONSE] Status: 200 Message: Categories fetched successfully
[2025-03-24 11:36:14] [INFO] [REQUEST] GET /admin/fetch-all-categories?page=1&limit=100
[2025-03-24 11:36:14] [INFO] [REQUEST] GET /getUserdata
[2025-03-24 11:36:14] [INFO] [RESPONSE] Status: 200 Message: User details fetched successfully
[2025-03-24 11:36:14] [INFO] [REQUEST] GET /getUserdata
[2025-03-24 11:36:14] [INFO] [RESPONSE] Status: 200 Message: Categories fetched successfully
[2025-03-24 11:36:14] [INFO] [RESPONSE] Status: 200 Message: User details fetched successfully
[2025-03-24 11:36:54] [INFO] [REQUEST] GET /getUserdata
[2025-03-24 11:36:54] [INFO] [RESPONSE] Status: 200 Message: User details fetched successfully
[2025-03-24 11:37:18] [INFO] [REQUEST] GET /getUserdata
[2025-03-24 11:37:18] [INFO] [RESPONSE] Status: 200 Message: User details fetched successfully
[2025-03-24 11:38:38] [INFO] [REQUEST] POST /instructor/create-course
[2025-03-24 11:38:41] [INFO] [RESPONSE] Status: 201 Message: Course created successfully.
[2025-03-24 11:48:57] [INFO] [REQUEST] GET /getUserdata
[2025-03-24 11:48:57] [INFO] [RESPONSE] Status: 200 Message: User details fetched successfully
[2025-03-24 11:49:02] [INFO] [REQUEST] GET /getUserdata
[2025-03-24 11:49:02] [INFO] [RESPONSE] Status: 200 Message: User details fetched successfully
[2025-03-24 11:49:11] [INFO] [REQUEST] GET /getUserdata
[2025-03-24 11:49:11] [INFO] [RESPONSE] Status: 200 Message: User details fetched successfully
[2025-03-24 11:50:48] [INFO] [REQUEST] GET /getUserdata
[2025-03-24 11:50:48] [INFO] [RESPONSE] Status: 200 Message: User details fetched successfully
[2025-03-24 11:50:49] [INFO] [REQUEST] GET /getUserdata
[2025-03-24 11:50:49] [INFO] [RESPONSE] Status: 200 Message: User details fetched successfully
[2025-03-24 11:53:58] [INFO] [REQUEST] GET /getUserdata
[2025-03-24 11:53:58] [INFO] [RESPONSE] Status: 200 Message: User details fetched successfully
[2025-03-24 11:53:59] [INFO] [REQUEST] GET /getUserdata
[2025-03-24 11:53:59] [INFO] [RESPONSE] Status: 200 Message: User details fetched successfully
[2025-03-24 11:56:41] [INFO] [REQUEST] GET /getUserdata
[2025-03-24 11:56:41] [INFO] [RESPONSE] Status: 200 Message: User details fetched successfully
[2025-03-24 12:00:19] [INFO] [REQUEST] GET /getUserdata
[2025-03-24 12:00:19] [INFO] [RESPONSE] Status: 200 Message: User details fetched successfully
[2025-03-24 12:00:23] [INFO] [REQUEST] GET /getUserdata
[2025-03-24 12:00:24] [INFO] [RESPONSE] Status: 200 Message: User details fetched successfully
[2025-03-24 12:00:30] [INFO] [REQUEST] GET /getUserdata
[2025-03-24 12:00:30] [INFO] [RESPONSE] Status: 200 Message: User details fetched successfully
[2025-03-24 12:03:25] [INFO] [REQUEST] GET /getUserdata
[2025-03-24 12:03:25] [INFO] [RESPONSE] Status: 200 Message: User details fetched successfully
[2025-03-24 14:44:28] [INFO] [REQUEST] GET /getUserdata
[2025-03-24 14:44:29] [INFO] [RESPONSE] Status: 200 Message: User details fetched successfully
[2025-03-24 14:45:55] [INFO] [REQUEST] GET /getUserdata
[2025-03-24 14:45:55] [INFO] [RESPONSE] Status: 200 Message: User details fetched successfully
[2025-03-24 14:46:39] [INFO] [REQUEST] GET /getUserdata
[2025-03-24 14:46:39] [INFO] [RESPONSE] Status: 200 Message: User details fetched successfully
[2025-03-24 14:47:09] [INFO] [REQUEST] GET /getUserdata
[2025-03-24 14:47:09] [INFO] [RESPONSE] Status: 200 Message: User details fetched successfully
[2025-03-24 14:47:16] [INFO] [REQUEST] GET /admin/fetchAllRequestedUsers?page=1&limit=9
[2025-03-24 14:47:16] [INFO] [RESPONSE] Status: 200 Message: Requested users fetched successfully
[2025-03-24 14:51:34] [INFO] [REQUEST] GET /getUserdata
[2025-03-24 14:51:35] [INFO] [RESPONSE] Status: 200 Message: User details fetched successfully
[2025-03-24 14:52:13] [INFO] [REQUEST] GET /getUserdata
[2025-03-24 14:52:13] [INFO] [RESPONSE] Status: 200 Message: User details fetched successfully
[2025-03-24 14:52:57] [INFO] [REQUEST] GET /getUserdata
[2025-03-24 14:52:57] [INFO] [RESPONSE] Status: 200 Message: User details fetched successfully
[2025-03-24 14:53:14] [INFO] [REQUEST] GET /getUserdata
[2025-03-24 14:53:14] [INFO] [RESPONSE] Status: 200 Message: User details fetched successfully
[2025-03-24 14:53:30] [INFO] [REQUEST] GET /getUserdata
[2025-03-24 14:53:30] [INFO] [RESPONSE] Status: 200 Message: User details fetched successfully
[2025-03-24 14:53:35] [INFO] [REQUEST] GET /getUserdata
[2025-03-24 14:53:35] [INFO] [RESPONSE] Status: 200 Message: User details fetched successfully
[2025-03-24 15:07:08] [INFO] [REQUEST] GET /getUserdata
[2025-03-24 15:07:08] [INFO] [RESPONSE] Status: 200 Message: User details fetched successfully
[2025-03-24 15:07:46] [INFO] [REQUEST] GET /getUserdata
[2025-03-24 15:07:46] [INFO] [RESPONSE] Status: 200 Message: User details fetched successfully
[2025-03-24 15:16:15] [INFO] [REQUEST] GET /getUserdata
[2025-03-24 15:16:15] [INFO] [RESPONSE] Status: 200 Message: User details fetched successfully
[2025-03-24 15:16:19] [INFO] [REQUEST] GET /getUserdata
[2025-03-24 15:16:20] [INFO] [RESPONSE] Status: 200 Message: User details fetched successfully
[2025-03-24 15:17:08] [INFO] [REQUEST] GET /getUserdata
[2025-03-24 15:17:08] [INFO] [RESPONSE] Status: 200 Message: User details fetched successfully
[2025-03-24 15:17:19] [INFO] [REQUEST] GET /getUserdata
[2025-03-24 15:17:19] [INFO] [REQUEST] GET /instructor/courses?page=1&limit=10
[2025-03-24 15:17:19] [INFO] [RESPONSE] Status: 200 Message: User details fetched successfully
[2025-03-24 15:17:19] [INFO] [RESPONSE] Status: 200 Message: Courses fetched successfully.
[2025-03-24 15:20:59] [INFO] [REQUEST] GET /getUserdata
[2025-03-24 15:20:59] [INFO] [REQUEST] GET /instructor/courses?page=1&limit=10
[2025-03-24 15:20:59] [INFO] [RESPONSE] Status: 200 Message: User details fetched successfully
[2025-03-24 15:20:59] [INFO] [RESPONSE] Status: 200 Message: Courses fetched successfully.
[2025-03-24 15:21:09] [INFO] [REQUEST] GET /getUserdata
[2025-03-24 15:21:09] [INFO] [REQUEST] GET /instructor/courses?page=1&limit=10
[2025-03-24 15:21:09] [INFO] [RESPONSE] Status: 200 Message: User details fetched successfully
[2025-03-24 15:21:10] [INFO] [RESPONSE] Status: 200 Message: Courses fetched successfully.
[2025-03-24 15:21:55] [INFO] [REQUEST] GET /getUserdata
[2025-03-24 15:21:55] [INFO] [REQUEST] GET /instructor/courses?page=1&limit=10
[2025-03-24 15:21:55] [INFO] [RESPONSE] Status: 200 Message: User details fetched successfully
[2025-03-24 15:21:55] [INFO] [RESPONSE] Status: 200 Message: Courses fetched successfully.
[2025-03-24 15:28:08] [INFO] [REQUEST] GET /getUserdata
[2025-03-24 15:28:08] [INFO] [REQUEST] GET /instructor/courses?page=1&limit=10
[2025-03-24 15:28:08] [INFO] [RESPONSE] Status: 200 Message: User details fetched successfully
[2025-03-24 15:28:08] [INFO] [RESPONSE] Status: 200 Message: Courses fetched successfully.
[2025-03-24 15:28:17] [INFO] [REQUEST] GET /getUserdata
[2025-03-24 15:28:17] [INFO] [REQUEST] GET /instructor/courses?page=1&limit=10
[2025-03-24 15:28:17] [INFO] [RESPONSE] Status: 200 Message: User details fetched successfully
[2025-03-24 15:28:17] [INFO] [RESPONSE] Status: 200 Message: Courses fetched successfully.
[2025-03-24 15:28:28] [INFO] [REQUEST] GET /getUserdata
[2025-03-24 15:28:28] [INFO] [REQUEST] GET /instructor/courses?page=1&limit=10
[2025-03-24 15:28:28] [INFO] [RESPONSE] Status: 200 Message: User details fetched successfully
[2025-03-24 15:28:28] [INFO] [RESPONSE] Status: 200 Message: Courses fetched successfully.
[2025-03-24 16:40:22] [INFO] [REQUEST] GET /getUserdata
[2025-03-24 16:40:22] [INFO] [REQUEST] GET /instructor/courses?page=1&limit=10
[2025-03-24 16:40:22] [INFO] [RESPONSE] Status: 200 Message: User details fetched successfully
[2025-03-24 16:40:23] [INFO] [RESPONSE] Status: 200 Message: Courses fetched successfully.
[2025-03-24 16:40:28] [INFO] [REQUEST] GET /getUserdata
[2025-03-24 16:40:28] [INFO] [REQUEST] GET /instructor/courses?page=1&limit=10
[2025-03-24 16:40:28] [INFO] [RESPONSE] Status: 200 Message: User details fetched successfully
[2025-03-24 16:40:28] [INFO] [RESPONSE] Status: 200 Message: Courses fetched successfully.
[2025-03-24 16:43:25] [INFO] [REQUEST] GET /getUserdata
[2025-03-24 16:43:25] [INFO] [RESPONSE] Status: 401 Message: Unauthorized: No token provided
[2025-03-24 16:43:26] [INFO] [RESPONSE] Status: 401 Message: Unauthorized: Invalid token
[2025-03-24 16:43:26] [INFO] [REQUEST] GET /instructor/courses?page=1&limit=10
[2025-03-24 16:43:26] [INFO] [RESPONSE] Status: 401 Message: Unauthorized: No token provided
[2025-03-24 16:43:26] [INFO] [RESPONSE] Status: 401 Message: Unauthorized: Invalid token
[2025-03-24 16:43:26] [INFO] [REQUEST] POST /refresh-token
[2025-03-24 16:43:26] [INFO] [RESPONSE] Status: 401 Message: No refresh token provided.
[2025-03-24 16:43:51] [INFO] [REQUEST] OPTIONS /google-auth
[2025-03-24 16:43:51] [INFO] [REQUEST] POST /google-auth
[2025-03-24 16:43:51] [INFO] [RESPONSE] Status: 200 Message: Google authentication successful
[2025-03-24 16:43:56] [INFO] [REQUEST] GET /getUserdata
[2025-03-24 16:43:57] [INFO] [RESPONSE] Status: 200 Message: User details fetched successfully
[2025-03-24 16:46:25] [INFO] [REQUEST] GET /getUserdata
[2025-03-24 16:46:26] [INFO] [REQUEST] GET /instructor/courses?page=1&limit=10
[2025-03-24 16:46:26] [INFO] [RESPONSE] Status: 200 Message: User details fetched successfully
[2025-03-24 16:46:26] [INFO] [RESPONSE] Status: 200 Message: Courses fetched successfully.
[2025-03-24 16:46:30] [INFO] [REQUEST] GET /getUserdata
[2025-03-24 16:46:30] [INFO] [RESPONSE] Status: 200 Message: User details fetched successfully
[2025-03-24 16:46:31] [INFO] [REQUEST] GET /getUserdata
[2025-03-24 16:46:31] [INFO] [REQUEST] GET /instructor/courses?page=1&limit=10
[2025-03-24 16:46:31] [INFO] [RESPONSE] Status: 200 Message: User details fetched successfully
[2025-03-24 16:46:31] [INFO] [RESPONSE] Status: 200 Message: Courses fetched successfully.
[2025-03-24 17:17:26] [INFO] [REQUEST] GET /getUserdata
[2025-03-24 17:17:26] [INFO] [REQUEST] GET /instructor/courses?page=1&limit=10&search=
[2025-03-24 17:17:27] [INFO] [RESPONSE] Status: 200 Message: User details fetched successfully
[2025-03-24 17:17:27] [INFO] [RESPONSE] Status: 200 Message: Courses fetched successfully.
[2025-03-24 17:18:02] [INFO] [REQUEST] GET /getUserdata
[2025-03-24 17:18:02] [INFO] [REQUEST] GET /instructor/courses?page=1&limit=10&search=
[2025-03-24 17:18:03] [INFO] [RESPONSE] Status: 200 Message: User details fetched successfully
[2025-03-24 17:18:03] [INFO] [RESPONSE] Status: 200 Message: Courses fetched successfully.
[2025-03-24 17:18:24] [INFO] [REQUEST] GET /instructor/courses?page=1&limit=10&search=f
[2025-03-24 17:18:24] [INFO] [RESPONSE] Status: 200 Message: Courses fetched successfully.
[2025-03-24 17:18:27] [INFO] [REQUEST] GET /instructor/courses?page=1&limit=10&search=
[2025-03-24 17:18:27] [INFO] [RESPONSE] Status: 200 Message: Courses fetched successfully.
[2025-03-24 17:18:28] [INFO] [REQUEST] GET /instructor/courses?page=1&limit=10&search=w
[2025-03-24 17:18:28] [INFO] [RESPONSE] Status: 200 Message: Courses fetched successfully.
[2025-03-24 17:18:30] [INFO] [REQUEST] GET /instructor/courses?page=1&limit=10&search=we
[2025-03-24 17:18:30] [INFO] [RESPONSE] Status: 200 Message: Courses fetched successfully.
[2025-03-24 17:18:31] [INFO] [REQUEST] GET /instructor/courses?page=1&limit=10&search=w
[2025-03-24 17:18:31] [INFO] [RESPONSE] Status: 200 Message: Courses fetched successfully.
[2025-03-24 17:18:31] [INFO] [REQUEST] GET /instructor/courses?page=1&limit=10&search=
[2025-03-24 17:18:32] [INFO] [RESPONSE] Status: 200 Message: Courses fetched successfully.
[2025-03-24 17:31:12] [INFO] [REQUEST] GET /getUserdata
[2025-03-24 17:31:12] [INFO] [REQUEST] GET /instructor/courses?page=1&limit=6&search=
[2025-03-24 17:31:12] [INFO] [RESPONSE] Status: 200 Message: User details fetched successfully
[2025-03-24 17:31:12] [INFO] [RESPONSE] Status: 200 Message: Courses fetched successfully.
[2025-03-24 17:31:19] [INFO] [REQUEST] GET /getUserdata
[2025-03-24 17:31:19] [INFO] [REQUEST] GET /instructor/courses?page=1&limit=6&search=
[2025-03-24 17:31:19] [INFO] [RESPONSE] Status: 200 Message: User details fetched successfully
[2025-03-24 17:31:19] [INFO] [RESPONSE] Status: 200 Message: Courses fetched successfully.
[2025-03-24 17:32:06] [INFO] [REQUEST] GET /getUserdata
[2025-03-24 17:32:06] [INFO] [REQUEST] GET /instructor/courses?page=1&limit=6&search=
[2025-03-24 17:32:07] [INFO] [RESPONSE] Status: 200 Message: User details fetched successfully
[2025-03-24 17:32:07] [INFO] [RESPONSE] Status: 200 Message: Courses fetched successfully.
[2025-03-24 17:32:11] [INFO] [REQUEST] GET /getUserdata
[2025-03-24 17:32:11] [INFO] [RESPONSE] Status: 200 Message: User details fetched successfully
[2025-03-24 17:32:11] [INFO] [REQUEST] GET /instructor/courses?page=1&limit=6&search=
[2025-03-24 17:32:11] [INFO] [RESPONSE] Status: 200 Message: Courses fetched successfully.
[2025-03-24 17:32:19] [INFO] [REQUEST] GET /getUserdata
[2025-03-24 17:32:19] [INFO] [RESPONSE] Status: 200 Message: User details fetched successfully
[2025-03-24 17:32:19] [INFO] [REQUEST] GET /instructor/courses?page=1&limit=6&search=
[2025-03-24 17:32:19] [INFO] [RESPONSE] Status: 200 Message: Courses fetched successfully.
[2025-03-24 17:32:21] [INFO] [REQUEST] GET /getUserdata
[2025-03-24 17:32:21] [INFO] [REQUEST] GET /instructor/courses?page=1&limit=6&search=
[2025-03-24 17:32:22] [INFO] [RESPONSE] Status: 200 Message: User details fetched successfully
[2025-03-24 17:32:22] [INFO] [RESPONSE] Status: 200 Message: Courses fetched successfully.
[2025-03-24 17:32:25] [INFO] [REQUEST] GET /getUserdata
[2025-03-24 17:32:25] [INFO] [REQUEST] GET /instructor/courses?page=1&limit=6&search=
[2025-03-24 17:32:26] [INFO] [RESPONSE] Status: 200 Message: User details fetched successfully
[2025-03-24 17:32:26] [INFO] [RESPONSE] Status: 200 Message: Courses fetched successfully.
[2025-03-24 17:32:31] [INFO] [REQUEST] GET /getUserdata
[2025-03-24 17:32:32] [INFO] [REQUEST] GET /instructor/courses?page=1&limit=6&search=
[2025-03-24 17:32:32] [INFO] [RESPONSE] Status: 200 Message: User details fetched successfully
[2025-03-24 17:32:32] [INFO] [RESPONSE] Status: 200 Message: Courses fetched successfully.
[2025-03-24 17:32:35] [INFO] [REQUEST] GET /getUserdata
[2025-03-24 17:32:35] [INFO] [REQUEST] GET /instructor/courses?page=1&limit=6&search=
[2025-03-24 17:32:36] [INFO] [RESPONSE] Status: 200 Message: User details fetched successfully
[2025-03-24 17:32:36] [INFO] [RESPONSE] Status: 200 Message: Courses fetched successfully.
[2025-03-24 17:32:40] [INFO] [REQUEST] GET /getUserdata
[2025-03-24 17:32:41] [INFO] [REQUEST] GET /instructor/courses?page=1&limit=6&search=
[2025-03-24 17:32:41] [INFO] [RESPONSE] Status: 200 Message: User details fetched successfully
[2025-03-24 17:32:41] [INFO] [RESPONSE] Status: 200 Message: Courses fetched successfully.
[2025-03-24 17:32:44] [INFO] [REQUEST] GET /getUserdata
[2025-03-24 17:32:44] [INFO] [REQUEST] GET /instructor/courses?page=1&limit=6&search=
[2025-03-24 17:32:45] [INFO] [RESPONSE] Status: 200 Message: User details fetched successfully
[2025-03-24 17:32:45] [INFO] [RESPONSE] Status: 200 Message: Courses fetched successfully.
[2025-03-24 17:32:48] [INFO] [REQUEST] GET /getUserdata
[2025-03-24 17:32:49] [INFO] [REQUEST] GET /instructor/courses?page=1&limit=6&search=
[2025-03-24 17:32:49] [INFO] [RESPONSE] Status: 200 Message: User details fetched successfully
[2025-03-24 17:32:49] [INFO] [RESPONSE] Status: 200 Message: Courses fetched successfully.
[2025-03-24 17:32:52] [INFO] [REQUEST] GET /getUserdata
[2025-03-24 17:32:53] [INFO] [REQUEST] GET /instructor/courses?page=1&limit=6&search=
[2025-03-24 17:32:53] [INFO] [RESPONSE] Status: 200 Message: User details fetched successfully
[2025-03-24 17:32:53] [INFO] [RESPONSE] Status: 200 Message: Courses fetched successfully.
[2025-03-24 17:32:58] [INFO] [REQUEST] GET /getUserdata
[2025-03-24 17:32:58] [INFO] [REQUEST] GET /instructor/courses?page=1&limit=6&search=
[2025-03-24 17:32:58] [INFO] [RESPONSE] Status: 200 Message: User details fetched successfully
[2025-03-24 17:32:58] [INFO] [RESPONSE] Status: 200 Message: Courses fetched successfully.
[2025-03-24 17:34:42] [INFO] [REQUEST] GET /getUserdata
[2025-03-24 17:34:42] [INFO] [REQUEST] GET /instructor/courses?page=1&limit=6&search=
[2025-03-24 17:34:42] [INFO] [RESPONSE] Status: 200 Message: User details fetched successfully
[2025-03-24 17:34:42] [INFO] [RESPONSE] Status: 200 Message: Courses fetched successfully.
[2025-03-24 17:40:59] [INFO] [REQUEST] GET /getUserdata
[2025-03-24 17:40:59] [INFO] [REQUEST] GET /instructor/courses?page=1&limit=6&search=
[2025-03-24 17:41:00] [INFO] [RESPONSE] Status: 200 Message: User details fetched successfully
[2025-03-24 17:41:00] [INFO] [RESPONSE] Status: 200 Message: Courses fetched successfully.
[2025-03-24 17:41:36] [INFO] [REQUEST] GET /getUserdata
[2025-03-24 17:41:36] [INFO] [REQUEST] GET /instructor/courses?page=1&limit=6&search=
[2025-03-24 17:41:36] [INFO] [RESPONSE] Status: 200 Message: User details fetched successfully
[2025-03-24 17:41:36] [INFO] [RESPONSE] Status: 200 Message: Courses fetched successfully.
[2025-03-24 17:41:54] [INFO] [REQUEST] GET /getUserdata
[2025-03-24 17:41:54] [INFO] [REQUEST] GET /instructor/courses?page=1&limit=6&search=
[2025-03-24 17:41:54] [INFO] [RESPONSE] Status: 200 Message: User details fetched successfully
[2025-03-24 17:41:54] [INFO] [RESPONSE] Status: 200 Message: Courses fetched successfully.
[2025-03-24 17:42:17] [INFO] [REQUEST] GET /instructor/courses?page=1&limit=6&search=f
[2025-03-24 17:42:17] [INFO] [RESPONSE] Status: 200 Message: Courses fetched successfully.
[2025-03-24 17:42:23] [INFO] [REQUEST] GET /instructor/courses?page=1&limit=6&search=
[2025-03-24 17:42:24] [INFO] [RESPONSE] Status: 200 Message: Courses fetched successfully.
[2025-03-24 17:42:24] [INFO] [REQUEST] GET /instructor/courses?page=1&limit=6&search=w
[2025-03-24 17:42:24] [INFO] [REQUEST] GET /instructor/courses?page=1&limit=6&search=we
[2025-03-24 17:42:24] [INFO] [RESPONSE] Status: 200 Message: Courses fetched successfully.
[2025-03-24 17:42:25] [INFO] [RESPONSE] Status: 200 Message: Courses fetched successfully.
[2025-03-24 17:42:26] [INFO] [REQUEST] GET /instructor/courses?page=1&limit=6&search=w
[2025-03-24 17:42:26] [INFO] [RESPONSE] Status: 200 Message: Courses fetched successfully.
[2025-03-24 17:42:27] [INFO] [REQUEST] GET /instructor/courses?page=1&limit=6&search=
[2025-03-24 17:42:27] [INFO] [RESPONSE] Status: 200 Message: Courses fetched successfully.
