[2025-04-27 11:30:42] [INFO] [REQUEST] OPTIONS /logout
[2025-04-27 11:30:42] [INFO] [REQUEST] POST /logout
[2025-04-27 11:30:43] [INFO] [RESPONSE] Status: 200 Message: User logged out successfully
[2025-04-27 11:31:03] [INFO] [REQUEST] OPTIONS /admin/login
[2025-04-27 11:31:03] [INFO] [REQUEST] POST /admin/login
[2025-04-27 11:31:04] [INFO] [RESPONSE] Status: 200 Message: Admin logged in successfully.
[2025-04-27 11:31:04] [INFO] [REQUEST] GET /admin/dashboard-stats?period=day
[2025-04-27 11:31:05] [INFO] [RESPONSE] Status: 200 Message: Dashboard statistics fetched successfully
[2025-04-27 11:31:05] [INFO] [REQUEST] GET /admin/dashboard-stats?period=day
[2025-04-27 11:31:06] [INFO] [RESPONSE] Status: 200 Message: Dashboard statistics fetched successfully
[2025-04-27 11:31:06] [INFO] [REQUEST] GET /admin/dashboard-stats?period=day
[2025-04-27 11:31:06] [INFO] [RESPONSE] Status: 200 Message: Dashboard statistics fetched successfully
[2025-04-27 11:31:42] [INFO] [REQUEST] GET /admin/fetchAllRequestedUsers?page=1&limit=9
[2025-04-27 11:31:42] [INFO] [RESPONSE] Status: 200 Message: Requested users fetched successfully
[2025-04-27 11:32:02] [INFO] [REQUEST] OPTIONS /login
[2025-04-27 11:32:02] [INFO] [REQUEST] POST /login
[2025-04-27 11:32:02] [INFO] [RESPONSE] Status: 200 Message: Login successful.
[2025-04-27 12:33:49] [INFO] [REQUEST] OPTIONS /admin/login
[2025-04-27 12:33:49] [INFO] [REQUEST] POST /admin/login
[2025-04-27 12:33:49] [INFO] [RESPONSE] Status: 200 Message: Admin logged in successfully.
[2025-04-27 12:33:49] [INFO] [REQUEST] GET /admin/dashboard-stats?period=day
[2025-04-27 12:33:50] [INFO] [RESPONSE] Status: 200 Message: Dashboard statistics fetched successfully
[2025-04-27 12:33:50] [INFO] [REQUEST] GET /admin/dashboard-stats?period=day
[2025-04-27 12:33:50] [INFO] [RESPONSE] Status: 200 Message: Dashboard statistics fetched successfully
[2025-04-27 12:33:50] [INFO] [REQUEST] GET /admin/dashboard-stats?period=day
[2025-04-27 12:33:50] [INFO] [RESPONSE] Status: 200 Message: Dashboard statistics fetched successfully
[2025-04-27 12:33:52] [INFO] [REQUEST] GET /admin/fetchAllStudents?page=1&limit=10
[2025-04-27 12:33:53] [INFO] [RESPONSE] Status: 200 Message: Students fetched successfully
[2025-04-27 12:33:54] [INFO] [REQUEST] GET /admin/fetchAllRequestedUsers?page=1&limit=9
[2025-04-27 12:33:54] [INFO] [RESPONSE] Status: 200 Message: Requested users fetched successfully
[2025-04-27 12:33:57] [INFO] [REQUEST] OPTIONS /admin/approve-instructor/6809949a3152a6c4cef9a1a7
[2025-04-27 12:33:57] [INFO] [REQUEST] PATCH /admin/approve-instructor/6809949a3152a6c4cef9a1a7
[2025-04-27 12:33:58] [INFO] [RESPONSE] Status: 200 Message: User has been approved as an Instructor successfully.
[2025-04-27 12:33:58] [INFO] [REQUEST] GET /admin/fetchAllRequestedUsers?page=1&limit=9
[2025-04-27 12:33:58] [INFO] [RESPONSE] Status: 200 Message: Requested users fetched successfully
[2025-04-27 12:34:03] [INFO] [REQUEST] GET /getUserdata
[2025-04-27 12:34:04] [INFO] [RESPONSE] Status: 200 Message: User details fetched successfully
[2025-04-27 12:34:34] [INFO] [REQUEST] GET /getUserdata
[2025-04-27 12:34:34] [INFO] [RESPONSE] Status: 200 Message: User details fetched successfully
[2025-04-27 12:35:04] [INFO] [REQUEST] GET /getUserdata
[2025-04-27 12:35:04] [INFO] [RESPONSE] Status: 200 Message: User details fetched successfully
[2025-04-27 12:35:34] [INFO] [REQUEST] GET /getUserdata
[2025-04-27 12:35:34] [INFO] [RESPONSE] Status: 200 Message: User details fetched successfully
[2025-04-27 12:36:04] [INFO] [REQUEST] GET /getUserdata
[2025-04-27 12:36:04] [INFO] [RESPONSE] Status: 200 Message: User details fetched successfully
[2025-04-27 12:36:49] [INFO] [REQUEST] GET /getUserdata
[2025-04-27 12:36:49] [INFO] [RESPONSE] Status: 200 Message: User details fetched successfully
[2025-04-27 12:37:04] [INFO] [REQUEST] GET /getUserdata
[2025-04-27 12:37:04] [INFO] [RESPONSE] Status: 200 Message: User details fetched successfully
[2025-04-27 12:37:34] [INFO] [REQUEST] GET /getUserdata
[2025-04-27 12:37:34] [INFO] [RESPONSE] Status: 200 Message: User details fetched successfully
[2025-04-27 12:40:55] [INFO] [REQUEST] GET /admin/fetchAllRequestedUsers?page=1&limit=9
[2025-04-27 12:40:55] [INFO] [RESPONSE] Status: 200 Message: Requested users fetched successfully
[2025-04-27 12:40:57] [INFO] [REQUEST] GET /admin/fetchAllStudents?page=1&limit=10
[2025-04-27 12:40:57] [INFO] [RESPONSE] Status: 200 Message: Students fetched successfully
[2025-04-27 12:40:58] [INFO] [REQUEST] GET /admin/fetchAllInstructors?page=1&limit=10
[2025-04-27 12:40:58] [INFO] [RESPONSE] Status: 200 Message: Instructors fetched successfully
[2025-04-27 12:42:06] [INFO] [REQUEST] OPTIONS /login
[2025-04-27 12:42:06] [INFO] [REQUEST] POST /login
[2025-04-27 12:42:06] [INFO] [RESPONSE] Status: 200 Message: Login successful.
[2025-04-27 12:42:12] [INFO] [REQUEST] GET /getUserdata
[2025-04-27 12:42:12] [INFO] [RESPONSE] Status: 200 Message: User details fetched successfully
[2025-04-27 12:42:23] [INFO] [REQUEST] POST /switch-to-instructor/6809949a3152a6c4cef9a1a7
[2025-04-27 12:42:23] [INFO] [RESPONSE] Status: 404 Message: The requested URL not found on this server
[2025-04-27 12:42:43] [INFO] [REQUEST] GET /getUserdata
[2025-04-27 12:42:43] [INFO] [RESPONSE] Status: 200 Message: User details fetched successfully
[2025-04-27 12:43:13] [INFO] [REQUEST] GET /getUserdata
[2025-04-27 12:43:13] [INFO] [RESPONSE] Status: 200 Message: User details fetched successfully
[2025-04-27 12:43:43] [INFO] [REQUEST] GET /getUserdata
[2025-04-27 12:43:43] [INFO] [RESPONSE] Status: 200 Message: User details fetched successfully
[2025-04-27 12:46:14] [INFO] [REQUEST] OPTIONS /login
[2025-04-27 12:46:14] [INFO] [REQUEST] POST /login
[2025-04-27 12:46:14] [INFO] [RESPONSE] Status: 200 Message: Login successful.
[2025-04-27 12:46:18] [INFO] [REQUEST] GET /getUserdata
[2025-04-27 12:46:18] [INFO] [RESPONSE] Status: 200 Message: User details fetched successfully
[2025-04-27 12:46:21] [INFO] [REQUEST] GET /getUserdata
[2025-04-27 12:46:21] [INFO] [RESPONSE] Status: 200 Message: User details fetched successfully
[2025-04-27 12:46:28] [INFO] [REQUEST] POST /switch-to-instructor/6809949a3152a6c4cef9a1a7
[2025-04-27 12:46:28] [INFO] [RESPONSE] Status: 400 Message: User ID is required.
[2025-04-27 12:46:49] [INFO] [REQUEST] GET /getUserdata
[2025-04-27 12:46:49] [INFO] [RESPONSE] Status: 200 Message: User details fetched successfully
[2025-04-27 12:46:53] [INFO] [REQUEST] POST /switch-to-instructor/6809949a3152a6c4cef9a1a7
[2025-04-27 12:46:53] [INFO] [RESPONSE] Status: 400 Message: User ID is required.
[2025-04-27 12:47:20] [INFO] [REQUEST] GET /getUserdata
[2025-04-27 12:47:20] [INFO] [RESPONSE] Status: 200 Message: User details fetched successfully
[2025-04-27 12:47:50] [INFO] [REQUEST] GET /getUserdata
[2025-04-27 12:47:50] [INFO] [RESPONSE] Status: 200 Message: User details fetched successfully
[2025-04-27 12:48:20] [INFO] [REQUEST] GET /getUserdata
[2025-04-27 12:48:20] [INFO] [RESPONSE] Status: 200 Message: User details fetched successfully
[2025-04-27 12:48:50] [INFO] [REQUEST] GET /getUserdata
[2025-04-27 12:48:50] [INFO] [RESPONSE] Status: 200 Message: User details fetched successfully
[2025-04-27 12:49:24] [INFO] [REQUEST] GET /getUserdata
[2025-04-27 12:49:24] [INFO] [RESPONSE] Status: 200 Message: User details fetched successfully
[2025-04-27 12:50:24] [INFO] [REQUEST] GET /getUserdata
[2025-04-27 12:50:24] [INFO] [RESPONSE] Status: 200 Message: User details fetched successfully
[2025-04-27 12:51:24] [INFO] [REQUEST] GET /getUserdata
[2025-04-27 12:51:24] [INFO] [RESPONSE] Status: 200 Message: User details fetched successfully
[2025-04-27 12:52:24] [INFO] [REQUEST] GET /getUserdata
[2025-04-27 12:52:24] [INFO] [RESPONSE] Status: 200 Message: User details fetched successfully
[2025-04-27 12:54:54] [INFO] [REQUEST] GET /getUserdata
[2025-04-27 12:54:54] [INFO] [RESPONSE] Status: 200 Message: User details fetched successfully
[2025-04-27 12:55:02] [INFO] [REQUEST] GET /getUserdata
[2025-04-27 12:55:02] [INFO] [RESPONSE] Status: 200 Message: User details fetched successfully
[2025-04-27 12:55:04] [INFO] [REQUEST] GET /getUserdata
[2025-04-27 12:55:04] [INFO] [RESPONSE] Status: 200 Message: User details fetched successfully
[2025-04-27 12:55:35] [INFO] [REQUEST] GET /getUserdata
[2025-04-27 12:55:35] [INFO] [RESPONSE] Status: 200 Message: User details fetched successfully
[2025-04-27 12:55:49] [INFO] [REQUEST] GET /getUserdata
[2025-04-27 12:55:49] [INFO] [RESPONSE] Status: 200 Message: User details fetched successfully
[2025-04-27 12:56:20] [INFO] [REQUEST] GET /getUserdata
[2025-04-27 12:56:20] [INFO] [RESPONSE] Status: 200 Message: User details fetched successfully
[2025-04-27 12:56:50] [INFO] [REQUEST] GET /getUserdata
[2025-04-27 12:56:50] [INFO] [RESPONSE] Status: 200 Message: User details fetched successfully
[2025-04-27 12:57:20] [INFO] [REQUEST] GET /getUserdata
[2025-04-27 12:57:20] [INFO] [RESPONSE] Status: 200 Message: User details fetched successfully
[2025-04-27 12:57:50] [INFO] [REQUEST] GET /getUserdata
[2025-04-27 12:57:50] [INFO] [RESPONSE] Status: 200 Message: User details fetched successfully
[2025-04-27 12:58:24] [INFO] [REQUEST] GET /getUserdata
[2025-04-27 12:58:24] [INFO] [RESPONSE] Status: 200 Message: User details fetched successfully
[2025-04-27 12:59:24] [INFO] [REQUEST] GET /getUserdata
[2025-04-27 12:59:24] [INFO] [RESPONSE] Status: 200 Message: User details fetched successfully
[2025-04-27 13:00:24] [INFO] [REQUEST] GET /getUserdata
[2025-04-27 13:00:24] [INFO] [RESPONSE] Status: 200 Message: User details fetched successfully
[2025-04-27 13:01:24] [INFO] [REQUEST] GET /getUserdata
[2025-04-27 13:01:24] [INFO] [RESPONSE] Status: 200 Message: User details fetched successfully
[2025-04-27 13:02:24] [INFO] [REQUEST] GET /getUserdata
[2025-04-27 13:02:24] [INFO] [RESPONSE] Status: 200 Message: User details fetched successfully
[2025-04-27 13:03:24] [INFO] [REQUEST] GET /getUserdata
[2025-04-27 13:03:24] [INFO] [RESPONSE] Status: 200 Message: User details fetched successfully
[2025-04-27 13:04:24] [INFO] [REQUEST] GET /getUserdata
[2025-04-27 13:04:24] [INFO] [RESPONSE] Status: 200 Message: User details fetched successfully
[2025-04-27 13:05:24] [INFO] [REQUEST] GET /getUserdata
[2025-04-27 13:05:24] [INFO] [RESPONSE] Status: 200 Message: User details fetched successfully
[2025-04-27 13:06:24] [INFO] [REQUEST] GET /getUserdata
[2025-04-27 13:06:24] [INFO] [RESPONSE] Status: 200 Message: User details fetched successfully
[2025-04-27 13:07:24] [INFO] [REQUEST] GET /getUserdata
[2025-04-27 13:07:24] [INFO] [RESPONSE] Status: 200 Message: User details fetched successfully
[2025-04-27 13:08:24] [INFO] [REQUEST] GET /getUserdata
[2025-04-27 13:08:24] [INFO] [RESPONSE] Status: 200 Message: User details fetched successfully
[2025-04-27 13:09:24] [INFO] [REQUEST] GET /getUserdata
[2025-04-27 13:09:24] [INFO] [RESPONSE] Status: 200 Message: User details fetched successfully
[2025-04-27 13:10:24] [INFO] [REQUEST] GET /getUserdata
[2025-04-27 13:10:24] [INFO] [RESPONSE] Status: 200 Message: User details fetched successfully
[2025-04-27 13:11:24] [INFO] [REQUEST] GET /getUserdata
[2025-04-27 13:11:24] [INFO] [RESPONSE] Status: 200 Message: User details fetched successfully
[2025-04-27 13:12:24] [INFO] [REQUEST] GET /getUserdata
[2025-04-27 13:12:24] [INFO] [RESPONSE] Status: 200 Message: User details fetched successfully
[2025-04-27 16:43:47] [INFO] [REQUEST] POST /switch-to-instructor/6809949a3152a6c4cef9a1a7
[2025-04-27 16:43:47] [INFO] [RESPONSE] Status: 400 Message: User ID is required.
[2025-04-27 16:44:05] [INFO] [REQUEST] GET /getUserdata
[2025-04-27 16:44:06] [INFO] [RESPONSE] Status: 200 Message: User details fetched successfully
[2025-04-27 16:44:35] [INFO] [REQUEST] GET /getUserdata
[2025-04-27 16:44:35] [INFO] [RESPONSE] Status: 200 Message: User details fetched successfully
[2025-04-27 16:44:53] [INFO] [REQUEST] GET /getUserdata
[2025-04-27 16:44:53] [INFO] [RESPONSE] Status: 200 Message: User details fetched successfully
[2025-04-27 16:44:57] [INFO] [REQUEST] GET /getUserdata
[2025-04-27 16:44:57] [INFO] [RESPONSE] Status: 200 Message: User details fetched successfully
[2025-04-27 16:45:02] [INFO] [REQUEST] POST /switch-to-instructor/6809949a3152a6c4cef9a1a7
[2025-04-27 16:45:02] [INFO] [RESPONSE] Status: 400 Message: User ID is required.
[2025-04-27 16:45:27] [INFO] [REQUEST] GET /getUserdata
[2025-04-27 16:45:27] [INFO] [RESPONSE] Status: 200 Message: User details fetched successfully
[2025-04-27 16:45:57] [INFO] [REQUEST] GET /getUserdata
[2025-04-27 16:45:57] [INFO] [RESPONSE] Status: 200 Message: User details fetched successfully
[2025-04-27 16:46:27] [INFO] [REQUEST] GET /getUserdata
[2025-04-27 16:46:27] [INFO] [RESPONSE] Status: 200 Message: User details fetched successfully
[2025-04-27 16:46:57] [INFO] [REQUEST] GET /getUserdata
[2025-04-27 16:46:57] [INFO] [RESPONSE] Status: 200 Message: User details fetched successfully
[2025-04-27 16:48:22] [INFO] [REQUEST] GET /getUserdata
[2025-04-27 16:48:23] [INFO] [RESPONSE] Status: 200 Message: User details fetched successfully
[2025-04-27 16:49:22] [INFO] [REQUEST] GET /getUserdata
[2025-04-27 16:49:22] [INFO] [RESPONSE] Status: 200 Message: User details fetched successfully
[2025-04-27 16:50:22] [INFO] [REQUEST] GET /getUserdata
[2025-04-27 16:50:22] [INFO] [RESPONSE] Status: 200 Message: User details fetched successfully
[2025-04-27 16:51:22] [INFO] [REQUEST] GET /getUserdata
[2025-04-27 16:51:22] [INFO] [RESPONSE] Status: 200 Message: User details fetched successfully
[2025-04-27 16:52:22] [INFO] [REQUEST] GET /getUserdata
[2025-04-27 16:52:22] [INFO] [RESPONSE] Status: 200 Message: User details fetched successfully
[2025-04-27 16:53:22] [INFO] [REQUEST] GET /getUserdata
[2025-04-27 16:53:22] [INFO] [RESPONSE] Status: 200 Message: User details fetched successfully
[2025-04-27 16:54:22] [INFO] [REQUEST] GET /getUserdata
[2025-04-27 16:54:28] [INFO] [RESPONSE] Status: 200 Message: User details fetched successfully
[2025-04-27 16:55:22] [INFO] [REQUEST] GET /getUserdata
[2025-04-27 16:55:22] [INFO] [RESPONSE] Status: 200 Message: User details fetched successfully
[2025-04-27 16:56:22] [INFO] [REQUEST] GET /getUserdata
[2025-04-27 16:56:22] [INFO] [RESPONSE] Status: 200 Message: User details fetched successfully
[2025-04-27 16:57:22] [INFO] [REQUEST] GET /getUserdata
[2025-04-27 16:57:22] [INFO] [RESPONSE] Status: 200 Message: User details fetched successfully
[2025-04-27 16:58:22] [INFO] [REQUEST] GET /getUserdata
[2025-04-27 16:58:22] [INFO] [RESPONSE] Status: 200 Message: User details fetched successfully
[2025-04-27 16:59:22] [INFO] [REQUEST] GET /getUserdata
[2025-04-27 16:59:22] [INFO] [RESPONSE] Status: 200 Message: User details fetched successfully
[2025-04-27 17:00:22] [INFO] [REQUEST] GET /getUserdata
[2025-04-27 17:00:22] [INFO] [RESPONSE] Status: 200 Message: User details fetched successfully
[2025-04-27 17:01:22] [INFO] [REQUEST] GET /getUserdata
[2025-04-27 17:01:22] [INFO] [RESPONSE] Status: 200 Message: User details fetched successfully
[2025-04-27 17:02:22] [INFO] [REQUEST] GET /getUserdata
[2025-04-27 17:02:22] [INFO] [RESPONSE] Status: 200 Message: User details fetched successfully
[2025-04-27 17:03:22] [INFO] [REQUEST] GET /getUserdata
[2025-04-27 17:03:22] [INFO] [RESPONSE] Status: 200 Message: User details fetched successfully
[2025-04-27 17:04:22] [INFO] [REQUEST] GET /getUserdata
[2025-04-27 17:04:22] [INFO] [RESPONSE] Status: 200 Message: User details fetched successfully
[2025-04-27 17:05:22] [INFO] [REQUEST] GET /getUserdata
[2025-04-27 17:05:22] [INFO] [RESPONSE] Status: 200 Message: User details fetched successfully
[2025-04-27 17:06:22] [INFO] [REQUEST] GET /getUserdata
[2025-04-27 17:06:22] [INFO] [RESPONSE] Status: 200 Message: User details fetched successfully
[2025-04-27 17:07:22] [INFO] [REQUEST] GET /getUserdata
[2025-04-27 17:07:22] [INFO] [RESPONSE] Status: 200 Message: User details fetched successfully
[2025-04-27 17:08:22] [INFO] [REQUEST] GET /getUserdata
[2025-04-27 17:08:22] [INFO] [RESPONSE] Status: 200 Message: User details fetched successfully
[2025-04-27 17:09:22] [INFO] [REQUEST] GET /getUserdata
[2025-04-27 17:09:22] [INFO] [RESPONSE] Status: 200 Message: User details fetched successfully
[2025-04-27 17:10:22] [INFO] [REQUEST] GET /getUserdata
[2025-04-27 17:10:22] [INFO] [RESPONSE] Status: 200 Message: User details fetched successfully
[2025-04-27 17:11:22] [INFO] [REQUEST] GET /getUserdata
[2025-04-27 17:11:23] [INFO] [RESPONSE] Status: 200 Message: User details fetched successfully
[2025-04-27 17:12:22] [INFO] [REQUEST] GET /getUserdata
[2025-04-27 17:12:22] [INFO] [RESPONSE] Status: 200 Message: User details fetched successfully
[2025-04-27 17:13:22] [INFO] [REQUEST] GET /getUserdata
[2025-04-27 17:13:22] [INFO] [RESPONSE] Status: 200 Message: User details fetched successfully
[2025-04-27 17:14:22] [INFO] [REQUEST] GET /getUserdata
[2025-04-27 17:14:22] [INFO] [RESPONSE] Status: 200 Message: User details fetched successfully
[2025-04-27 17:15:22] [INFO] [REQUEST] GET /getUserdata
[2025-04-27 17:15:22] [INFO] [RESPONSE] Status: 200 Message: User details fetched successfully
[2025-04-27 17:16:22] [INFO] [REQUEST] GET /getUserdata
[2025-04-27 17:16:22] [INFO] [RESPONSE] Status: 200 Message: User details fetched successfully
[2025-04-27 17:17:22] [INFO] [REQUEST] GET /getUserdata
[2025-04-27 17:17:22] [INFO] [RESPONSE] Status: 200 Message: User details fetched successfully
[2025-04-27 17:18:22] [INFO] [REQUEST] GET /getUserdata
[2025-04-27 17:18:22] [INFO] [RESPONSE] Status: 200 Message: User details fetched successfully
[2025-04-27 17:19:22] [INFO] [REQUEST] GET /getUserdata
[2025-04-27 17:19:22] [INFO] [RESPONSE] Status: 200 Message: User details fetched successfully
[2025-04-27 17:20:22] [INFO] [REQUEST] GET /getUserdata
[2025-04-27 17:20:22] [INFO] [RESPONSE] Status: 200 Message: User details fetched successfully
[2025-04-27 17:21:22] [INFO] [REQUEST] GET /getUserdata
[2025-04-27 17:21:22] [INFO] [RESPONSE] Status: 200 Message: User details fetched successfully
[2025-04-27 17:22:23] [INFO] [REQUEST] GET /getUserdata
[2025-04-27 17:22:23] [INFO] [RESPONSE] Status: 200 Message: User details fetched successfully
[2025-04-27 17:23:22] [INFO] [REQUEST] GET /getUserdata
[2025-04-27 17:23:22] [INFO] [RESPONSE] Status: 200 Message: User details fetched successfully
[2025-04-27 17:24:18] [INFO] [REQUEST] GET /getUserdata
[2025-04-27 17:24:18] [INFO] [RESPONSE] Status: 200 Message: User details fetched successfully
[2025-04-27 17:25:18] [INFO] [REQUEST] GET /getUserdata
[2025-04-27 17:25:18] [INFO] [RESPONSE] Status: 200 Message: User details fetched successfully
[2025-04-27 17:26:18] [INFO] [REQUEST] GET /getUserdata
[2025-04-27 17:26:18] [INFO] [RESPONSE] Status: 200 Message: User details fetched successfully
[2025-04-27 17:27:18] [INFO] [REQUEST] GET /getUserdata
[2025-04-27 17:27:18] [INFO] [RESPONSE] Status: 200 Message: User details fetched successfully
[2025-04-27 17:28:18] [INFO] [REQUEST] GET /getUserdata
[2025-04-27 17:28:18] [INFO] [RESPONSE] Status: 200 Message: User details fetched successfully
[2025-04-27 19:46:13] [INFO] [REQUEST] GET /getUserdata
[2025-04-27 19:46:13] [INFO] [RESPONSE] Status: 200 Message: User details fetched successfully
[2025-04-27 19:47:18] [INFO] [REQUEST] GET /getUserdata
[2025-04-27 19:47:18] [INFO] [RESPONSE] Status: 200 Message: User details fetched successfully
[2025-04-27 19:48:18] [INFO] [REQUEST] GET /getUserdata
[2025-04-27 19:48:18] [INFO] [RESPONSE] Status: 200 Message: User details fetched successfully
[2025-04-27 19:49:18] [INFO] [REQUEST] GET /getUserdata
[2025-04-27 19:49:18] [INFO] [RESPONSE] Status: 200 Message: User details fetched successfully
[2025-04-27 19:50:18] [INFO] [REQUEST] GET /getUserdata
[2025-04-27 19:50:18] [INFO] [RESPONSE] Status: 200 Message: User details fetched successfully
[2025-04-27 19:51:18] [INFO] [REQUEST] GET /getUserdata
[2025-04-27 19:51:18] [INFO] [RESPONSE] Status: 200 Message: User details fetched successfully
[2025-04-27 19:52:18] [INFO] [REQUEST] GET /getUserdata
[2025-04-27 19:52:18] [INFO] [RESPONSE] Status: 200 Message: User details fetched successfully
[2025-04-27 19:53:18] [INFO] [REQUEST] GET /getUserdata
[2025-04-27 19:53:18] [INFO] [RESPONSE] Status: 200 Message: User details fetched successfully
[2025-04-27 19:54:18] [INFO] [REQUEST] GET /getUserdata
[2025-04-27 19:54:18] [INFO] [RESPONSE] Status: 200 Message: User details fetched successfully
[2025-04-27 19:55:18] [INFO] [REQUEST] GET /getUserdata
[2025-04-27 19:55:18] [INFO] [RESPONSE] Status: 200 Message: User details fetched successfully
[2025-04-27 19:56:18] [INFO] [REQUEST] GET /getUserdata
[2025-04-27 19:56:18] [INFO] [RESPONSE] Status: 200 Message: User details fetched successfully
[2025-04-27 19:57:18] [INFO] [REQUEST] GET /getUserdata
[2025-04-27 19:57:18] [INFO] [RESPONSE] Status: 200 Message: User details fetched successfully
[2025-04-27 19:58:18] [INFO] [REQUEST] GET /getUserdata
[2025-04-27 19:58:18] [INFO] [RESPONSE] Status: 200 Message: User details fetched successfully
[2025-04-27 19:59:18] [INFO] [REQUEST] GET /getUserdata
[2025-04-27 19:59:18] [INFO] [RESPONSE] Status: 200 Message: User details fetched successfully
[2025-04-27 20:00:18] [INFO] [REQUEST] GET /getUserdata
[2025-04-27 20:00:18] [INFO] [RESPONSE] Status: 200 Message: User details fetched successfully
[2025-04-27 20:01:18] [INFO] [REQUEST] GET /getUserdata
[2025-04-27 20:01:18] [INFO] [RESPONSE] Status: 200 Message: User details fetched successfully
[2025-04-27 20:02:18] [INFO] [REQUEST] GET /getUserdata
[2025-04-27 20:02:19] [INFO] [RESPONSE] Status: 200 Message: User details fetched successfully
[2025-04-27 20:03:18] [INFO] [REQUEST] GET /getUserdata
[2025-04-27 20:03:18] [INFO] [RESPONSE] Status: 200 Message: User details fetched successfully
[2025-04-27 20:04:18] [INFO] [REQUEST] GET /getUserdata
[2025-04-27 20:04:18] [INFO] [RESPONSE] Status: 200 Message: User details fetched successfully
[2025-04-27 20:05:19] [INFO] [REQUEST] GET /getUserdata
[2025-04-27 20:05:20] [INFO] [RESPONSE] Status: 200 Message: User details fetched successfully
[2025-04-27 20:06:18] [INFO] [REQUEST] GET /getUserdata
[2025-04-27 20:06:19] [INFO] [RESPONSE] Status: 200 Message: User details fetched successfully
[2025-04-27 20:07:18] [INFO] [REQUEST] GET /getUserdata
[2025-04-27 20:07:19] [INFO] [RESPONSE] Status: 200 Message: User details fetched successfully
[2025-04-27 20:08:12] [INFO] [REQUEST] GET /getUserdata
[2025-04-27 20:08:14] [INFO] [RESPONSE] Status: 200 Message: User details fetched successfully
[2025-04-27 20:08:17] [INFO] [REQUEST] GET /getUserdata
[2025-04-27 20:08:20] [INFO] [RESPONSE] Status: 200 Message: User details fetched successfully
[2025-04-27 20:10:26] [INFO] [REQUEST] OPTIONS /login
[2025-04-27 20:10:27] [INFO] [REQUEST] POST /login
[2025-04-27 20:10:27] [INFO] [RESPONSE] Status: 400 Message: User not found.
[2025-04-27 20:10:50] [INFO] [REQUEST] OPTIONS /login
[2025-04-27 20:10:50] [INFO] [REQUEST] POST /login
[2025-04-27 20:10:51] [INFO] [RESPONSE] Status: 200 Message: Login successful.
[2025-04-27 20:11:03] [INFO] [REQUEST] GET /getUserdata
[2025-04-27 20:11:04] [INFO] [RESPONSE] Status: 200 Message: User details fetched successfully
[2025-04-27 20:11:12] [INFO] [REQUEST] GET /getUserdata
[2025-04-27 20:11:12] [INFO] [RESPONSE] Status: 200 Message: User details fetched successfully
[2025-04-27 20:11:13] [INFO] [REQUEST] GET /instructor/getTransactions?page=1&limit=10
[2025-04-27 20:11:13] [INFO] [RESPONSE] Status: 200 Message: Instructor payouts retrieved successfully
[2025-04-27 20:11:15] [INFO] [REQUEST] GET /getUserdata
[2025-04-27 20:11:15] [INFO] [RESPONSE] Status: 200 Message: User details fetched successfully
[2025-04-27 20:11:17] [INFO] [REQUEST] GET /getUserdata
[2025-04-27 20:11:17] [INFO] [REQUEST] GET /instructor/courses?page=1&limit=6&search=
[2025-04-27 20:11:17] [INFO] [RESPONSE] Status: 200 Message: User details fetched successfully
[2025-04-27 20:11:17] [INFO] [RESPONSE] Status: 200 Message: Courses fetched successfully.
[2025-04-27 20:11:20] [INFO] [REQUEST] GET /getUserdata
[2025-04-27 20:11:20] [INFO] [REQUEST] GET /instructor/courses?page=1&limit=6&search=
[2025-04-27 20:11:20] [INFO] [RESPONSE] Status: 200 Message: User details fetched successfully
[2025-04-27 20:11:20] [INFO] [RESPONSE] Status: 200 Message: Courses fetched successfully.
[2025-04-27 20:11:30] [INFO] [REQUEST] OPTIONS /logout
[2025-04-27 20:11:30] [INFO] [REQUEST] POST /logout
[2025-04-27 20:11:30] [INFO] [RESPONSE] Status: 200 Message: User logged out successfully
[2025-04-27 20:11:56] [INFO] [REQUEST] OPTIONS /signup
[2025-04-27 20:11:56] [INFO] [REQUEST] POST /signup
[2025-04-27 20:12:01] [INFO] [RESPONSE] Status: 201 Message: Please verify your email for OTP verification.
[2025-04-27 20:12:16] [INFO] [REQUEST] OPTIONS /otp-verification
[2025-04-27 20:12:16] [INFO] [REQUEST] POST /otp-verification
[2025-04-27 20:12:16] [INFO] [RESPONSE] Status: 200 Message: OTP verified successfully. Your account is now activated.
[2025-04-27 20:12:31] [INFO] [REQUEST] OPTIONS /login
[2025-04-27 20:12:31] [INFO] [REQUEST] POST /login
[2025-04-27 20:12:31] [INFO] [RESPONSE] Status: 200 Message: Login successful.
[2025-04-27 20:12:40] [INFO] [REQUEST] GET /getUserdata
[2025-04-27 20:12:40] [INFO] [RESPONSE] Status: 200 Message: User details fetched successfully
[2025-04-27 20:13:10] [INFO] [REQUEST] GET /getUserdata
[2025-04-27 20:13:10] [INFO] [RESPONSE] Status: 200 Message: User details fetched successfully
[2025-04-27 20:13:39] [INFO] [REQUEST] POST /instructor-apply
[2025-04-27 20:13:40] [INFO] [REQUEST] GET /getUserdata
[2025-04-27 20:13:40] [INFO] [RESPONSE] Status: 200 Message: User details fetched successfully
[2025-04-27 20:13:41] [INFO] [RESPONSE] Status: 201 Message: Application submitted successfully. Awaiting approval.
[2025-04-27 20:13:41] [INFO] [REQUEST] GET /getUserdata
[2025-04-27 20:13:41] [INFO] [RESPONSE] Status: 200 Message: User details fetched successfully
[2025-04-27 20:13:45] [INFO] [REQUEST] GET /getUserdata
[2025-04-27 20:13:45] [INFO] [RESPONSE] Status: 200 Message: User details fetched successfully
[2025-04-27 20:13:51] [INFO] [REQUEST] GET /admin/fetchAllRequestedUsers?page=1&limit=9
[2025-04-27 20:13:51] [INFO] [RESPONSE] Status: 200 Message: Requested users fetched successfully
[2025-04-27 20:14:06] [INFO] [REQUEST] GET /admin/fetchAllInstructors?page=1&limit=10
[2025-04-27 20:14:06] [INFO] [RESPONSE] Status: 200 Message: Instructors fetched successfully
[2025-04-27 20:14:16] [INFO] [REQUEST] GET /getUserdata
[2025-04-27 20:14:16] [INFO] [RESPONSE] Status: 200 Message: User details fetched successfully
[2025-04-27 20:14:18] [INFO] [REQUEST] GET /admin/fetchAllRequestedUsers?page=1&limit=9
[2025-04-27 20:14:18] [INFO] [RESPONSE] Status: 200 Message: Requested users fetched successfully
[2025-04-27 20:14:22] [INFO] [REQUEST] OPTIONS /admin/approve-instructor/680e4234feabb90f5e09fb10
[2025-04-27 20:14:22] [INFO] [REQUEST] PATCH /admin/approve-instructor/680e4234feabb90f5e09fb10
[2025-04-27 20:14:22] [INFO] [RESPONSE] Status: 200 Message: User has been approved as an Instructor successfully.
[2025-04-27 20:14:22] [INFO] [REQUEST] GET /admin/fetchAllRequestedUsers?page=1&limit=9
[2025-04-27 20:14:22] [INFO] [RESPONSE] Status: 200 Message: Requested users fetched successfully
[2025-04-27 20:14:28] [INFO] [REQUEST] GET /admin/fetchAllRequestedUsers?page=1&limit=9
[2025-04-27 20:14:29] [INFO] [RESPONSE] Status: 200 Message: Requested users fetched successfully
[2025-04-27 20:14:46] [INFO] [REQUEST] GET /getUserdata
[2025-04-27 20:14:46] [INFO] [RESPONSE] Status: 200 Message: User details fetched successfully
[2025-04-27 20:15:05] [INFO] [REQUEST] POST /switch-to-instructor
[2025-04-27 20:15:05] [INFO] [RESPONSE] Status: 400 Message: User ID is required.
[2025-04-27 20:15:15] [INFO] [REQUEST] GET /getUserdata
[2025-04-27 20:15:15] [INFO] [RESPONSE] Status: 200 Message: User details fetched successfully
[2025-04-27 20:15:19] [INFO] [REQUEST] GET /getUserdata
[2025-04-27 20:15:20] [INFO] [RESPONSE] Status: 200 Message: User details fetched successfully
[2025-04-27 20:15:21] [INFO] [REQUEST] POST /switch-to-instructor
[2025-04-27 20:15:21] [INFO] [RESPONSE] Status: 400 Message: User ID is required.
[2025-04-27 20:15:50] [INFO] [REQUEST] GET /getUserdata
[2025-04-27 20:15:50] [INFO] [RESPONSE] Status: 200 Message: User details fetched successfully
[2025-04-27 20:18:22] [INFO] [REQUEST] OPTIONS /login
[2025-04-27 20:18:22] [INFO] [REQUEST] POST /login
[2025-04-27 20:18:22] [INFO] [RESPONSE] Status: 200 Message: Login successful.
[2025-04-27 20:18:26] [INFO] [REQUEST] GET /getUserdata
[2025-04-27 20:18:26] [INFO] [RESPONSE] Status: 200 Message: User details fetched successfully
[2025-04-27 20:18:35] [INFO] [REQUEST] POST /switch-to-instructor
[2025-04-27 20:18:35] [INFO] [RESPONSE] Status: 400 Message: User ID is required.
[2025-04-27 20:19:05] [INFO] [REQUEST] GET /getUserdata
[2025-04-27 20:19:05] [INFO] [RESPONSE] Status: 200 Message: User details fetched successfully
[2025-04-27 20:19:54] [INFO] [REQUEST] GET /getUserdata
[2025-04-27 20:19:54] [INFO] [RESPONSE] Status: 200 Message: User details fetched successfully
[2025-04-27 20:20:14] [INFO] [REQUEST] GET /getUserdata
[2025-04-27 20:20:14] [INFO] [RESPONSE] Status: 200 Message: User details fetched successfully
[2025-04-27 20:20:17] [INFO] [REQUEST] GET /getUserdata
[2025-04-27 20:20:17] [INFO] [RESPONSE] Status: 200 Message: User details fetched successfully
[2025-04-27 20:22:52] [INFO] [REQUEST] GET /getUserdata
[2025-04-27 20:22:52] [INFO] [RESPONSE] Status: 200 Message: User details fetched successfully
[2025-04-27 20:23:17] [INFO] [REQUEST] GET /getUserdata
[2025-04-27 20:23:17] [INFO] [RESPONSE] Status: 200 Message: User details fetched successfully
[2025-04-27 20:23:47] [INFO] [REQUEST] GET /getUserdata
[2025-04-27 20:23:47] [INFO] [RESPONSE] Status: 200 Message: User details fetched successfully
[2025-04-27 20:24:17] [INFO] [REQUEST] GET /getUserdata
[2025-04-27 20:24:17] [INFO] [RESPONSE] Status: 200 Message: User details fetched successfully
[2025-04-27 20:25:17] [INFO] [REQUEST] GET /getUserdata
[2025-04-27 20:25:17] [INFO] [RESPONSE] Status: 200 Message: User details fetched successfully
[2025-04-27 20:25:48] [INFO] [REQUEST] GET /getUserdata
[2025-04-27 20:25:48] [INFO] [RESPONSE] Status: 200 Message: User details fetched successfully
[2025-04-27 20:25:57] [INFO] [REQUEST] GET /getUserdata
[2025-04-27 20:25:57] [INFO] [RESPONSE] Status: 200 Message: User details fetched successfully
[2025-04-27 20:26:01] [INFO] [REQUEST] GET /getUserdata
[2025-04-27 20:26:01] [INFO] [RESPONSE] Status: 200 Message: User details fetched successfully
[2025-04-27 20:26:29] [INFO] [REQUEST] OPTIONS /switch-to-instructor
[2025-04-27 20:26:29] [INFO] [REQUEST] POST /switch-to-instructor
[2025-04-27 20:26:29] [INFO] [RESPONSE] Status: 400 Message: User ID is required.
[2025-04-27 20:26:31] [INFO] [REQUEST] GET /getUserdata
[2025-04-27 20:26:31] [INFO] [RESPONSE] Status: 200 Message: User details fetched successfully
[2025-04-27 20:26:39] [INFO] [REQUEST] GET /getUserdata
[2025-04-27 20:26:40] [INFO] [RESPONSE] Status: 200 Message: User details fetched successfully
[2025-04-27 20:26:41] [INFO] [REQUEST] OPTIONS /switch-to-instructor
[2025-04-27 20:26:41] [INFO] [REQUEST] POST /switch-to-instructor
[2025-04-27 20:26:41] [INFO] [RESPONSE] Status: 400 Message: User ID is required.
[2025-04-27 20:27:10] [INFO] [REQUEST] GET /getUserdata
[2025-04-27 20:27:10] [INFO] [RESPONSE] Status: 200 Message: User details fetched successfully
[2025-04-27 20:27:40] [INFO] [REQUEST] GET /getUserdata
[2025-04-27 20:27:40] [INFO] [RESPONSE] Status: 200 Message: User details fetched successfully
[2025-04-27 20:28:10] [INFO] [REQUEST] GET /getUserdata
[2025-04-27 20:28:10] [INFO] [RESPONSE] Status: 200 Message: User details fetched successfully
[2025-04-27 20:28:40] [INFO] [REQUEST] GET /getUserdata
[2025-04-27 20:28:40] [INFO] [RESPONSE] Status: 200 Message: User details fetched successfully
[2025-04-27 20:29:18] [INFO] [REQUEST] GET /getUserdata
[2025-04-27 20:29:18] [INFO] [RESPONSE] Status: 200 Message: User details fetched successfully
[2025-04-27 20:35:01] [INFO] [REQUEST] OPTIONS /login
[2025-04-27 20:35:01] [INFO] [REQUEST] POST /login
[2025-04-27 20:35:01] [INFO] [RESPONSE] Status: 200 Message: Login successful.
[2025-04-27 20:35:04] [INFO] [REQUEST] GET /getUserdata
[2025-04-27 20:35:05] [INFO] [RESPONSE] Status: 200 Message: User details fetched successfully
[2025-04-27 20:35:06] [INFO] [REQUEST] OPTIONS /switch-to-instructor
[2025-04-27 20:35:06] [INFO] [REQUEST] POST /switch-to-instructor
[2025-04-27 20:35:06] [INFO] [RESPONSE] Status: 200 Message: Failed to update user role.
[2025-04-27 20:35:35] [INFO] [REQUEST] GET /getUserdata
[2025-04-27 20:35:35] [INFO] [RESPONSE] Status: 401 Message: Unauthorized: No token provided
[2025-04-27 20:35:35] [INFO] [RESPONSE] Status: 401 Message: Unauthorized: Invalid token
[2025-04-27 20:35:35] [INFO] [REQUEST] POST /refresh-token
[2025-04-27 20:35:35] [INFO] [RESPONSE] Status: 401 Message: No refresh token provided.
[2025-04-27 20:42:35] [INFO] [REQUEST] OPTIONS /login
[2025-04-27 20:42:35] [INFO] [REQUEST] POST /login
[2025-04-27 20:42:35] [INFO] [RESPONSE] Status: 200 Message: Login successful.
[2025-04-27 20:42:38] [INFO] [REQUEST] GET /getUserdata
[2025-04-27 20:42:38] [INFO] [RESPONSE] Status: 200 Message: User details fetched successfully
[2025-04-27 20:42:40] [INFO] [REQUEST] OPTIONS /switch-to-instructor
[2025-04-27 20:42:40] [INFO] [REQUEST] POST /switch-to-instructor
[2025-04-27 20:42:41] [INFO] [RESPONSE] Status: 200 Message: User role changed to Instructor. Please log in again.
[2025-04-27 20:43:09] [INFO] [REQUEST] OPTIONS /login
[2025-04-27 20:43:09] [INFO] [REQUEST] POST /login
[2025-04-27 20:43:09] [INFO] [RESPONSE] Status: 200 Message: Login successful.
[2025-04-27 20:43:14] [INFO] [REQUEST] GET /getUserdata
[2025-04-27 20:43:15] [INFO] [RESPONSE] Status: 200 Message: User details fetched successfully
[2025-04-27 20:43:16] [INFO] [REQUEST] GET /instructor/getTransactions?page=1&limit=10
[2025-04-27 20:43:16] [INFO] [RESPONSE] Status: 200 Message: Instructor payouts retrieved successfully
[2025-04-27 20:43:17] [INFO] [REQUEST] GET /getUserdata
[2025-04-27 20:43:17] [INFO] [REQUEST] GET /instructor/courses?page=1&limit=6&search=
[2025-04-27 20:43:17] [INFO] [RESPONSE] Status: 200 Message: User details fetched successfully
[2025-04-27 20:43:17] [INFO] [RESPONSE] Status: 200 Message: Courses fetched successfully.
[2025-04-27 20:43:20] [INFO] [REQUEST] GET /getUserdata
[2025-04-27 20:43:20] [INFO] [REQUEST] GET /instructor/courses?page=1&limit=6&search=
[2025-04-27 20:43:20] [INFO] [RESPONSE] Status: 200 Message: User details fetched successfully
[2025-04-27 20:43:20] [INFO] [RESPONSE] Status: 200 Message: Courses fetched successfully.
