[2025-03-05 10:28:19] [INFO] [REQUEST] OPTIONS /logout
[2025-03-05 10:28:19] [INFO] [REQUEST] POST /logout
[2025-03-05 10:28:19] [INFO] [RESPONSE] Status: 200 Message: User logged out successfully
[2025-03-05 10:33:02] [INFO] [REQUEST] OPTIONS /google-auth
[2025-03-05 10:33:02] [INFO] [REQUEST] POST /google-auth
[2025-03-05 10:33:03] [INFO] [RESPONSE] Status: 200 Message: Google authentication successful
[2025-03-05 10:39:20] [INFO] [REQUEST] OPTIONS /logout
[2025-03-05 10:39:20] [INFO] [REQUEST] POST /logout
[2025-03-05 10:39:20] [INFO] [RESPONSE] Status: 200 Message: User logged out successfully
[2025-03-05 10:39:54] [INFO] [REQUEST] OPTIONS /admin/login
[2025-03-05 10:39:54] [INFO] [REQUEST] POST /admin/login
[2025-03-05 10:39:54] [INFO] [RESPONSE] Status: 200 Message: Admin logged in successfully.
[2025-03-05 10:40:04] [INFO] [REQUEST] GET /admin/fetchAllStudents?page=1&limit=10
[2025-03-05 10:40:04] [INFO] [RESPONSE] Status: 200 Message: Students fetched successfully
[2025-03-05 10:42:34] [INFO] [REQUEST] GET /admin/fetchAllStudents?page=1&limit=10
[2025-03-05 10:42:35] [INFO] [RESPONSE] Status: 200 Message: Students fetched successfully
[2025-03-05 10:42:35] [INFO] [REQUEST] GET /favicon.ico
[2025-03-05 10:42:35] [INFO] [RESPONSE] Status: 404 Message: The requested URL not found on this server
[2025-03-05 13:48:39] [INFO] [REQUEST] GET /admin/fetchAllStudents?page=1&limit=10
[2025-03-05 13:48:39] [INFO] [RESPONSE] Status: 401 Message: Unauthorized: No token provided
[2025-03-05 13:48:42] [INFO] [REQUEST] GET /admin/fetchAllStudents?page=1&limit=10
[2025-03-05 13:48:42] [INFO] [RESPONSE] Status: 401 Message: Unauthorized: No token provided
[2025-03-05 13:53:36] [INFO] [REQUEST] GET /admin/fetchAllStudents?page=1&limit=10
[2025-03-05 13:53:36] [INFO] [RESPONSE] Status: 401 Message: Unauthorized: No token provided
[2025-03-05 13:53:43] [INFO] [REQUEST] GET /admin/fetchAllStudents?page=1&limit=10
[2025-03-05 13:53:43] [INFO] [RESPONSE] Status: 401 Message: Unauthorized: No token provided
[2025-03-05 13:54:08] [INFO] [REQUEST] GET /admin/fetchAllStudents?page=1&limit=10
[2025-03-05 13:54:08] [INFO] [RESPONSE] Status: 401 Message: Unauthorized: No token provided
[2025-03-05 14:04:07] [INFO] [REQUEST] GET /admin/fetchAllStudents?page=1&limit=10
[2025-03-05 14:04:07] [INFO] [RESPONSE] Status: 401 Message: Unauthorized: No token provided
[2025-03-05 14:07:34] [INFO] [REQUEST] GET /admin/fetchAllStudents?page=1&limit=10
[2025-03-05 14:07:34] [INFO] [RESPONSE] Status: 200 Message: Students fetched successfully
[2025-03-05 14:08:07] [INFO] [REQUEST] GET /admin/fetchAllStudents?page=1&limit=10
[2025-03-05 14:08:07] [INFO] [RESPONSE] Status: 200 Message: Students fetched successfully
[2025-03-05 14:08:10] [INFO] [REQUEST] GET /admin/fetchAllStudents?page=1&limit=10
[2025-03-05 14:08:10] [INFO] [RESPONSE] Status: 200 Message: Students fetched successfully
[2025-03-05 14:12:39] [INFO] [REQUEST] GET /admin/fetchAllStudents
[2025-03-05 14:12:39] [INFO] [RESPONSE] Status: 401 Message: Unauthorized: No token provided
[2025-03-05 14:13:03] [INFO] [REQUEST] GET /admin/fetchAllStudents?page=1&limit=10
[2025-03-05 14:13:03] [INFO] [RESPONSE] Status: 200 Message: Students fetched successfully
[2025-03-05 14:20:16] [INFO] [REQUEST] GET /user-profile
[2025-03-05 14:20:16] [INFO] [RESPONSE] Status: 404 Message: The requested URL not found on this server
[2025-03-05 14:20:55] [INFO] [REQUEST] POST /admin/logout
[2025-03-05 14:20:55] [INFO] [RESPONSE] Status: 404 Message: The requested URL not found on this server
[2025-03-05 14:21:16] [INFO] [REQUEST] OPTIONS /google-auth
[2025-03-05 14:21:16] [INFO] [REQUEST] POST /google-auth
[2025-03-05 14:21:17] [INFO] [RESPONSE] Status: 200 Message: Google authentication successful
[2025-03-05 14:21:31] [INFO] [REQUEST] GET /profile
[2025-03-05 14:21:31] [INFO] [RESPONSE] Status: 404 Message: The requested URL not found on this server
[2025-03-05 14:22:50] [INFO] [REQUEST] GET /student-profile
[2025-03-05 14:22:50] [INFO] [RESPONSE] Status: 404 Message: The requested URL not found on this server
[2025-03-05 14:23:08] [INFO] [REQUEST] GET /student-profile
[2025-03-05 14:23:08] [INFO] [RESPONSE] Status: 404 Message: The requested URL not found on this server
[2025-03-05 14:23:11] [INFO] [REQUEST] GET /student-profile
[2025-03-05 14:23:11] [INFO] [RESPONSE] Status: 404 Message: The requested URL not found on this server
[2025-03-05 14:23:28] [INFO] [REQUEST] GET /student-profile
[2025-03-05 14:23:28] [INFO] [RESPONSE] Status: 404 Message: The requested URL not found on this server
[2025-03-05 14:30:08] [INFO] [REQUEST] GET /student-profile
[2025-03-05 14:30:08] [INFO] [RESPONSE] Status: 404 Message: The requested URL not found on this server
[2025-03-05 14:36:27] [INFO] [REQUEST] GET /getUserdata
[2025-03-05 14:36:27] [INFO] [RESPONSE] Status: 401 Message: Unauthorized: No token provided


