[2025-04-03 17:14:12] [INFO] [REQUEST] GET /active-courses?page=1&limit=10
[2025-04-03 17:14:14] [INFO] [RESPONSE] Status: 200 Message: Active courses fetched successfully.
[2025-04-03 17:14:21] [INFO] [REQUEST] GET /courses/67e4f42ca57ab52b884d68b4
[2025-04-03 17:14:21] [INFO] [REQUEST] GET /student/check-enrollment/67e4f42ca57ab52b884d68b4
[2025-04-03 17:14:21] [INFO] [RESPONSE] Status: 401 Message: Unauthorized: No token provided
[2025-04-03 17:14:21] [INFO] [RESPONSE] Status: 401 Message: Unauthorized: Invalid token
[2025-04-03 17:14:21] [INFO] [REQUEST] POST /users/refresh-token
[2025-04-03 17:14:21] [INFO] [RESPONSE] Status: 404 Message: The requested URL not found on this server
[2025-04-03 17:14:28] [INFO] [RESPONSE] Status: 200 Message: Course fetched successfully.
[2025-04-03 17:14:32] [INFO] [REQUEST] OPTIONS /logout
[2025-04-03 17:14:32] [INFO] [REQUEST] POST /logout
[2025-04-03 17:14:32] [INFO] [RESPONSE] Status: 200 Message: User logged out successfully
[2025-04-03 17:14:58] [INFO] [REQUEST] OPTIONS /login
[2025-04-03 17:14:58] [INFO] [REQUEST] POST /login
[2025-04-03 17:14:59] [INFO] [RESPONSE] Status: 200 Message: Login successful.
[2025-04-03 17:15:04] [INFO] [REQUEST] GET /active-courses?page=1&limit=10
[2025-04-03 17:15:04] [INFO] [RESPONSE] Status: 200 Message: Active courses fetched successfully.
[2025-04-03 17:15:05] [INFO] [REQUEST] GET /courses/67e4f42ca57ab52b884d68b4
[2025-04-03 17:15:05] [INFO] [REQUEST] GET /student/check-enrollment/67e4f42ca57ab52b884d68b4
[2025-04-03 17:15:05] [INFO] [RESPONSE] Status: 500 Message: Internal Server Error
[2025-04-03 17:15:06] [INFO] [RESPONSE] Status: 200 Message: Course fetched successfully.
[2025-04-03 17:15:11] [INFO] [REQUEST] OPTIONS /student/enroll-course
[2025-04-03 17:15:11] [INFO] [REQUEST] POST /student/enroll-course
[2025-04-03 17:15:11] [INFO] [RESPONSE] Status: 500 Message: Internal Server Error
[2025-04-03 17:18:40] [INFO] [REQUEST] GET /courses/67e4f42ca57ab52b884d68b4
[2025-04-03 17:18:40] [INFO] [REQUEST] GET /student/check-enrollment/67e4f42ca57ab52b884d68b4
[2025-04-03 17:18:40] [INFO] [RESPONSE] Status: 500 Message: Internal Server Error
[2025-04-03 17:18:41] [INFO] [RESPONSE] Status: 200 Message: Course fetched successfully.
[2025-04-03 17:37:18] [INFO] [REQUEST] GET /courses/67e4f42ca57ab52b884d68b4
[2025-04-03 17:37:18] [INFO] [REQUEST] GET /student/check-enrollment/67e4f42ca57ab52b884d68b4
[2025-04-03 17:37:18] [INFO] [RESPONSE] Status: 200 Message: Course fetched successfully.
[2025-04-03 17:37:18] [INFO] [RESPONSE] Status: 200 Message: User is enrolled in this course
[2025-04-03 17:37:25] [INFO] [REQUEST] GET /active-courses?page=1&limit=10
[2025-04-03 17:37:26] [INFO] [RESPONSE] Status: 200 Message: Active courses fetched successfully.
[2025-04-03 17:37:28] [INFO] [REQUEST] GET /student/check-enrollment/67e2d708cd47f8d8e5e10517
[2025-04-03 17:37:28] [INFO] [REQUEST] GET /courses/67e2d708cd47f8d8e5e10517
[2025-04-03 17:37:28] [INFO] [RESPONSE] Status: 200 Message: Course fetched successfully.
[2025-04-03 17:37:28] [INFO] [RESPONSE] Status: 200 Message: User is enrolled in this course
[2025-04-03 17:37:33] [INFO] [REQUEST] GET /active-courses?page=1&limit=10
[2025-04-03 17:37:33] [INFO] [RESPONSE] Status: 200 Message: Active courses fetched successfully.
[2025-04-03 17:37:36] [INFO] [REQUEST] GET /courses/67e29311bbd36b7517b60d7e
[2025-04-03 17:37:36] [INFO] [REQUEST] GET /student/check-enrollment/67e29311bbd36b7517b60d7e
[2025-04-03 17:37:36] [INFO] [RESPONSE] Status: 200 Message: Course fetched successfully.
[2025-04-03 17:37:36] [INFO] [RESPONSE] Status: 200 Message: User is not enrolled in this course
[2025-04-03 17:37:39] [INFO] [REQUEST] OPTIONS /student/enroll-course
[2025-04-03 17:37:39] [INFO] [REQUEST] POST /student/enroll-course
[2025-04-03 17:37:39] [INFO] [RESPONSE] Status: 200 Message: Successfully enrolled in the free course
[2025-04-03 17:37:44] [INFO] [REQUEST] GET /active-courses?page=1&limit=10
[2025-04-03 17:37:44] [INFO] [RESPONSE] Status: 200 Message: Active courses fetched successfully.
[2025-04-03 17:47:50] [INFO] [REQUEST] GET /active-courses?page=1&limit=10
[2025-04-03 17:47:51] [INFO] [RESPONSE] Status: 200 Message: Active courses fetched successfully.
[2025-04-03 17:47:55] [INFO] [REQUEST] GET /active-courses?page=1&limit=10
[2025-04-03 17:47:55] [INFO] [RESPONSE] Status: 200 Message: Active courses fetched successfully.
[2025-04-03 18:16:35] [INFO] [REQUEST] GET /active-courses?page=1&limit=10
[2025-04-03 18:16:36] [INFO] [RESPONSE] Status: 200 Message: Active courses fetched successfully.
[2025-04-03 18:16:37] [INFO] [REQUEST] GET /courses/67e0f6e93fe05b4ab999e883
[2025-04-03 18:16:37] [INFO] [REQUEST] GET /student/check-enrollment/67e0f6e93fe05b4ab999e883
[2025-04-03 18:16:37] [INFO] [RESPONSE] Status: 200 Message: User is enrolled in this course
[2025-04-03 18:16:38] [INFO] [RESPONSE] Status: 200 Message: Course fetched successfully.
[2025-04-03 18:24:11] [INFO] [REQUEST] GET /active-courses?page=1&limit=10
[2025-04-03 18:24:11] [INFO] [RESPONSE] Status: 200 Message: Active courses fetched successfully.
[2025-04-03 18:38:37] [INFO] [REQUEST] GET /student/enrollments
[2025-04-03 18:38:37] [INFO] [RESPONSE] Status: 200 Message: Enrollments fetched successfully
[2025-04-03 18:38:40] [INFO] [REQUEST] GET /student/enrollments
[2025-04-03 18:38:41] [INFO] [RESPONSE] Status: 200 Message: Enrollments fetched successfully
[2025-04-03 18:38:42] [INFO] [REQUEST] GET /student/enrollments
[2025-04-03 18:38:43] [INFO] [RESPONSE] Status: 200 Message: Enrollments fetched successfully
[2025-04-03 18:38:54] [INFO] [REQUEST] GET /student/enrollments
[2025-04-03 18:38:54] [INFO] [RESPONSE] Status: 200 Message: Enrollments fetched successfully
[2025-04-03 18:38:57] [INFO] [REQUEST] GET /student/enrollments
[2025-04-03 18:38:57] [INFO] [RESPONSE] Status: 200 Message: Enrollments fetched successfully
[2025-04-03 18:39:00] [INFO] [REQUEST] GET /student/enrollments
[2025-04-03 18:39:01] [INFO] [RESPONSE] Status: 200 Message: Enrollments fetched successfully
[2025-04-03 18:46:57] [INFO] [REQUEST] GET /student/enrollments
[2025-04-03 18:46:58] [INFO] [RESPONSE] Status: 200 Message: Enrollments fetched successfully
[2025-04-03 18:47:18] [INFO] [REQUEST] GET /student/enrollments
[2025-04-03 18:47:19] [INFO] [RESPONSE] Status: 200 Message: Enrollments fetched successfully
[2025-04-03 19:04:40] [INFO] [REQUEST] GET /student/enrollments
[2025-04-03 19:04:41] [INFO] [RESPONSE] Status: 400 Message: Failed to fetch enrollments
[2025-04-03 19:42:04] [INFO] [REQUEST] GET /student/enrollments
[2025-04-03 19:42:04] [INFO] [RESPONSE] Status: 200 Message: Enrollments fetched successfully
[2025-04-03 19:42:52] [INFO] [REQUEST] GET /student/enrollments
[2025-04-03 19:42:52] [INFO] [RESPONSE] Status: 200 Message: Enrollments fetched successfully
