[2025-05-04 10:38:49] [INFO] [REQUEST] GET /courses/68121c6e3a6713632d872dbb
[2025-05-04 10:38:50] [INFO] [RESPONSE] Status: 200 Message: Course fetched successfully.
[2025-05-04 10:38:50] [INFO] [REQUEST] GET /student/check-enrollment/68121c6e3a6713632d872dbb
[2025-05-04 10:38:50] [INFO] [REQUEST] GET /student/review/68121c6e3a6713632d872dbb
[2025-05-04 10:38:50] [INFO] [RESPONSE] Status: 200 Message: Reviews fetched successfully.
[2025-05-04 10:38:50] [INFO] [RESPONSE] Status: 200 Message: User is enrolled in this course
[2025-05-04 10:38:50] [INFO] [REQUEST] GET /student/lesson-progress/68121c6e3a6713632d872dbb
[2025-05-04 10:38:51] [INFO] [RESPONSE] Status: 200 Message: Lesson progress fetched successfully
[2025-05-04 10:38:51] [INFO] [REQUEST] GET /student/courses/68121c6e3a6713632d872dbb/modules/vvvvvvvvvvvvvvvvvv/assessments?page=1&limit=10
[2025-05-04 10:38:51] [INFO] [REQUEST] GET /courses/68121c6e3a6713632d872dbb/stream?videoKey=courses%2F67b6d4b441900af7ed9b5af6%2Fvfjvnfvyf%2Fmodule-1%2Flesson-1.mp4
[2025-05-04 10:38:52] [INFO] [RESPONSE] Status: 200 Message: Assessments retrieved successfully.
[2025-05-04 10:38:56] [INFO] [REQUEST] GET /courses/68121c6e3a6713632d872dbb/stream?videoKey=courses%2F67b6d4b441900af7ed9b5af6%2Fvfjvnfvyf%2Fmodule-1%2Flesson-1.mp4
[2025-05-04 10:38:57] [INFO] [REQUEST] OPTIONS /student/update-lesson-progress
[2025-05-04 10:38:57] [INFO] [REQUEST] POST /student/update-lesson-progress
[2025-05-04 10:38:58] [INFO] [RESPONSE] Status: 200 Message: Lesson progress updated successfully
[2025-05-04 10:39:04] [INFO] [REQUEST] OPTIONS /student/update-lesson-progress
[2025-05-04 10:39:04] [INFO] [REQUEST] POST /student/update-lesson-progress
[2025-05-04 10:39:04] [INFO] [RESPONSE] Status: 200 Message: Lesson progress updated successfully
[2025-05-04 10:39:06] [INFO] [REQUEST] GET /68121c6e3a6713632d872dbb/messages?page=1&limit=20
[2025-05-04 10:39:06] [INFO] [RESPONSE] Status: 400 Message: Message is required and must be a string
[2025-05-04 10:39:09] [INFO] [REQUEST] OPTIONS /68121c6e3a6713632d872dbb/messages
[2025-05-04 10:39:09] [INFO] [REQUEST] POST /68121c6e3a6713632d872dbb/messages
[2025-05-04 10:39:09] [INFO] [RESPONSE] Status: 200 Message: Messages fetched successfully
[2025-05-04 10:41:12] [INFO] [REQUEST] GET /courses/68121c6e3a6713632d872dbb
[2025-05-04 10:41:12] [INFO] [RESPONSE] Status: 200 Message: Course fetched successfully.
[2025-05-04 10:41:12] [INFO] [REQUEST] GET /student/check-enrollment/68121c6e3a6713632d872dbb
[2025-05-04 10:41:13] [INFO] [REQUEST] GET /student/review/68121c6e3a6713632d872dbb
[2025-05-04 10:41:13] [INFO] [RESPONSE] Status: 200 Message: Reviews fetched successfully.
[2025-05-04 10:41:13] [INFO] [RESPONSE] Status: 200 Message: User is enrolled in this course
[2025-05-04 10:41:13] [INFO] [REQUEST] GET /student/lesson-progress/68121c6e3a6713632d872dbb
[2025-05-04 10:41:13] [INFO] [RESPONSE] Status: 200 Message: Lesson progress fetched successfully
[2025-05-04 10:41:13] [INFO] [REQUEST] GET /student/courses/68121c6e3a6713632d872dbb/modules/vvvvvvvvvvvvvvvvvv/assessments?page=1&limit=10
[2025-05-04 10:41:13] [INFO] [REQUEST] GET /courses/68121c6e3a6713632d872dbb/stream?videoKey=courses%2F67b6d4b441900af7ed9b5af6%2Fvfjvnfvyf%2Fmodule-1%2Flesson-1.mp4
[2025-05-04 10:41:14] [INFO] [RESPONSE] Status: 200 Message: Assessments retrieved successfully.
[2025-05-04 10:47:58] [INFO] [REQUEST] GET /68121c6e3a6713632d872dbb/messages?page=1&limit=20
[2025-05-04 10:47:58] [INFO] [RESPONSE] Status: 400 Message: Message is required and must be a string
[2025-05-04 10:48:00] [INFO] [REQUEST] OPTIONS /68121c6e3a6713632d872dbb/messages
[2025-05-04 10:48:00] [INFO] [REQUEST] POST /68121c6e3a6713632d872dbb/messages
[2025-05-04 10:48:00] [INFO] [RESPONSE] Status: 200 Message: Messages fetched successfully
[2025-05-04 10:53:39] [INFO] [REQUEST] GET /courses/68121c6e3a6713632d872dbb
[2025-05-04 10:53:39] [INFO] [RESPONSE] Status: 200 Message: Course fetched successfully.
[2025-05-04 10:53:39] [INFO] [REQUEST] GET /student/check-enrollment/68121c6e3a6713632d872dbb
[2025-05-04 10:53:40] [INFO] [REQUEST] GET /student/review/68121c6e3a6713632d872dbb
[2025-05-04 10:53:40] [INFO] [RESPONSE] Status: 200 Message: Reviews fetched successfully.
[2025-05-04 10:53:40] [INFO] [RESPONSE] Status: 200 Message: User is enrolled in this course
[2025-05-04 10:53:40] [INFO] [REQUEST] GET /student/lesson-progress/68121c6e3a6713632d872dbb
[2025-05-04 10:53:40] [INFO] [RESPONSE] Status: 200 Message: Lesson progress fetched successfully
[2025-05-04 10:53:40] [INFO] [REQUEST] GET /student/courses/68121c6e3a6713632d872dbb/modules/vvvvvvvvvvvvvvvvvv/assessments?page=1&limit=10
[2025-05-04 10:53:40] [INFO] [REQUEST] GET /courses/68121c6e3a6713632d872dbb/stream?videoKey=courses%2F67b6d4b441900af7ed9b5af6%2Fvfjvnfvyf%2Fmodule-1%2Flesson-1.mp4
[2025-05-04 10:53:41] [INFO] [RESPONSE] Status: 200 Message: Assessments retrieved successfully.
[2025-05-04 10:53:44] [INFO] [REQUEST] GET /68121c6e3a6713632d872dbb/messages?page=1&limit=20
[2025-05-04 10:53:44] [INFO] [RESPONSE] Status: 200 Message: Messages fetched successfully
[2025-05-04 10:53:46] [INFO] [REQUEST] OPTIONS /68121c6e3a6713632d872dbb/messages
[2025-05-04 10:53:46] [INFO] [REQUEST] POST /68121c6e3a6713632d872dbb/messages
[2025-05-04 10:53:47] [INFO] [RESPONSE] Status: 200 Message: Message sent successfully
[2025-05-04 10:54:14] [INFO] [REQUEST] GET /courses/68121c6e3a6713632d872dbb
[2025-05-04 10:54:14] [INFO] [RESPONSE] Status: 200 Message: Course fetched successfully.
[2025-05-04 10:54:15] [INFO] [REQUEST] GET /student/check-enrollment/68121c6e3a6713632d872dbb
[2025-05-04 10:54:15] [INFO] [REQUEST] GET /student/review/68121c6e3a6713632d872dbb
[2025-05-04 10:54:15] [INFO] [RESPONSE] Status: 200 Message: Reviews fetched successfully.
[2025-05-04 10:54:15] [INFO] [RESPONSE] Status: 200 Message: User is enrolled in this course
[2025-05-04 10:54:15] [INFO] [REQUEST] GET /student/lesson-progress/68121c6e3a6713632d872dbb
[2025-05-04 10:54:15] [INFO] [RESPONSE] Status: 200 Message: Lesson progress fetched successfully
[2025-05-04 10:54:15] [INFO] [REQUEST] GET /student/courses/68121c6e3a6713632d872dbb/modules/vvvvvvvvvvvvvvvvvv/assessments?page=1&limit=10
[2025-05-04 10:54:15] [INFO] [REQUEST] GET /courses/68121c6e3a6713632d872dbb/stream?videoKey=courses%2F67b6d4b441900af7ed9b5af6%2Fvfjvnfvyf%2Fmodule-1%2Flesson-1.mp4
[2025-05-04 10:54:16] [INFO] [RESPONSE] Status: 200 Message: Assessments retrieved successfully.
[2025-05-04 10:54:17] [INFO] [REQUEST] GET /68121c6e3a6713632d872dbb/messages?page=1&limit=20
[2025-05-04 10:54:17] [INFO] [RESPONSE] Status: 200 Message: Messages fetched successfully
[2025-05-04 10:55:36] [INFO] [REQUEST] OPTIONS /login
[2025-05-04 10:55:36] [INFO] [REQUEST] POST /login
[2025-05-04 10:55:37] [INFO] [RESPONSE] Status: 200 Message: Login successful.
[2025-05-04 10:55:44] [INFO] [REQUEST] GET /student/enrollments
[2025-05-04 10:55:45] [INFO] [RESPONSE] Status: 200 Message: Enrollments fetched successfully
[2025-05-04 10:55:45] [INFO] [REQUEST] GET /student/courses/68121c6e3a6713632d872dbb/progress
[2025-05-04 10:55:45] [INFO] [RESPONSE] Status: 200 Message: Course progress retrieved successfully.
[2025-05-04 10:55:45] [INFO] [REQUEST] GET /student/courses/681220b0921883c9718ddca1/progress
[2025-05-04 10:55:46] [INFO] [RESPONSE] Status: 200 Message: Course progress retrieved successfully.
[2025-05-04 10:55:46] [INFO] [REQUEST] GET /student/courses/68121b693a6713632d872b74/progress
[2025-05-04 10:55:46] [INFO] [RESPONSE] Status: 200 Message: Course progress retrieved successfully.
[2025-05-04 10:55:46] [INFO] [REQUEST] GET /student/courses/6811bc8f0acf5d323e58bde6/progress
[2025-05-04 10:55:47] [INFO] [REQUEST] GET /courses/68121c6e3a6713632d872dbb
[2025-05-04 10:55:48] [INFO] [RESPONSE] Status: 200 Message: Course progress retrieved successfully.
[2025-05-04 10:55:49] [INFO] [REQUEST] GET /student/courses/68006c86ce7af0883779c0fd/progress
[2025-05-04 10:55:49] [INFO] [RESPONSE] Status: 200 Message: Course fetched successfully.
[2025-05-04 10:55:49] [INFO] [REQUEST] GET /68121c6e3a6713632d872dbb/messages?page=1&limit=20
[2025-05-04 10:55:50] [INFO] [REQUEST] GET /student/check-enrollment/68121c6e3a6713632d872dbb
[2025-05-04 10:55:50] [INFO] [REQUEST] GET /student/review/68121c6e3a6713632d872dbb
[2025-05-04 10:55:51] [INFO] [RESPONSE] Status: 200 Message: Reviews fetched successfully.
[2025-05-04 10:55:51] [INFO] [RESPONSE] Status: 200 Message: Messages fetched successfully
[2025-05-04 10:55:51] [INFO] [RESPONSE] Status: 200 Message: Course progress retrieved successfully.
[2025-05-04 10:55:51] [INFO] [RESPONSE] Status: 200 Message: User is enrolled in this course
[2025-05-04 10:55:51] [INFO] [REQUEST] GET /student/lesson-progress/68121c6e3a6713632d872dbb
[2025-05-04 10:55:51] [INFO] [RESPONSE] Status: 200 Message: Lesson progress fetched successfully
[2025-05-04 10:55:51] [INFO] [REQUEST] GET /student/courses/68121c6e3a6713632d872dbb/modules/vvvvvvvvvvvvvvvvvv/assessments?page=1&limit=10
[2025-05-04 10:55:52] [INFO] [REQUEST] GET /courses/68121c6e3a6713632d872dbb/stream?videoKey=courses%2F67b6d4b441900af7ed9b5af6%2Fvfjvnfvyf%2Fmodule-1%2Flesson-1.mp4
[2025-05-04 10:55:53] [INFO] [RESPONSE] Status: 200 Message: Assessments retrieved successfully.
[2025-05-04 10:55:59] [INFO] [REQUEST] OPTIONS /logout
[2025-05-04 10:55:59] [INFO] [REQUEST] POST /logout
[2025-05-04 10:55:59] [INFO] [RESPONSE] Status: 200 Message: User logged out successfully
[2025-05-04 10:56:10] [INFO] [REQUEST] GET /courses/68121c6e3a6713632d872dbb
[2025-05-04 10:56:10] [INFO] [RESPONSE] Status: 200 Message: Course fetched successfully.
[2025-05-04 10:56:10] [INFO] [REQUEST] GET /student/check-enrollment/68121c6e3a6713632d872dbb
[2025-05-04 10:56:10] [INFO] [REQUEST] GET /student/review/68121c6e3a6713632d872dbb
[2025-05-04 10:56:11] [INFO] [RESPONSE] Status: 200 Message: Reviews fetched successfully.
[2025-05-04 10:56:11] [INFO] [RESPONSE] Status: 200 Message: User is enrolled in this course
[2025-05-04 10:56:11] [INFO] [REQUEST] GET /student/lesson-progress/68121c6e3a6713632d872dbb
[2025-05-04 10:56:11] [INFO] [RESPONSE] Status: 200 Message: Lesson progress fetched successfully
[2025-05-04 10:56:11] [INFO] [REQUEST] GET /student/courses/68121c6e3a6713632d872dbb/modules/vvvvvvvvvvvvvvvvvv/assessments?page=1&limit=10
[2025-05-04 10:56:11] [INFO] [RESPONSE] Status: 200 Message: Assessments retrieved successfully.
[2025-05-04 10:56:24] [INFO] [REQUEST] OPTIONS /google-auth
[2025-05-04 10:56:24] [INFO] [REQUEST] POST /google-auth
[2025-05-04 10:56:25] [INFO] [RESPONSE] Status: 200 Message: Google authentication successful
[2025-05-04 10:56:36] [INFO] [REQUEST] GET /68121c6e3a6713632d872dbb/messages?page=1&limit=20
[2025-05-04 10:56:37] [INFO] [RESPONSE] Status: 200 Message: Messages fetched successfully
[2025-05-04 10:56:40] [INFO] [REQUEST] OPTIONS /68121c6e3a6713632d872dbb/messages
[2025-05-04 10:56:40] [INFO] [REQUEST] POST /68121c6e3a6713632d872dbb/messages
[2025-05-04 10:56:40] [INFO] [RESPONSE] Status: 200 Message: Message sent successfully
[2025-05-04 10:57:24] [INFO] [REQUEST] GET /courses/68121c6e3a6713632d872dbb
[2025-05-04 10:57:25] [INFO] [RESPONSE] Status: 200 Message: Course fetched successfully.
[2025-05-04 10:57:25] [INFO] [REQUEST] GET /student/check-enrollment/68121c6e3a6713632d872dbb
[2025-05-04 10:57:25] [INFO] [REQUEST] GET /student/review/68121c6e3a6713632d872dbb
[2025-05-04 10:57:26] [INFO] [RESPONSE] Status: 200 Message: Reviews fetched successfully.
[2025-05-04 10:57:26] [INFO] [RESPONSE] Status: 200 Message: User is enrolled in this course
[2025-05-04 10:57:26] [INFO] [REQUEST] GET /student/lesson-progress/68121c6e3a6713632d872dbb
[2025-05-04 10:57:26] [INFO] [RESPONSE] Status: 200 Message: Lesson progress fetched successfully
[2025-05-04 10:57:26] [INFO] [REQUEST] GET /student/courses/68121c6e3a6713632d872dbb/modules/vvvvvvvvvvvvvvvvvv/assessments?page=1&limit=10
[2025-05-04 10:57:26] [INFO] [REQUEST] GET /courses/68121c6e3a6713632d872dbb/stream?videoKey=courses%2F67b6d4b441900af7ed9b5af6%2Fvfjvnfvyf%2Fmodule-1%2Flesson-1.mp4
[2025-05-04 10:57:26] [INFO] [RESPONSE] Status: 200 Message: Assessments retrieved successfully.
[2025-05-04 10:57:28] [INFO] [REQUEST] GET /68121c6e3a6713632d872dbb/messages?page=1&limit=20
[2025-05-04 10:57:28] [INFO] [RESPONSE] Status: 200 Message: Messages fetched successfully
[2025-05-04 10:57:57] [INFO] [REQUEST] OPTIONS /logout
[2025-05-04 10:57:57] [INFO] [REQUEST] POST /logout
[2025-05-04 10:57:57] [INFO] [RESPONSE] Status: 200 Message: User logged out successfully
[2025-05-04 10:58:10] [INFO] [REQUEST] OPTIONS /login
[2025-05-04 10:58:10] [INFO] [REQUEST] POST /login
[2025-05-04 10:58:11] [INFO] [RESPONSE] Status: 200 Message: Login successful.
[2025-05-04 10:58:21] [INFO] [REQUEST] GET /student/enrollments
[2025-05-04 10:58:21] [INFO] [RESPONSE] Status: 200 Message: Enrollments fetched successfully
[2025-05-04 10:58:21] [INFO] [REQUEST] GET /student/courses/68006e0ece7af0883779c29a/progress
[2025-05-04 10:58:22] [INFO] [RESPONSE] Status: 200 Message: Course progress retrieved successfully.
[2025-05-04 10:58:22] [INFO] [REQUEST] GET /student/courses/68006c86ce7af0883779c0fd/progress
[2025-05-04 10:58:22] [INFO] [RESPONSE] Status: 200 Message: Course progress retrieved successfully.
[2025-05-04 10:58:25] [INFO] [REQUEST] GET /active-courses?page=1&limit=8&sortField=updatedAt&sortOrder=desc
[2025-05-04 10:58:25] [INFO] [RESPONSE] Status: 200 Message: Active courses fetched successfully.
[2025-05-04 10:58:28] [INFO] [REQUEST] GET /courses/68121c6e3a6713632d872dbb
[2025-05-04 10:58:28] [INFO] [REQUEST] GET /student/check-enrollment/68121c6e3a6713632d872dbb
[2025-05-04 10:58:28] [INFO] [RESPONSE] Status: 200 Message: Course fetched successfully.
[2025-05-04 10:58:28] [INFO] [REQUEST] GET /courses/68121c6e3a6713632d872dbb/reviews?skip=0&limit=10
[2025-05-04 10:58:28] [INFO] [RESPONSE] Status: 200 Message: User is not enrolled in this course
[2025-05-04 10:58:28] [INFO] [RESPONSE] Status: 200 Message: Reviews fetched successfully.
[2025-05-04 10:58:30] [INFO] [REQUEST] OPTIONS /student/enroll-course
[2025-05-04 10:58:30] [INFO] [REQUEST] POST /student/enroll-course
[2025-05-04 10:58:30] [INFO] [RESPONSE] Status: 200 Message: Successfully enrolled in the free course
[2025-05-04 10:58:34] [INFO] [REQUEST] GET /student/enrollments
[2025-05-04 10:58:34] [INFO] [RESPONSE] Status: 200 Message: Enrollments fetched successfully
[2025-05-04 10:58:34] [INFO] [REQUEST] GET /student/courses/68121c6e3a6713632d872dbb/progress
[2025-05-04 10:58:35] [INFO] [RESPONSE] Status: 200 Message: Course progress retrieved successfully.
[2025-05-04 10:58:35] [INFO] [REQUEST] GET /student/courses/68006e0ece7af0883779c29a/progress
[2025-05-04 10:58:35] [INFO] [RESPONSE] Status: 200 Message: Course progress retrieved successfully.
[2025-05-04 10:58:35] [INFO] [REQUEST] GET /student/courses/68006c86ce7af0883779c0fd/progress
[2025-05-04 10:58:35] [INFO] [RESPONSE] Status: 200 Message: Course progress retrieved successfully.
[2025-05-04 10:58:36] [INFO] [REQUEST] GET /courses/68121c6e3a6713632d872dbb
[2025-05-04 10:58:36] [INFO] [RESPONSE] Status: 200 Message: Course fetched successfully.
[2025-05-04 10:58:36] [INFO] [REQUEST] GET /student/check-enrollment/68121c6e3a6713632d872dbb
[2025-05-04 10:58:36] [INFO] [REQUEST] GET /student/review/68121c6e3a6713632d872dbb
[2025-05-04 10:58:36] [INFO] [RESPONSE] Status: 200 Message: Reviews fetched successfully.
[2025-05-04 10:58:36] [INFO] [RESPONSE] Status: 200 Message: User is enrolled in this course
[2025-05-04 10:58:36] [INFO] [REQUEST] GET /student/lesson-progress/68121c6e3a6713632d872dbb
[2025-05-04 10:58:36] [INFO] [RESPONSE] Status: 200 Message: Lesson progress fetched successfully
[2025-05-04 10:58:36] [INFO] [REQUEST] GET /student/courses/68121c6e3a6713632d872dbb/modules/vvvvvvvvvvvvvvvvvv/assessments?page=1&limit=10
[2025-05-04 10:58:36] [INFO] [REQUEST] GET /courses/68121c6e3a6713632d872dbb/stream?videoKey=courses%2F67b6d4b441900af7ed9b5af6%2Fvfjvnfvyf%2Fmodule-1%2Flesson-1.mp4
[2025-05-04 10:58:37] [INFO] [RESPONSE] Status: 200 Message: Assessments retrieved successfully.
[2025-05-04 10:58:37] [INFO] [REQUEST] GET /68121c6e3a6713632d872dbb/messages?page=1&limit=20
[2025-05-04 10:58:38] [INFO] [RESPONSE] Status: 200 Message: Messages fetched successfully
[2025-05-04 11:09:58] [INFO] [REQUEST] GET /courses/68121c6e3a6713632d872dbb/stream?videoKey=courses%2F67b6d4b441900af7ed9b5af6%2Fvfjvnfvyf%2Fmodule-1%2Flesson-1.mp4
[2025-05-04 11:10:01] [INFO] [REQUEST] OPTIONS /68121c6e3a6713632d872dbb/messages
[2025-05-04 11:10:01] [INFO] [REQUEST] POST /68121c6e3a6713632d872dbb/messages
[2025-05-04 11:10:01] [INFO] [RESPONSE] Status: 200 Message: Message sent successfully
[2025-05-04 11:10:06] [INFO] [REQUEST] GET /courses/68121c6e3a6713632d872dbb
[2025-05-04 11:10:06] [INFO] [RESPONSE] Status: 200 Message: Course fetched successfully.
[2025-05-04 11:10:06] [INFO] [REQUEST] GET /student/check-enrollment/68121c6e3a6713632d872dbb
[2025-05-04 11:10:06] [INFO] [REQUEST] GET /student/review/68121c6e3a6713632d872dbb
[2025-05-04 11:10:07] [INFO] [RESPONSE] Status: 200 Message: Reviews fetched successfully.
[2025-05-04 11:10:07] [INFO] [RESPONSE] Status: 200 Message: User is enrolled in this course
[2025-05-04 11:10:07] [INFO] [REQUEST] GET /student/lesson-progress/68121c6e3a6713632d872dbb
[2025-05-04 11:10:07] [INFO] [RESPONSE] Status: 200 Message: Lesson progress fetched successfully
[2025-05-04 11:10:07] [INFO] [REQUEST] GET /student/courses/68121c6e3a6713632d872dbb/modules/vvvvvvvvvvvvvvvvvv/assessments?page=1&limit=10
[2025-05-04 11:10:07] [INFO] [RESPONSE] Status: 200 Message: Assessments retrieved successfully.
[2025-05-04 11:10:08] [INFO] [REQUEST] GET /68121c6e3a6713632d872dbb/messages?page=1&limit=20
[2025-05-04 11:10:08] [INFO] [RESPONSE] Status: 200 Message: Messages fetched successfully
[2025-05-04 11:20:50] [INFO] [REQUEST] GET /courses/68121c6e3a6713632d872dbb/stream?videoKey=courses%2F67b6d4b441900af7ed9b5af6%2Fvfjvnfvyf%2Fmodule-1%2Flesson-1.mp4
[2025-05-04 11:20:56] [INFO] [REQUEST] GET /68121c6e3a6713632d872dbb/messages?page=1&limit=20
[2025-05-04 11:20:56] [INFO] [RESPONSE] Status: 200 Message: Messages fetched successfully
[2025-05-04 11:20:58] [INFO] [REQUEST] OPTIONS /68121c6e3a6713632d872dbb/messages
[2025-05-04 11:20:58] [INFO] [REQUEST] POST /68121c6e3a6713632d872dbb/messages
[2025-05-04 11:20:59] [INFO] [RESPONSE] Status: 200 Message: Message sent successfully
[2025-05-04 11:21:12] [INFO] [REQUEST] GET /courses/68121c6e3a6713632d872dbb
[2025-05-04 11:21:12] [INFO] [RESPONSE] Status: 200 Message: Course fetched successfully.
[2025-05-04 11:21:12] [INFO] [REQUEST] GET /student/check-enrollment/68121c6e3a6713632d872dbb
[2025-05-04 11:21:12] [INFO] [REQUEST] GET /student/review/68121c6e3a6713632d872dbb
[2025-05-04 11:21:13] [INFO] [RESPONSE] Status: 200 Message: Reviews fetched successfully.
[2025-05-04 11:21:13] [INFO] [RESPONSE] Status: 200 Message: User is enrolled in this course
[2025-05-04 11:21:13] [INFO] [REQUEST] GET /student/lesson-progress/68121c6e3a6713632d872dbb
[2025-05-04 11:21:13] [INFO] [RESPONSE] Status: 200 Message: Lesson progress fetched successfully
[2025-05-04 11:21:13] [INFO] [REQUEST] GET /student/courses/68121c6e3a6713632d872dbb/modules/vvvvvvvvvvvvvvvvvv/assessments?page=1&limit=10
[2025-05-04 11:21:13] [INFO] [RESPONSE] Status: 200 Message: Assessments retrieved successfully.
[2025-05-04 11:21:41] [INFO] [REQUEST] GET /courses/68121c6e3a6713632d872dbb
[2025-05-04 11:21:41] [INFO] [RESPONSE] Status: 200 Message: Course fetched successfully.
[2025-05-04 11:21:41] [INFO] [REQUEST] GET /student/check-enrollment/68121c6e3a6713632d872dbb
[2025-05-04 11:21:41] [INFO] [REQUEST] GET /student/review/68121c6e3a6713632d872dbb
[2025-05-04 11:21:41] [INFO] [RESPONSE] Status: 200 Message: Reviews fetched successfully.
[2025-05-04 11:21:42] [INFO] [RESPONSE] Status: 200 Message: User is enrolled in this course
[2025-05-04 11:21:42] [INFO] [REQUEST] GET /student/lesson-progress/68121c6e3a6713632d872dbb
[2025-05-04 11:21:42] [INFO] [RESPONSE] Status: 200 Message: Lesson progress fetched successfully
[2025-05-04 11:21:42] [INFO] [REQUEST] GET /student/courses/68121c6e3a6713632d872dbb/modules/vvvvvvvvvvvvvvvvvv/assessments?page=1&limit=10
[2025-05-04 11:21:42] [INFO] [REQUEST] GET /courses/68121c6e3a6713632d872dbb/stream?videoKey=courses%2F67b6d4b441900af7ed9b5af6%2Fvfjvnfvyf%2Fmodule-1%2Flesson-1.mp4
[2025-05-04 11:21:42] [INFO] [RESPONSE] Status: 200 Message: Assessments retrieved successfully.
[2025-05-04 11:28:57] [INFO] [REQUEST] GET /courses/68121c6e3a6713632d872dbb
[2025-05-04 11:28:58] [INFO] [RESPONSE] Status: 200 Message: Course fetched successfully.
[2025-05-04 11:28:58] [INFO] [REQUEST] GET /student/check-enrollment/68121c6e3a6713632d872dbb
[2025-05-04 11:28:58] [INFO] [REQUEST] GET /student/review/68121c6e3a6713632d872dbb
[2025-05-04 11:28:59] [INFO] [RESPONSE] Status: 200 Message: Reviews fetched successfully.
[2025-05-04 11:28:59] [INFO] [RESPONSE] Status: 200 Message: User is enrolled in this course
[2025-05-04 11:28:59] [INFO] [REQUEST] GET /student/lesson-progress/68121c6e3a6713632d872dbb
[2025-05-04 11:28:59] [INFO] [RESPONSE] Status: 200 Message: Lesson progress fetched successfully
[2025-05-04 11:28:59] [INFO] [REQUEST] GET /student/courses/68121c6e3a6713632d872dbb/modules/vvvvvvvvvvvvvvvvvv/assessments?page=1&limit=10
[2025-05-04 11:28:59] [INFO] [REQUEST] GET /courses/68121c6e3a6713632d872dbb/stream?videoKey=courses%2F67b6d4b441900af7ed9b5af6%2Fvfjvnfvyf%2Fmodule-1%2Flesson-1.mp4
[2025-05-04 11:28:59] [INFO] [RESPONSE] Status: 200 Message: Assessments retrieved successfully.
[2025-05-04 11:42:09] [INFO] [REQUEST] GET /courses/68121c6e3a6713632d872dbb/stream?videoKey=courses%2F67b6d4b441900af7ed9b5af6%2Fvfjvnfvyf%2Fmodule-1%2Flesson-1.mp4
[2025-05-04 11:42:27] [INFO] [REQUEST] GET /courses/68121c6e3a6713632d872dbb
[2025-05-04 11:42:27] [INFO] [RESPONSE] Status: 200 Message: Course fetched successfully.
[2025-05-04 11:42:27] [INFO] [REQUEST] GET /student/check-enrollment/68121c6e3a6713632d872dbb
[2025-05-04 11:42:27] [INFO] [REQUEST] GET /student/review/68121c6e3a6713632d872dbb
[2025-05-04 11:42:27] [INFO] [RESPONSE] Status: 200 Message: Reviews fetched successfully.
[2025-05-04 11:42:27] [INFO] [RESPONSE] Status: 200 Message: User is enrolled in this course
[2025-05-04 11:42:27] [INFO] [REQUEST] GET /student/lesson-progress/68121c6e3a6713632d872dbb
[2025-05-04 11:42:28] [INFO] [RESPONSE] Status: 200 Message: Lesson progress fetched successfully
[2025-05-04 11:42:28] [INFO] [REQUEST] GET /student/courses/68121c6e3a6713632d872dbb/modules/vvvvvvvvvvvvvvvvvv/assessments?page=1&limit=10
[2025-05-04 11:42:28] [INFO] [RESPONSE] Status: 200 Message: Assessments retrieved successfully.
[2025-05-04 11:46:53] [INFO] [REQUEST] GET /courses/68121c6e3a6713632d872dbb
[2025-05-04 11:46:53] [INFO] [REQUEST] GET /courses/68121c6e3a6713632d872dbb
[2025-05-04 11:46:54] [INFO] [RESPONSE] Status: 200 Message: Course fetched successfully.
[2025-05-04 11:46:54] [INFO] [REQUEST] GET /student/check-enrollment/68121c6e3a6713632d872dbb
[2025-05-04 11:46:54] [INFO] [RESPONSE] Status: 200 Message: User is enrolled in this course
[2025-05-04 11:46:54] [INFO] [REQUEST] GET /student/lesson-progress/68121c6e3a6713632d872dbb
[2025-05-04 11:46:54] [INFO] [RESPONSE] Status: 200 Message: Course fetched successfully.
[2025-05-04 11:46:55] [INFO] [RESPONSE] Status: 200 Message: Lesson progress fetched successfully
[2025-05-04 11:46:55] [INFO] [REQUEST] GET /student/check-enrollment/68121c6e3a6713632d872dbb
[2025-05-04 11:46:56] [INFO] [RESPONSE] Status: 200 Message: User is enrolled in this course
[2025-05-04 11:46:57] [INFO] [REQUEST] GET /student/lesson-progress/68121c6e3a6713632d872dbb
[2025-05-04 11:46:57] [INFO] [RESPONSE] Status: 200 Message: Lesson progress fetched successfully
[2025-05-04 11:48:00] [INFO] [REQUEST] GET /courses/68121c6e3a6713632d872dbb/stream?videoKey=courses%2F67b6d4b441900af7ed9b5af6%2Fvfjvnfvyf%2Fmodule-1%2Flesson-1.mp4
[2025-05-04 11:48:09] [INFO] [REQUEST] GET /courses/68121c6e3a6713632d872dbb
[2025-05-04 11:48:09] [INFO] [RESPONSE] Status: 200 Message: Course fetched successfully.
[2025-05-04 11:48:10] [INFO] [REQUEST] GET /student/check-enrollment/68121c6e3a6713632d872dbb
[2025-05-04 11:48:10] [INFO] [REQUEST] GET /student/review/68121c6e3a6713632d872dbb
[2025-05-04 11:48:10] [INFO] [RESPONSE] Status: 200 Message: Reviews fetched successfully.
[2025-05-04 11:48:10] [INFO] [RESPONSE] Status: 200 Message: User is enrolled in this course
[2025-05-04 11:48:10] [INFO] [REQUEST] GET /student/lesson-progress/68121c6e3a6713632d872dbb
[2025-05-04 11:48:10] [INFO] [RESPONSE] Status: 200 Message: Lesson progress fetched successfully
[2025-05-04 11:48:10] [INFO] [REQUEST] GET /student/courses/68121c6e3a6713632d872dbb/modules/vvvvvvvvvvvvvvvvvv/assessments?page=1&limit=10
[2025-05-04 11:48:11] [INFO] [REQUEST] GET /courses/68121c6e3a6713632d872dbb/stream?videoKey=courses%2F67b6d4b441900af7ed9b5af6%2Fvfjvnfvyf%2Fmodule-1%2Flesson-1.mp4
[2025-05-04 11:48:11] [INFO] [RESPONSE] Status: 200 Message: Assessments retrieved successfully.
[2025-05-04 11:48:19] [INFO] [REQUEST] GET /courses/68121c6e3a6713632d872dbb/stream?videoKey=courses%2F67b6d4b441900af7ed9b5af6%2Fvfjvnfvyf%2Fmodule-1%2Flesson-1.mp4
[2025-05-04 11:48:24] [INFO] [REQUEST] GET /courses/68121c6e3a6713632d872dbb/stream?videoKey=courses%2F67b6d4b441900af7ed9b5af6%2Fvfjvnfvyf%2Fmodule-1%2Flesson-1.mp4
[2025-05-04 11:48:24] [INFO] [REQUEST] OPTIONS /student/update-lesson-progress
[2025-05-04 11:48:24] [INFO] [REQUEST] POST /student/update-lesson-progress
[2025-05-04 11:48:25] [INFO] [RESPONSE] Status: 200 Message: Lesson progress updated successfully
[2025-05-04 11:49:04] [INFO] [REQUEST] GET /courses/68121c6e3a6713632d872dbb
[2025-05-04 11:49:04] [INFO] [RESPONSE] Status: 200 Message: Course fetched successfully.
[2025-05-04 11:49:04] [INFO] [REQUEST] GET /student/check-enrollment/68121c6e3a6713632d872dbb
[2025-05-04 11:49:04] [INFO] [REQUEST] GET /student/review/68121c6e3a6713632d872dbb
[2025-05-04 11:49:04] [INFO] [RESPONSE] Status: 200 Message: Reviews fetched successfully.
[2025-05-04 11:49:04] [INFO] [RESPONSE] Status: 200 Message: User is enrolled in this course
[2025-05-04 11:49:05] [INFO] [REQUEST] GET /student/lesson-progress/68121c6e3a6713632d872dbb
[2025-05-04 11:49:05] [INFO] [RESPONSE] Status: 200 Message: Lesson progress fetched successfully
[2025-05-04 11:49:05] [INFO] [REQUEST] GET /student/courses/68121c6e3a6713632d872dbb/modules/vvvvvvvvvvvvvvvvvv/assessments?page=1&limit=10
[2025-05-04 11:49:05] [INFO] [REQUEST] GET /courses/68121c6e3a6713632d872dbb/stream?videoKey=courses%2F67b6d4b441900af7ed9b5af6%2Fvfjvnfvyf%2Fmodule-1%2Flesson-1.mp4
[2025-05-04 11:49:05] [INFO] [RESPONSE] Status: 200 Message: Assessments retrieved successfully.
[2025-05-04 11:49:57] [INFO] [REQUEST] GET /courses/68121c6e3a6713632d872dbb
[2025-05-04 11:49:57] [INFO] [RESPONSE] Status: 200 Message: Course fetched successfully.
[2025-05-04 11:49:57] [INFO] [REQUEST] GET /student/check-enrollment/68121c6e3a6713632d872dbb
[2025-05-04 11:49:57] [INFO] [REQUEST] GET /student/review/68121c6e3a6713632d872dbb
[2025-05-04 11:49:58] [INFO] [RESPONSE] Status: 200 Message: Reviews fetched successfully.
[2025-05-04 11:49:58] [INFO] [RESPONSE] Status: 200 Message: User is enrolled in this course
[2025-05-04 11:49:58] [INFO] [REQUEST] GET /student/lesson-progress/68121c6e3a6713632d872dbb
[2025-05-04 11:49:58] [INFO] [RESPONSE] Status: 200 Message: Lesson progress fetched successfully
[2025-05-04 11:49:58] [INFO] [REQUEST] GET /student/courses/68121c6e3a6713632d872dbb/modules/vvvvvvvvvvvvvvvvvv/assessments?page=1&limit=10
[2025-05-04 11:49:58] [INFO] [REQUEST] GET /courses/68121c6e3a6713632d872dbb/stream?videoKey=courses%2F67b6d4b441900af7ed9b5af6%2Fvfjvnfvyf%2Fmodule-1%2Flesson-1.mp4
[2025-05-04 11:49:58] [INFO] [RESPONSE] Status: 200 Message: Assessments retrieved successfully.
[2025-05-04 11:50:21] [INFO] [REQUEST] GET /courses/68121c6e3a6713632d872dbb
[2025-05-04 11:50:21] [INFO] [RESPONSE] Status: 200 Message: Course fetched successfully.
[2025-05-04 11:50:21] [INFO] [REQUEST] GET /student/check-enrollment/68121c6e3a6713632d872dbb
[2025-05-04 11:50:21] [INFO] [REQUEST] GET /student/review/68121c6e3a6713632d872dbb
[2025-05-04 11:50:21] [INFO] [RESPONSE] Status: 200 Message: Reviews fetched successfully.
[2025-05-04 11:50:21] [INFO] [RESPONSE] Status: 200 Message: User is enrolled in this course
[2025-05-04 11:50:21] [INFO] [REQUEST] GET /student/lesson-progress/68121c6e3a6713632d872dbb
[2025-05-04 11:50:21] [INFO] [RESPONSE] Status: 200 Message: Lesson progress fetched successfully
[2025-05-04 11:50:21] [INFO] [REQUEST] GET /student/courses/68121c6e3a6713632d872dbb/modules/vvvvvvvvvvvvvvvvvv/assessments?page=1&limit=10
[2025-05-04 11:50:22] [INFO] [RESPONSE] Status: 200 Message: Assessments retrieved successfully.
[2025-05-04 11:53:43] [INFO] [REQUEST] GET /courses/68121c6e3a6713632d872dbb
[2025-05-04 11:53:44] [INFO] [RESPONSE] Status: 200 Message: Course fetched successfully.
[2025-05-04 11:53:44] [INFO] [REQUEST] GET /student/check-enrollment/68121c6e3a6713632d872dbb
[2025-05-04 11:53:44] [INFO] [REQUEST] GET /student/review/68121c6e3a6713632d872dbb
[2025-05-04 11:53:44] [INFO] [RESPONSE] Status: 200 Message: Reviews fetched successfully.
[2025-05-04 11:53:45] [INFO] [RESPONSE] Status: 200 Message: User is enrolled in this course
[2025-05-04 11:53:45] [INFO] [REQUEST] GET /student/lesson-progress/68121c6e3a6713632d872dbb
[2025-05-04 11:53:45] [INFO] [RESPONSE] Status: 200 Message: Lesson progress fetched successfully
[2025-05-04 11:53:45] [INFO] [REQUEST] GET /student/courses/68121c6e3a6713632d872dbb/modules/vvvvvvvvvvvvvvvvvv/assessments?page=1&limit=10
[2025-05-04 11:53:45] [INFO] [REQUEST] GET /courses/68121c6e3a6713632d872dbb/stream?videoKey=courses%2F67b6d4b441900af7ed9b5af6%2Fvfjvnfvyf%2Fmodule-1%2Flesson-1.mp4
[2025-05-04 11:53:45] [INFO] [RESPONSE] Status: 200 Message: Assessments retrieved successfully.
[2025-05-04 12:05:37] [INFO] [REQUEST] GET /courses/68121c6e3a6713632d872dbb/stream?videoKey=courses%2F67b6d4b441900af7ed9b5af6%2Fvfjvnfvyf%2Fmodule-1%2Flesson-1.mp4
[2025-05-04 12:06:17] [INFO] [REQUEST] GET /courses/68121c6e3a6713632d872dbb
[2025-05-04 12:06:18] [INFO] [RESPONSE] Status: 200 Message: Course fetched successfully.
[2025-05-04 12:06:18] [INFO] [REQUEST] GET /student/review/68121c6e3a6713632d872dbb
[2025-05-04 12:06:18] [INFO] [REQUEST] GET /student/check-enrollment/68121c6e3a6713632d872dbb
[2025-05-04 12:06:19] [INFO] [RESPONSE] Status: 200 Message: Reviews fetched successfully.
[2025-05-04 12:06:19] [INFO] [RESPONSE] Status: 200 Message: User is enrolled in this course
[2025-05-04 12:06:19] [INFO] [REQUEST] GET /student/lesson-progress/68121c6e3a6713632d872dbb
[2025-05-04 12:06:19] [INFO] [RESPONSE] Status: 200 Message: Lesson progress fetched successfully
[2025-05-04 12:06:19] [INFO] [REQUEST] GET /courses/68121c6e3a6713632d872dbb/stream?videoKey=courses%2F67b6d4b441900af7ed9b5af6%2Fvfjvnfvyf%2Fmodule-1%2Flesson-1.mp4
[2025-05-04 12:06:20] [INFO] [REQUEST] GET /student/courses/68121c6e3a6713632d872dbb/modules/vvvvvvvvvvvvvvvvvv/assessments?page=1&limit=10
[2025-05-04 12:06:20] [INFO] [RESPONSE] Status: 200 Message: Assessments retrieved successfully.
[2025-05-04 12:14:07] [INFO] [REQUEST] GET /courses/68121c6e3a6713632d872dbb
[2025-05-04 12:14:07] [INFO] [RESPONSE] Status: 200 Message: Course fetched successfully.
[2025-05-04 12:14:07] [INFO] [REQUEST] GET /student/check-enrollment/68121c6e3a6713632d872dbb
[2025-05-04 12:14:07] [INFO] [REQUEST] GET /student/review/68121c6e3a6713632d872dbb
[2025-05-04 12:14:08] [INFO] [RESPONSE] Status: 200 Message: Reviews fetched successfully.
[2025-05-04 12:14:08] [INFO] [RESPONSE] Status: 200 Message: User is enrolled in this course
[2025-05-04 12:14:08] [INFO] [REQUEST] GET /student/lesson-progress/68121c6e3a6713632d872dbb
[2025-05-04 12:14:08] [INFO] [RESPONSE] Status: 200 Message: Lesson progress fetched successfully
[2025-05-04 12:14:08] [INFO] [REQUEST] GET /student/courses/68121c6e3a6713632d872dbb/modules/vvvvvvvvvvvvvvvvvv/assessments?page=1&limit=10
[2025-05-04 12:14:08] [INFO] [RESPONSE] Status: 200 Message: Assessments retrieved successfully.
[2025-05-04 13:29:20] [INFO] [REQUEST] GET /courses/68121c6e3a6713632d872dbb
[2025-05-04 13:29:20] [INFO] [RESPONSE] Status: 200 Message: Course fetched successfully.
[2025-05-04 13:29:21] [INFO] [REQUEST] GET /student/check-enrollment/68121c6e3a6713632d872dbb
[2025-05-04 13:29:21] [INFO] [REQUEST] GET /student/review/68121c6e3a6713632d872dbb
[2025-05-04 13:29:21] [INFO] [RESPONSE] Status: 200 Message: Reviews fetched successfully.
[2025-05-04 13:29:21] [INFO] [RESPONSE] Status: 200 Message: User is enrolled in this course
[2025-05-04 13:29:21] [INFO] [REQUEST] GET /student/lesson-progress/68121c6e3a6713632d872dbb
[2025-05-04 13:29:21] [INFO] [RESPONSE] Status: 200 Message: Lesson progress fetched successfully
[2025-05-04 13:29:22] [INFO] [REQUEST] GET /student/courses/68121c6e3a6713632d872dbb/modules/vvvvvvvvvvvvvvvvvv/assessments?page=1&limit=10
[2025-05-04 13:29:22] [INFO] [REQUEST] GET /courses/68121c6e3a6713632d872dbb/stream?videoKey=courses%2F67b6d4b441900af7ed9b5af6%2Fvfjvnfvyf%2Fmodule-1%2Flesson-1.mp4
[2025-05-04 13:29:22] [INFO] [RESPONSE] Status: 200 Message: Assessments retrieved successfully.
[2025-05-04 13:31:04] [INFO] [REQUEST] GET /favicon.ico
[2025-05-04 13:31:04] [INFO] [RESPONSE] Status: 404 Message: The requested URL not found on this server
[2025-05-04 13:36:10] [INFO] [REQUEST] GET /courses/68121c6e3a6713632d872dbb
[2025-05-04 13:36:11] [INFO] [RESPONSE] Status: 200 Message: Course fetched successfully.
[2025-05-04 13:36:11] [INFO] [REQUEST] GET /student/check-enrollment/68121c6e3a6713632d872dbb
[2025-05-04 13:36:11] [INFO] [REQUEST] GET /student/review/68121c6e3a6713632d872dbb
[2025-05-04 13:36:12] [INFO] [RESPONSE] Status: 200 Message: Reviews fetched successfully.
[2025-05-04 13:36:12] [INFO] [RESPONSE] Status: 200 Message: User is enrolled in this course
[2025-05-04 13:36:12] [INFO] [REQUEST] GET /student/lesson-progress/68121c6e3a6713632d872dbb
[2025-05-04 13:36:12] [INFO] [RESPONSE] Status: 200 Message: Lesson progress fetched successfully
[2025-05-04 13:36:12] [INFO] [REQUEST] GET /student/courses/68121c6e3a6713632d872dbb/modules/vvvvvvvvvvvvvvvvvv/assessments?page=1&limit=10
[2025-05-04 13:36:12] [INFO] [REQUEST] GET /courses/68121c6e3a6713632d872dbb/stream?videoKey=courses%2F67b6d4b441900af7ed9b5af6%2Fvfjvnfvyf%2Fmodule-1%2Flesson-1.mp4
[2025-05-04 13:36:12] [INFO] [RESPONSE] Status: 200 Message: Assessments retrieved successfully.
[2025-05-04 13:44:07] [INFO] [REQUEST] GET /courses/68121c6e3a6713632d872dbb
[2025-05-04 13:44:07] [INFO] [RESPONSE] Status: 200 Message: Course fetched successfully.
[2025-05-04 13:44:07] [INFO] [REQUEST] GET /student/check-enrollment/68121c6e3a6713632d872dbb
[2025-05-04 13:44:08] [INFO] [RESPONSE] Status: 200 Message: User is enrolled in this course
[2025-05-04 13:44:08] [INFO] [REQUEST] GET /student/lesson-progress/68121c6e3a6713632d872dbb
[2025-05-04 13:44:08] [INFO] [RESPONSE] Status: 200 Message: Lesson progress fetched successfully
[2025-05-04 13:45:47] [INFO] [REQUEST] GET /courses/68121c6e3a6713632d872dbb
[2025-05-04 13:45:47] [INFO] [RESPONSE] Status: 200 Message: Course fetched successfully.
[2025-05-04 13:45:47] [INFO] [REQUEST] GET /student/check-enrollment/68121c6e3a6713632d872dbb
[2025-05-04 13:45:47] [INFO] [RESPONSE] Status: 200 Message: User is enrolled in this course
[2025-05-04 13:45:47] [INFO] [REQUEST] GET /student/lesson-progress/68121c6e3a6713632d872dbb
[2025-05-04 13:45:47] [INFO] [RESPONSE] Status: 200 Message: Lesson progress fetched successfully
[2025-05-04 13:46:20] [INFO] [REQUEST] GET /courses/68121c6e3a6713632d872dbb/stream?videoKey=courses%2F67b6d4b441900af7ed9b5af6%2Fvfjvnfvyf%2Fmodule-1%2Flesson-1.mp4
[2025-05-04 13:46:25] [INFO] [REQUEST] GET /courses/68121c6e3a6713632d872dbb/stream?videoKey=courses%2F67b6d4b441900af7ed9b5af6%2Fvfjvnfvyf%2Fmodule-1%2Flesson-1.mp4
[2025-05-04 13:46:26] [INFO] [REQUEST] GET /courses/68121c6e3a6713632d872dbb
[2025-05-04 13:46:27] [INFO] [RESPONSE] Status: 200 Message: Course fetched successfully.
[2025-05-04 13:46:27] [INFO] [REQUEST] GET /student/check-enrollment/68121c6e3a6713632d872dbb
[2025-05-04 13:46:27] [INFO] [REQUEST] GET /courses/68121c6e3a6713632d872dbb/stream?videoKey=courses%2F67b6d4b441900af7ed9b5af6%2Fvfjvnfvyf%2Fmodule-1%2Flesson-1.mp4
[2025-05-04 13:46:27] [INFO] [REQUEST] GET /student/review/68121c6e3a6713632d872dbb
[2025-05-04 13:46:27] [INFO] [RESPONSE] Status: 200 Message: User is enrolled in this course
[2025-05-04 13:46:27] [INFO] [REQUEST] GET /student/lesson-progress/68121c6e3a6713632d872dbb
[2025-05-04 13:46:27] [INFO] [RESPONSE] Status: 200 Message: Reviews fetched successfully.
[2025-05-04 13:46:28] [INFO] [RESPONSE] Status: 200 Message: Lesson progress fetched successfully
[2025-05-04 13:46:30] [INFO] [REQUEST] GET /student/courses/68121c6e3a6713632d872dbb/modules/vvvvvvvvvvvvvvvvvv/assessments?page=1&limit=10
[2025-05-04 13:46:30] [INFO] [REQUEST] GET /courses/68121c6e3a6713632d872dbb
[2025-05-04 13:46:31] [INFO] [RESPONSE] Status: 200 Message: Course fetched successfully.
[2025-05-04 13:46:31] [INFO] [RESPONSE] Status: 200 Message: Assessments retrieved successfully.
[2025-05-04 13:46:31] [INFO] [REQUEST] GET /student/check-enrollment/68121c6e3a6713632d872dbb
[2025-05-04 13:46:31] [INFO] [REQUEST] GET /student/review/68121c6e3a6713632d872dbb
[2025-05-04 13:46:31] [INFO] [RESPONSE] Status: 200 Message: Reviews fetched successfully.
[2025-05-04 13:46:31] [INFO] [RESPONSE] Status: 200 Message: User is enrolled in this course
[2025-05-04 13:46:31] [INFO] [REQUEST] GET /student/lesson-progress/68121c6e3a6713632d872dbb
[2025-05-04 13:46:31] [INFO] [RESPONSE] Status: 200 Message: Lesson progress fetched successfully
[2025-05-04 13:46:31] [INFO] [REQUEST] GET /student/courses/68121c6e3a6713632d872dbb/modules/vvvvvvvvvvvvvvvvvv/assessments?page=1&limit=10
[2025-05-04 13:46:32] [INFO] [RESPONSE] Status: 200 Message: Assessments retrieved successfully.
[2025-05-04 13:50:37] [INFO] [REQUEST] GET /courses/68121c6e3a6713632d872dbb
[2025-05-04 13:50:38] [INFO] [RESPONSE] Status: 200 Message: Course fetched successfully.
[2025-05-04 13:50:38] [INFO] [REQUEST] GET /student/check-enrollment/68121c6e3a6713632d872dbb
[2025-05-04 13:50:38] [INFO] [REQUEST] GET /student/review/68121c6e3a6713632d872dbb
[2025-05-04 13:50:39] [INFO] [RESPONSE] Status: 200 Message: Reviews fetched successfully.
[2025-05-04 13:50:39] [INFO] [RESPONSE] Status: 200 Message: User is enrolled in this course
[2025-05-04 13:50:39] [INFO] [REQUEST] GET /student/lesson-progress/68121c6e3a6713632d872dbb
[2025-05-04 13:50:39] [INFO] [RESPONSE] Status: 200 Message: Lesson progress fetched successfully
[2025-05-04 13:50:39] [INFO] [REQUEST] GET /student/courses/68121c6e3a6713632d872dbb/modules/vvvvvvvvvvvvvvvvvv/assessments?page=1&limit=10
[2025-05-04 13:50:39] [INFO] [REQUEST] GET /courses/68121c6e3a6713632d872dbb/stream?videoKey=courses%2F67b6d4b441900af7ed9b5af6%2Fvfjvnfvyf%2Fmodule-1%2Flesson-1.mp4
[2025-05-04 13:50:39] [INFO] [RESPONSE] Status: 200 Message: Assessments retrieved successfully.
[2025-05-04 13:51:05] [INFO] [REQUEST] GET /courses/68121c6e3a6713632d872dbb
[2025-05-04 13:51:06] [INFO] [RESPONSE] Status: 200 Message: Course fetched successfully.
[2025-05-04 13:51:06] [INFO] [REQUEST] GET /student/check-enrollment/68121c6e3a6713632d872dbb
[2025-05-04 13:51:06] [INFO] [REQUEST] GET /student/review/68121c6e3a6713632d872dbb
[2025-05-04 13:51:06] [INFO] [RESPONSE] Status: 200 Message: Reviews fetched successfully.
[2025-05-04 13:51:06] [INFO] [RESPONSE] Status: 200 Message: User is enrolled in this course
[2025-05-04 13:51:06] [INFO] [REQUEST] GET /student/lesson-progress/68121c6e3a6713632d872dbb
[2025-05-04 13:51:06] [INFO] [RESPONSE] Status: 200 Message: Lesson progress fetched successfully
[2025-05-04 13:51:06] [INFO] [REQUEST] GET /student/courses/68121c6e3a6713632d872dbb/modules/vvvvvvvvvvvvvvvvvv/assessments?page=1&limit=10
[2025-05-04 13:51:06] [INFO] [RESPONSE] Status: 200 Message: Assessments retrieved successfully.
[2025-05-04 14:11:37] [INFO] [REQUEST] GET /courses/68121c6e3a6713632d872dbb
[2025-05-04 14:11:39] [INFO] [RESPONSE] Status: 200 Message: Course fetched successfully.
[2025-05-04 14:11:39] [INFO] [REQUEST] GET /student/check-enrollment/68121c6e3a6713632d872dbb
[2025-05-04 14:11:39] [INFO] [REQUEST] GET /student/review/68121c6e3a6713632d872dbb
[2025-05-04 14:11:40] [INFO] [RESPONSE] Status: 200 Message: Reviews fetched successfully.
[2025-05-04 14:11:40] [INFO] [RESPONSE] Status: 200 Message: User is enrolled in this course
[2025-05-04 14:11:40] [INFO] [REQUEST] GET /student/lesson-progress/68121c6e3a6713632d872dbb
[2025-05-04 14:11:41] [INFO] [RESPONSE] Status: 200 Message: Lesson progress fetched successfully
[2025-05-04 14:11:41] [INFO] [REQUEST] GET /student/courses/68121c6e3a6713632d872dbb/modules/vvvvvvvvvvvvvvvvvv/assessments?page=1&limit=10
[2025-05-04 14:11:41] [INFO] [REQUEST] GET /courses/68121c6e3a6713632d872dbb/stream?videoKey=courses%2F67b6d4b441900af7ed9b5af6%2Fvfjvnfvyf%2Fmodule-1%2Flesson-1.mp4
[2025-05-04 14:11:41] [INFO] [RESPONSE] Status: 200 Message: Assessments retrieved successfully.
[2025-05-04 14:12:03] [INFO] [REQUEST] GET /courses/68121c6e3a6713632d872dbb/stream?videoKey=courses%2F67b6d4b441900af7ed9b5af6%2Fvfjvnfvyf%2Fmodule-1%2Flesson-1.mp4
[2025-05-04 14:12:03] [INFO] [REQUEST] OPTIONS /student/update-lesson-progress
[2025-05-04 14:12:03] [INFO] [REQUEST] POST /student/update-lesson-progress
[2025-05-04 14:12:04] [INFO] [RESPONSE] Status: 200 Message: Lesson progress updated successfully
[2025-05-04 14:12:08] [INFO] [REQUEST] OPTIONS /student/update-lesson-progress
[2025-05-04 14:12:08] [INFO] [REQUEST] POST /student/update-lesson-progress
[2025-05-04 14:12:08] [INFO] [RESPONSE] Status: 200 Message: Lesson progress updated successfully
[2025-05-04 14:12:13] [INFO] [REQUEST] OPTIONS /student/update-lesson-progress
[2025-05-04 14:12:13] [INFO] [REQUEST] POST /student/update-lesson-progress
[2025-05-04 14:12:13] [INFO] [RESPONSE] Status: 200 Message: Lesson progress updated successfully
[2025-05-04 14:12:18] [INFO] [REQUEST] OPTIONS /student/update-lesson-progress
[2025-05-04 14:12:18] [INFO] [REQUEST] POST /student/update-lesson-progress
[2025-05-04 14:12:19] [INFO] [RESPONSE] Status: 200 Message: Lesson progress updated successfully
[2025-05-04 14:12:23] [INFO] [REQUEST] OPTIONS /student/update-lesson-progress
[2025-05-04 14:12:23] [INFO] [REQUEST] POST /student/update-lesson-progress
[2025-05-04 14:12:24] [INFO] [RESPONSE] Status: 200 Message: Lesson progress updated successfully
[2025-05-04 14:12:30] [INFO] [REQUEST] OPTIONS /student/update-lesson-progress
[2025-05-04 14:12:30] [INFO] [REQUEST] POST /student/update-lesson-progress
[2025-05-04 14:12:30] [INFO] [RESPONSE] Status: 200 Message: Lesson progress updated successfully
[2025-05-04 14:12:36] [INFO] [REQUEST] GET /courses/68121c6e3a6713632d872dbb
[2025-05-04 14:12:37] [INFO] [RESPONSE] Status: 200 Message: Course fetched successfully.
[2025-05-04 14:12:37] [INFO] [REQUEST] GET /student/check-enrollment/68121c6e3a6713632d872dbb
[2025-05-04 14:12:37] [INFO] [REQUEST] GET /student/review/68121c6e3a6713632d872dbb
[2025-05-04 14:12:37] [INFO] [RESPONSE] Status: 200 Message: Reviews fetched successfully.
[2025-05-04 14:12:37] [INFO] [RESPONSE] Status: 200 Message: User is enrolled in this course
[2025-05-04 14:12:37] [INFO] [REQUEST] GET /student/lesson-progress/68121c6e3a6713632d872dbb
[2025-05-04 14:12:37] [INFO] [RESPONSE] Status: 200 Message: Lesson progress fetched successfully
[2025-05-04 14:12:37] [INFO] [REQUEST] GET /student/courses/68121c6e3a6713632d872dbb/modules/vvvvvvvvvvvvvvvvvv/assessments?page=1&limit=10
[2025-05-04 14:12:38] [INFO] [RESPONSE] Status: 200 Message: Assessments retrieved successfully.
[2025-05-04 14:13:03] [INFO] [REQUEST] GET /courses/68121c6e3a6713632d872dbb/stream?videoKey=courses%2F67b6d4b441900af7ed9b5af6%2Fvfjvnfvyf%2Fmodule-1%2Flesson-1.mp4
[2025-05-04 14:13:06] [INFO] [REQUEST] GET /courses/68121c6e3a6713632d872dbb
[2025-05-04 14:13:06] [INFO] [RESPONSE] Status: 200 Message: Course fetched successfully.
[2025-05-04 14:13:07] [INFO] [REQUEST] GET /student/check-enrollment/68121c6e3a6713632d872dbb
[2025-05-04 14:13:07] [INFO] [REQUEST] GET /student/review/68121c6e3a6713632d872dbb
[2025-05-04 14:13:07] [INFO] [RESPONSE] Status: 200 Message: Reviews fetched successfully.
[2025-05-04 14:13:07] [INFO] [RESPONSE] Status: 200 Message: User is enrolled in this course
[2025-05-04 14:13:07] [INFO] [REQUEST] GET /student/lesson-progress/68121c6e3a6713632d872dbb
[2025-05-04 14:13:07] [INFO] [RESPONSE] Status: 200 Message: Lesson progress fetched successfully
[2025-05-04 14:13:08] [INFO] [REQUEST] GET /student/courses/68121c6e3a6713632d872dbb/modules/vvvvvvvvvvvvvvvvvv/assessments?page=1&limit=10
[2025-05-04 14:13:08] [INFO] [REQUEST] GET /courses/68121c6e3a6713632d872dbb/stream?videoKey=courses%2F67b6d4b441900af7ed9b5af6%2Fvfjvnfvyf%2Fmodule-1%2Flesson-1.mp4
[2025-05-04 14:13:08] [INFO] [RESPONSE] Status: 200 Message: Assessments retrieved successfully.
[2025-05-04 14:14:19] [INFO] [REQUEST] GET /courses/68121c6e3a6713632d872dbb
[2025-05-04 14:14:19] [INFO] [RESPONSE] Status: 200 Message: Course fetched successfully.
[2025-05-04 14:14:19] [INFO] [REQUEST] GET /student/check-enrollment/68121c6e3a6713632d872dbb
[2025-05-04 14:14:19] [INFO] [REQUEST] GET /student/review/68121c6e3a6713632d872dbb
[2025-05-04 14:14:19] [INFO] [RESPONSE] Status: 200 Message: Reviews fetched successfully.
[2025-05-04 14:14:19] [INFO] [RESPONSE] Status: 200 Message: User is enrolled in this course
[2025-05-04 14:14:19] [INFO] [REQUEST] GET /student/lesson-progress/68121c6e3a6713632d872dbb
[2025-05-04 14:14:19] [INFO] [RESPONSE] Status: 200 Message: Lesson progress fetched successfully
[2025-05-04 14:14:20] [INFO] [REQUEST] GET /student/courses/68121c6e3a6713632d872dbb/modules/vvvvvvvvvvvvvvvvvv/assessments?page=1&limit=10
[2025-05-04 14:14:20] [INFO] [REQUEST] GET /courses/68121c6e3a6713632d872dbb/stream?videoKey=courses%2F67b6d4b441900af7ed9b5af6%2Fvfjvnfvyf%2Fmodule-1%2Flesson-1.mp4
[2025-05-04 14:14:20] [INFO] [RESPONSE] Status: 200 Message: Assessments retrieved successfully.
[2025-05-04 14:33:15] [INFO] [REQUEST] GET /courses/68121c6e3a6713632d872dbb
[2025-05-04 14:33:15] [INFO] [RESPONSE] Status: 200 Message: Course fetched successfully.
[2025-05-04 14:33:15] [INFO] [REQUEST] GET /student/check-enrollment/68121c6e3a6713632d872dbb
[2025-05-04 14:33:16] [INFO] [REQUEST] GET /student/review/68121c6e3a6713632d872dbb
[2025-05-04 14:33:16] [INFO] [RESPONSE] Status: 200 Message: User is enrolled in this course
[2025-05-04 14:33:16] [INFO] [RESPONSE] Status: 200 Message: Reviews fetched successfully.
[2025-05-04 14:33:16] [INFO] [REQUEST] GET /student/lesson-progress/68121c6e3a6713632d872dbb
[2025-05-04 14:33:16] [INFO] [RESPONSE] Status: 200 Message: Lesson progress fetched successfully
[2025-05-04 14:33:17] [INFO] [REQUEST] GET /courses/68121c6e3a6713632d872dbb/stream?videoKey=courses%2F67b6d4b441900af7ed9b5af6%2Fvfjvnfvyf%2Fmodule-1%2Flesson-1.mp4
[2025-05-04 14:33:17] [INFO] [REQUEST] GET /student/courses/68121c6e3a6713632d872dbb/modules/vvvvvvvvvvvvvvvvvv/assessments?page=1&limit=10
[2025-05-04 14:33:17] [INFO] [RESPONSE] Status: 200 Message: Assessments retrieved successfully.
[2025-05-04 14:34:02] [INFO] [REQUEST] GET /courses/68121c6e3a6713632d872dbb
[2025-05-04 14:34:02] [INFO] [RESPONSE] Status: 200 Message: Course fetched successfully.
[2025-05-04 14:34:02] [INFO] [REQUEST] GET /student/check-enrollment/68121c6e3a6713632d872dbb
[2025-05-04 14:34:02] [INFO] [REQUEST] GET /student/review/68121c6e3a6713632d872dbb
[2025-05-04 14:34:03] [INFO] [RESPONSE] Status: 200 Message: Reviews fetched successfully.
[2025-05-04 14:34:03] [INFO] [RESPONSE] Status: 200 Message: User is enrolled in this course
[2025-05-04 14:34:03] [INFO] [REQUEST] GET /student/lesson-progress/68121c6e3a6713632d872dbb
[2025-05-04 14:34:03] [INFO] [RESPONSE] Status: 200 Message: Lesson progress fetched successfully
[2025-05-04 14:34:03] [INFO] [REQUEST] GET /student/courses/68121c6e3a6713632d872dbb/modules/vvvvvvvvvvvvvvvvvv/assessments?page=1&limit=10
[2025-05-04 14:34:03] [INFO] [REQUEST] GET /courses/68121c6e3a6713632d872dbb/stream?videoKey=courses%2F67b6d4b441900af7ed9b5af6%2Fvfjvnfvyf%2Fmodule-1%2Flesson-1.mp4
[2025-05-04 14:34:04] [INFO] [RESPONSE] Status: 200 Message: Assessments retrieved successfully.
[2025-05-04 14:34:17] [INFO] [REQUEST] GET /courses/68121c6e3a6713632d872dbb
[2025-05-04 14:34:17] [INFO] [RESPONSE] Status: 200 Message: Course fetched successfully.
[2025-05-04 14:34:17] [INFO] [REQUEST] GET /student/check-enrollment/68121c6e3a6713632d872dbb
[2025-05-04 14:34:17] [INFO] [REQUEST] GET /student/review/68121c6e3a6713632d872dbb
[2025-05-04 14:34:18] [INFO] [RESPONSE] Status: 200 Message: Reviews fetched successfully.
[2025-05-04 14:34:18] [INFO] [RESPONSE] Status: 200 Message: User is enrolled in this course
[2025-05-04 14:34:18] [INFO] [REQUEST] GET /student/lesson-progress/68121c6e3a6713632d872dbb
[2025-05-04 14:34:18] [INFO] [RESPONSE] Status: 200 Message: Lesson progress fetched successfully
[2025-05-04 14:34:18] [INFO] [REQUEST] GET /student/courses/68121c6e3a6713632d872dbb/modules/vvvvvvvvvvvvvvvvvv/assessments?page=1&limit=10
[2025-05-04 14:34:18] [INFO] [RESPONSE] Status: 200 Message: Assessments retrieved successfully.
[2025-05-04 14:40:59] [INFO] [REQUEST] GET /courses/68121c6e3a6713632d872dbb
[2025-05-04 14:41:00] [INFO] [RESPONSE] Status: 200 Message: Course fetched successfully.
[2025-05-04 14:41:00] [INFO] [REQUEST] GET /student/check-enrollment/68121c6e3a6713632d872dbb
[2025-05-04 14:41:00] [INFO] [REQUEST] GET /student/review/68121c6e3a6713632d872dbb
[2025-05-04 14:41:00] [INFO] [RESPONSE] Status: 200 Message: Reviews fetched successfully.
[2025-05-04 14:41:00] [INFO] [RESPONSE] Status: 200 Message: User is enrolled in this course
[2025-05-04 14:41:00] [INFO] [REQUEST] GET /student/lesson-progress/68121c6e3a6713632d872dbb
[2025-05-04 14:41:01] [INFO] [RESPONSE] Status: 200 Message: Lesson progress fetched successfully
[2025-05-04 14:41:01] [INFO] [REQUEST] GET /student/courses/68121c6e3a6713632d872dbb/modules/vvvvvvvvvvvvvvvvvv/assessments?page=1&limit=10
[2025-05-04 14:41:01] [INFO] [REQUEST] GET /courses/68121c6e3a6713632d872dbb/stream?videoKey=courses%2F67b6d4b441900af7ed9b5af6%2Fvfjvnfvyf%2Fmodule-1%2Flesson-1.mp4
[2025-05-04 14:41:01] [INFO] [RESPONSE] Status: 200 Message: Assessments retrieved successfully.
[2025-05-04 14:47:24] [INFO] [REQUEST] GET /courses/68121c6e3a6713632d872dbb
[2025-05-04 14:47:25] [INFO] [RESPONSE] Status: 200 Message: Course fetched successfully.
[2025-05-04 14:47:25] [INFO] [REQUEST] GET /student/check-enrollment/68121c6e3a6713632d872dbb
[2025-05-04 14:47:25] [INFO] [REQUEST] GET /student/review/68121c6e3a6713632d872dbb
[2025-05-04 14:47:25] [INFO] [RESPONSE] Status: 200 Message: Reviews fetched successfully.
[2025-05-04 14:47:25] [INFO] [RESPONSE] Status: 200 Message: User is enrolled in this course
[2025-05-04 14:47:25] [INFO] [REQUEST] GET /student/lesson-progress/68121c6e3a6713632d872dbb
[2025-05-04 14:47:26] [INFO] [RESPONSE] Status: 200 Message: Lesson progress fetched successfully
[2025-05-04 14:47:26] [INFO] [REQUEST] GET /student/courses/68121c6e3a6713632d872dbb/modules/vvvvvvvvvvvvvvvvvv/assessments?page=1&limit=10
[2025-05-04 14:47:26] [INFO] [REQUEST] GET /courses/68121c6e3a6713632d872dbb/stream?videoKey=courses%2F67b6d4b441900af7ed9b5af6%2Fvfjvnfvyf%2Fmodule-1%2Flesson-1.mp4
[2025-05-04 14:47:26] [INFO] [RESPONSE] Status: 200 Message: Assessments retrieved successfully.
[2025-05-04 14:53:11] [INFO] [REQUEST] GET /courses/68121c6e3a6713632d872dbb
[2025-05-04 14:53:11] [INFO] [RESPONSE] Status: 200 Message: Course fetched successfully.
[2025-05-04 14:53:11] [INFO] [REQUEST] GET /student/check-enrollment/68121c6e3a6713632d872dbb
[2025-05-04 14:53:12] [INFO] [REQUEST] GET /student/review/68121c6e3a6713632d872dbb
[2025-05-04 14:53:12] [INFO] [RESPONSE] Status: 200 Message: Reviews fetched successfully.
[2025-05-04 14:53:12] [INFO] [RESPONSE] Status: 200 Message: User is enrolled in this course
[2025-05-04 14:53:12] [INFO] [REQUEST] GET /student/lesson-progress/68121c6e3a6713632d872dbb
[2025-05-04 14:53:13] [INFO] [RESPONSE] Status: 200 Message: Lesson progress fetched successfully
[2025-05-04 14:53:13] [INFO] [REQUEST] GET /student/courses/68121c6e3a6713632d872dbb/modules/vvvvvvvvvvvvvvvvvv/assessments?page=1&limit=10
[2025-05-04 14:53:13] [INFO] [REQUEST] GET /courses/68121c6e3a6713632d872dbb/stream?videoKey=courses%2F67b6d4b441900af7ed9b5af6%2Fvfjvnfvyf%2Fmodule-1%2Flesson-1.mp4
[2025-05-04 14:53:14] [INFO] [RESPONSE] Status: 200 Message: Assessments retrieved successfully.
[2025-05-04 14:55:08] [INFO] [REQUEST] GET /courses/68121c6e3a6713632d872dbb/stream?videoKey=courses%2F67b6d4b441900af7ed9b5af6%2Fvfjvnfvyf%2Fmodule-1%2Flesson-1.mp4
[2025-05-04 14:55:11] [INFO] [REQUEST] OPTIONS /student/update-lesson-progress
[2025-05-04 14:55:11] [INFO] [REQUEST] POST /student/update-lesson-progress
[2025-05-04 14:55:11] [INFO] [RESPONSE] Status: 200 Message: Lesson progress updated successfully
[2025-05-04 14:55:16] [INFO] [REQUEST] POST /student/update-lesson-progress
[2025-05-04 14:55:16] [INFO] [RESPONSE] Status: 200 Message: Lesson progress updated successfully
[2025-05-04 14:55:38] [INFO] [REQUEST] GET /courses/68121c6e3a6713632d872dbb
[2025-05-04 14:55:38] [INFO] [RESPONSE] Status: 200 Message: Course fetched successfully.
[2025-05-04 14:55:38] [INFO] [REQUEST] GET /student/check-enrollment/68121c6e3a6713632d872dbb
[2025-05-04 14:55:38] [INFO] [REQUEST] GET /student/review/68121c6e3a6713632d872dbb
[2025-05-04 14:55:39] [INFO] [RESPONSE] Status: 200 Message: Reviews fetched successfully.
[2025-05-04 14:55:39] [INFO] [RESPONSE] Status: 200 Message: User is enrolled in this course
[2025-05-04 14:55:39] [INFO] [REQUEST] GET /student/lesson-progress/68121c6e3a6713632d872dbb
[2025-05-04 14:55:39] [INFO] [RESPONSE] Status: 200 Message: Lesson progress fetched successfully
[2025-05-04 14:55:39] [INFO] [REQUEST] GET /student/courses/68121c6e3a6713632d872dbb/modules/vvvvvvvvvvvvvvvvvv/assessments?page=1&limit=10
[2025-05-04 14:55:39] [INFO] [REQUEST] GET /courses/68121c6e3a6713632d872dbb/stream?videoKey=courses%2F67b6d4b441900af7ed9b5af6%2Fvfjvnfvyf%2Fmodule-1%2Flesson-1.mp4
[2025-05-04 14:55:39] [INFO] [RESPONSE] Status: 200 Message: Assessments retrieved successfully.
[2025-05-04 14:56:13] [INFO] [REQUEST] OPTIONS /logout
[2025-05-04 14:56:13] [INFO] [REQUEST] POST /logout
[2025-05-04 14:56:13] [INFO] [RESPONSE] Status: 200 Message: User logged out successfully
[2025-05-04 14:56:21] [INFO] [REQUEST] OPTIONS /google-auth
[2025-05-04 14:56:21] [INFO] [REQUEST] POST /google-auth
[2025-05-04 14:56:22] [INFO] [RESPONSE] Status: 200 Message: Google authentication successful
[2025-05-04 14:57:14] [INFO] [REQUEST] GET /getUserdata
[2025-05-04 14:57:14] [INFO] [RESPONSE] Status: 200 Message: User details fetched successfully
[2025-05-04 14:57:14] [INFO] [REQUEST] GET /instructor/course-stats
[2025-05-04 14:57:17] [INFO] [RESPONSE] Status: 200 Message: undefined
[2025-05-04 14:57:21] [INFO] [REQUEST] GET /getUserdata
[2025-05-04 14:57:21] [INFO] [RESPONSE] Status: 200 Message: User details fetched successfully
[2025-05-04 14:57:21] [INFO] [REQUEST] GET /instructor/course-stats
[2025-05-04 14:57:23] [INFO] [RESPONSE] Status: 200 Message: undefined
[2025-05-04 14:57:29] [INFO] [REQUEST] GET /getUserdata
[2025-05-04 14:57:29] [INFO] [REQUEST] GET /instructor/courses?page=1&limit=6&search=
[2025-05-04 14:57:29] [INFO] [RESPONSE] Status: 200 Message: User details fetched successfully
[2025-05-04 14:57:30] [INFO] [RESPONSE] Status: 200 Message: Courses fetched successfully.
[2025-05-04 14:57:36] [INFO] [REQUEST] GET /getUserdata
[2025-05-04 14:57:36] [INFO] [REQUEST] GET /instructor/courses?page=1&limit=6&search=
[2025-05-04 14:57:37] [INFO] [RESPONSE] Status: 200 Message: User details fetched successfully
[2025-05-04 14:57:37] [INFO] [RESPONSE] Status: 200 Message: Courses fetched successfully.
[2025-05-04 14:58:01] [INFO] [REQUEST] GET /getUserdata
[2025-05-04 14:58:01] [INFO] [REQUEST] GET /instructor/courses?page=1&limit=6&search=
[2025-05-04 14:58:01] [INFO] [RESPONSE] Status: 200 Message: User details fetched successfully
[2025-05-04 14:58:01] [INFO] [RESPONSE] Status: 200 Message: Courses fetched successfully.
[2025-05-04 14:58:09] [INFO] [REQUEST] GET /getUserdata
[2025-05-04 14:58:09] [INFO] [REQUEST] GET /instructor/courses?page=1&limit=6&search=
[2025-05-04 14:58:09] [INFO] [RESPONSE] Status: 200 Message: User details fetched successfully
[2025-05-04 14:58:09] [INFO] [RESPONSE] Status: 200 Message: Courses fetched successfully.
[2025-05-04 14:58:17] [INFO] [REQUEST] GET /getUserdata
[2025-05-04 14:58:17] [INFO] [RESPONSE] Status: 200 Message: User details fetched successfully
[2025-05-04 14:58:17] [INFO] [REQUEST] GET /instructor/course-stats
[2025-05-04 14:58:19] [INFO] [RESPONSE] Status: 200 Message: undefined
[2025-05-04 15:00:02] [INFO] [REQUEST] GET /getUserdata
[2025-05-04 15:00:02] [INFO] [REQUEST] GET /instructor/courses?page=1&limit=6&search=
[2025-05-04 15:00:02] [INFO] [RESPONSE] Status: 200 Message: User details fetched successfully
[2025-05-04 15:00:03] [INFO] [RESPONSE] Status: 200 Message: Courses fetched successfully.
[2025-05-04 15:00:10] [INFO] [REQUEST] GET /getUserdata
[2025-05-04 15:00:10] [INFO] [REQUEST] GET /instructor/courses?page=1&limit=6&search=
[2025-05-04 15:00:10] [INFO] [RESPONSE] Status: 200 Message: User details fetched successfully
[2025-05-04 15:00:10] [INFO] [RESPONSE] Status: 200 Message: Courses fetched successfully.
[2025-05-04 15:00:19] [INFO] [REQUEST] GET /getUserdata
[2025-05-04 15:00:19] [INFO] [REQUEST] GET /instructor/courses?page=1&limit=6&search=
[2025-05-04 15:00:19] [INFO] [RESPONSE] Status: 200 Message: User details fetched successfully
[2025-05-04 15:00:19] [INFO] [RESPONSE] Status: 200 Message: Courses fetched successfully.
[2025-05-04 15:01:04] [INFO] [REQUEST] GET /getUserdata
[2025-05-04 15:01:04] [INFO] [RESPONSE] Status: 200 Message: User details fetched successfully
[2025-05-04 15:01:04] [INFO] [REQUEST] GET /instructor/course-stats
[2025-05-04 15:01:06] [INFO] [RESPONSE] Status: 200 Message: undefined
[2025-05-04 17:39:49] [INFO] [REQUEST] GET /instructor/courses?page=1&limit=100
[2025-05-04 17:39:51] [INFO] [RESPONSE] Status: 200 Message: Courses fetched successfully.
[2025-05-04 17:40:43] [INFO] [REQUEST] GET /courses/68121c6e3a6713632d872dbb
[2025-05-04 17:40:44] [INFO] [RESPONSE] Status: 200 Message: Course fetched successfully.
[2025-05-04 17:40:44] [INFO] [REQUEST] GET /student/check-enrollment/68121c6e3a6713632d872dbb
[2025-05-04 17:40:44] [INFO] [REQUEST] GET /student/review/68121c6e3a6713632d872dbb
[2025-05-04 17:40:44] [INFO] [RESPONSE] Status: 200 Message: Reviews fetched successfully.
[2025-05-04 17:40:44] [INFO] [RESPONSE] Status: 200 Message: User is enrolled in this course
[2025-05-04 17:40:44] [INFO] [REQUEST] GET /student/lesson-progress/68121c6e3a6713632d872dbb
[2025-05-04 17:40:45] [INFO] [RESPONSE] Status: 200 Message: Lesson progress fetched successfully
[2025-05-04 17:40:45] [INFO] [REQUEST] GET /student/courses/68121c6e3a6713632d872dbb/modules/vvvvvvvvvvvvvvvvvv/assessments?page=1&limit=10
[2025-05-04 17:40:45] [INFO] [REQUEST] GET /courses/68121c6e3a6713632d872dbb/stream?videoKey=courses%2F67b6d4b441900af7ed9b5af6%2Fvfjvnfvyf%2Fmodule-1%2Flesson-1.mp4
[2025-05-04 17:40:45] [INFO] [RESPONSE] Status: 200 Message: Assessments retrieved successfully.
[2025-05-04 17:51:10] [INFO] [REQUEST] GET /instructor/courses?page=1&limit=100
[2025-05-04 17:51:12] [INFO] [RESPONSE] Status: 200 Message: Courses fetched successfully.
[2025-05-04 17:55:22] [INFO] [REQUEST] GET /instructor/courses?page=1&limit=100
[2025-05-04 17:55:23] [INFO] [RESPONSE] Status: 200 Message: Courses fetched successfully.
[2025-05-04 18:04:10] [INFO] [REQUEST] GET /instructor/courses?page=1&limit=100
[2025-05-04 18:04:12] [INFO] [RESPONSE] Status: 200 Message: Courses fetched successfully.
[2025-05-04 18:06:44] [INFO] [REQUEST] GET /instructor/courses?page=1&limit=100
[2025-05-04 18:06:45] [INFO] [RESPONSE] Status: 200 Message: Courses fetched successfully.
[2025-05-04 18:07:23] [INFO] [REQUEST] GET /instructor/courses?page=1&limit=100
[2025-05-04 18:07:25] [INFO] [RESPONSE] Status: 200 Message: Courses fetched successfully.
[2025-05-04 18:09:21] [INFO] [REQUEST] GET /instructor/courses?page=1&limit=100
[2025-05-04 18:09:22] [INFO] [RESPONSE] Status: 200 Message: Courses fetched successfully.
[2025-05-04 18:09:40] [INFO] [REQUEST] GET /instructor/courses?page=1&limit=100
[2025-05-04 18:09:41] [INFO] [RESPONSE] Status: 200 Message: Courses fetched successfully.
[2025-05-04 18:10:15] [INFO] [REQUEST] GET /instructor/courses?page=1&limit=100
[2025-05-04 18:10:16] [INFO] [RESPONSE] Status: 200 Message: Courses fetched successfully.
[2025-05-04 18:15:46] [INFO] [REQUEST] GET /instructor/courses?page=1&limit=100
[2025-05-04 18:15:48] [INFO] [RESPONSE] Status: 200 Message: Courses fetched successfully.
[2025-05-04 18:19:05] [INFO] [REQUEST] GET /instructor/courses?page=1&limit=100
[2025-05-04 18:19:09] [INFO] [RESPONSE] Status: 200 Message: Courses fetched successfully.
[2025-05-04 18:19:12] [INFO] [REQUEST] GET /instructor/courses?page=1&limit=100
[2025-05-04 18:19:13] [INFO] [RESPONSE] Status: 200 Message: Courses fetched successfully.
[2025-05-04 18:20:25] [INFO] [REQUEST] GET /instructor/courses?page=1&limit=100
[2025-05-04 18:20:27] [INFO] [RESPONSE] Status: 200 Message: Courses fetched successfully.
[2025-05-04 18:22:20] [INFO] [REQUEST] GET /student/enrollments
[2025-05-04 18:22:21] [INFO] [RESPONSE] Status: 200 Message: Enrollments fetched successfully
[2025-05-04 18:22:21] [INFO] [REQUEST] GET /student/courses/68121c6e3a6713632d872dbb/progress
[2025-05-04 18:22:21] [INFO] [RESPONSE] Status: 200 Message: Course progress retrieved successfully.
[2025-05-04 18:22:21] [INFO] [REQUEST] GET /student/courses/681220b0921883c9718ddca1/progress
[2025-05-04 18:22:21] [INFO] [RESPONSE] Status: 200 Message: Course progress retrieved successfully.
[2025-05-04 18:22:21] [INFO] [REQUEST] GET /student/courses/68121b693a6713632d872b74/progress
[2025-05-04 18:22:22] [INFO] [RESPONSE] Status: 200 Message: Course progress retrieved successfully.
[2025-05-04 18:22:22] [INFO] [REQUEST] GET /student/courses/6811bc8f0acf5d323e58bde6/progress
[2025-05-04 18:22:22] [INFO] [RESPONSE] Status: 200 Message: Course progress retrieved successfully.
[2025-05-04 18:22:22] [INFO] [REQUEST] GET /student/courses/68006c86ce7af0883779c0fd/progress
[2025-05-04 18:22:23] [INFO] [RESPONSE] Status: 200 Message: Course progress retrieved successfully.
[2025-05-04 18:22:24] [INFO] [REQUEST] GET /courses/68006c86ce7af0883779c0fd
[2025-05-04 18:22:24] [INFO] [RESPONSE] Status: 200 Message: Course fetched successfully.
[2025-05-04 18:22:24] [INFO] [REQUEST] GET /student/check-enrollment/68006c86ce7af0883779c0fd
[2025-05-04 18:22:24] [INFO] [REQUEST] GET /student/review/68006c86ce7af0883779c0fd
[2025-05-04 18:22:24] [INFO] [RESPONSE] Status: 200 Message: User is enrolled in this course
[2025-05-04 18:22:24] [INFO] [REQUEST] GET /student/lesson-progress/68006c86ce7af0883779c0fd
[2025-05-04 18:22:24] [INFO] [RESPONSE] Status: 200 Message: Reviews fetched successfully.
[2025-05-04 18:22:24] [INFO] [RESPONSE] Status: 200 Message: Lesson progress fetched successfully
[2025-05-04 18:22:24] [INFO] [REQUEST] GET /student/courses/68006c86ce7af0883779c0fd/modules/basics%20of%20python/assessments?page=1&limit=10
[2025-05-04 18:22:24] [INFO] [REQUEST] GET /courses/68006c86ce7af0883779c0fd/stream?videoKey=courses%2F67b6d4b441900af7ed9b5af6%2Fpython%20course%2Fmodule-1%2Flesson-1-1746114228930.mp4
[2025-05-04 18:22:25] [INFO] [RESPONSE] Status: 200 Message: Assessments retrieved successfully.
[2025-05-04 18:30:20] [INFO] [REQUEST] GET /instructor/courses?page=1&limit=100
[2025-05-04 18:30:21] [INFO] [RESPONSE] Status: 200 Message: Courses fetched successfully.
[2025-05-04 18:30:35] [INFO] [REQUEST] GET /instructor/courses?page=1&limit=100
[2025-05-04 18:30:36] [INFO] [RESPONSE] Status: 200 Message: Courses fetched successfully.
[2025-05-04 18:42:23] [INFO] [REQUEST] GET /instructor/courses?page=1&limit=100
[2025-05-04 18:42:24] [INFO] [RESPONSE] Status: 200 Message: Courses fetched successfully.
[2025-05-04 18:42:41] [INFO] [REQUEST] GET /instructor/courses?page=1&limit=100
[2025-05-04 18:42:41] [INFO] [RESPONSE] Status: 200 Message: Courses fetched successfully.
[2025-05-04 18:45:51] [INFO] [REQUEST] GET /instructor/courses?page=1&limit=100
[2025-05-04 18:45:53] [INFO] [RESPONSE] Status: 200 Message: Courses fetched successfully.
[2025-05-04 18:46:04] [INFO] [REQUEST] GET /instructor/courses?page=1&limit=100
[2025-05-04 18:46:04] [INFO] [RESPONSE] Status: 200 Message: Courses fetched successfully.
[2025-05-04 18:53:01] [INFO] [REQUEST] GET /instructor/courses?page=1&limit=100
[2025-05-04 18:53:01] [INFO] [RESPONSE] Status: 200 Message: Courses fetched successfully.
[2025-05-04 18:53:02] [INFO] [REQUEST] GET /courses/68006c86ce7af0883779c0fd
[2025-05-04 18:53:02] [INFO] [RESPONSE] Status: 200 Message: Course fetched successfully.
[2025-05-04 18:53:02] [INFO] [REQUEST] GET /student/check-enrollment/68006c86ce7af0883779c0fd
[2025-05-04 18:53:03] [INFO] [REQUEST] GET /student/review/68006c86ce7af0883779c0fd
[2025-05-04 18:53:03] [INFO] [RESPONSE] Status: 200 Message: User is enrolled in this course
[2025-05-04 18:53:03] [INFO] [REQUEST] GET /student/lesson-progress/68006c86ce7af0883779c0fd
[2025-05-04 18:53:03] [INFO] [RESPONSE] Status: 200 Message: Lesson progress fetched successfully
[2025-05-04 18:53:03] [INFO] [RESPONSE] Status: 200 Message: Reviews fetched successfully.
[2025-05-04 18:53:03] [INFO] [REQUEST] GET /student/courses/68006c86ce7af0883779c0fd/modules/basics%20of%20python/assessments?page=1&limit=10
[2025-05-04 18:53:04] [INFO] [RESPONSE] Status: 200 Message: Assessments retrieved successfully.
[2025-05-04 18:53:25] [INFO] [REQUEST] GET /instructor/courses?page=1&limit=100
[2025-05-04 18:53:26] [INFO] [RESPONSE] Status: 200 Message: Courses fetched successfully.
[2025-05-04 18:53:40] [INFO] [REQUEST] GET /instructor/courses?page=1&limit=100
[2025-05-04 18:53:41] [INFO] [RESPONSE] Status: 200 Message: Courses fetched successfully.
[2025-05-04 18:54:00] [INFO] [REQUEST] GET /courses/68006c86ce7af0883779c0fd/stream?videoKey=courses%2F67b6d4b441900af7ed9b5af6%2Fpython%20course%2Fmodule-1%2Flesson-1-1746114228930.mp4
[2025-05-04 18:54:06] [INFO] [REQUEST] GET /active-courses?page=1&limit=8&sortField=updatedAt&sortOrder=desc
[2025-05-04 18:54:06] [INFO] [RESPONSE] Status: 200 Message: Active courses fetched successfully.
[2025-05-04 18:54:12] [INFO] [REQUEST] GET /student/enrollments
[2025-05-04 18:54:12] [INFO] [RESPONSE] Status: 200 Message: Enrollments fetched successfully
[2025-05-04 18:54:12] [INFO] [REQUEST] GET /student/courses/68121c6e3a6713632d872dbb/progress
[2025-05-04 18:54:13] [INFO] [RESPONSE] Status: 200 Message: Course progress retrieved successfully.
[2025-05-04 18:54:13] [INFO] [REQUEST] GET /student/courses/681220b0921883c9718ddca1/progress
[2025-05-04 18:54:13] [INFO] [RESPONSE] Status: 200 Message: Course progress retrieved successfully.
[2025-05-04 18:54:13] [INFO] [REQUEST] GET /student/courses/68121b693a6713632d872b74/progress
[2025-05-04 18:54:13] [INFO] [RESPONSE] Status: 200 Message: Course progress retrieved successfully.
[2025-05-04 18:54:13] [INFO] [REQUEST] GET /student/courses/6811bc8f0acf5d323e58bde6/progress
[2025-05-04 18:54:14] [INFO] [REQUEST] GET /courses/68121c6e3a6713632d872dbb
[2025-05-04 18:54:14] [INFO] [RESPONSE] Status: 200 Message: Course progress retrieved successfully.
[2025-05-04 18:54:14] [INFO] [REQUEST] GET /student/courses/68006c86ce7af0883779c0fd/progress
[2025-05-04 18:54:14] [INFO] [RESPONSE] Status: 200 Message: Course fetched successfully.
[2025-05-04 18:54:14] [INFO] [REQUEST] GET /student/check-enrollment/68121c6e3a6713632d872dbb
[2025-05-04 18:54:14] [INFO] [REQUEST] GET /student/review/68121c6e3a6713632d872dbb
[2025-05-04 18:54:14] [INFO] [RESPONSE] Status: 200 Message: Reviews fetched successfully.
[2025-05-04 18:54:14] [INFO] [RESPONSE] Status: 200 Message: Course progress retrieved successfully.
[2025-05-04 18:54:14] [INFO] [RESPONSE] Status: 200 Message: User is enrolled in this course
[2025-05-04 18:54:14] [INFO] [REQUEST] GET /student/lesson-progress/68121c6e3a6713632d872dbb
[2025-05-04 18:54:14] [INFO] [RESPONSE] Status: 200 Message: Lesson progress fetched successfully
[2025-05-04 18:54:14] [INFO] [REQUEST] GET /student/courses/68121c6e3a6713632d872dbb/modules/vvvvvvvvvvvvvvvvvv/assessments?page=1&limit=10
[2025-05-04 18:54:15] [INFO] [REQUEST] GET /courses/68121c6e3a6713632d872dbb/stream?videoKey=courses%2F67b6d4b441900af7ed9b5af6%2Fvfjvnfvyf%2Fmodule-1%2Flesson-1.mp4
[2025-05-04 18:54:15] [INFO] [RESPONSE] Status: 200 Message: Assessments retrieved successfully.
[2025-05-04 18:54:39] [INFO] [REQUEST] GET /courses/68121c6e3a6713632d872dbb
[2025-05-04 18:54:40] [INFO] [RESPONSE] Status: 200 Message: Course fetched successfully.
[2025-05-04 18:54:40] [INFO] [REQUEST] GET /student/check-enrollment/68121c6e3a6713632d872dbb
[2025-05-04 18:54:40] [INFO] [REQUEST] GET /student/review/68121c6e3a6713632d872dbb
[2025-05-04 18:54:40] [INFO] [RESPONSE] Status: 200 Message: Reviews fetched successfully.
[2025-05-04 18:54:40] [INFO] [RESPONSE] Status: 200 Message: User is enrolled in this course
[2025-05-04 18:54:40] [INFO] [REQUEST] GET /student/lesson-progress/68121c6e3a6713632d872dbb
[2025-05-04 18:54:40] [INFO] [RESPONSE] Status: 200 Message: Lesson progress fetched successfully
[2025-05-04 18:54:40] [INFO] [REQUEST] GET /student/courses/68121c6e3a6713632d872dbb/modules/vvvvvvvvvvvvvvvvvv/assessments?page=1&limit=10
[2025-05-04 18:54:40] [INFO] [RESPONSE] Status: 200 Message: Assessments retrieved successfully.
[2025-05-04 18:56:15] [INFO] [REQUEST] GET /instructor/courses?page=1&limit=100
[2025-05-04 18:56:17] [INFO] [RESPONSE] Status: 200 Message: Courses fetched successfully.
[2025-05-04 18:56:36] [INFO] [REQUEST] GET /instructor/courses?page=1&limit=100
[2025-05-04 18:56:37] [INFO] [RESPONSE] Status: 200 Message: Courses fetched successfully.
[2025-05-04 18:56:39] [INFO] [REQUEST] GET /instructor/courses?page=1&limit=100
[2025-05-04 18:56:39] [INFO] [RESPONSE] Status: 200 Message: Courses fetched successfully.
[2025-05-04 18:56:50] [INFO] [REQUEST] GET /instructor/courses?page=1&limit=100
[2025-05-04 18:56:50] [INFO] [RESPONSE] Status: 200 Message: Courses fetched successfully.
[2025-05-04 18:57:17] [INFO] [REQUEST] GET /instructor/courses?page=1&limit=100
[2025-05-04 18:57:20] [INFO] [RESPONSE] Status: 200 Message: Courses fetched successfully.
[2025-05-04 18:58:03] [INFO] [REQUEST] GET /courses/68121c6e3a6713632d872dbb
[2025-05-04 18:58:03] [INFO] [RESPONSE] Status: 200 Message: Course fetched successfully.
[2025-05-04 18:58:03] [INFO] [REQUEST] GET /student/check-enrollment/68121c6e3a6713632d872dbb
[2025-05-04 18:58:03] [INFO] [REQUEST] GET /student/review/68121c6e3a6713632d872dbb
[2025-05-04 18:58:04] [INFO] [RESPONSE] Status: 200 Message: Reviews fetched successfully.
[2025-05-04 18:58:04] [INFO] [RESPONSE] Status: 200 Message: User is enrolled in this course
[2025-05-04 18:58:04] [INFO] [REQUEST] GET /student/lesson-progress/68121c6e3a6713632d872dbb
[2025-05-04 18:58:04] [INFO] [RESPONSE] Status: 200 Message: Lesson progress fetched successfully
[2025-05-04 18:58:04] [INFO] [REQUEST] GET /student/courses/68121c6e3a6713632d872dbb/modules/vvvvvvvvvvvvvvvvvv/assessments?page=1&limit=10
[2025-05-04 18:58:04] [INFO] [REQUEST] GET /courses/68121c6e3a6713632d872dbb/stream?videoKey=courses%2F67b6d4b441900af7ed9b5af6%2Fvfjvnfvyf%2Fmodule-1%2Flesson-1.mp4
[2025-05-04 18:58:05] [INFO] [RESPONSE] Status: 200 Message: Assessments retrieved successfully.
[2025-05-04 18:58:15] [INFO] [REQUEST] GET /courses/68121c6e3a6713632d872dbb
[2025-05-04 18:58:15] [INFO] [RESPONSE] Status: 200 Message: Course fetched successfully.
[2025-05-04 18:58:15] [INFO] [REQUEST] GET /student/check-enrollment/68121c6e3a6713632d872dbb
[2025-05-04 18:58:15] [INFO] [REQUEST] GET /student/review/68121c6e3a6713632d872dbb
[2025-05-04 18:58:16] [INFO] [RESPONSE] Status: 200 Message: Reviews fetched successfully.
[2025-05-04 18:58:16] [INFO] [RESPONSE] Status: 200 Message: User is enrolled in this course
[2025-05-04 18:58:16] [INFO] [REQUEST] GET /student/lesson-progress/68121c6e3a6713632d872dbb
[2025-05-04 18:58:16] [INFO] [RESPONSE] Status: 200 Message: Lesson progress fetched successfully
[2025-05-04 18:58:16] [INFO] [REQUEST] GET /student/courses/68121c6e3a6713632d872dbb/modules/vvvvvvvvvvvvvvvvvv/assessments?page=1&limit=10
[2025-05-04 18:58:16] [INFO] [RESPONSE] Status: 200 Message: Assessments retrieved successfully.
[2025-05-04 18:58:38] [INFO] [REQUEST] GET /courses/68121c6e3a6713632d872dbb
[2025-05-04 18:58:38] [INFO] [RESPONSE] Status: 200 Message: Course fetched successfully.
[2025-05-04 18:58:38] [INFO] [REQUEST] GET /student/check-enrollment/68121c6e3a6713632d872dbb
[2025-05-04 18:58:39] [INFO] [REQUEST] GET /student/review/68121c6e3a6713632d872dbb
[2025-05-04 18:58:39] [INFO] [RESPONSE] Status: 200 Message: Reviews fetched successfully.
[2025-05-04 18:58:39] [INFO] [RESPONSE] Status: 200 Message: User is enrolled in this course
[2025-05-04 18:58:39] [INFO] [REQUEST] GET /student/lesson-progress/68121c6e3a6713632d872dbb
[2025-05-04 18:58:39] [INFO] [RESPONSE] Status: 200 Message: Lesson progress fetched successfully
[2025-05-04 18:58:40] [INFO] [REQUEST] GET /student/courses/68121c6e3a6713632d872dbb/modules/vvvvvvvvvvvvvvvvvv/assessments?page=1&limit=10
[2025-05-04 18:58:40] [INFO] [REQUEST] GET /courses/68121c6e3a6713632d872dbb/stream?videoKey=courses%2F67b6d4b441900af7ed9b5af6%2Fvfjvnfvyf%2Fmodule-1%2Flesson-1.mp4
[2025-05-04 18:58:40] [INFO] [RESPONSE] Status: 200 Message: Assessments retrieved successfully.
[2025-05-04 18:58:48] [INFO] [REQUEST] GET /courses/68121c6e3a6713632d872dbb
[2025-05-04 18:58:49] [INFO] [RESPONSE] Status: 200 Message: Course fetched successfully.
[2025-05-04 18:58:49] [INFO] [REQUEST] GET /student/check-enrollment/68121c6e3a6713632d872dbb
[2025-05-04 18:58:49] [INFO] [REQUEST] GET /student/review/68121c6e3a6713632d872dbb
[2025-05-04 18:58:49] [INFO] [RESPONSE] Status: 200 Message: Reviews fetched successfully.
[2025-05-04 18:58:49] [INFO] [RESPONSE] Status: 200 Message: User is enrolled in this course
[2025-05-04 18:58:49] [INFO] [REQUEST] GET /student/lesson-progress/68121c6e3a6713632d872dbb
[2025-05-04 18:58:49] [INFO] [RESPONSE] Status: 200 Message: Lesson progress fetched successfully
[2025-05-04 18:58:49] [INFO] [REQUEST] GET /student/courses/68121c6e3a6713632d872dbb/modules/vvvvvvvvvvvvvvvvvv/assessments?page=1&limit=10
[2025-05-04 18:58:49] [INFO] [RESPONSE] Status: 200 Message: Assessments retrieved successfully.
[2025-05-04 19:01:33] [INFO] [REQUEST] GET /courses/68121c6e3a6713632d872dbb
[2025-05-04 19:01:34] [INFO] [RESPONSE] Status: 200 Message: Course fetched successfully.
[2025-05-04 19:01:34] [INFO] [REQUEST] GET /student/check-enrollment/68121c6e3a6713632d872dbb
[2025-05-04 19:01:34] [INFO] [REQUEST] GET /student/review/68121c6e3a6713632d872dbb
[2025-05-04 19:01:34] [INFO] [RESPONSE] Status: 200 Message: Reviews fetched successfully.
[2025-05-04 19:01:35] [INFO] [RESPONSE] Status: 200 Message: User is enrolled in this course
[2025-05-04 19:01:35] [INFO] [REQUEST] GET /student/lesson-progress/68121c6e3a6713632d872dbb
[2025-05-04 19:01:35] [INFO] [RESPONSE] Status: 200 Message: Lesson progress fetched successfully
[2025-05-04 19:01:35] [INFO] [REQUEST] GET /student/courses/68121c6e3a6713632d872dbb/modules/vvvvvvvvvvvvvvvvvv/assessments?page=1&limit=10
[2025-05-04 19:01:35] [INFO] [REQUEST] GET /courses/68121c6e3a6713632d872dbb/stream?videoKey=courses%2F67b6d4b441900af7ed9b5af6%2Fvfjvnfvyf%2Fmodule-1%2Flesson-1.mp4
[2025-05-04 19:01:35] [INFO] [RESPONSE] Status: 200 Message: Assessments retrieved successfully.
[2025-05-04 19:01:45] [INFO] [REQUEST] GET /courses/68121c6e3a6713632d872dbb
[2025-05-04 19:01:46] [INFO] [RESPONSE] Status: 200 Message: Course fetched successfully.
[2025-05-04 19:01:46] [INFO] [REQUEST] GET /student/check-enrollment/68121c6e3a6713632d872dbb
[2025-05-04 19:01:46] [INFO] [REQUEST] GET /student/review/68121c6e3a6713632d872dbb
[2025-05-04 19:01:46] [INFO] [RESPONSE] Status: 200 Message: Reviews fetched successfully.
[2025-05-04 19:01:46] [INFO] [RESPONSE] Status: 200 Message: User is enrolled in this course
[2025-05-04 19:01:46] [INFO] [REQUEST] GET /student/lesson-progress/68121c6e3a6713632d872dbb
[2025-05-04 19:01:46] [INFO] [RESPONSE] Status: 200 Message: Lesson progress fetched successfully
[2025-05-04 19:01:46] [INFO] [REQUEST] GET /student/courses/68121c6e3a6713632d872dbb/modules/vvvvvvvvvvvvvvvvvv/assessments?page=1&limit=10
[2025-05-04 19:01:46] [INFO] [RESPONSE] Status: 200 Message: Assessments retrieved successfully.
[2025-05-04 19:03:31] [INFO] [REQUEST] GET /instructor/courses?page=1&limit=100
[2025-05-04 19:03:32] [INFO] [RESPONSE] Status: 200 Message: Courses fetched successfully.
[2025-05-04 19:03:48] [INFO] [REQUEST] GET /instructor/courses?page=1&limit=100
[2025-05-04 19:03:49] [INFO] [RESPONSE] Status: 200 Message: Courses fetched successfully.
[2025-05-04 19:04:00] [INFO] [REQUEST] GET /courses/68121c6e3a6713632d872dbb
[2025-05-04 19:04:00] [INFO] [RESPONSE] Status: 200 Message: Course fetched successfully.
[2025-05-04 19:04:00] [INFO] [REQUEST] GET /student/check-enrollment/68121c6e3a6713632d872dbb
[2025-05-04 19:04:00] [INFO] [REQUEST] GET /student/review/68121c6e3a6713632d872dbb
[2025-05-04 19:04:00] [INFO] [RESPONSE] Status: 200 Message: Reviews fetched successfully.
[2025-05-04 19:04:00] [INFO] [RESPONSE] Status: 200 Message: User is enrolled in this course
[2025-05-04 19:04:00] [INFO] [REQUEST] GET /student/lesson-progress/68121c6e3a6713632d872dbb
[2025-05-04 19:04:01] [INFO] [RESPONSE] Status: 200 Message: Lesson progress fetched successfully
[2025-05-04 19:04:01] [INFO] [REQUEST] GET /student/courses/68121c6e3a6713632d872dbb/modules/vvvvvvvvvvvvvvvvvv/assessments?page=1&limit=10
[2025-05-04 19:04:01] [INFO] [REQUEST] GET /courses/68121c6e3a6713632d872dbb/stream?videoKey=courses%2F67b6d4b441900af7ed9b5af6%2Fvfjvnfvyf%2Fmodule-1%2Flesson-1.mp4
[2025-05-04 19:04:01] [INFO] [RESPONSE] Status: 200 Message: Assessments retrieved successfully.
[2025-05-04 19:04:12] [INFO] [REQUEST] GET /courses/68121c6e3a6713632d872dbb
[2025-05-04 19:04:12] [INFO] [RESPONSE] Status: 200 Message: Course fetched successfully.
[2025-05-04 19:04:12] [INFO] [REQUEST] GET /student/review/68121c6e3a6713632d872dbb
[2025-05-04 19:04:12] [INFO] [REQUEST] GET /student/check-enrollment/68121c6e3a6713632d872dbb
[2025-05-04 19:04:12] [INFO] [RESPONSE] Status: 200 Message: Reviews fetched successfully.
[2025-05-04 19:04:12] [INFO] [RESPONSE] Status: 200 Message: User is enrolled in this course
[2025-05-04 19:04:12] [INFO] [REQUEST] GET /student/lesson-progress/68121c6e3a6713632d872dbb
[2025-05-04 19:04:12] [INFO] [RESPONSE] Status: 200 Message: Lesson progress fetched successfully
[2025-05-04 19:04:13] [INFO] [REQUEST] GET /student/courses/68121c6e3a6713632d872dbb/modules/vvvvvvvvvvvvvvvvvv/assessments?page=1&limit=10
[2025-05-04 19:04:13] [INFO] [RESPONSE] Status: 200 Message: Assessments retrieved successfully.
[2025-05-04 19:05:01] [INFO] [REQUEST] GET /instructor/courses?page=1&limit=100
[2025-05-04 19:05:01] [INFO] [RESPONSE] Status: 200 Message: Courses fetched successfully.
[2025-05-04 19:05:21] [INFO] [REQUEST] GET /instructor/courses?page=1&limit=100
[2025-05-04 19:05:22] [INFO] [RESPONSE] Status: 200 Message: Courses fetched successfully.
[2025-05-04 19:07:03] [INFO] [REQUEST] GET /courses/68121c6e3a6713632d872dbb
[2025-05-04 19:07:33] [INFO] [RESPONSE] Status: 404 Message: An error occurred while fetching the course.
[2025-05-04 20:20:54] [INFO] [REQUEST] GET /instructor/courses?page=1&limit=100
[2025-05-04 20:20:57] [INFO] [RESPONSE] Status: 200 Message: Courses fetched successfully.
[2025-05-04 20:21:39] [INFO] [REQUEST] GET /instructor/courses?page=1&limit=100
[2025-05-04 20:21:40] [INFO] [RESPONSE] Status: 200 Message: Courses fetched successfully.
[2025-05-04 20:24:15] [INFO] [REQUEST] GET /courses/68121c6e3a6713632d872dbb
[2025-05-04 20:24:16] [INFO] [RESPONSE] Status: 200 Message: Course fetched successfully.
[2025-05-04 20:24:17] [INFO] [REQUEST] GET /student/check-enrollment/68121c6e3a6713632d872dbb
[2025-05-04 20:24:17] [INFO] [REQUEST] GET /student/review/68121c6e3a6713632d872dbb
[2025-05-04 20:24:17] [INFO] [RESPONSE] Status: 200 Message: Reviews fetched successfully.
[2025-05-04 20:24:17] [INFO] [RESPONSE] Status: 200 Message: User is enrolled in this course
[2025-05-04 20:24:17] [INFO] [REQUEST] GET /student/lesson-progress/68121c6e3a6713632d872dbb
[2025-05-04 20:24:18] [INFO] [RESPONSE] Status: 200 Message: Lesson progress fetched successfully
[2025-05-04 20:24:18] [INFO] [REQUEST] GET /student/courses/68121c6e3a6713632d872dbb/modules/vvvvvvvvvvvvvvvvvv/assessments?page=1&limit=10
[2025-05-04 20:24:18] [INFO] [REQUEST] GET /courses/68121c6e3a6713632d872dbb/stream?videoKey=courses%2F67b6d4b441900af7ed9b5af6%2Fvfjvnfvyf%2Fmodule-1%2Flesson-1.mp4
[2025-05-04 20:24:18] [INFO] [RESPONSE] Status: 200 Message: Assessments retrieved successfully.
[2025-05-04 20:33:23] [INFO] [REQUEST] GET /instructor/courses?page=1&limit=100
[2025-05-04 20:33:24] [INFO] [RESPONSE] Status: 200 Message: Courses fetched successfully.
[2025-05-04 20:33:42] [INFO] [REQUEST] GET /instructor/courses?page=1&limit=100
[2025-05-04 20:33:43] [INFO] [RESPONSE] Status: 200 Message: Courses fetched successfully.
[2025-05-04 20:38:02] [INFO] [REQUEST] GET /instructor/courses?page=1&limit=100
[2025-05-04 20:38:02] [INFO] [RESPONSE] Status: 200 Message: Courses fetched successfully.
[2025-05-04 20:38:13] [INFO] [REQUEST] GET /instructor/courses?page=1&limit=100
[2025-05-04 20:38:14] [INFO] [RESPONSE] Status: 200 Message: Courses fetched successfully.
[2025-05-04 20:38:54] [INFO] [REQUEST] GET /instructor/courses?page=1&limit=100
[2025-05-04 20:38:55] [INFO] [RESPONSE] Status: 200 Message: Courses fetched successfully.
[2025-05-04 20:40:00] [INFO] [REQUEST] GET /getUserdata
[2025-05-04 20:40:00] [INFO] [RESPONSE] Status: 200 Message: User details fetched successfully
[2025-05-04 20:40:00] [INFO] [REQUEST] GET /instructor/course-stats
[2025-05-04 20:40:02] [INFO] [RESPONSE] Status: 200 Message: undefined
[2025-05-04 20:40:03] [INFO] [REQUEST] GET /instructor/courses?page=1&limit=100
[2025-05-04 20:40:03] [INFO] [RESPONSE] Status: 200 Message: Courses fetched successfully.
[2025-05-04 20:41:23] [INFO] [REQUEST] GET /courses/68121c6e3a6713632d872dbb
[2025-05-04 20:41:24] [INFO] [RESPONSE] Status: 200 Message: Course fetched successfully.
[2025-05-04 20:41:24] [INFO] [REQUEST] GET /student/check-enrollment/68121c6e3a6713632d872dbb
[2025-05-04 20:41:24] [INFO] [REQUEST] GET /student/review/68121c6e3a6713632d872dbb
[2025-05-04 20:41:24] [INFO] [RESPONSE] Status: 200 Message: User is enrolled in this course
[2025-05-04 20:41:24] [INFO] [RESPONSE] Status: 200 Message: Reviews fetched successfully.
[2025-05-04 20:41:24] [INFO] [REQUEST] GET /student/lesson-progress/68121c6e3a6713632d872dbb
[2025-05-04 20:41:24] [INFO] [RESPONSE] Status: 200 Message: Lesson progress fetched successfully
[2025-05-04 20:41:24] [INFO] [REQUEST] GET /student/courses/68121c6e3a6713632d872dbb/modules/vvvvvvvvvvvvvvvvvv/assessments?page=1&limit=10
[2025-05-04 20:41:24] [INFO] [REQUEST] GET /courses/68121c6e3a6713632d872dbb/stream?videoKey=courses%2F67b6d4b441900af7ed9b5af6%2Fvfjvnfvyf%2Fmodule-1%2Flesson-1.mp4
[2025-05-04 20:41:24] [INFO] [RESPONSE] Status: 200 Message: Assessments retrieved successfully.
[2025-05-04 20:45:57] [INFO] [REQUEST] GET /instructor/courses?page=1&limit=100
[2025-05-04 20:45:58] [INFO] [RESPONSE] Status: 200 Message: Courses fetched successfully.
[2025-05-04 20:46:13] [INFO] [REQUEST] GET /instructor/courses?page=1&limit=100
[2025-05-04 20:46:14] [INFO] [RESPONSE] Status: 200 Message: Courses fetched successfully.
[2025-05-04 20:46:34] [INFO] [REQUEST] GET /courses/68121c6e3a6713632d872dbb
[2025-05-04 20:46:34] [INFO] [RESPONSE] Status: 200 Message: Course fetched successfully.
[2025-05-04 20:46:34] [INFO] [REQUEST] GET /student/check-enrollment/68121c6e3a6713632d872dbb
[2025-05-04 20:46:34] [INFO] [REQUEST] GET /student/review/68121c6e3a6713632d872dbb
[2025-05-04 20:46:34] [INFO] [RESPONSE] Status: 200 Message: User is enrolled in this course
[2025-05-04 20:46:34] [INFO] [RESPONSE] Status: 200 Message: Reviews fetched successfully.
[2025-05-04 20:46:35] [INFO] [REQUEST] GET /student/lesson-progress/68121c6e3a6713632d872dbb
[2025-05-04 20:46:35] [INFO] [RESPONSE] Status: 200 Message: Lesson progress fetched successfully
[2025-05-04 20:46:35] [INFO] [REQUEST] GET /student/courses/68121c6e3a6713632d872dbb/modules/vvvvvvvvvvvvvvvvvv/assessments?page=1&limit=10
[2025-05-04 20:46:35] [INFO] [REQUEST] GET /courses/68121c6e3a6713632d872dbb/stream?videoKey=courses%2F67b6d4b441900af7ed9b5af6%2Fvfjvnfvyf%2Fmodule-1%2Flesson-1.mp4
[2025-05-04 20:46:35] [INFO] [RESPONSE] Status: 200 Message: Assessments retrieved successfully.
[2025-05-04 20:59:57] [INFO] [REQUEST] GET /instructor/courses?page=1&limit=100
[2025-05-04 20:59:59] [INFO] [RESPONSE] Status: 200 Message: Courses fetched successfully.
[2025-05-04 21:00:18] [INFO] [REQUEST] GET /instructor/courses?page=1&limit=100
[2025-05-04 21:00:18] [INFO] [RESPONSE] Status: 200 Message: Courses fetched successfully.
[2025-05-04 21:01:04] [INFO] [REQUEST] GET /instructor/courses?page=1&limit=100
[2025-05-04 21:01:05] [INFO] [RESPONSE] Status: 200 Message: Courses fetched successfully.
[2025-05-04 21:05:13] [INFO] [REQUEST] GET /instructor/courses?page=1&limit=100
[2025-05-04 21:05:17] [INFO] [RESPONSE] Status: 200 Message: Courses fetched successfully.
[2025-05-04 21:05:47] [INFO] [REQUEST] GET /instructor/courses?page=1&limit=100
[2025-05-04 21:05:48] [INFO] [RESPONSE] Status: 200 Message: Courses fetched successfully.
[2025-05-04 21:44:18] [INFO] [REQUEST] GET /courses/68121c6e3a6713632d872dbb
[2025-05-04 21:44:20] [INFO] [RESPONSE] Status: 200 Message: Course fetched successfully.
